<?xml version="1.0" encoding="UTF-8"?>
<testsuite xmlns:xsi="http://www.w3.org/2001/XMLSchema-instance" xsi:noNamespaceSchemaLocation="https://maven.apache.org/surefire/maven-surefire-plugin/xsd/surefire-test-report-3.0.xsd" version="3.0" name="com.ibm.icu.dev.test.lang.DataDrivenUScriptTest" time="0.013" tests="113" errors="0" skipped="0" failures="0">
  <properties>
    <property name="gopherProxySet" value="false"/>
    <property name="awt.toolkit" value="sun.lwawt.macosx.LWCToolkit"/>
    <property name="file.encoding.pkg" value="sun.io"/>
    <property name="java.specification.version" value="1.8"/>
    <property name="sun.cpu.isalist" value=""/>
    <property name="sun.jnu.encoding" value="UTF-8"/>
    <property name="java.class.path" value="/Users/mnita/xx/fake_icu/icu4j/main/core/target/test-classes:/Users/mnita/xx/fake_icu/icu4j/main/core/target/classes:/Users/mnita/xx/fake_icu/icu4j/main/framework/target/framework-76.0.1-SNAPSHOT-tests.jar:/Users/mnita/.m2/repository/junit/junit/4.13.2/junit-4.13.2.jar:/Users/mnita/.m2/repository/org/hamcrest/hamcrest-core/1.3/hamcrest-core-1.3.jar:/Users/mnita/.m2/repository/pl/pragmatists/JUnitParams/1.1.1/JUnitParams-1.1.1.jar:/Users/mnita/.m2/repository/com/google/code/gson/gson/2.10.1/gson-2.10.1.jar:"/>
    <property name="java.vm.vendor" value="Azul Systems, Inc."/>
    <property name="sun.arch.data.model" value="64"/>
    <property name="java.vendor.url" value="http://www.azul.com/"/>
    <property name="user.timezone" value=""/>
    <property name="java.vm.specification.version" value="1.8"/>
    <property name="os.name" value="Mac OS X"/>
    <property name="user.country" value="US"/>
    <property name="sun.java.launcher" value="SUN_STANDARD"/>
    <property name="sun.boot.library.path" value="/Users/mnita/apps/zulu8.78.0.19-ca-jdk8.0.412-macosx_aarch64/Contents/Home/jre/lib"/>
    <property name="sun.java.command" value="/Users/mnita/xx/fake_icu/icu4j/main/core/target/surefire/surefirebooter-20240816120535436_6.jar /Users/mnita/xx/fake_icu/icu4j/main/core/target/surefire 2024-08-16T12-05-30_488-jvmRun1 surefire-20240816120535436_4tmp surefire_1-20240816120535436_5tmp"/>
    <property name="http.nonProxyHosts" value="local|*.local|169.254/16|*.169.254/16"/>
    <property name="surefire.test.class.path" value="/Users/mnita/xx/fake_icu/icu4j/main/core/target/test-classes:/Users/mnita/xx/fake_icu/icu4j/main/core/target/classes:/Users/mnita/xx/fake_icu/icu4j/main/framework/target/framework-76.0.1-SNAPSHOT-tests.jar:/Users/mnita/.m2/repository/junit/junit/4.13.2/junit-4.13.2.jar:/Users/mnita/.m2/repository/org/hamcrest/hamcrest-core/1.3/hamcrest-core-1.3.jar:/Users/mnita/.m2/repository/pl/pragmatists/JUnitParams/1.1.1/JUnitParams-1.1.1.jar:/Users/mnita/.m2/repository/com/google/code/gson/gson/2.10.1/gson-2.10.1.jar:"/>
    <property name="sun.cpu.endian" value="little"/>
    <property name="user.home" value="/Users/mnita"/>
    <property name="user.language" value="en"/>
    <property name="java.specification.vendor" value="Oracle Corporation"/>
    <property name="java.home" value="/Users/mnita/apps/zulu8.78.0.19-ca-jdk8.0.412-macosx_aarch64/Contents/Home/jre"/>
    <property name="basedir" value="/Users/mnita/xx/fake_icu/icu4j/main/core"/>
    <property name="file.separator" value="/"/>
    <property name="line.separator" value="&#10;"/>
    <property name="jdk.vendor.version" value="Zulu 8.78.0.19-CA-macos-aarch64"/>
    <property name="java.vm.specification.vendor" value="Oracle Corporation"/>
    <property name="java.specification.name" value="Java Platform API Specification"/>
    <property name="java.awt.graphicsenv" value="sun.awt.CGraphicsEnvironment"/>
    <property name="surefire.real.class.path" value="/Users/mnita/xx/fake_icu/icu4j/main/core/target/surefire/surefirebooter-20240816120535436_6.jar"/>
    <property name="sun.boot.class.path" value="/Users/mnita/apps/zulu8.78.0.19-ca-jdk8.0.412-macosx_aarch64/Contents/Home/jre/lib/resources.jar:/Users/mnita/apps/zulu8.78.0.19-ca-jdk8.0.412-macosx_aarch64/Contents/Home/jre/lib/rt.jar:/Users/mnita/apps/zulu8.78.0.19-ca-jdk8.0.412-macosx_aarch64/Contents/Home/jre/lib/sunrsasign.jar:/Users/mnita/apps/zulu8.78.0.19-ca-jdk8.0.412-macosx_aarch64/Contents/Home/jre/lib/jsse.jar:/Users/mnita/apps/zulu8.78.0.19-ca-jdk8.0.412-macosx_aarch64/Contents/Home/jre/lib/jce.jar:/Users/mnita/apps/zulu8.78.0.19-ca-jdk8.0.412-macosx_aarch64/Contents/Home/jre/lib/charsets.jar:/Users/mnita/apps/zulu8.78.0.19-ca-jdk8.0.412-macosx_aarch64/Contents/Home/jre/lib/jfr.jar:/Users/mnita/apps/zulu8.78.0.19-ca-jdk8.0.412-macosx_aarch64/Contents/Home/jre/lib/cat.jar:/Users/mnita/apps/zulu8.78.0.19-ca-jdk8.0.412-macosx_aarch64/Contents/Home/jre/classes"/>
    <property name="sun.management.compiler" value="HotSpot 64-Bit Tiered Compilers"/>
    <property name="ftp.nonProxyHosts" value="local|*.local|169.254/16|*.169.254/16"/>
    <property name="java.runtime.version" value="1.8.0_412-b08"/>
    <property name="user.name" value="mnita"/>
    <property name="path.separator" value=":"/>
    <property name="os.version" value="14.6.1"/>
    <property name="java.endorsed.dirs" value="/Users/mnita/apps/zulu8.78.0.19-ca-jdk8.0.412-macosx_aarch64/Contents/Home/jre/lib/endorsed"/>
    <property name="java.runtime.name" value="OpenJDK Runtime Environment"/>
    <property name="file.encoding" value="UTF-8"/>
    <property name="java.vm.name" value="OpenJDK 64-Bit Server VM"/>
    <property name="localRepository" value="/Users/mnita/.m2/repository"/>
    <property name="java.vendor.url.bug" value="http://www.azul.com/support/"/>
    <property name="java.io.tmpdir" value="/var/folders/rj/sw4bjg6932v2vyh_xbrql1_w0000gn/T/"/>
    <property name="java.version" value="1.8.0_412"/>
    <property name="user.dir" value="/Users/mnita/xx/fake_icu/icu4j/main/core"/>
    <property name="os.arch" value="aarch64"/>
    <property name="java.vm.specification.name" value="Java Virtual Machine Specification"/>
    <property name="java.awt.printerjob" value="sun.lwawt.macosx.CPrinterJob"/>
    <property name="sun.os.patch.level" value="unknown"/>
    <property name="java.library.path" value="/Users/mnita/Library/Java/Extensions:/Library/Java/Extensions:/Network/Library/Java/Extensions:/System/Library/Java/Extensions:/usr/lib/java:."/>
    <property name="java.vm.info" value="mixed mode"/>
    <property name="java.vendor" value="Azul Systems, Inc."/>
    <property name="java.vm.version" value="25.412-b08"/>
    <property name="java.specification.maintenance.version" value="5"/>
    <property name="java.ext.dirs" value="/Users/mnita/Library/Java/Extensions:/Users/mnita/apps/zulu8.78.0.19-ca-jdk8.0.412-macosx_aarch64/Contents/Home/jre/lib/ext:/Library/Java/Extensions:/Network/Library/Java/Extensions:/System/Library/Java/Extensions:/usr/lib/java"/>
    <property name="sun.io.unicode.encoding" value="UnicodeBig"/>
    <property name="java.class.version" value="52.0"/>
    <property name="socksNonProxyHosts" value="local|*.local|169.254/16|*.169.254/16"/>
  </properties>
  <testcase name="TestGetScript[0]" classname="com.ibm.icu.dev.test.lang.DataDrivenUScriptTest$GetScriptTest" time="0.0"/>
  <testcase name="TestGetScript[1]" classname="com.ibm.icu.dev.test.lang.DataDrivenUScriptTest$GetScriptTest" time="0.0"/>
  <testcase name="TestGetScript[2]" classname="com.ibm.icu.dev.test.lang.DataDrivenUScriptTest$GetScriptTest" time="0.0"/>
  <testcase name="TestGetScript[3]" classname="com.ibm.icu.dev.test.lang.DataDrivenUScriptTest$GetScriptTest" time="0.0"/>
  <testcase name="TestGetScript[4]" classname="com.ibm.icu.dev.test.lang.DataDrivenUScriptTest$GetScriptTest" time="0.0"/>
  <testcase name="TestGetScript[5]" classname="com.ibm.icu.dev.test.lang.DataDrivenUScriptTest$GetScriptTest" time="0.0"/>
  <testcase name="TestGetScript[6]" classname="com.ibm.icu.dev.test.lang.DataDrivenUScriptTest$GetScriptTest" time="0.0"/>
  <testcase name="TestGetScript[7]" classname="com.ibm.icu.dev.test.lang.DataDrivenUScriptTest$GetScriptTest" time="0.0"/>
  <testcase name="TestGetScript[8]" classname="com.ibm.icu.dev.test.lang.DataDrivenUScriptTest$GetScriptTest" time="0.0"/>
  <testcase name="TestGetScript[9]" classname="com.ibm.icu.dev.test.lang.DataDrivenUScriptTest$GetScriptTest" time="0.0"/>
  <testcase name="TestGetScript[10]" classname="com.ibm.icu.dev.test.lang.DataDrivenUScriptTest$GetScriptTest" time="0.0"/>
  <testcase name="TestGetScript[11]" classname="com.ibm.icu.dev.test.lang.DataDrivenUScriptTest$GetScriptTest" time="0.0"/>
  <testcase name="TestGetScript[12]" classname="com.ibm.icu.dev.test.lang.DataDrivenUScriptTest$GetScriptTest" time="0.0"/>
  <testcase name="TestGetScript[13]" classname="com.ibm.icu.dev.test.lang.DataDrivenUScriptTest$GetScriptTest" time="0.0"/>
  <testcase name="TestGetScript[14]" classname="com.ibm.icu.dev.test.lang.DataDrivenUScriptTest$GetScriptTest" time="0.0"/>
  <testcase name="TestGetScript[15]" classname="com.ibm.icu.dev.test.lang.DataDrivenUScriptTest$GetScriptTest" time="0.0"/>
  <testcase name="TestGetScript[16]" classname="com.ibm.icu.dev.test.lang.DataDrivenUScriptTest$GetScriptTest" time="0.0"/>
  <testcase name="TestGetScript[17]" classname="com.ibm.icu.dev.test.lang.DataDrivenUScriptTest$GetScriptTest" time="0.0"/>
  <testcase name="TestGetScript[18]" classname="com.ibm.icu.dev.test.lang.DataDrivenUScriptTest$GetScriptTest" time="0.0"/>
  <testcase name="TestGetScript[19]" classname="com.ibm.icu.dev.test.lang.DataDrivenUScriptTest$GetScriptTest" time="0.0"/>
  <testcase name="TestGetScript[20]" classname="com.ibm.icu.dev.test.lang.DataDrivenUScriptTest$GetScriptTest" time="0.0"/>
  <testcase name="TestGetScript[21]" classname="com.ibm.icu.dev.test.lang.DataDrivenUScriptTest$GetScriptTest" time="0.0"/>
  <testcase name="TestGetScript[22]" classname="com.ibm.icu.dev.test.lang.DataDrivenUScriptTest$GetScriptTest" time="0.0"/>
  <testcase name="TestGetShortName[0]" classname="com.ibm.icu.dev.test.lang.DataDrivenUScriptTest$GetShortNameTest" time="0.0"/>
  <testcase name="TestGetShortName[1]" classname="com.ibm.icu.dev.test.lang.DataDrivenUScriptTest$GetShortNameTest" time="0.0"/>
  <testcase name="TestGetShortName[2]" classname="com.ibm.icu.dev.test.lang.DataDrivenUScriptTest$GetShortNameTest" time="0.0"/>
  <testcase name="TestGetShortName[3]" classname="com.ibm.icu.dev.test.lang.DataDrivenUScriptTest$GetShortNameTest" time="0.0"/>
  <testcase name="TestGetShortName[4]" classname="com.ibm.icu.dev.test.lang.DataDrivenUScriptTest$GetShortNameTest" time="0.0"/>
  <testcase name="TestGetShortName[5]" classname="com.ibm.icu.dev.test.lang.DataDrivenUScriptTest$GetShortNameTest" time="0.0"/>
  <testcase name="TestGetShortName[6]" classname="com.ibm.icu.dev.test.lang.DataDrivenUScriptTest$GetShortNameTest" time="0.0"/>
  <testcase name="TestGetShortName[7]" classname="com.ibm.icu.dev.test.lang.DataDrivenUScriptTest$GetShortNameTest" time="0.0"/>
  <testcase name="TestGetShortName[8]" classname="com.ibm.icu.dev.test.lang.DataDrivenUScriptTest$GetShortNameTest" time="0.0"/>
  <testcase name="TestGetShortName[9]" classname="com.ibm.icu.dev.test.lang.DataDrivenUScriptTest$GetShortNameTest" time="0.0"/>
  <testcase name="TestGetShortName[10]" classname="com.ibm.icu.dev.test.lang.DataDrivenUScriptTest$GetShortNameTest" time="0.0"/>
  <testcase name="TestGetName[0]" classname="com.ibm.icu.dev.test.lang.DataDrivenUScriptTest$GetNameTest" time="0.0"/>
  <testcase name="TestGetName[1]" classname="com.ibm.icu.dev.test.lang.DataDrivenUScriptTest$GetNameTest" time="0.0"/>
  <testcase name="TestGetName[2]" classname="com.ibm.icu.dev.test.lang.DataDrivenUScriptTest$GetNameTest" time="0.0"/>
  <testcase name="TestGetName[3]" classname="com.ibm.icu.dev.test.lang.DataDrivenUScriptTest$GetNameTest" time="0.0"/>
  <testcase name="TestGetName[4]" classname="com.ibm.icu.dev.test.lang.DataDrivenUScriptTest$GetNameTest" time="0.0"/>
  <testcase name="TestGetName[5]" classname="com.ibm.icu.dev.test.lang.DataDrivenUScriptTest$GetNameTest" time="0.0"/>
  <testcase name="TestGetName[6]" classname="com.ibm.icu.dev.test.lang.DataDrivenUScriptTest$GetNameTest" time="0.0"/>
  <testcase name="TestGetName[7]" classname="com.ibm.icu.dev.test.lang.DataDrivenUScriptTest$GetNameTest" time="0.0"/>
  <testcase name="TestGetCode[0]" classname="com.ibm.icu.dev.test.lang.DataDrivenUScriptTest$GetCodeTest" time="0.0"/>
  <testcase name="TestGetCode[1]" classname="com.ibm.icu.dev.test.lang.DataDrivenUScriptTest$GetCodeTest" time="0.0"/>
  <testcase name="TestGetCode[2]" classname="com.ibm.icu.dev.test.lang.DataDrivenUScriptTest$GetCodeTest" time="0.0"/>
  <testcase name="TestGetCode[3]" classname="com.ibm.icu.dev.test.lang.DataDrivenUScriptTest$GetCodeTest" time="0.0"/>
  <testcase name="TestGetCode[4]" classname="com.ibm.icu.dev.test.lang.DataDrivenUScriptTest$GetCodeTest" time="0.0"/>
  <testcase name="TestGetCode[5]" classname="com.ibm.icu.dev.test.lang.DataDrivenUScriptTest$GetCodeTest" time="0.001"/>
  <testcase name="TestGetCode[6]" classname="com.ibm.icu.dev.test.lang.DataDrivenUScriptTest$GetCodeTest" time="0.0"/>
  <testcase name="TestGetCode[7]" classname="com.ibm.icu.dev.test.lang.DataDrivenUScriptTest$GetCodeTest" time="0.0"/>
  <testcase name="TestGetCode[8]" classname="com.ibm.icu.dev.test.lang.DataDrivenUScriptTest$GetCodeTest" time="0.0"/>
  <testcase name="TestGetCode[9]" classname="com.ibm.icu.dev.test.lang.DataDrivenUScriptTest$GetCodeTest" time="0.0"/>
  <testcase name="TestGetCode[10]" classname="com.ibm.icu.dev.test.lang.DataDrivenUScriptTest$GetCodeTest" time="0.0"/>
  <testcase name="TestGetCode[11]" classname="com.ibm.icu.dev.test.lang.DataDrivenUScriptTest$GetCodeTest" time="0.0"/>
  <testcase name="TestGetCode[12]" classname="com.ibm.icu.dev.test.lang.DataDrivenUScriptTest$GetCodeTest" time="0.0"/>
  <testcase name="TestGetCode[13]" classname="com.ibm.icu.dev.test.lang.DataDrivenUScriptTest$GetCodeTest" time="0.0"/>
  <testcase name="TestGetCode[14]" classname="com.ibm.icu.dev.test.lang.DataDrivenUScriptTest$GetCodeTest" time="0.0"/>
  <testcase name="TestGetCode[15]" classname="com.ibm.icu.dev.test.lang.DataDrivenUScriptTest$GetCodeTest" time="0.0"/>
  <testcase name="TestGetCode[16]" classname="com.ibm.icu.dev.test.lang.DataDrivenUScriptTest$GetCodeTest" time="0.0"/>
  <testcase name="TestGetCode[17]" classname="com.ibm.icu.dev.test.lang.DataDrivenUScriptTest$GetCodeTest" time="0.0"/>
  <testcase name="TestGetCode[18]" classname="com.ibm.icu.dev.test.lang.DataDrivenUScriptTest$GetCodeTest" time="0.0"/>
  <testcase name="TestGetCode[19]" classname="com.ibm.icu.dev.test.lang.DataDrivenUScriptTest$GetCodeTest" time="0.0"/>
  <testcase name="TestGetCode[20]" classname="com.ibm.icu.dev.test.lang.DataDrivenUScriptTest$GetCodeTest" time="0.0"/>
  <testcase name="TestGetCode[21]" classname="com.ibm.icu.dev.test.lang.DataDrivenUScriptTest$GetCodeTest" time="0.0"/>
  <testcase name="TestGetCode[22]" classname="com.ibm.icu.dev.test.lang.DataDrivenUScriptTest$GetCodeTest" time="0.0"/>
  <testcase name="TestGetCode[23]" classname="com.ibm.icu.dev.test.lang.DataDrivenUScriptTest$GetCodeTest" time="0.0"/>
  <testcase name="TestGetCode[24]" classname="com.ibm.icu.dev.test.lang.DataDrivenUScriptTest$GetCodeTest" time="0.0"/>
  <testcase name="TestGetCode[25]" classname="com.ibm.icu.dev.test.lang.DataDrivenUScriptTest$GetCodeTest" time="0.0"/>
  <testcase name="TestGetCode[26]" classname="com.ibm.icu.dev.test.lang.DataDrivenUScriptTest$GetCodeTest" time="0.0"/>
  <testcase name="TestGetCode[27]" classname="com.ibm.icu.dev.test.lang.DataDrivenUScriptTest$GetCodeTest" time="0.0"/>
  <testcase name="TestGetCode[28]" classname="com.ibm.icu.dev.test.lang.DataDrivenUScriptTest$GetCodeTest" time="0.0"/>
  <testcase name="TestGetCode[29]" classname="com.ibm.icu.dev.test.lang.DataDrivenUScriptTest$GetCodeTest" time="0.0"/>
  <testcase name="TestGetCode[30]" classname="com.ibm.icu.dev.test.lang.DataDrivenUScriptTest$GetCodeTest" time="0.0"/>
  <testcase name="TestGetCode[31]" classname="com.ibm.icu.dev.test.lang.DataDrivenUScriptTest$GetCodeTest" time="0.0"/>
  <testcase name="TestGetCode[32]" classname="com.ibm.icu.dev.test.lang.DataDrivenUScriptTest$GetCodeTest" time="0.0"/>
  <testcase name="TestGetCode[33]" classname="com.ibm.icu.dev.test.lang.DataDrivenUScriptTest$GetCodeTest" time="0.0"/>
  <testcase name="TestGetCode[34]" classname="com.ibm.icu.dev.test.lang.DataDrivenUScriptTest$GetCodeTest" time="0.0"/>
  <testcase name="TestGetCode[35]" classname="com.ibm.icu.dev.test.lang.DataDrivenUScriptTest$GetCodeTest" time="0.0"/>
  <testcase name="TestGetCode[36]" classname="com.ibm.icu.dev.test.lang.DataDrivenUScriptTest$GetCodeTest" time="0.0"/>
  <testcase name="TestGetCode[37]" classname="com.ibm.icu.dev.test.lang.DataDrivenUScriptTest$GetCodeTest" time="0.0"/>
  <testcase name="TestGetCode[38]" classname="com.ibm.icu.dev.test.lang.DataDrivenUScriptTest$GetCodeTest" time="0.0"/>
  <testcase name="TestGetCode[39]" classname="com.ibm.icu.dev.test.lang.DataDrivenUScriptTest$GetCodeTest" time="0.0"/>
  <testcase name="TestGetCode[40]" classname="com.ibm.icu.dev.test.lang.DataDrivenUScriptTest$GetCodeTest" time="0.0"/>
  <testcase name="TestGetCode[41]" classname="com.ibm.icu.dev.test.lang.DataDrivenUScriptTest$GetCodeTest" time="0.0"/>
  <testcase name="TestGetCode[42]" classname="com.ibm.icu.dev.test.lang.DataDrivenUScriptTest$GetCodeTest" time="0.0"/>
  <testcase name="TestGetCode[43]" classname="com.ibm.icu.dev.test.lang.DataDrivenUScriptTest$GetCodeTest" time="0.0"/>
  <testcase name="TestGetCode[44]" classname="com.ibm.icu.dev.test.lang.DataDrivenUScriptTest$GetCodeTest" time="0.0"/>
  <testcase name="TestGetCode[45]" classname="com.ibm.icu.dev.test.lang.DataDrivenUScriptTest$GetCodeTest" time="0.0"/>
  <testcase name="TestGetCode[46]" classname="com.ibm.icu.dev.test.lang.DataDrivenUScriptTest$GetCodeTest" time="0.0"/>
  <testcase name="TestGetCode[47]" classname="com.ibm.icu.dev.test.lang.DataDrivenUScriptTest$GetCodeTest" time="0.0"/>
  <testcase name="TestGetCode[48]" classname="com.ibm.icu.dev.test.lang.DataDrivenUScriptTest$GetCodeTest" time="0.0"/>
  <testcase name="TestGetCode[49]" classname="com.ibm.icu.dev.test.lang.DataDrivenUScriptTest$GetCodeTest" time="0.0"/>
  <testcase name="TestGetCode[50]" classname="com.ibm.icu.dev.test.lang.DataDrivenUScriptTest$GetCodeTest" time="0.0"/>
  <testcase name="TestGetCode[51]" classname="com.ibm.icu.dev.test.lang.DataDrivenUScriptTest$GetCodeTest" time="0.0"/>
  <testcase name="TestGetCode[52]" classname="com.ibm.icu.dev.test.lang.DataDrivenUScriptTest$GetCodeTest" time="0.0"/>
  <testcase name="TestGetCode[53]" classname="com.ibm.icu.dev.test.lang.DataDrivenUScriptTest$GetCodeTest" time="0.0"/>
  <testcase name="TestGetCode[54]" classname="com.ibm.icu.dev.test.lang.DataDrivenUScriptTest$GetCodeTest" time="0.0"/>
  <testcase name="TestGetCode[55]" classname="com.ibm.icu.dev.test.lang.DataDrivenUScriptTest$GetCodeTest" time="0.0"/>
  <testcase name="TestMultipleCodes[0]" classname="com.ibm.icu.dev.test.lang.DataDrivenUScriptTest$TestMultipleUScript" time="0.001"/>
  <testcase name="TestMultipleCodes[1]" classname="com.ibm.icu.dev.test.lang.DataDrivenUScriptTest$TestMultipleUScript" time="0.0"/>
  <testcase name="TestMultipleCodes[2]" classname="com.ibm.icu.dev.test.lang.DataDrivenUScriptTest$TestMultipleUScript" time="0.0"/>
  <testcase name="TestMultipleCodes[3]" classname="com.ibm.icu.dev.test.lang.DataDrivenUScriptTest$TestMultipleUScript" time="0.001"/>
  <testcase name="TestLocaleGetCode[0]" classname="com.ibm.icu.dev.test.lang.DataDrivenUScriptTest$LocaleGetCodeTest" time="0.0"/>
  <testcase name="TestLocaleGetCode[1]" classname="com.ibm.icu.dev.test.lang.DataDrivenUScriptTest$LocaleGetCodeTest" time="0.0"/>
  <testcase name="TestLocaleGetCode[2]" classname="com.ibm.icu.dev.test.lang.DataDrivenUScriptTest$LocaleGetCodeTest" time="0.0"/>
  <testcase name="TestLocaleGetCode[3]" classname="com.ibm.icu.dev.test.lang.DataDrivenUScriptTest$LocaleGetCodeTest" time="0.0"/>
  <testcase name="TestLocaleGetCode[4]" classname="com.ibm.icu.dev.test.lang.DataDrivenUScriptTest$LocaleGetCodeTest" time="0.0"/>
  <testcase name="TestLocaleGetCode[5]" classname="com.ibm.icu.dev.test.lang.DataDrivenUScriptTest$LocaleGetCodeTest" time="0.0"/>
  <testcase name="TestLocaleGetCode[6]" classname="com.ibm.icu.dev.test.lang.DataDrivenUScriptTest$LocaleGetCodeTest" time="0.0"/>
  <testcase name="TestLocaleGetCode[7]" classname="com.ibm.icu.dev.test.lang.DataDrivenUScriptTest$LocaleGetCodeTest" time="0.0"/>
  <testcase name="TestLocaleGetCode[8]" classname="com.ibm.icu.dev.test.lang.DataDrivenUScriptTest$LocaleGetCodeTest" time="0.0"/>
  <testcase name="TestLocaleGetCode[9]" classname="com.ibm.icu.dev.test.lang.DataDrivenUScriptTest$LocaleGetCodeTest" time="0.0"/>
  <testcase name="TestLocaleGetCode[10]" classname="com.ibm.icu.dev.test.lang.DataDrivenUScriptTest$LocaleGetCodeTest" time="0.0"/>
</testsuite>