<?xml version="1.0" encoding="UTF-8"?>
<testsuite xmlns:xsi="http://www.w3.org/2001/XMLSchema-instance" xsi:noNamespaceSchemaLocation="https://maven.apache.org/surefire/maven-surefire-plugin/xsd/surefire-test-report-3.0.xsd" version="3.0" name="com.ibm.icu.dev.test.format.PersonNameConsistencyTest" time="0.383" tests="102" errors="0" skipped="0" failures="0">
  <properties>
    <property name="gopherProxySet" value="false"/>
    <property name="awt.toolkit" value="sun.lwawt.macosx.LWCToolkit"/>
    <property name="file.encoding.pkg" value="sun.io"/>
    <property name="java.specification.version" value="1.8"/>
    <property name="sun.cpu.isalist" value=""/>
    <property name="sun.jnu.encoding" value="UTF-8"/>
    <property name="java.class.path" value="/Users/mnita/xx/fake_icu/icu4j/main/core/target/test-classes:/Users/mnita/xx/fake_icu/icu4j/main/core/target/classes:/Users/mnita/xx/fake_icu/icu4j/main/framework/target/framework-76.0.1-SNAPSHOT-tests.jar:/Users/mnita/.m2/repository/junit/junit/4.13.2/junit-4.13.2.jar:/Users/mnita/.m2/repository/org/hamcrest/hamcrest-core/1.3/hamcrest-core-1.3.jar:/Users/mnita/.m2/repository/pl/pragmatists/JUnitParams/1.1.1/JUnitParams-1.1.1.jar:/Users/mnita/.m2/repository/com/google/code/gson/gson/2.10.1/gson-2.10.1.jar:"/>
    <property name="java.vm.vendor" value="Azul Systems, Inc."/>
    <property name="sun.arch.data.model" value="64"/>
    <property name="java.vendor.url" value="http://www.azul.com/"/>
    <property name="user.timezone" value=""/>
    <property name="java.vm.specification.version" value="1.8"/>
    <property name="os.name" value="Mac OS X"/>
    <property name="user.country" value="US"/>
    <property name="sun.java.launcher" value="SUN_STANDARD"/>
    <property name="sun.boot.library.path" value="/Users/mnita/apps/zulu8.78.0.19-ca-jdk8.0.412-macosx_aarch64/Contents/Home/jre/lib"/>
    <property name="sun.java.command" value="/Users/mnita/xx/fake_icu/icu4j/main/core/target/surefire/surefirebooter-20240816120535436_6.jar /Users/mnita/xx/fake_icu/icu4j/main/core/target/surefire 2024-08-16T12-05-30_488-jvmRun1 surefire-20240816120535436_4tmp surefire_1-20240816120535436_5tmp"/>
    <property name="http.nonProxyHosts" value="local|*.local|169.254/16|*.169.254/16"/>
    <property name="surefire.test.class.path" value="/Users/mnita/xx/fake_icu/icu4j/main/core/target/test-classes:/Users/mnita/xx/fake_icu/icu4j/main/core/target/classes:/Users/mnita/xx/fake_icu/icu4j/main/framework/target/framework-76.0.1-SNAPSHOT-tests.jar:/Users/mnita/.m2/repository/junit/junit/4.13.2/junit-4.13.2.jar:/Users/mnita/.m2/repository/org/hamcrest/hamcrest-core/1.3/hamcrest-core-1.3.jar:/Users/mnita/.m2/repository/pl/pragmatists/JUnitParams/1.1.1/JUnitParams-1.1.1.jar:/Users/mnita/.m2/repository/com/google/code/gson/gson/2.10.1/gson-2.10.1.jar:"/>
    <property name="sun.cpu.endian" value="little"/>
    <property name="user.home" value="/Users/mnita"/>
    <property name="user.language" value="en"/>
    <property name="java.specification.vendor" value="Oracle Corporation"/>
    <property name="java.home" value="/Users/mnita/apps/zulu8.78.0.19-ca-jdk8.0.412-macosx_aarch64/Contents/Home/jre"/>
    <property name="basedir" value="/Users/mnita/xx/fake_icu/icu4j/main/core"/>
    <property name="file.separator" value="/"/>
    <property name="line.separator" value="&#10;"/>
    <property name="jdk.vendor.version" value="Zulu 8.78.0.19-CA-macos-aarch64"/>
    <property name="java.vm.specification.vendor" value="Oracle Corporation"/>
    <property name="java.specification.name" value="Java Platform API Specification"/>
    <property name="java.awt.graphicsenv" value="sun.awt.CGraphicsEnvironment"/>
    <property name="surefire.real.class.path" value="/Users/mnita/xx/fake_icu/icu4j/main/core/target/surefire/surefirebooter-20240816120535436_6.jar"/>
    <property name="sun.boot.class.path" value="/Users/mnita/apps/zulu8.78.0.19-ca-jdk8.0.412-macosx_aarch64/Contents/Home/jre/lib/resources.jar:/Users/mnita/apps/zulu8.78.0.19-ca-jdk8.0.412-macosx_aarch64/Contents/Home/jre/lib/rt.jar:/Users/mnita/apps/zulu8.78.0.19-ca-jdk8.0.412-macosx_aarch64/Contents/Home/jre/lib/sunrsasign.jar:/Users/mnita/apps/zulu8.78.0.19-ca-jdk8.0.412-macosx_aarch64/Contents/Home/jre/lib/jsse.jar:/Users/mnita/apps/zulu8.78.0.19-ca-jdk8.0.412-macosx_aarch64/Contents/Home/jre/lib/jce.jar:/Users/mnita/apps/zulu8.78.0.19-ca-jdk8.0.412-macosx_aarch64/Contents/Home/jre/lib/charsets.jar:/Users/mnita/apps/zulu8.78.0.19-ca-jdk8.0.412-macosx_aarch64/Contents/Home/jre/lib/jfr.jar:/Users/mnita/apps/zulu8.78.0.19-ca-jdk8.0.412-macosx_aarch64/Contents/Home/jre/lib/cat.jar:/Users/mnita/apps/zulu8.78.0.19-ca-jdk8.0.412-macosx_aarch64/Contents/Home/jre/classes"/>
    <property name="sun.management.compiler" value="HotSpot 64-Bit Tiered Compilers"/>
    <property name="ftp.nonProxyHosts" value="local|*.local|169.254/16|*.169.254/16"/>
    <property name="java.runtime.version" value="1.8.0_412-b08"/>
    <property name="user.name" value="mnita"/>
    <property name="path.separator" value=":"/>
    <property name="os.version" value="14.6.1"/>
    <property name="java.endorsed.dirs" value="/Users/mnita/apps/zulu8.78.0.19-ca-jdk8.0.412-macosx_aarch64/Contents/Home/jre/lib/endorsed"/>
    <property name="java.runtime.name" value="OpenJDK Runtime Environment"/>
    <property name="file.encoding" value="UTF-8"/>
    <property name="java.vm.name" value="OpenJDK 64-Bit Server VM"/>
    <property name="localRepository" value="/Users/mnita/.m2/repository"/>
    <property name="java.vendor.url.bug" value="http://www.azul.com/support/"/>
    <property name="java.io.tmpdir" value="/var/folders/rj/sw4bjg6932v2vyh_xbrql1_w0000gn/T/"/>
    <property name="java.version" value="1.8.0_412"/>
    <property name="user.dir" value="/Users/mnita/xx/fake_icu/icu4j/main/core"/>
    <property name="os.arch" value="aarch64"/>
    <property name="java.vm.specification.name" value="Java Virtual Machine Specification"/>
    <property name="java.awt.printerjob" value="sun.lwawt.macosx.CPrinterJob"/>
    <property name="sun.os.patch.level" value="unknown"/>
    <property name="java.library.path" value="/Users/mnita/Library/Java/Extensions:/Library/Java/Extensions:/Network/Library/Java/Extensions:/System/Library/Java/Extensions:/usr/lib/java:."/>
    <property name="java.vm.info" value="mixed mode"/>
    <property name="java.vendor" value="Azul Systems, Inc."/>
    <property name="java.vm.version" value="25.412-b08"/>
    <property name="java.specification.maintenance.version" value="5"/>
    <property name="java.ext.dirs" value="/Users/mnita/Library/Java/Extensions:/Users/mnita/apps/zulu8.78.0.19-ca-jdk8.0.412-macosx_aarch64/Contents/Home/jre/lib/ext:/Library/Java/Extensions:/Network/Library/Java/Extensions:/System/Library/Java/Extensions:/usr/lib/java"/>
    <property name="sun.io.unicode.encoding" value="UnicodeBig"/>
    <property name="java.class.version" value="52.0"/>
    <property name="socksNonProxyHosts" value="local|*.local|169.254/16|*.169.254/16"/>
  </properties>
  <testcase name="TestPersonNames(ak.txt) [0]" classname="com.ibm.icu.dev.test.format.PersonNameConsistencyTest" time="0.027"/>
  <testcase name="TestPersonNames(am.txt) [1]" classname="com.ibm.icu.dev.test.format.PersonNameConsistencyTest" time="0.007"/>
  <testcase name="TestPersonNames(ar.txt) [2]" classname="com.ibm.icu.dev.test.format.PersonNameConsistencyTest" time="0.007"/>
  <testcase name="TestPersonNames(as.txt) [3]" classname="com.ibm.icu.dev.test.format.PersonNameConsistencyTest" time="0.004"/>
  <testcase name="TestPersonNames(az.txt) [4]" classname="com.ibm.icu.dev.test.format.PersonNameConsistencyTest" time="0.02"/>
  <testcase name="TestPersonNames(bal_Latn.txt) [5]" classname="com.ibm.icu.dev.test.format.PersonNameConsistencyTest" time="0.004"/>
  <testcase name="TestPersonNames(be.txt) [6]" classname="com.ibm.icu.dev.test.format.PersonNameConsistencyTest" time="0.004"/>
  <testcase name="TestPersonNames(bg.txt) [7]" classname="com.ibm.icu.dev.test.format.PersonNameConsistencyTest" time="0.003"/>
  <testcase name="TestPersonNames(bn.txt) [8]" classname="com.ibm.icu.dev.test.format.PersonNameConsistencyTest" time="0.004"/>
  <testcase name="TestPersonNames(bs.txt) [9]" classname="com.ibm.icu.dev.test.format.PersonNameConsistencyTest" time="0.003"/>
  <testcase name="TestPersonNames(ca.txt) [10]" classname="com.ibm.icu.dev.test.format.PersonNameConsistencyTest" time="0.005"/>
  <testcase name="TestPersonNames(chr.txt) [11]" classname="com.ibm.icu.dev.test.format.PersonNameConsistencyTest" time="0.003"/>
  <testcase name="TestPersonNames(cs.txt) [12]" classname="com.ibm.icu.dev.test.format.PersonNameConsistencyTest" time="0.003"/>
  <testcase name="TestPersonNames(cy.txt) [13]" classname="com.ibm.icu.dev.test.format.PersonNameConsistencyTest" time="0.004"/>
  <testcase name="TestPersonNames(da.txt) [14]" classname="com.ibm.icu.dev.test.format.PersonNameConsistencyTest" time="0.003"/>
  <testcase name="TestPersonNames(de.txt) [15]" classname="com.ibm.icu.dev.test.format.PersonNameConsistencyTest" time="0.004"/>
  <testcase name="TestPersonNames(dsb.txt) [16]" classname="com.ibm.icu.dev.test.format.PersonNameConsistencyTest" time="0.003"/>
  <testcase name="TestPersonNames(el.txt) [17]" classname="com.ibm.icu.dev.test.format.PersonNameConsistencyTest" time="0.004"/>
  <testcase name="TestPersonNames(en.txt) [18]" classname="com.ibm.icu.dev.test.format.PersonNameConsistencyTest" time="0.004"/>
  <testcase name="TestPersonNames(es.txt) [19]" classname="com.ibm.icu.dev.test.format.PersonNameConsistencyTest" time="0.003"/>
  <testcase name="TestPersonNames(et.txt) [20]" classname="com.ibm.icu.dev.test.format.PersonNameConsistencyTest" time="0.003"/>
  <testcase name="TestPersonNames(eu.txt) [21]" classname="com.ibm.icu.dev.test.format.PersonNameConsistencyTest" time="0.003"/>
  <testcase name="TestPersonNames(fa.txt) [22]" classname="com.ibm.icu.dev.test.format.PersonNameConsistencyTest" time="0.003"/>
  <testcase name="TestPersonNames(fi.txt) [23]" classname="com.ibm.icu.dev.test.format.PersonNameConsistencyTest" time="0.003"/>
  <testcase name="TestPersonNames(fil.txt) [24]" classname="com.ibm.icu.dev.test.format.PersonNameConsistencyTest" time="0.003"/>
  <testcase name="TestPersonNames(fr.txt) [25]" classname="com.ibm.icu.dev.test.format.PersonNameConsistencyTest" time="0.004"/>
  <testcase name="TestPersonNames(ga.txt) [26]" classname="com.ibm.icu.dev.test.format.PersonNameConsistencyTest" time="0.003"/>
  <testcase name="TestPersonNames(gd.txt) [27]" classname="com.ibm.icu.dev.test.format.PersonNameConsistencyTest" time="0.004"/>
  <testcase name="TestPersonNames(gl.txt) [28]" classname="com.ibm.icu.dev.test.format.PersonNameConsistencyTest" time="0.003"/>
  <testcase name="TestPersonNames(gu.txt) [29]" classname="com.ibm.icu.dev.test.format.PersonNameConsistencyTest" time="0.003"/>
  <testcase name="TestPersonNames(ha.txt) [30]" classname="com.ibm.icu.dev.test.format.PersonNameConsistencyTest" time="0.003"/>
  <testcase name="TestPersonNames(he.txt) [31]" classname="com.ibm.icu.dev.test.format.PersonNameConsistencyTest" time="0.004"/>
  <testcase name="TestPersonNames(hi.txt) [32]" classname="com.ibm.icu.dev.test.format.PersonNameConsistencyTest" time="0.003"/>
  <testcase name="TestPersonNames(hi_Latn.txt) [33]" classname="com.ibm.icu.dev.test.format.PersonNameConsistencyTest" time="0.003"/>
  <testcase name="TestPersonNames(hr.txt) [34]" classname="com.ibm.icu.dev.test.format.PersonNameConsistencyTest" time="0.002"/>
  <testcase name="TestPersonNames(hsb.txt) [35]" classname="com.ibm.icu.dev.test.format.PersonNameConsistencyTest" time="0.004"/>
  <testcase name="TestPersonNames(hu.txt) [36]" classname="com.ibm.icu.dev.test.format.PersonNameConsistencyTest" time="0.003"/>
  <testcase name="TestPersonNames(hy.txt) [37]" classname="com.ibm.icu.dev.test.format.PersonNameConsistencyTest" time="0.002"/>
  <testcase name="TestPersonNames(id.txt) [38]" classname="com.ibm.icu.dev.test.format.PersonNameConsistencyTest" time="0.003"/>
  <testcase name="TestPersonNames(ig.txt) [39]" classname="com.ibm.icu.dev.test.format.PersonNameConsistencyTest" time="0.003"/>
  <testcase name="TestPersonNames(is.txt) [40]" classname="com.ibm.icu.dev.test.format.PersonNameConsistencyTest" time="0.003"/>
  <testcase name="TestPersonNames(it.txt) [41]" classname="com.ibm.icu.dev.test.format.PersonNameConsistencyTest" time="0.003"/>
  <testcase name="TestPersonNames(ja.txt) [42]" classname="com.ibm.icu.dev.test.format.PersonNameConsistencyTest" time="0.003"/>
  <testcase name="TestPersonNames(jv.txt) [43]" classname="com.ibm.icu.dev.test.format.PersonNameConsistencyTest" time="0.003"/>
  <testcase name="TestPersonNames(ka.txt) [44]" classname="com.ibm.icu.dev.test.format.PersonNameConsistencyTest" time="0.003"/>
  <testcase name="TestPersonNames(kk.txt) [45]" classname="com.ibm.icu.dev.test.format.PersonNameConsistencyTest" time="0.002"/>
  <testcase name="TestPersonNames(km.txt) [46]" classname="com.ibm.icu.dev.test.format.PersonNameConsistencyTest" time="0.004"/>
  <testcase name="TestPersonNames(kn.txt) [47]" classname="com.ibm.icu.dev.test.format.PersonNameConsistencyTest" time="0.002"/>
  <testcase name="TestPersonNames(ko.txt) [48]" classname="com.ibm.icu.dev.test.format.PersonNameConsistencyTest" time="0.003"/>
  <testcase name="TestPersonNames(kok.txt) [49]" classname="com.ibm.icu.dev.test.format.PersonNameConsistencyTest" time="0.004"/>
  <testcase name="TestPersonNames(ky.txt) [50]" classname="com.ibm.icu.dev.test.format.PersonNameConsistencyTest" time="0.003"/>
  <testcase name="TestPersonNames(lo.txt) [51]" classname="com.ibm.icu.dev.test.format.PersonNameConsistencyTest" time="0.003"/>
  <testcase name="TestPersonNames(lt.txt) [52]" classname="com.ibm.icu.dev.test.format.PersonNameConsistencyTest" time="0.003"/>
  <testcase name="TestPersonNames(lv.txt) [53]" classname="com.ibm.icu.dev.test.format.PersonNameConsistencyTest" time="0.003"/>
  <testcase name="TestPersonNames(mk.txt) [54]" classname="com.ibm.icu.dev.test.format.PersonNameConsistencyTest" time="0.003"/>
  <testcase name="TestPersonNames(ml.txt) [55]" classname="com.ibm.icu.dev.test.format.PersonNameConsistencyTest" time="0.003"/>
  <testcase name="TestPersonNames(mn.txt) [56]" classname="com.ibm.icu.dev.test.format.PersonNameConsistencyTest" time="0.002"/>
  <testcase name="TestPersonNames(mr.txt) [57]" classname="com.ibm.icu.dev.test.format.PersonNameConsistencyTest" time="0.003"/>
  <testcase name="TestPersonNames(ms.txt) [58]" classname="com.ibm.icu.dev.test.format.PersonNameConsistencyTest" time="0.003"/>
  <testcase name="TestPersonNames(my.txt) [59]" classname="com.ibm.icu.dev.test.format.PersonNameConsistencyTest" time="0.003"/>
  <testcase name="TestPersonNames(ne.txt) [60]" classname="com.ibm.icu.dev.test.format.PersonNameConsistencyTest" time="0.003"/>
  <testcase name="TestPersonNames(nl.txt) [61]" classname="com.ibm.icu.dev.test.format.PersonNameConsistencyTest" time="0.003"/>
  <testcase name="TestPersonNames(nn.txt) [62]" classname="com.ibm.icu.dev.test.format.PersonNameConsistencyTest" time="0.003"/>
  <testcase name="TestPersonNames(no.txt) [63]" classname="com.ibm.icu.dev.test.format.PersonNameConsistencyTest" time="0.003"/>
  <testcase name="TestPersonNames(or.txt) [64]" classname="com.ibm.icu.dev.test.format.PersonNameConsistencyTest" time="0.002"/>
  <testcase name="TestPersonNames(pa.txt) [65]" classname="com.ibm.icu.dev.test.format.PersonNameConsistencyTest" time="0.004"/>
  <testcase name="TestPersonNames(pcm.txt) [66]" classname="com.ibm.icu.dev.test.format.PersonNameConsistencyTest" time="0.004"/>
  <testcase name="TestPersonNames(pl.txt) [67]" classname="com.ibm.icu.dev.test.format.PersonNameConsistencyTest" time="0.002"/>
  <testcase name="TestPersonNames(ps.txt) [68]" classname="com.ibm.icu.dev.test.format.PersonNameConsistencyTest" time="0.004"/>
  <testcase name="TestPersonNames(pt.txt) [69]" classname="com.ibm.icu.dev.test.format.PersonNameConsistencyTest" time="0.002"/>
  <testcase name="TestPersonNames(qu.txt) [70]" classname="com.ibm.icu.dev.test.format.PersonNameConsistencyTest" time="0.003"/>
  <testcase name="TestPersonNames(ro.txt) [71]" classname="com.ibm.icu.dev.test.format.PersonNameConsistencyTest" time="0.003"/>
  <testcase name="TestPersonNames(ru.txt) [72]" classname="com.ibm.icu.dev.test.format.PersonNameConsistencyTest" time="0.003"/>
  <testcase name="TestPersonNames(sc.txt) [73]" classname="com.ibm.icu.dev.test.format.PersonNameConsistencyTest" time="0.003"/>
  <testcase name="TestPersonNames(sd.txt) [74]" classname="com.ibm.icu.dev.test.format.PersonNameConsistencyTest" time="0.003"/>
  <testcase name="TestPersonNames(si.txt) [75]" classname="com.ibm.icu.dev.test.format.PersonNameConsistencyTest" time="0.003"/>
  <testcase name="TestPersonNames(sk.txt) [76]" classname="com.ibm.icu.dev.test.format.PersonNameConsistencyTest" time="0.003"/>
  <testcase name="TestPersonNames(sl.txt) [77]" classname="com.ibm.icu.dev.test.format.PersonNameConsistencyTest" time="0.003"/>
  <testcase name="TestPersonNames(so.txt) [78]" classname="com.ibm.icu.dev.test.format.PersonNameConsistencyTest" time="0.002"/>
  <testcase name="TestPersonNames(sq.txt) [79]" classname="com.ibm.icu.dev.test.format.PersonNameConsistencyTest" time="0.003"/>
  <testcase name="TestPersonNames(sr.txt) [80]" classname="com.ibm.icu.dev.test.format.PersonNameConsistencyTest" time="0.003"/>
  <testcase name="TestPersonNames(sr_Latn.txt) [81]" classname="com.ibm.icu.dev.test.format.PersonNameConsistencyTest" time="0.003"/>
  <testcase name="TestPersonNames(sv.txt) [82]" classname="com.ibm.icu.dev.test.format.PersonNameConsistencyTest" time="0.003"/>
  <testcase name="TestPersonNames(sw.txt) [83]" classname="com.ibm.icu.dev.test.format.PersonNameConsistencyTest" time="0.002"/>
  <testcase name="TestPersonNames(ta.txt) [84]" classname="com.ibm.icu.dev.test.format.PersonNameConsistencyTest" time="0.019"/>
  <testcase name="TestPersonNames(te.txt) [85]" classname="com.ibm.icu.dev.test.format.PersonNameConsistencyTest" time="0.003"/>
  <testcase name="TestPersonNames(tg.txt) [86]" classname="com.ibm.icu.dev.test.format.PersonNameConsistencyTest" time="0.003"/>
  <testcase name="TestPersonNames(th.txt) [87]" classname="com.ibm.icu.dev.test.format.PersonNameConsistencyTest" time="0.003"/>
  <testcase name="TestPersonNames(ti.txt) [88]" classname="com.ibm.icu.dev.test.format.PersonNameConsistencyTest" time="0.003"/>
  <testcase name="TestPersonNames(tk.txt) [89]" classname="com.ibm.icu.dev.test.format.PersonNameConsistencyTest" time="0.003"/>
  <testcase name="TestPersonNames(tr.txt) [90]" classname="com.ibm.icu.dev.test.format.PersonNameConsistencyTest" time="0.003"/>
  <testcase name="TestPersonNames(uk.txt) [91]" classname="com.ibm.icu.dev.test.format.PersonNameConsistencyTest" time="0.003"/>
  <testcase name="TestPersonNames(ur.txt) [92]" classname="com.ibm.icu.dev.test.format.PersonNameConsistencyTest" time="0.003"/>
  <testcase name="TestPersonNames(uz.txt) [93]" classname="com.ibm.icu.dev.test.format.PersonNameConsistencyTest" time="0.002"/>
  <testcase name="TestPersonNames(vi.txt) [94]" classname="com.ibm.icu.dev.test.format.PersonNameConsistencyTest" time="0.003"/>
  <testcase name="TestPersonNames(wo.txt) [95]" classname="com.ibm.icu.dev.test.format.PersonNameConsistencyTest" time="0.003"/>
  <testcase name="TestPersonNames(yo.txt) [96]" classname="com.ibm.icu.dev.test.format.PersonNameConsistencyTest" time="0.003"/>
  <testcase name="TestPersonNames(yue.txt) [97]" classname="com.ibm.icu.dev.test.format.PersonNameConsistencyTest" time="0.005"/>
  <testcase name="TestPersonNames(yue_Hans.txt) [98]" classname="com.ibm.icu.dev.test.format.PersonNameConsistencyTest" time="0.003"/>
  <testcase name="TestPersonNames(zh.txt) [99]" classname="com.ibm.icu.dev.test.format.PersonNameConsistencyTest" time="0.003"/>
  <testcase name="TestPersonNames(zh_Hant.txt) [100]" classname="com.ibm.icu.dev.test.format.PersonNameConsistencyTest" time="0.003"/>
  <testcase name="TestPersonNames(zu.txt) [101]" classname="com.ibm.icu.dev.test.format.PersonNameConsistencyTest" time="0.003"/>
</testsuite>