<?xml version="1.0" encoding="UTF-8"?>
<testsuite xmlns:xsi="http://www.w3.org/2001/XMLSchema-instance" xsi:noNamespaceSchemaLocation="https://maven.apache.org/surefire/maven-surefire-plugin/xsd/surefire-test-report-3.0.xsd" version="3.0" name="com.ibm.icu.dev.test.calendar.CalendarRegressionTest" time="0.565" tests="67" errors="0" skipped="0" failures="0">
  <properties>
    <property name="gopherProxySet" value="false"/>
    <property name="awt.toolkit" value="sun.lwawt.macosx.LWCToolkit"/>
    <property name="file.encoding.pkg" value="sun.io"/>
    <property name="java.specification.version" value="1.8"/>
    <property name="sun.cpu.isalist" value=""/>
    <property name="sun.jnu.encoding" value="UTF-8"/>
    <property name="java.class.path" value="/Users/mnita/xx/fake_icu/icu4j/main/core/target/test-classes:/Users/mnita/xx/fake_icu/icu4j/main/core/target/classes:/Users/mnita/xx/fake_icu/icu4j/main/framework/target/framework-76.0.1-SNAPSHOT-tests.jar:/Users/mnita/.m2/repository/junit/junit/4.13.2/junit-4.13.2.jar:/Users/mnita/.m2/repository/org/hamcrest/hamcrest-core/1.3/hamcrest-core-1.3.jar:/Users/mnita/.m2/repository/pl/pragmatists/JUnitParams/1.1.1/JUnitParams-1.1.1.jar:/Users/mnita/.m2/repository/com/google/code/gson/gson/2.10.1/gson-2.10.1.jar:"/>
    <property name="java.vm.vendor" value="Azul Systems, Inc."/>
    <property name="sun.arch.data.model" value="64"/>
    <property name="java.vendor.url" value="http://www.azul.com/"/>
    <property name="user.timezone" value=""/>
    <property name="java.vm.specification.version" value="1.8"/>
    <property name="os.name" value="Mac OS X"/>
    <property name="user.country" value="US"/>
    <property name="sun.java.launcher" value="SUN_STANDARD"/>
    <property name="sun.boot.library.path" value="/Users/mnita/apps/zulu8.78.0.19-ca-jdk8.0.412-macosx_aarch64/Contents/Home/jre/lib"/>
    <property name="sun.java.command" value="/Users/mnita/xx/fake_icu/icu4j/main/core/target/surefire/surefirebooter-20240816120535436_6.jar /Users/mnita/xx/fake_icu/icu4j/main/core/target/surefire 2024-08-16T12-05-30_488-jvmRun1 surefire-20240816120535436_4tmp surefire_1-20240816120535436_5tmp"/>
    <property name="http.nonProxyHosts" value="local|*.local|169.254/16|*.169.254/16"/>
    <property name="surefire.test.class.path" value="/Users/mnita/xx/fake_icu/icu4j/main/core/target/test-classes:/Users/mnita/xx/fake_icu/icu4j/main/core/target/classes:/Users/mnita/xx/fake_icu/icu4j/main/framework/target/framework-76.0.1-SNAPSHOT-tests.jar:/Users/mnita/.m2/repository/junit/junit/4.13.2/junit-4.13.2.jar:/Users/mnita/.m2/repository/org/hamcrest/hamcrest-core/1.3/hamcrest-core-1.3.jar:/Users/mnita/.m2/repository/pl/pragmatists/JUnitParams/1.1.1/JUnitParams-1.1.1.jar:/Users/mnita/.m2/repository/com/google/code/gson/gson/2.10.1/gson-2.10.1.jar:"/>
    <property name="sun.cpu.endian" value="little"/>
    <property name="user.home" value="/Users/mnita"/>
    <property name="user.language" value="en"/>
    <property name="java.specification.vendor" value="Oracle Corporation"/>
    <property name="java.home" value="/Users/mnita/apps/zulu8.78.0.19-ca-jdk8.0.412-macosx_aarch64/Contents/Home/jre"/>
    <property name="basedir" value="/Users/mnita/xx/fake_icu/icu4j/main/core"/>
    <property name="file.separator" value="/"/>
    <property name="line.separator" value="&#10;"/>
    <property name="jdk.vendor.version" value="Zulu 8.78.0.19-CA-macos-aarch64"/>
    <property name="java.vm.specification.vendor" value="Oracle Corporation"/>
    <property name="java.specification.name" value="Java Platform API Specification"/>
    <property name="java.awt.graphicsenv" value="sun.awt.CGraphicsEnvironment"/>
    <property name="surefire.real.class.path" value="/Users/mnita/xx/fake_icu/icu4j/main/core/target/surefire/surefirebooter-20240816120535436_6.jar"/>
    <property name="sun.boot.class.path" value="/Users/mnita/apps/zulu8.78.0.19-ca-jdk8.0.412-macosx_aarch64/Contents/Home/jre/lib/resources.jar:/Users/mnita/apps/zulu8.78.0.19-ca-jdk8.0.412-macosx_aarch64/Contents/Home/jre/lib/rt.jar:/Users/mnita/apps/zulu8.78.0.19-ca-jdk8.0.412-macosx_aarch64/Contents/Home/jre/lib/sunrsasign.jar:/Users/mnita/apps/zulu8.78.0.19-ca-jdk8.0.412-macosx_aarch64/Contents/Home/jre/lib/jsse.jar:/Users/mnita/apps/zulu8.78.0.19-ca-jdk8.0.412-macosx_aarch64/Contents/Home/jre/lib/jce.jar:/Users/mnita/apps/zulu8.78.0.19-ca-jdk8.0.412-macosx_aarch64/Contents/Home/jre/lib/charsets.jar:/Users/mnita/apps/zulu8.78.0.19-ca-jdk8.0.412-macosx_aarch64/Contents/Home/jre/lib/jfr.jar:/Users/mnita/apps/zulu8.78.0.19-ca-jdk8.0.412-macosx_aarch64/Contents/Home/jre/lib/cat.jar:/Users/mnita/apps/zulu8.78.0.19-ca-jdk8.0.412-macosx_aarch64/Contents/Home/jre/classes"/>
    <property name="sun.management.compiler" value="HotSpot 64-Bit Tiered Compilers"/>
    <property name="ftp.nonProxyHosts" value="local|*.local|169.254/16|*.169.254/16"/>
    <property name="java.runtime.version" value="1.8.0_412-b08"/>
    <property name="user.name" value="mnita"/>
    <property name="path.separator" value=":"/>
    <property name="os.version" value="14.6.1"/>
    <property name="java.endorsed.dirs" value="/Users/mnita/apps/zulu8.78.0.19-ca-jdk8.0.412-macosx_aarch64/Contents/Home/jre/lib/endorsed"/>
    <property name="java.runtime.name" value="OpenJDK Runtime Environment"/>
    <property name="file.encoding" value="UTF-8"/>
    <property name="java.vm.name" value="OpenJDK 64-Bit Server VM"/>
    <property name="localRepository" value="/Users/mnita/.m2/repository"/>
    <property name="java.vendor.url.bug" value="http://www.azul.com/support/"/>
    <property name="java.io.tmpdir" value="/var/folders/rj/sw4bjg6932v2vyh_xbrql1_w0000gn/T/"/>
    <property name="java.version" value="1.8.0_412"/>
    <property name="user.dir" value="/Users/mnita/xx/fake_icu/icu4j/main/core"/>
    <property name="os.arch" value="aarch64"/>
    <property name="java.vm.specification.name" value="Java Virtual Machine Specification"/>
    <property name="java.awt.printerjob" value="sun.lwawt.macosx.CPrinterJob"/>
    <property name="sun.os.patch.level" value="unknown"/>
    <property name="java.library.path" value="/Users/mnita/Library/Java/Extensions:/Library/Java/Extensions:/Network/Library/Java/Extensions:/System/Library/Java/Extensions:/usr/lib/java:."/>
    <property name="java.vm.info" value="mixed mode"/>
    <property name="java.vendor" value="Azul Systems, Inc."/>
    <property name="java.vm.version" value="25.412-b08"/>
    <property name="java.specification.maintenance.version" value="5"/>
    <property name="java.ext.dirs" value="/Users/mnita/Library/Java/Extensions:/Users/mnita/apps/zulu8.78.0.19-ca-jdk8.0.412-macosx_aarch64/Contents/Home/jre/lib/ext:/Library/Java/Extensions:/Network/Library/Java/Extensions:/System/Library/Java/Extensions:/usr/lib/java"/>
    <property name="sun.io.unicode.encoding" value="UnicodeBig"/>
    <property name="java.class.version" value="52.0"/>
    <property name="socksNonProxyHosts" value="local|*.local|169.254/16|*.169.254/16"/>
  </properties>
  <testcase name="TestJ9" classname="com.ibm.icu.dev.test.calendar.CalendarRegressionTest" time="0.001"/>
  <testcase name="TestSerialization3474" classname="com.ibm.icu.dev.test.calendar.CalendarRegressionTest" time="0.009"/>
  <testcase name="TestWeekendData_10560" classname="com.ibm.icu.dev.test.calendar.CalendarRegressionTest" time="0.009"/>
  <testcase name="TestGetKeywordValuesForLocale" classname="com.ibm.icu.dev.test.calendar.CalendarRegressionTest" time="0.005"/>
  <testcase name="TestTicket11632" classname="com.ibm.icu.dev.test.calendar.CalendarRegressionTest" time="0.003"/>
  <testcase name="TestRegistration" classname="com.ibm.icu.dev.test.calendar.CalendarRegressionTest" time="0.0"/>
  <testcase name="Test9019" classname="com.ibm.icu.dev.test.calendar.CalendarRegressionTest" time="0.0"/>
  <testcase name="TestJ438" classname="com.ibm.icu.dev.test.calendar.CalendarRegressionTest" time="0.003"/>
  <testcase name="TestT13080" classname="com.ibm.icu.dev.test.calendar.CalendarRegressionTest" time="0.009"/>
  <testcase name="TestPersianCalOverflow" classname="com.ibm.icu.dev.test.calendar.CalendarRegressionTest" time="0.0"/>
  <testcase name="TestYearJump3279" classname="com.ibm.icu.dev.test.calendar.CalendarRegressionTest" time="0.007"/>
  <testcase name="Test4031502" classname="com.ibm.icu.dev.test.calendar.CalendarRegressionTest" time="0.012"/>
  <testcase name="Test4035301" classname="com.ibm.icu.dev.test.calendar.CalendarRegressionTest" time="0.0"/>
  <testcase name="Test4040996" classname="com.ibm.icu.dev.test.calendar.CalendarRegressionTest" time="0.001"/>
  <testcase name="Test4051765" classname="com.ibm.icu.dev.test.calendar.CalendarRegressionTest" time="0.0"/>
  <testcase name="Test4059654" classname="com.ibm.icu.dev.test.calendar.CalendarRegressionTest" time="0.001"/>
  <testcase name="Test4061476" classname="com.ibm.icu.dev.test.calendar.CalendarRegressionTest" time="0.001"/>
  <testcase name="Test4070502" classname="com.ibm.icu.dev.test.calendar.CalendarRegressionTest" time="0.0"/>
  <testcase name="Test4071197" classname="com.ibm.icu.dev.test.calendar.CalendarRegressionTest" time="0.0"/>
  <testcase name="Test4071385" classname="com.ibm.icu.dev.test.calendar.CalendarRegressionTest" time="0.0"/>
  <testcase name="Test4073929" classname="com.ibm.icu.dev.test.calendar.CalendarRegressionTest" time="0.0"/>
  <testcase name="Test4083167" classname="com.ibm.icu.dev.test.calendar.CalendarRegressionTest" time="0.0"/>
  <testcase name="Test4086724" classname="com.ibm.icu.dev.test.calendar.CalendarRegressionTest" time="0.001"/>
  <testcase name="Test4092362" classname="com.ibm.icu.dev.test.calendar.CalendarRegressionTest" time="0.004"/>
  <testcase name="Test4095407" classname="com.ibm.icu.dev.test.calendar.CalendarRegressionTest" time="0.0"/>
  <testcase name="Test4096231" classname="com.ibm.icu.dev.test.calendar.CalendarRegressionTest" time="0.0"/>
  <testcase name="Test4096539" classname="com.ibm.icu.dev.test.calendar.CalendarRegressionTest" time="0.0"/>
  <testcase name="Test4100311" classname="com.ibm.icu.dev.test.calendar.CalendarRegressionTest" time="0.0"/>
  <testcase name="Test4103271" classname="com.ibm.icu.dev.test.calendar.CalendarRegressionTest" time="0.003"/>
  <testcase name="Test4106136" classname="com.ibm.icu.dev.test.calendar.CalendarRegressionTest" time="0.009"/>
  <testcase name="Test4108764" classname="com.ibm.icu.dev.test.calendar.CalendarRegressionTest" time="0.0"/>
  <testcase name="Test4114578" classname="com.ibm.icu.dev.test.calendar.CalendarRegressionTest" time="0.001"/>
  <testcase name="Test4118384" classname="com.ibm.icu.dev.test.calendar.CalendarRegressionTest" time="0.0"/>
  <testcase name="Test4125881" classname="com.ibm.icu.dev.test.calendar.CalendarRegressionTest" time="0.0"/>
  <testcase name="Test4125892" classname="com.ibm.icu.dev.test.calendar.CalendarRegressionTest" time="0.0"/>
  <testcase name="Test4136399" classname="com.ibm.icu.dev.test.calendar.CalendarRegressionTest" time="0.001"/>
  <testcase name="Test4141665" classname="com.ibm.icu.dev.test.calendar.CalendarRegressionTest" time="0.0"/>
  <testcase name="Test4142933" classname="com.ibm.icu.dev.test.calendar.CalendarRegressionTest" time="0.0"/>
  <testcase name="Test4145158" classname="com.ibm.icu.dev.test.calendar.CalendarRegressionTest" time="0.0"/>
  <testcase name="Test4145983" classname="com.ibm.icu.dev.test.calendar.CalendarRegressionTest" time="0.0"/>
  <testcase name="Test4147269" classname="com.ibm.icu.dev.test.calendar.CalendarRegressionTest" time="0.001"/>
  <testcase name="Test4149677" classname="com.ibm.icu.dev.test.calendar.CalendarRegressionTest" time="0.0"/>
  <testcase name="Test4162587" classname="com.ibm.icu.dev.test.calendar.CalendarRegressionTest" time="0.001"/>
  <testcase name="Test4165343" classname="com.ibm.icu.dev.test.calendar.CalendarRegressionTest" time="0.0"/>
  <testcase name="Test4166109" classname="com.ibm.icu.dev.test.calendar.CalendarRegressionTest" time="0.0"/>
  <testcase name="Test4167060" classname="com.ibm.icu.dev.test.calendar.CalendarRegressionTest" time="0.001"/>
  <testcase name="Test4173516" classname="com.ibm.icu.dev.test.calendar.CalendarRegressionTest" time="0.443"/>
  <testcase name="Test4174361" classname="com.ibm.icu.dev.test.calendar.CalendarRegressionTest" time="0.0"/>
  <testcase name="Test4177484" classname="com.ibm.icu.dev.test.calendar.CalendarRegressionTest" time="0.0"/>
  <testcase name="Test4197699" classname="com.ibm.icu.dev.test.calendar.CalendarRegressionTest" time="0.001"/>
  <testcase name="Test4209071" classname="com.ibm.icu.dev.test.calendar.CalendarRegressionTest" time="0.0"/>
  <testcase name="Test4288792" classname="com.ibm.icu.dev.test.calendar.CalendarRegressionTest" time="0.012"/>
  <testcase name="TestIslamicCalOverflow" classname="com.ibm.icu.dev.test.calendar.CalendarRegressionTest" time="0.0"/>
  <testcase name="TestWeekOfYear13548" classname="com.ibm.icu.dev.test.calendar.CalendarRegressionTest" time="0.0"/>
  <testcase name="TestRespectUExtensionFw" classname="com.ibm.icu.dev.test.calendar.CalendarRegressionTest" time="0.006"/>
  <testcase name="TestT5555" classname="com.ibm.icu.dev.test.calendar.CalendarRegressionTest" time="0.001"/>
  <testcase name="TestT8057" classname="com.ibm.icu.dev.test.calendar.CalendarRegressionTest" time="0.0"/>
  <testcase name="TestT8596" classname="com.ibm.icu.dev.test.calendar.CalendarRegressionTest" time="0.0"/>
  <testcase name="TestT9403" classname="com.ibm.icu.dev.test.calendar.CalendarRegressionTest" time="0.0"/>
  <testcase name="TestT9452" classname="com.ibm.icu.dev.test.calendar.CalendarRegressionTest" time="0.0"/>
  <testcase name="TestT9968" classname="com.ibm.icu.dev.test.calendar.CalendarRegressionTest" time="0.0"/>
  <testcase name="TestTimeStamp" classname="com.ibm.icu.dev.test.calendar.CalendarRegressionTest" time="0.004"/>
  <testcase name="TestTimeZoneInLocale20465" classname="com.ibm.icu.dev.test.calendar.CalendarRegressionTest" time="0.006"/>
  <testcase name="TestCalendarType6816" classname="com.ibm.icu.dev.test.calendar.CalendarRegressionTest" time="0.0"/>
  <testcase name="TestIslamicUmalquraCalendarSlow" classname="com.ibm.icu.dev.test.calendar.CalendarRegressionTest" time="0.002"/>
  <testcase name="TestAsiaManilaAfterSetGregorianChange22043" classname="com.ibm.icu.dev.test.calendar.CalendarRegressionTest" time="0.005"/>
  <testcase name="TestDateFormatFactoryJ26" classname="com.ibm.icu.dev.test.calendar.CalendarRegressionTest" time="0.0"/>
</testsuite>