<?xml version="1.0" encoding="UTF-8"?>
<testsuite xmlns:xsi="http://www.w3.org/2001/XMLSchema-instance" xsi:noNamespaceSchemaLocation="https://maven.apache.org/surefire/maven-surefire-plugin/xsd/surefire-test-report-3.0.xsd" version="3.0" name="com.ibm.icu.dev.test.util.LocaleMatcherTest" time="0.71" tests="969" errors="0" skipped="0" failures="0">
  <properties>
    <property name="gopherProxySet" value="false"/>
    <property name="awt.toolkit" value="sun.lwawt.macosx.LWCToolkit"/>
    <property name="file.encoding.pkg" value="sun.io"/>
    <property name="java.specification.version" value="1.8"/>
    <property name="sun.cpu.isalist" value=""/>
    <property name="sun.jnu.encoding" value="UTF-8"/>
    <property name="java.class.path" value="/Users/mnita/xx/fake_icu/icu4j/main/core/target/test-classes:/Users/mnita/xx/fake_icu/icu4j/main/core/target/classes:/Users/mnita/xx/fake_icu/icu4j/main/framework/target/framework-76.0.1-SNAPSHOT-tests.jar:/Users/mnita/.m2/repository/junit/junit/4.13.2/junit-4.13.2.jar:/Users/mnita/.m2/repository/org/hamcrest/hamcrest-core/1.3/hamcrest-core-1.3.jar:/Users/mnita/.m2/repository/pl/pragmatists/JUnitParams/1.1.1/JUnitParams-1.1.1.jar:/Users/mnita/.m2/repository/com/google/code/gson/gson/2.10.1/gson-2.10.1.jar:"/>
    <property name="java.vm.vendor" value="Azul Systems, Inc."/>
    <property name="sun.arch.data.model" value="64"/>
    <property name="java.vendor.url" value="http://www.azul.com/"/>
    <property name="user.timezone" value=""/>
    <property name="java.vm.specification.version" value="1.8"/>
    <property name="os.name" value="Mac OS X"/>
    <property name="user.country" value="US"/>
    <property name="sun.java.launcher" value="SUN_STANDARD"/>
    <property name="sun.boot.library.path" value="/Users/mnita/apps/zulu8.78.0.19-ca-jdk8.0.412-macosx_aarch64/Contents/Home/jre/lib"/>
    <property name="sun.java.command" value="/Users/mnita/xx/fake_icu/icu4j/main/core/target/surefire/surefirebooter-20240816120535436_6.jar /Users/mnita/xx/fake_icu/icu4j/main/core/target/surefire 2024-08-16T12-05-30_488-jvmRun1 surefire-20240816120535436_4tmp surefire_1-20240816120535436_5tmp"/>
    <property name="http.nonProxyHosts" value="local|*.local|169.254/16|*.169.254/16"/>
    <property name="surefire.test.class.path" value="/Users/mnita/xx/fake_icu/icu4j/main/core/target/test-classes:/Users/mnita/xx/fake_icu/icu4j/main/core/target/classes:/Users/mnita/xx/fake_icu/icu4j/main/framework/target/framework-76.0.1-SNAPSHOT-tests.jar:/Users/mnita/.m2/repository/junit/junit/4.13.2/junit-4.13.2.jar:/Users/mnita/.m2/repository/org/hamcrest/hamcrest-core/1.3/hamcrest-core-1.3.jar:/Users/mnita/.m2/repository/pl/pragmatists/JUnitParams/1.1.1/JUnitParams-1.1.1.jar:/Users/mnita/.m2/repository/com/google/code/gson/gson/2.10.1/gson-2.10.1.jar:"/>
    <property name="sun.cpu.endian" value="little"/>
    <property name="user.home" value="/Users/mnita"/>
    <property name="user.language" value="en"/>
    <property name="java.specification.vendor" value="Oracle Corporation"/>
    <property name="java.home" value="/Users/mnita/apps/zulu8.78.0.19-ca-jdk8.0.412-macosx_aarch64/Contents/Home/jre"/>
    <property name="basedir" value="/Users/mnita/xx/fake_icu/icu4j/main/core"/>
    <property name="file.separator" value="/"/>
    <property name="line.separator" value="&#10;"/>
    <property name="jdk.vendor.version" value="Zulu 8.78.0.19-CA-macos-aarch64"/>
    <property name="java.vm.specification.vendor" value="Oracle Corporation"/>
    <property name="java.specification.name" value="Java Platform API Specification"/>
    <property name="java.awt.graphicsenv" value="sun.awt.CGraphicsEnvironment"/>
    <property name="surefire.real.class.path" value="/Users/mnita/xx/fake_icu/icu4j/main/core/target/surefire/surefirebooter-20240816120535436_6.jar"/>
    <property name="sun.boot.class.path" value="/Users/mnita/apps/zulu8.78.0.19-ca-jdk8.0.412-macosx_aarch64/Contents/Home/jre/lib/resources.jar:/Users/mnita/apps/zulu8.78.0.19-ca-jdk8.0.412-macosx_aarch64/Contents/Home/jre/lib/rt.jar:/Users/mnita/apps/zulu8.78.0.19-ca-jdk8.0.412-macosx_aarch64/Contents/Home/jre/lib/sunrsasign.jar:/Users/mnita/apps/zulu8.78.0.19-ca-jdk8.0.412-macosx_aarch64/Contents/Home/jre/lib/jsse.jar:/Users/mnita/apps/zulu8.78.0.19-ca-jdk8.0.412-macosx_aarch64/Contents/Home/jre/lib/jce.jar:/Users/mnita/apps/zulu8.78.0.19-ca-jdk8.0.412-macosx_aarch64/Contents/Home/jre/lib/charsets.jar:/Users/mnita/apps/zulu8.78.0.19-ca-jdk8.0.412-macosx_aarch64/Contents/Home/jre/lib/jfr.jar:/Users/mnita/apps/zulu8.78.0.19-ca-jdk8.0.412-macosx_aarch64/Contents/Home/jre/lib/cat.jar:/Users/mnita/apps/zulu8.78.0.19-ca-jdk8.0.412-macosx_aarch64/Contents/Home/jre/classes"/>
    <property name="sun.management.compiler" value="HotSpot 64-Bit Tiered Compilers"/>
    <property name="ftp.nonProxyHosts" value="local|*.local|169.254/16|*.169.254/16"/>
    <property name="java.runtime.version" value="1.8.0_412-b08"/>
    <property name="user.name" value="mnita"/>
    <property name="path.separator" value=":"/>
    <property name="os.version" value="14.6.1"/>
    <property name="java.endorsed.dirs" value="/Users/mnita/apps/zulu8.78.0.19-ca-jdk8.0.412-macosx_aarch64/Contents/Home/jre/lib/endorsed"/>
    <property name="java.runtime.name" value="OpenJDK Runtime Environment"/>
    <property name="file.encoding" value="UTF-8"/>
    <property name="java.vm.name" value="OpenJDK 64-Bit Server VM"/>
    <property name="localRepository" value="/Users/mnita/.m2/repository"/>
    <property name="java.vendor.url.bug" value="http://www.azul.com/support/"/>
    <property name="java.io.tmpdir" value="/var/folders/rj/sw4bjg6932v2vyh_xbrql1_w0000gn/T/"/>
    <property name="java.version" value="1.8.0_412"/>
    <property name="user.dir" value="/Users/mnita/xx/fake_icu/icu4j/main/core"/>
    <property name="os.arch" value="aarch64"/>
    <property name="java.vm.specification.name" value="Java Virtual Machine Specification"/>
    <property name="java.awt.printerjob" value="sun.lwawt.macosx.CPrinterJob"/>
    <property name="sun.os.patch.level" value="unknown"/>
    <property name="java.library.path" value="/Users/mnita/Library/Java/Extensions:/Library/Java/Extensions:/Network/Library/Java/Extensions:/System/Library/Java/Extensions:/usr/lib/java:."/>
    <property name="java.vm.info" value="mixed mode"/>
    <property name="java.vendor" value="Azul Systems, Inc."/>
    <property name="java.vm.version" value="25.412-b08"/>
    <property name="java.specification.maintenance.version" value="5"/>
    <property name="java.ext.dirs" value="/Users/mnita/Library/Java/Extensions:/Users/mnita/apps/zulu8.78.0.19-ca-jdk8.0.412-macosx_aarch64/Contents/Home/jre/lib/ext:/Library/Java/Extensions:/Network/Library/Java/Extensions:/System/Library/Java/Extensions:/usr/lib/java"/>
    <property name="sun.io.unicode.encoding" value="UnicodeBig"/>
    <property name="java.class.version" value="52.0"/>
    <property name="socksNonProxyHosts" value="local|*.local|169.254/16|*.169.254/16"/>
  </properties>
  <testcase name="testMatch_matchOnMaximized" classname="com.ibm.icu.dev.test.util.LocaleMatcherTest" time="0.0">
    <system-out><![CDATA[Locale matcher test case on line 205 is a duplicate of line 150
Locale matcher test case on line 206 is a duplicate of line 154
Locale matcher test case on line 207 is a duplicate of line 152
Locale matcher test case on line 212 is a duplicate of line 158
Locale matcher test case on line 213 is a duplicate of line 162
Locale matcher test case on line 214 is a duplicate of line 160
Locale matcher test case on line 474 is a duplicate of line 464
Locale matcher test case on line 476 is a duplicate of line 466
Locale matcher test case on line 498 is a duplicate of line 492
Locale matcher test case on line 500 is a duplicate of line 494
Locale matcher test case on line 548 is a duplicate of line 388
Locale matcher test case on line 556 is a duplicate of line 398
Locale matcher test case on line 745 is a duplicate of line 292
Locale matcher test case on line 750 is a duplicate of line 299
Locale matcher test case on line 752 is a duplicate of line 303
Locale matcher test case on line 756 is a duplicate of line 562
Locale matcher test case on line 760 is a duplicate of line 189
Locale matcher test case on line 769 is a duplicate of line 195
Locale matcher test case on line 778 is a duplicate of line 292
Locale matcher test case on line 782 is a duplicate of line 299
Locale matcher test case on line 783 is a duplicate of line 303
Locale matcher test case on line 789 is a duplicate of line 437
Locale matcher test case on line 791 is a duplicate of line 441
Locale matcher test case on line 800 is a duplicate of line 450
Locale matcher test case on line 801 is a duplicate of line 451
Locale matcher test case on line 809 is a duplicate of line 464
Locale matcher test case on line 811 is a duplicate of line 466
Locale matcher test case on line 819 is a duplicate of line 473
Locale matcher test case on line 821 is a duplicate of line 477
Locale matcher test case on line 823 is a duplicate of line 480
Locale matcher test case on line 828 is a duplicate of line 486
Locale matcher test case on line 857 is a duplicate of line 150
Locale matcher test case on line 858 is a duplicate of line 154
Locale matcher test case on line 859 is a duplicate of line 152
Locale matcher test case on line 860 is a duplicate of line 208
Locale matcher test case on line 861 is a duplicate of line 209
Locale matcher test case on line 884 is a duplicate of line 223
Locale matcher test case on line 885 is a duplicate of line 224
Locale matcher test case on line 886 is a duplicate of line 225
Locale matcher test case on line 887 is a duplicate of line 229
Locale matcher test case on line 909 is a duplicate of line 372
Locale matcher test case on line 912 is a duplicate of line 376
Locale matcher test case on line 924 is a duplicate of line 388
Locale matcher test case on line 926 is a duplicate of line 390
Locale matcher test case on line 930 is a duplicate of line 514
Locale matcher test case on line 989 is a duplicate of line 285
Locale matcher test case on line 993 is a duplicate of line 288
Locale matcher test case on line 1080 is a duplicate of line 347
Locale matcher test case on line 1081 is a duplicate of line 348
Locale matcher test case on line 1088 is a duplicate of line 356
Locale matcher test case on line 1089 is a duplicate of line 357
Locale matcher test case on line 1090 is a duplicate of line 358
Locale matcher test case on line 1103 is a duplicate of line 409
Locale matcher test case on line 1373 is a duplicate of line 189
Locale matcher test case on line 1374 is a duplicate of line 761
Locale matcher test case on line 1375 is a duplicate of line 762
Locale matcher test case on line 1376 is a duplicate of line 763
Locale matcher test case on line 1380 is a duplicate of line 150
Locale matcher test case on line 1381 is a duplicate of line 154
Locale matcher test case on line 1382 is a duplicate of line 152
Locale matcher test case on line 1383 is a duplicate of line 208
Locale matcher test case on line 1520 is a duplicate of line 903
Locale matcher test case on line 1521 is a duplicate of line 568
Locale matcher test case on line 1525 is a duplicate of line 976
Locale matcher test case on line 1526 is a duplicate of line 977
Locale matcher test case on line 1530 is a duplicate of line 285
Locale matcher test case on line 1531 is a duplicate of line 990
Locale matcher test case on line 1536 is a duplicate of line 299
Locale matcher test case on line 1537 is a duplicate of line 303
Locale matcher test case on line 1541 is a duplicate of line 347
Locale matcher test case on line 1542 is a duplicate of line 348
Locale matcher test case on line 1543 is a duplicate of line 356
Locale matcher test case on line 1544 is a duplicate of line 357
Locale matcher test case on line 1545 is a duplicate of line 358
Locale matcher test case on line 1615 is a duplicate of line 409
Locale matcher test case on line 1619 is a duplicate of line 892
Locale matcher test case on line 1623 is a duplicate of line 895
Locale matcher test case on line 1626 is a duplicate of line 898
Locale matcher test case on line 1627 is a duplicate of line 899
Locale matcher test case on line 1629 is a duplicate of line 900
Locale matcher test case on line 1633 is a duplicate of line 372
Locale matcher test case on line 1637 is a duplicate of line 388
Locale matcher test case on line 1641 is a duplicate of line 376
Locale matcher test case on line 1642 is a duplicate of line 390
Locale matcher test case on line 1661 is a duplicate of line 437
Locale matcher test case on line 1662 is a duplicate of line 441
Locale matcher test case on line 1686 is a duplicate of line 292
Locale matcher test case on line 1688 is a duplicate of line 332
Locale matcher test case on line 1695 is a duplicate of line 295
Locale matcher test case on line 1697 is a duplicate of line 335
Number of duplicate locale matcher test cases: 90
]]></system-out>
  </testcase>
  <testcase name="testGetBestMatchForList_closeEnoughMatchOnMaximized" classname="com.ibm.icu.dev.test.util.LocaleMatcherTest" time="0.0"/>
  <testcase name="testExactMatches" classname="com.ibm.icu.dev.test.util.LocaleMatcherTest" time="0.011"/>
  <testcase name="testGetBestMatchForList_noMatchOnMaximized" classname="com.ibm.icu.dev.test.util.LocaleMatcherTest" time="0.0"/>
  <testcase name="testParentLocales" classname="com.ibm.icu.dev.test.util.LocaleMatcherTest" time="0.0"/>
  <testcase name="testFallbacks" classname="com.ibm.icu.dev.test.util.LocaleMatcherTest" time="0.0"/>
  <testcase name="testNoDefault" classname="com.ibm.icu.dev.test.util.LocaleMatcherTest" time="0.001"/>
  <testcase name="testGetBestMatchForList_exactMatch" classname="com.ibm.icu.dev.test.util.LocaleMatcherTest" time="0.0"/>
  <testcase name="testSpecials" classname="com.ibm.icu.dev.test.util.LocaleMatcherTest" time="0.0"/>
  <testcase name="testEmpty" classname="com.ibm.icu.dev.test.util.LocaleMatcherTest" time="0.0"/>
  <testcase name="testGetBestMatch_regionDistance" classname="com.ibm.icu.dev.test.util.LocaleMatcherTest" time="0.0"/>
  <testcase name="testPerf" classname="com.ibm.icu.dev.test.util.LocaleMatcherTest" time="0.591">
    <system-out><![CDATA[New Duration (few  supported):	sv	105	nanos
New Duration (med. supported):	sv	107	nanos
New Duration (many supported):	sv	112	nanos
New Duration (few  supported):	fr_CA	122	nanos
New Duration (med. supported):	fr_CA	502	nanos
New Duration (many supported):	fr_CA	142	nanos
New Duration (few  supported):	de_CA	134	nanos
New Duration (med. supported):	de_CA	244	nanos
New Duration (many supported):	de_CA	1377	nanos
New Duration (few  supported):	en_001	252	nanos
New Duration (med. supported):	en_001	920	nanos
New Duration (many supported):	en_001	18473	nanos
New Duration (few  supported):	egy_Copt_CY	55	nanos
New Duration (med. supported):	egy_Copt_CY	127	nanos
New Duration (many supported):	egy_Copt_CY	905	nanos
maximize: 38 ns/locale: 66083958 ns / 21528 iterations / 79 locales
]]></system-out>
  </testcase>
  <testcase name="testenGB" classname="com.ibm.icu.dev.test.util.LocaleMatcherTest" time="0.0"/>
  <testcase name="Test8288" classname="com.ibm.icu.dev.test.util.LocaleMatcherTest" time="0.0"/>
  <testcase name="testAsymmetry" classname="com.ibm.icu.dev.test.util.LocaleMatcherTest" time="0.0"/>
  <testcase name="TestLocaleMatcherCoverage" classname="com.ibm.icu.dev.test.util.LocaleMatcherTest" time="0.0"/>
  <testcase name="testHK" classname="com.ibm.icu.dev.test.util.LocaleMatcherTest" time="0.001"/>
  <testcase name="testGetBestMatch_googlePseudoLocales" classname="com.ibm.icu.dev.test.util.LocaleMatcherTest" time="0.0"/>
  <testcase name="testGetBestMatchForList_simpleVariantMatch" classname="com.ibm.icu.dev.test.util.LocaleMatcherTest" time="0.0"/>
  <testcase name="testUnsupportedDefault" classname="com.ibm.icu.dev.test.util.LocaleMatcherTest" time="0.0"/>
  <testcase name="testGetBestMatchForPortuguese" classname="com.ibm.icu.dev.test.util.LocaleMatcherTest" time="0.0"/>
  <testcase name="testMaxDistanceAndIsMatch" classname="com.ibm.icu.dev.test.util.LocaleMatcherTest" time="0.0"/>
  <testcase name="testMatchLegacyCode" classname="com.ibm.icu.dev.test.util.LocaleMatcherTest" time="0.0"/>
  <testcase name="testCanonicalize" classname="com.ibm.icu.dev.test.util.LocaleMatcherTest" time="0.0"/>
  <testcase name="testUndefined" classname="com.ibm.icu.dev.test.util.LocaleMatcherTest" time="0.0"/>
  <testcase name="testDirection" classname="com.ibm.icu.dev.test.util.LocaleMatcherTest" time="0.0"/>
  <testcase name="testResolvedLocale" classname="com.ibm.icu.dev.test.util.LocaleMatcherTest" time="0.001"/>
  <testcase name="testGetBestMatchForList_matchOnMaximized2" classname="com.ibm.icu.dev.test.util.LocaleMatcherTest" time="0.0"/>
  <testcase name="testChinese" classname="com.ibm.icu.dev.test.util.LocaleMatcherTest" time="0.0"/>
  <testcase name="testVariantWithScriptMatch2" classname="com.ibm.icu.dev.test.util.LocaleMatcherTest" time="0.0"/>
  <testcase name="testGetBestMatchForList_matchOnMaximized" classname="com.ibm.icu.dev.test.util.LocaleMatcherTest" time="0.0"/>
  <testcase name="dataDriven(** test: testParentLocales @supported=es-419, es-ES line 33: es-AR &gt;&gt; es-419) [0]" classname="com.ibm.icu.dev.test.util.LocaleMatcherTest" time="0.0"/>
  <testcase name="dataDriven(** test: testParentLocales @supported=es-ES, es-419 line 35: es-AR &gt;&gt; es-419) [1]" classname="com.ibm.icu.dev.test.util.LocaleMatcherTest" time="0.0"/>
  <testcase name="dataDriven(** test: testParentLocales @supported=es-419, es line 38: es-AR &gt;&gt; es-419) [2]" classname="com.ibm.icu.dev.test.util.LocaleMatcherTest" time="0.0"/>
  <testcase name="dataDriven(** test: testParentLocales @supported=es, es-419 line 40: es-AR &gt;&gt; es-419) [3]" classname="com.ibm.icu.dev.test.util.LocaleMatcherTest" time="0.0"/>
  <testcase name="dataDriven(** test: testParentLocales @supported=es-MX, es line 43: es-AR &gt;&gt; es-MX) [4]" classname="com.ibm.icu.dev.test.util.LocaleMatcherTest" time="0.001"/>
  <testcase name="dataDriven(** test: testParentLocales @supported=es, es-MX line 45: es-AR &gt;&gt; es-MX) [5]" classname="com.ibm.icu.dev.test.util.LocaleMatcherTest" time="0.0"/>
  <testcase name="dataDriven(** test: testParentLocales @supported=en-GB, en-US line 50: en-AU &gt;&gt; en-GB) [6]" classname="com.ibm.icu.dev.test.util.LocaleMatcherTest" time="0.0"/>
  <testcase name="dataDriven(** test: testParentLocales @supported=en-US, en-GB line 52: en-AU &gt;&gt; en-GB) [7]" classname="com.ibm.icu.dev.test.util.LocaleMatcherTest" time="0.0"/>
  <testcase name="dataDriven(** test: testParentLocales @supported=en-GB, en line 55: en-AU &gt;&gt; en-GB) [8]" classname="com.ibm.icu.dev.test.util.LocaleMatcherTest" time="0.0"/>
  <testcase name="dataDriven(** test: testParentLocales @supported=en, en-GB line 57: en-AU &gt;&gt; en-GB) [9]" classname="com.ibm.icu.dev.test.util.LocaleMatcherTest" time="0.0"/>
  <testcase name="dataDriven(** test: testParentLocales @supported=en-NZ, en-US line 60: en-AU &gt;&gt; en-NZ) [10]" classname="com.ibm.icu.dev.test.util.LocaleMatcherTest" time="0.0"/>
  <testcase name="dataDriven(** test: testParentLocales @supported=en-US, en-NZ line 62: en-AU &gt;&gt; en-NZ) [11]" classname="com.ibm.icu.dev.test.util.LocaleMatcherTest" time="0.0"/>
  <testcase name="dataDriven(** test: testParentLocales @supported=en-NZ, en line 65: en-AU &gt;&gt; en-NZ) [12]" classname="com.ibm.icu.dev.test.util.LocaleMatcherTest" time="0.0"/>
  <testcase name="dataDriven(** test: testParentLocales @supported=en, en-NZ line 67: en-AU &gt;&gt; en-NZ) [13]" classname="com.ibm.icu.dev.test.util.LocaleMatcherTest" time="0.0"/>
  <testcase name="dataDriven(** test: testParentLocales @supported=pt-PT, pt-BR line 72: pt-AO &gt;&gt; pt-PT) [14]" classname="com.ibm.icu.dev.test.util.LocaleMatcherTest" time="0.0"/>
  <testcase name="dataDriven(** test: testParentLocales @supported=pt-BR, pt-PT line 74: pt-AO &gt;&gt; pt-PT) [15]" classname="com.ibm.icu.dev.test.util.LocaleMatcherTest" time="0.0"/>
  <testcase name="dataDriven(** test: testParentLocales @supported=pt-PT, pt line 77: pt-AO &gt;&gt; pt-PT) [16]" classname="com.ibm.icu.dev.test.util.LocaleMatcherTest" time="0.0"/>
  <testcase name="dataDriven(** test: testParentLocales @supported=pt, pt-PT line 79: pt-AO &gt;&gt; pt-PT) [17]" classname="com.ibm.icu.dev.test.util.LocaleMatcherTest" time="0.0"/>
  <testcase name="dataDriven(** test: testParentLocales @supported=zh-MO, zh-TW line 82: zh-HK &gt;&gt; zh-MO) [18]" classname="com.ibm.icu.dev.test.util.LocaleMatcherTest" time="0.0"/>
  <testcase name="dataDriven(** test: testParentLocales @supported=zh-TW, zh-MO line 84: zh-HK &gt;&gt; zh-MO) [19]" classname="com.ibm.icu.dev.test.util.LocaleMatcherTest" time="0.0"/>
  <testcase name="dataDriven(** test: testParentLocales @supported=zh-MO, zh-CN line 87: zh-HK &gt;&gt; zh-MO) [20]" classname="com.ibm.icu.dev.test.util.LocaleMatcherTest" time="0.0"/>
  <testcase name="dataDriven(** test: testParentLocales @supported=zh-CN, zh-MO line 89: zh-HK &gt;&gt; zh-MO) [21]" classname="com.ibm.icu.dev.test.util.LocaleMatcherTest" time="0.0"/>
  <testcase name="dataDriven(** test: testParentLocales @supported=zh-MO, zh line 92: zh-HK &gt;&gt; zh-MO) [22]" classname="com.ibm.icu.dev.test.util.LocaleMatcherTest" time="0.0"/>
  <testcase name="dataDriven(** test: testParentLocales @supported=zh, zh-MO line 94: zh-HK &gt;&gt; zh-MO) [23]" classname="com.ibm.icu.dev.test.util.LocaleMatcherTest" time="0.0"/>
  <testcase name="dataDriven(** test: testParentLocales @supported=es-419, es-ES @favor=script line 98: es-AR &gt;&gt; es-419) [24]" classname="com.ibm.icu.dev.test.util.LocaleMatcherTest" time="0.0"/>
  <testcase name="dataDriven(** test: testParentLocales @supported=es-ES, es-419 @favor=script line 100: es-AR &gt;&gt; es-419) [25]" classname="com.ibm.icu.dev.test.util.LocaleMatcherTest" time="0.0"/>
  <testcase name="dataDriven(** test: testParentLocales @supported=es-419, es @favor=script line 102: es-AR &gt;&gt; es-419) [26]" classname="com.ibm.icu.dev.test.util.LocaleMatcherTest" time="0.0"/>
  <testcase name="dataDriven(** test: testParentLocales @supported=es, es-419 @favor=script line 104: es-AR &gt;&gt; es-419) [27]" classname="com.ibm.icu.dev.test.util.LocaleMatcherTest" time="0.0"/>
  <testcase name="dataDriven(** test: testParentLocales @supported=es-MX, es @favor=script line 106: es-AR &gt;&gt; es-MX) [28]" classname="com.ibm.icu.dev.test.util.LocaleMatcherTest" time="0.0"/>
  <testcase name="dataDriven(** test: testParentLocales @supported=es, es-MX @favor=script line 108: es-AR &gt;&gt; es-MX) [29]" classname="com.ibm.icu.dev.test.util.LocaleMatcherTest" time="0.0"/>
  <testcase name="dataDriven(** test: testParentLocales @supported=en-GB, en-US @favor=script line 110: en-AU &gt;&gt; en-GB) [30]" classname="com.ibm.icu.dev.test.util.LocaleMatcherTest" time="0.0"/>
  <testcase name="dataDriven(** test: testParentLocales @supported=en-US, en-GB @favor=script line 112: en-AU &gt;&gt; en-GB) [31]" classname="com.ibm.icu.dev.test.util.LocaleMatcherTest" time="0.0"/>
  <testcase name="dataDriven(** test: testParentLocales @supported=en-GB, en @favor=script line 114: en-AU &gt;&gt; en-GB) [32]" classname="com.ibm.icu.dev.test.util.LocaleMatcherTest" time="0.0"/>
  <testcase name="dataDriven(** test: testParentLocales @supported=en, en-GB @favor=script line 116: en-AU &gt;&gt; en-GB) [33]" classname="com.ibm.icu.dev.test.util.LocaleMatcherTest" time="0.0"/>
  <testcase name="dataDriven(** test: testParentLocales @supported=en-NZ, en-US @favor=script line 118: en-AU &gt;&gt; en-NZ) [34]" classname="com.ibm.icu.dev.test.util.LocaleMatcherTest" time="0.001"/>
  <testcase name="dataDriven(** test: testParentLocales @supported=en-US, en-NZ @favor=script line 120: en-AU &gt;&gt; en-NZ) [35]" classname="com.ibm.icu.dev.test.util.LocaleMatcherTest" time="0.0"/>
  <testcase name="dataDriven(** test: testParentLocales @supported=en-NZ, en @favor=script line 122: en-AU &gt;&gt; en-NZ) [36]" classname="com.ibm.icu.dev.test.util.LocaleMatcherTest" time="0.0"/>
  <testcase name="dataDriven(** test: testParentLocales @supported=en, en-NZ @favor=script line 124: en-AU &gt;&gt; en-NZ) [37]" classname="com.ibm.icu.dev.test.util.LocaleMatcherTest" time="0.0"/>
  <testcase name="dataDriven(** test: testParentLocales @supported=pt-PT, pt-BR @favor=script line 126: pt-AO &gt;&gt; pt-PT) [38]" classname="com.ibm.icu.dev.test.util.LocaleMatcherTest" time="0.0"/>
  <testcase name="dataDriven(** test: testParentLocales @supported=pt-BR, pt-PT @favor=script line 128: pt-AO &gt;&gt; pt-PT) [39]" classname="com.ibm.icu.dev.test.util.LocaleMatcherTest" time="0.0"/>
  <testcase name="dataDriven(** test: testParentLocales @supported=pt-PT, pt @favor=script line 130: pt-AO &gt;&gt; pt-PT) [40]" classname="com.ibm.icu.dev.test.util.LocaleMatcherTest" time="0.0"/>
  <testcase name="dataDriven(** test: testParentLocales @supported=pt, pt-PT @favor=script line 132: pt-AO &gt;&gt; pt-PT) [41]" classname="com.ibm.icu.dev.test.util.LocaleMatcherTest" time="0.0"/>
  <testcase name="dataDriven(** test: testParentLocales @supported=zh-MO, zh-TW @favor=script line 134: zh-HK &gt;&gt; zh-MO) [42]" classname="com.ibm.icu.dev.test.util.LocaleMatcherTest" time="0.0"/>
  <testcase name="dataDriven(** test: testParentLocales @supported=zh-TW, zh-MO @favor=script line 136: zh-HK &gt;&gt; zh-MO) [43]" classname="com.ibm.icu.dev.test.util.LocaleMatcherTest" time="0.0"/>
  <testcase name="dataDriven(** test: testParentLocales @supported=zh-MO, zh-CN @favor=script line 138: zh-HK &gt;&gt; zh-MO) [44]" classname="com.ibm.icu.dev.test.util.LocaleMatcherTest" time="0.0"/>
  <testcase name="dataDriven(** test: testParentLocales @supported=zh-CN, zh-MO @favor=script line 140: zh-HK &gt;&gt; zh-MO) [45]" classname="com.ibm.icu.dev.test.util.LocaleMatcherTest" time="0.0"/>
  <testcase name="dataDriven(** test: testParentLocales @supported=zh-MO, zh @favor=script line 142: zh-HK &gt;&gt; zh-MO) [46]" classname="com.ibm.icu.dev.test.util.LocaleMatcherTest" time="0.001"/>
  <testcase name="dataDriven(** test: testParentLocales @supported=zh, zh-MO @favor=script line 144: zh-HK &gt;&gt; zh-MO) [47]" classname="com.ibm.icu.dev.test.util.LocaleMatcherTest" time="0.0"/>
  <testcase name="dataDriven(** test: testChinese @supported=zh-CN, zh-TW, iw line 149: zh-Hant-TW &gt;&gt; zh-TW) [48]" classname="com.ibm.icu.dev.test.util.LocaleMatcherTest" time="0.0"/>
  <testcase name="dataDriven(** test: testChinese @supported=zh-CN, zh-TW, iw line 150: zh-Hant &gt;&gt; zh-TW) [49]" classname="com.ibm.icu.dev.test.util.LocaleMatcherTest" time="0.0"/>
  <testcase name="dataDriven(** test: testChinese @supported=zh-CN, zh-TW, iw line 151: zh-TW &gt;&gt; zh-TW) [50]" classname="com.ibm.icu.dev.test.util.LocaleMatcherTest" time="0.0"/>
  <testcase name="dataDriven(** test: testChinese @supported=zh-CN, zh-TW, iw line 152: zh-Hans-CN &gt;&gt; zh-CN) [51]" classname="com.ibm.icu.dev.test.util.LocaleMatcherTest" time="0.0"/>
  <testcase name="dataDriven(** test: testChinese @supported=zh-CN, zh-TW, iw line 153: zh-CN &gt;&gt; zh-CN) [52]" classname="com.ibm.icu.dev.test.util.LocaleMatcherTest" time="0.0"/>
  <testcase name="dataDriven(** test: testChinese @supported=zh-CN, zh-TW, iw line 154: zh &gt;&gt; zh-CN) [53]" classname="com.ibm.icu.dev.test.util.LocaleMatcherTest" time="0.0"/>
  <testcase name="dataDriven(** test: testChinese @supported=zh-CN, zh-TW, iw @favor=script line 157: zh-Hant-TW &gt;&gt; zh-TW) [54]" classname="com.ibm.icu.dev.test.util.LocaleMatcherTest" time="0.0"/>
  <testcase name="dataDriven(** test: testChinese @supported=zh-CN, zh-TW, iw @favor=script line 158: zh-Hant &gt;&gt; zh-TW) [55]" classname="com.ibm.icu.dev.test.util.LocaleMatcherTest" time="0.0"/>
  <testcase name="dataDriven(** test: testChinese @supported=zh-CN, zh-TW, iw @favor=script line 159: zh-TW &gt;&gt; zh-TW) [56]" classname="com.ibm.icu.dev.test.util.LocaleMatcherTest" time="0.0"/>
  <testcase name="dataDriven(** test: testChinese @supported=zh-CN, zh-TW, iw @favor=script line 160: zh-Hans-CN &gt;&gt; zh-CN) [57]" classname="com.ibm.icu.dev.test.util.LocaleMatcherTest" time="0.0"/>
  <testcase name="dataDriven(** test: testChinese @supported=zh-CN, zh-TW, iw @favor=script line 161: zh-CN &gt;&gt; zh-CN) [58]" classname="com.ibm.icu.dev.test.util.LocaleMatcherTest" time="0.0"/>
  <testcase name="dataDriven(** test: testChinese @supported=zh-CN, zh-TW, iw @favor=script line 162: zh &gt;&gt; zh-CN) [59]" classname="com.ibm.icu.dev.test.util.LocaleMatcherTest" time="0.0"/>
  <testcase name="dataDriven(** test: testenGB @supported=fr, en, en-GB, es-419, es-MX, es line 167: en-NZ &gt;&gt; en-GB) [60]" classname="com.ibm.icu.dev.test.util.LocaleMatcherTest" time="0.0"/>
  <testcase name="dataDriven(** test: testenGB @supported=fr, en, en-GB, es-419, es-MX, es line 168: es-ES &gt;&gt; es) [61]" classname="com.ibm.icu.dev.test.util.LocaleMatcherTest" time="0.0"/>
  <testcase name="dataDriven(** test: testenGB @supported=fr, en, en-GB, es-419, es-MX, es line 169: es-AR &gt;&gt; es-419) [62]" classname="com.ibm.icu.dev.test.util.LocaleMatcherTest" time="0.0"/>
  <testcase name="dataDriven(** test: testenGB @supported=fr, en, en-GB, es-419, es-MX, es line 170: es-MX &gt;&gt; es-MX) [63]" classname="com.ibm.icu.dev.test.util.LocaleMatcherTest" time="0.0"/>
  <testcase name="dataDriven(** test: testenGB @supported=fr, en, en-GB, es-419, es-MX, es @favor=script line 173: en-NZ &gt;&gt; en-GB) [64]" classname="com.ibm.icu.dev.test.util.LocaleMatcherTest" time="0.0"/>
  <testcase name="dataDriven(** test: testenGB @supported=fr, en, en-GB, es-419, es-MX, es @favor=script line 174: es-ES &gt;&gt; es) [65]" classname="com.ibm.icu.dev.test.util.LocaleMatcherTest" time="0.0"/>
  <testcase name="dataDriven(** test: testenGB @supported=fr, en, en-GB, es-419, es-MX, es @favor=script line 175: es-AR &gt;&gt; es-419) [66]" classname="com.ibm.icu.dev.test.util.LocaleMatcherTest" time="0.0"/>
  <testcase name="dataDriven(** test: testenGB @supported=fr, en, en-GB, es-419, es-MX, es @favor=script line 176: es-MX &gt;&gt; es-MX) [67]" classname="com.ibm.icu.dev.test.util.LocaleMatcherTest" time="0.0"/>
  <testcase name="dataDriven(** test: testFallbacks @supported=91, en, hi line 181: sa &gt;&gt; hi) [68]" classname="com.ibm.icu.dev.test.util.LocaleMatcherTest" time="0.001"/>
  <testcase name="dataDriven(** test: testFallbacks @supported=91, en, hi @favor=script line 184: sa &gt;&gt; hi) [69]" classname="com.ibm.icu.dev.test.util.LocaleMatcherTest" time="0.0"/>
  <testcase name="dataDriven(** test: testBasics @supported=fr, en-GB, en line 189: en-GB &gt;&gt; en-GB) [70]" classname="com.ibm.icu.dev.test.util.LocaleMatcherTest" time="0.0"/>
  <testcase name="dataDriven(** test: testBasics @supported=fr, en-GB, en line 190: en &gt;&gt; en) [71]" classname="com.ibm.icu.dev.test.util.LocaleMatcherTest" time="0.0"/>
  <testcase name="dataDriven(** test: testBasics @supported=fr, en-GB, en line 191: fr &gt;&gt; fr) [72]" classname="com.ibm.icu.dev.test.util.LocaleMatcherTest" time="0.0"/>
  <testcase name="dataDriven(** test: testBasics @supported=fr, en-GB, en line 192: ja &gt;&gt; fr # return first if no match) [73]" classname="com.ibm.icu.dev.test.util.LocaleMatcherTest" time="0.0"/>
  <testcase name="dataDriven(** test: testBasics @supported=fr, en-GB, en @favor=script line 195: en-GB &gt;&gt; en-GB) [74]" classname="com.ibm.icu.dev.test.util.LocaleMatcherTest" time="0.0"/>
  <testcase name="dataDriven(** test: testBasics @supported=fr, en-GB, en @favor=script line 196: en &gt;&gt; en) [75]" classname="com.ibm.icu.dev.test.util.LocaleMatcherTest" time="0.0"/>
  <testcase name="dataDriven(** test: testBasics @supported=fr, en-GB, en @favor=script line 197: fr &gt;&gt; fr) [76]" classname="com.ibm.icu.dev.test.util.LocaleMatcherTest" time="0.0"/>
  <testcase name="dataDriven(** test: testBasics @supported=fr, en-GB, en @favor=script line 198: ja &gt;&gt; fr) [77]" classname="com.ibm.icu.dev.test.util.LocaleMatcherTest" time="0.0"/>
  <testcase name="dataDriven(** test: testFallback @supported=zh-CN, zh-TW, iw line 205: zh-Hant &gt;&gt; zh-TW) [78]" classname="com.ibm.icu.dev.test.util.LocaleMatcherTest" time="0.0"/>
  <testcase name="dataDriven(** test: testFallback @supported=zh-CN, zh-TW, iw line 206: zh &gt;&gt; zh-CN) [79]" classname="com.ibm.icu.dev.test.util.LocaleMatcherTest" time="0.0"/>
  <testcase name="dataDriven(** test: testFallback @supported=zh-CN, zh-TW, iw line 207: zh-Hans-CN &gt;&gt; zh-CN) [80]" classname="com.ibm.icu.dev.test.util.LocaleMatcherTest" time="0.0"/>
  <testcase name="dataDriven(** test: testFallback @supported=zh-CN, zh-TW, iw line 208: zh-Hant-HK &gt;&gt; zh-TW) [81]" classname="com.ibm.icu.dev.test.util.LocaleMatcherTest" time="0.0"/>
  <testcase name="dataDriven(** test: testFallback @supported=zh-CN, zh-TW, iw line 209: he-IT &gt;&gt; iw) [82]" classname="com.ibm.icu.dev.test.util.LocaleMatcherTest" time="0.0"/>
  <testcase name="dataDriven(** test: testFallback @supported=zh-CN, zh-TW, iw @favor=script line 212: zh-Hant &gt;&gt; zh-TW) [83]" classname="com.ibm.icu.dev.test.util.LocaleMatcherTest" time="0.0"/>
  <testcase name="dataDriven(** test: testFallback @supported=zh-CN, zh-TW, iw @favor=script line 213: zh &gt;&gt; zh-CN) [84]" classname="com.ibm.icu.dev.test.util.LocaleMatcherTest" time="0.0"/>
  <testcase name="dataDriven(** test: testFallback @supported=zh-CN, zh-TW, iw @favor=script line 214: zh-Hans-CN &gt;&gt; zh-CN) [85]" classname="com.ibm.icu.dev.test.util.LocaleMatcherTest" time="0.0"/>
  <testcase name="dataDriven(** test: testFallback @supported=zh-CN, zh-TW, iw @favor=script line 215: zh-Hant-HK &gt;&gt; zh-TW) [86]" classname="com.ibm.icu.dev.test.util.LocaleMatcherTest" time="0.0"/>
  <testcase name="dataDriven(** test: testFallback @supported=zh-CN, zh-TW, iw @favor=script line 216: he-IT &gt;&gt; iw) [87]" classname="com.ibm.icu.dev.test.util.LocaleMatcherTest" time="0.0"/>
  <testcase name="dataDriven(** test: testSpecials @supported=en, fil, ro, nn line 223: tl &gt;&gt; fil) [88]" classname="com.ibm.icu.dev.test.util.LocaleMatcherTest" time="0.0"/>
  <testcase name="dataDriven(** test: testSpecials @supported=en, fil, ro, nn line 224: mo &gt;&gt; ro) [89]" classname="com.ibm.icu.dev.test.util.LocaleMatcherTest" time="0.0"/>
  <testcase name="dataDriven(** test: testSpecials @supported=en, fil, ro, nn line 225: nb &gt;&gt; nn) [90]" classname="com.ibm.icu.dev.test.util.LocaleMatcherTest" time="0.0"/>
  <testcase name="dataDriven(** test: testSpecials @supported=en, fil, ro, nn line 229: ja &gt;&gt; en) [91]" classname="com.ibm.icu.dev.test.util.LocaleMatcherTest" time="0.0"/>
  <testcase name="dataDriven(** test: testSpecials @supported=en, fil, ro, nn @favor=script line 232: tl &gt;&gt; fil) [92]" classname="com.ibm.icu.dev.test.util.LocaleMatcherTest" time="0.0"/>
  <testcase name="dataDriven(** test: testSpecials @supported=en, fil, ro, nn @favor=script line 233: mo &gt;&gt; ro) [93]" classname="com.ibm.icu.dev.test.util.LocaleMatcherTest" time="0.0"/>
  <testcase name="dataDriven(** test: testSpecials @supported=en, fil, ro, nn @favor=script line 234: nb &gt;&gt; nn) [94]" classname="com.ibm.icu.dev.test.util.LocaleMatcherTest" time="0.0"/>
  <testcase name="dataDriven(** test: testSpecials @supported=en, fil, ro, nn @favor=script line 235: ja &gt;&gt; en) [95]" classname="com.ibm.icu.dev.test.util.LocaleMatcherTest" time="0.0"/>
  <testcase name="dataDriven(** test: testRegionalSpecials @supported=en, en-GB, es, es-419 line 242: es-MX &gt;&gt; es-419) [96]" classname="com.ibm.icu.dev.test.util.LocaleMatcherTest" time="0.0"/>
  <testcase name="dataDriven(** test: testRegionalSpecials @supported=en, en-GB, es, es-419 line 243: en-AU &gt;&gt; en-GB) [97]" classname="com.ibm.icu.dev.test.util.LocaleMatcherTest" time="0.0"/>
  <testcase name="dataDriven(** test: testRegionalSpecials @supported=en, en-GB, es, es-419 line 244: es-ES &gt;&gt; es) [98]" classname="com.ibm.icu.dev.test.util.LocaleMatcherTest" time="0.0"/>
  <testcase name="dataDriven(** test: testRegionalSpecials @supported=en, en-GB, es, es-419 @favor=script line 247: es-MX &gt;&gt; es-419) [99]" classname="com.ibm.icu.dev.test.util.LocaleMatcherTest" time="0.0"/>
  <testcase name="dataDriven(** test: testRegionalSpecials @supported=en, en-GB, es, es-419 @favor=script line 248: en-AU &gt;&gt; en-GB) [100]" classname="com.ibm.icu.dev.test.util.LocaleMatcherTest" time="0.0"/>
  <testcase name="dataDriven(** test: testRegionalSpecials @supported=en, en-GB, es, es-419 @favor=script line 249: es-ES &gt;&gt; es) [101]" classname="com.ibm.icu.dev.test.util.LocaleMatcherTest" time="0.0"/>
  <testcase name="dataDriven(** test: testHK @supported=zh, zh-TW, zh-MO line 256: zh-HK &gt;&gt; zh-MO) [102]" classname="com.ibm.icu.dev.test.util.LocaleMatcherTest" time="0.0"/>
  <testcase name="dataDriven(** test: testHK @supported=zh, zh-TW, zh-HK line 258: zh-MO &gt;&gt; zh-HK) [103]" classname="com.ibm.icu.dev.test.util.LocaleMatcherTest" time="0.0"/>
  <testcase name="dataDriven(** test: testHK @supported=zh, zh-TW, zh-MO @favor=script line 262: zh-HK &gt;&gt; zh-MO) [104]" classname="com.ibm.icu.dev.test.util.LocaleMatcherTest" time="0.0"/>
  <testcase name="dataDriven(** test: testHK @supported=zh, zh-TW, zh-HK @favor=script line 264: zh-MO &gt;&gt; zh-HK) [105]" classname="com.ibm.icu.dev.test.util.LocaleMatcherTest" time="0.0"/>
  <testcase name="dataDriven(** test: testMatch-matchOnMazimized @supported=zh, zh-Hant line 269: und-TW &gt;&gt; zh-Hant # und-TW should be closer to zh-Hant than to zh) [106]" classname="com.ibm.icu.dev.test.util.LocaleMatcherTest" time="0.0"/>
  <testcase name="dataDriven(** test: testMatch-matchOnMazimized @supported=en-Hant-TW, und-TW line 272: zh-Hant &gt;&gt; und-TW # zh-Hant should be closer to und-TW than to en-Hant-TW) [107]" classname="com.ibm.icu.dev.test.util.LocaleMatcherTest" time="0.0"/>
  <testcase name="dataDriven(** test: testMatch-matchOnMazimized @supported=en-Hant-TW, und-TW line 273: zh &gt;&gt; en-Hant-TW # no match so get first) [108]" classname="com.ibm.icu.dev.test.util.LocaleMatcherTest" time="0.0"/>
  <testcase name="dataDriven(** test: testMatch-matchOnMazimized @supported=zh, zh-Hant @favor=script line 277: und-TW &gt;&gt; zh-Hant) [109]" classname="com.ibm.icu.dev.test.util.LocaleMatcherTest" time="0.0"/>
  <testcase name="dataDriven(** test: testMatch-matchOnMazimized @supported=en-Hant-TW, und-TW @favor=script line 279: zh-Hant &gt;&gt; und-TW) [110]" classname="com.ibm.icu.dev.test.util.LocaleMatcherTest" time="0.0"/>
  <testcase name="dataDriven(** test: testMatch-matchOnMazimized @supported=en-Hant-TW, und-TW @favor=script line 280: zh &gt;&gt; en-Hant-TW # no match so get first) [111]" classname="com.ibm.icu.dev.test.util.LocaleMatcherTest" time="0.0"/>
  <testcase name="dataDriven(** test: testMatchLegacyCode @supported=fr, i-klingon, en-Latn-US line 285: en-GB-oed &gt;&gt; en-Latn-US) [112]" classname="com.ibm.icu.dev.test.util.LocaleMatcherTest" time="0.001"/>
  <testcase name="dataDriven(** test: testMatchLegacyCode @supported=fr, i-klingon, en-Latn-US @favor=script line 288: en-GB-oed &gt;&gt; en-Latn-US) [113]" classname="com.ibm.icu.dev.test.util.LocaleMatcherTest" time="0.0"/>
  <testcase name="dataDriven(** test: testGetBestMatchForList-exactMatch @supported=fr, en-GB, ja, es-ES, es-MX line 292: ja, de &gt;&gt; ja) [114]" classname="com.ibm.icu.dev.test.util.LocaleMatcherTest" time="0.0"/>
  <testcase name="dataDriven(** test: testGetBestMatchForList-exactMatch @supported=fr, en-GB, ja, es-ES, es-MX @favor=script line 295: ja, de &gt;&gt; ja) [115]" classname="com.ibm.icu.dev.test.util.LocaleMatcherTest" time="0.0"/>
  <testcase name="dataDriven(** test: testGetBestMatchForList-simpleVariantMatch @supported=fr, en-GB, ja, es-ES, es-MX line 299: de, en-US &gt;&gt; en-GB # Intentionally avoiding a perfect-match or two candidates for variant matches.) [116]" classname="com.ibm.icu.dev.test.util.LocaleMatcherTest" time="0.0"/>
  <testcase name="dataDriven(** test: testGetBestMatchForList-simpleVariantMatch @supported=fr, en-GB, ja, es-ES, es-MX line 303: de, zh &gt;&gt; fr) [117]" classname="com.ibm.icu.dev.test.util.LocaleMatcherTest" time="0.0"/>
  <testcase name="dataDriven(** test: testGetBestMatchForList-simpleVariantMatch @supported=fr, en-GB, ja, es-ES, es-MX @favor=script line 306: de, en-US &gt;&gt; en-GB) [118]" classname="com.ibm.icu.dev.test.util.LocaleMatcherTest" time="0.0"/>
  <testcase name="dataDriven(** test: testGetBestMatchForList-simpleVariantMatch @supported=fr, en-GB, ja, es-ES, es-MX @favor=script line 307: de, zh &gt;&gt; fr) [119]" classname="com.ibm.icu.dev.test.util.LocaleMatcherTest" time="0.0"/>
  <testcase name="dataDriven(** test: testGetBestMatchForList-matchOnMaximized @supported=en, ja line 313: ja-Jpan-JP, en-AU &gt;&gt; ja # Match for ja-Jpan-JP [maximized already]) [120]" classname="com.ibm.icu.dev.test.util.LocaleMatcherTest" time="0.0"/>
  <testcase name="dataDriven(** test: testGetBestMatchForList-matchOnMaximized @supported=en, ja line 317: ja-JP, en-US &gt;&gt; ja # Match for ja-Jpan-JP [maximized already]) [121]" classname="com.ibm.icu.dev.test.util.LocaleMatcherTest" time="0.0"/>
  <testcase name="dataDriven(** test: testGetBestMatchForList-matchOnMaximized @supported=en, ja line 321: ja-Jpan-JP, en-US &gt;&gt; ja # Match for ja-Jpan-JP [maximized already]) [122]" classname="com.ibm.icu.dev.test.util.LocaleMatcherTest" time="0.0"/>
  <testcase name="dataDriven(** test: testGetBestMatchForList-matchOnMaximized @supported=en, ja @favor=script line 324: ja-Jpan-JP, en-AU &gt;&gt; ja) [123]" classname="com.ibm.icu.dev.test.util.LocaleMatcherTest" time="0.0"/>
  <testcase name="dataDriven(** test: testGetBestMatchForList-matchOnMaximized @supported=en, ja @favor=script line 325: ja-JP, en-US &gt;&gt; ja) [124]" classname="com.ibm.icu.dev.test.util.LocaleMatcherTest" time="0.0"/>
  <testcase name="dataDriven(** test: testGetBestMatchForList-matchOnMaximized @supported=en, ja @favor=script line 326: ja-Jpan-JP, en-US &gt;&gt; ja) [125]" classname="com.ibm.icu.dev.test.util.LocaleMatcherTest" time="0.001"/>
  <testcase name="dataDriven(** test: testGetBestMatchForList-noMatchOnMaximized @supported=en, de, fr, ja line 332: de-CH, fr &gt;&gt; de) [126]" classname="com.ibm.icu.dev.test.util.LocaleMatcherTest" time="0.0"/>
  <testcase name="dataDriven(** test: testGetBestMatchForList-noMatchOnMaximized @supported=en, de, fr, ja @favor=script line 335: de-CH, fr &gt;&gt; de) [127]" classname="com.ibm.icu.dev.test.util.LocaleMatcherTest" time="0.0"/>
  <testcase name="dataDriven(** test: testBestMatchForTraditionalChinese @supported=fr, zh-Hans-CN, en-US line 347: zh-TW &gt;&gt; fr # no match so get first) [128]" classname="com.ibm.icu.dev.test.util.LocaleMatcherTest" time="0.0"/>
  <testcase name="dataDriven(** test: testBestMatchForTraditionalChinese @supported=fr, zh-Hans-CN, en-US line 348: zh-Hant &gt;&gt; fr # no match so get first) [129]" classname="com.ibm.icu.dev.test.util.LocaleMatcherTest" time="0.0"/>
  <testcase name="dataDriven(** test: testBestMatchForTraditionalChinese @supported=fr, zh-Hans-CN, en-US line 356: zh-TW, en &gt;&gt; en-US) [130]" classname="com.ibm.icu.dev.test.util.LocaleMatcherTest" time="0.0"/>
  <testcase name="dataDriven(** test: testBestMatchForTraditionalChinese @supported=fr, zh-Hans-CN, en-US line 357: zh-Hant-CN, en &gt;&gt; en-US) [131]" classname="com.ibm.icu.dev.test.util.LocaleMatcherTest" time="0.0"/>
  <testcase name="dataDriven(** test: testBestMatchForTraditionalChinese @supported=fr, zh-Hans-CN, en-US line 358: zh-Hans, en &gt;&gt; zh-Hans-CN) [132]" classname="com.ibm.icu.dev.test.util.LocaleMatcherTest" time="0.0"/>
  <testcase name="dataDriven(** test: testBestMatchForTraditionalChinese @supported=fr, zh-Hans-CN, en-US @favor=script line 361: zh-TW &gt;&gt; fr # no match so get first) [133]" classname="com.ibm.icu.dev.test.util.LocaleMatcherTest" time="0.0"/>
  <testcase name="dataDriven(** test: testBestMatchForTraditionalChinese @supported=fr, zh-Hans-CN, en-US @favor=script line 362: zh-Hant &gt;&gt; fr # no match so get first) [134]" classname="com.ibm.icu.dev.test.util.LocaleMatcherTest" time="0.0"/>
  <testcase name="dataDriven(** test: testBestMatchForTraditionalChinese @supported=fr, zh-Hans-CN, en-US @favor=script line 363: zh-TW, en &gt;&gt; en-US) [135]" classname="com.ibm.icu.dev.test.util.LocaleMatcherTest" time="0.0"/>
  <testcase name="dataDriven(** test: testBestMatchForTraditionalChinese @supported=fr, zh-Hans-CN, en-US @favor=script line 364: zh-Hant-CN, en &gt;&gt; en-US) [136]" classname="com.ibm.icu.dev.test.util.LocaleMatcherTest" time="0.0"/>
  <testcase name="dataDriven(** test: testBestMatchForTraditionalChinese @supported=fr, zh-Hans-CN, en-US @favor=script line 365: zh-Hans, en &gt;&gt; zh-Hans-CN) [137]" classname="com.ibm.icu.dev.test.util.LocaleMatcherTest" time="0.0"/>
  <testcase name="dataDriven(** test: testUndefined @supported=it, fr line 372: und &gt;&gt; it) [138]" classname="com.ibm.icu.dev.test.util.LocaleMatcherTest" time="0.0"/>
  <testcase name="dataDriven(** test: testUndefined @supported=it, und line 376: und &gt;&gt; und) [139]" classname="com.ibm.icu.dev.test.util.LocaleMatcherTest" time="0.0"/>
  <testcase name="dataDriven(** test: testUndefined @supported=it, en line 388: und &gt;&gt; it) [140]" classname="com.ibm.icu.dev.test.util.LocaleMatcherTest" time="0.0"/>
  <testcase name="dataDriven(** test: testUndefined @supported=it, und line 390: en &gt;&gt; it) [141]" classname="com.ibm.icu.dev.test.util.LocaleMatcherTest" time="0.0"/>
  <testcase name="dataDriven(** test: testUndefined @supported=it, fr @favor=script line 394: und &gt;&gt; it) [142]" classname="com.ibm.icu.dev.test.util.LocaleMatcherTest" time="0.0"/>
  <testcase name="dataDriven(** test: testUndefined @supported=it, und @favor=script line 396: und &gt;&gt; und) [143]" classname="com.ibm.icu.dev.test.util.LocaleMatcherTest" time="0.0"/>
  <testcase name="dataDriven(** test: testUndefined @supported=it, en @favor=script line 398: und &gt;&gt; it) [144]" classname="com.ibm.icu.dev.test.util.LocaleMatcherTest" time="0.0"/>
  <testcase name="dataDriven(** test: testUndefined @supported=it, und @favor=script line 400: en &gt;&gt; it) [145]" classname="com.ibm.icu.dev.test.util.LocaleMatcherTest" time="0.0"/>
  <testcase name="dataDriven(** test: testGetBestMatch-regionDistance @supported=es-AR, es line 405: es-MX &gt;&gt; es-AR) [146]" classname="com.ibm.icu.dev.test.util.LocaleMatcherTest" time="0.0"/>
  <testcase name="dataDriven(** test: testGetBestMatch-regionDistance @supported=fr, en, en-GB line 407: en-CA &gt;&gt; en) [147]" classname="com.ibm.icu.dev.test.util.LocaleMatcherTest" time="0.0"/>
  <testcase name="dataDriven(** test: testGetBestMatch-regionDistance @supported=de-AT, de-DE, de-CH line 409: de &gt;&gt; de-DE) [148]" classname="com.ibm.icu.dev.test.util.LocaleMatcherTest" time="0.0"/>
  <testcase name="dataDriven(** test: testGetBestMatch-regionDistance @supported=es-AR, es @favor=script line 413: es-MX &gt;&gt; es-AR) [149]" classname="com.ibm.icu.dev.test.util.LocaleMatcherTest" time="0.0"/>
  <testcase name="dataDriven(** test: testGetBestMatch-regionDistance @supported=fr, en, en-GB @favor=script line 415: en-CA &gt;&gt; en) [150]" classname="com.ibm.icu.dev.test.util.LocaleMatcherTest" time="0.0"/>
  <testcase name="dataDriven(** test: testGetBestMatch-regionDistance @supported=de-AT, de-DE, de-CH @favor=script line 417: de &gt;&gt; de-DE) [151]" classname="com.ibm.icu.dev.test.util.LocaleMatcherTest" time="0.0"/>
  <testcase name="dataDriven(** test: testAsymmetry @supported=mul, nl line 422: af &gt;&gt; nl # af =&gt; nl) [152]" classname="com.ibm.icu.dev.test.util.LocaleMatcherTest" time="0.0"/>
  <testcase name="dataDriven(** test: testAsymmetry @supported=mul, af line 424: nl &gt;&gt; mul # but nl !=&gt; af) [153]" classname="com.ibm.icu.dev.test.util.LocaleMatcherTest" time="0.0"/>
  <testcase name="dataDriven(** test: testAsymmetry @supported=mul, nl @favor=script line 428: af &gt;&gt; nl) [154]" classname="com.ibm.icu.dev.test.util.LocaleMatcherTest" time="0.0"/>
  <testcase name="dataDriven(** test: testAsymmetry @supported=mul, af @favor=script line 430: nl &gt;&gt; mul) [155]" classname="com.ibm.icu.dev.test.util.LocaleMatcherTest" time="0.0"/>
  <testcase name="dataDriven(** test: testGetBestMatchForList-matchOnMaximized2 @supported=fr, en-GB, ja, es-ES, es-MX line 437: ja-JP, en-GB &gt;&gt; ja # Match for ja-JP, with likely region subtag) [156]" classname="com.ibm.icu.dev.test.util.LocaleMatcherTest" time="0.0"/>
  <testcase name="dataDriven(** test: testGetBestMatchForList-matchOnMaximized2 @supported=fr, en-GB, ja, es-ES, es-MX line 441: ja-Jpan-JP, en-GB &gt;&gt; ja # Match for ja-Jpan-JP [maximized already]) [157]" classname="com.ibm.icu.dev.test.util.LocaleMatcherTest" time="0.0"/>
  <testcase name="dataDriven(** test: testGetBestMatchForList-matchOnMaximized2 @supported=fr, en-GB, ja, es-ES, es-MX @favor=script line 444: ja-JP, en-GB &gt;&gt; ja) [158]" classname="com.ibm.icu.dev.test.util.LocaleMatcherTest" time="0.0"/>
  <testcase name="dataDriven(** test: testGetBestMatchForList-matchOnMaximized2 @supported=fr, en-GB, ja, es-ES, es-MX @favor=script line 445: ja-Jpan-JP, en-GB &gt;&gt; ja) [159]" classname="com.ibm.icu.dev.test.util.LocaleMatcherTest" time="0.0"/>
  <testcase name="dataDriven(** test: testGetBestMatchForList-closeEnoughMatchOnMaximized @supported=en-GB, en, de, fr, ja line 450: de-CH, fr &gt;&gt; de) [160]" classname="com.ibm.icu.dev.test.util.LocaleMatcherTest" time="0.0"/>
  <testcase name="dataDriven(** test: testGetBestMatchForList-closeEnoughMatchOnMaximized @supported=en-GB, en, de, fr, ja line 451: en-US, ar, nl, de, ja &gt;&gt; en) [161]" classname="com.ibm.icu.dev.test.util.LocaleMatcherTest" time="0.0"/>
  <testcase name="dataDriven(** test: testGetBestMatchForList-closeEnoughMatchOnMaximized @supported=en-GB, en, de, fr, ja @favor=script line 454: de-CH, fr &gt;&gt; de) [162]" classname="com.ibm.icu.dev.test.util.LocaleMatcherTest" time="0.0"/>
  <testcase name="dataDriven(** test: testGetBestMatchForList-closeEnoughMatchOnMaximized @supported=en-GB, en, de, fr, ja @favor=script line 455: en-US, ar, nl, de, ja &gt;&gt; en) [163]" classname="com.ibm.icu.dev.test.util.LocaleMatcherTest" time="0.0"/>
  <testcase name="dataDriven(** test: testGetBestMatchForPortuguese @supported=pt-PT, pt-BR, es, es-419 line 464: pt-PT, es, pt &gt;&gt; pt-PT) [164]" classname="com.ibm.icu.dev.test.util.LocaleMatcherTest" time="0.0"/>
  <testcase name="dataDriven(** test: testGetBestMatchForPortuguese @supported=pt-PT, pt, es, es-419 line 466: pt-PT, es, pt &gt;&gt; pt-PT # pt implicit) [165]" classname="com.ibm.icu.dev.test.util.LocaleMatcherTest" time="0.0"/>
  <testcase name="dataDriven(** test: testGetBestMatchForPortuguese @supported=pt-PT, pt-BR, es, es-419 line 473: pt, es-419, pt-PT &gt;&gt; pt-BR) [166]" classname="com.ibm.icu.dev.test.util.LocaleMatcherTest" time="0.0"/>
  <testcase name="dataDriven(** test: testGetBestMatchForPortuguese @supported=pt-PT, pt-BR, es, es-419 line 474: pt-PT, es, pt &gt;&gt; pt-PT) [167]" classname="com.ibm.icu.dev.test.util.LocaleMatcherTest" time="0.0"/>
  <testcase name="dataDriven(** test: testGetBestMatchForPortuguese @supported=pt-PT, pt, es, es-419 line 476: pt-PT, es, pt &gt;&gt; pt-PT) [168]" classname="com.ibm.icu.dev.test.util.LocaleMatcherTest" time="0.0"/>
  <testcase name="dataDriven(** test: testGetBestMatchForPortuguese @supported=pt-PT, pt, es, es-419 line 477: pt, es-419, pt-PT &gt;&gt; pt) [169]" classname="com.ibm.icu.dev.test.util.LocaleMatcherTest" time="0.0"/>
  <testcase name="dataDriven(** test: testGetBestMatchForPortuguese @supported=pt-BR, es, es-419 line 480: pt, es-419, pt-PT &gt;&gt; pt-BR) [170]" classname="com.ibm.icu.dev.test.util.LocaleMatcherTest" time="0.0"/>
  <testcase name="dataDriven(** test: testGetBestMatchForPortuguese @supported=pt-PT, pt-BR, es, es-419 line 486: pt-US, pt-PT &gt;&gt; pt-BR) [171]" classname="com.ibm.icu.dev.test.util.LocaleMatcherTest" time="0.0"/>
  <testcase name="dataDriven(** test: testGetBestMatchForPortuguese @supported=pt-PT, pt, es, es-419 line 488: pt-US, pt-PT, pt &gt;&gt; pt # pt-BR implicit) [172]" classname="com.ibm.icu.dev.test.util.LocaleMatcherTest" time="0.0"/>
  <testcase name="dataDriven(** test: testGetBestMatchForPortuguese @supported=pt-PT, pt-BR, es, es-419 @favor=script line 492: pt-PT, es, pt &gt;&gt; pt-PT) [173]" classname="com.ibm.icu.dev.test.util.LocaleMatcherTest" time="0.0"/>
  <testcase name="dataDriven(** test: testGetBestMatchForPortuguese @supported=pt-PT, pt, es, es-419 @favor=script line 494: pt-PT, es, pt &gt;&gt; pt-PT) [174]" classname="com.ibm.icu.dev.test.util.LocaleMatcherTest" time="0.0"/>
  <testcase name="dataDriven(** test: testGetBestMatchForPortuguese @supported=pt-PT, pt-BR, es, es-419 @favor=script line 497: pt, es-419, pt-PT &gt;&gt; pt-BR) [175]" classname="com.ibm.icu.dev.test.util.LocaleMatcherTest" time="0.0"/>
  <testcase name="dataDriven(** test: testGetBestMatchForPortuguese @supported=pt-PT, pt-BR, es, es-419 @favor=script line 498: pt-PT, es, pt &gt;&gt; pt-PT) [176]" classname="com.ibm.icu.dev.test.util.LocaleMatcherTest" time="0.0"/>
  <testcase name="dataDriven(** test: testGetBestMatchForPortuguese @supported=pt-PT, pt, es, es-419 @favor=script line 500: pt-PT, es, pt &gt;&gt; pt-PT) [177]" classname="com.ibm.icu.dev.test.util.LocaleMatcherTest" time="0.0"/>
  <testcase name="dataDriven(** test: testGetBestMatchForPortuguese @supported=pt-PT, pt, es, es-419 @favor=script line 501: pt, es-419, pt-PT &gt;&gt; pt) [178]" classname="com.ibm.icu.dev.test.util.LocaleMatcherTest" time="0.0"/>
  <testcase name="dataDriven(** test: testGetBestMatchForPortuguese @supported=pt-BR, es, es-419 @favor=script line 504: pt, es-419, pt-PT &gt;&gt; pt-BR) [179]" classname="com.ibm.icu.dev.test.util.LocaleMatcherTest" time="0.0"/>
  <testcase name="dataDriven(** test: testGetBestMatchForPortuguese @supported=pt-PT, pt-BR, es, es-419 @favor=script line 507: pt-US, pt-PT &gt;&gt; pt-BR) [180]" classname="com.ibm.icu.dev.test.util.LocaleMatcherTest" time="0.0"/>
  <testcase name="dataDriven(** test: testGetBestMatchForPortuguese @supported=pt-PT, pt, es, es-419 @favor=script line 509: pt-US, pt-PT, pt &gt;&gt; pt) [181]" classname="com.ibm.icu.dev.test.util.LocaleMatcherTest" time="0.0"/>
  <testcase name="dataDriven(** test: testVariantWithScriptMatch 1 and 2 @supported=fr, en, sv line 514: en-GB &gt;&gt; en) [182]" classname="com.ibm.icu.dev.test.util.LocaleMatcherTest" time="0.0"/>
  <testcase name="dataDriven(** test: testVariantWithScriptMatch 1 and 2 @supported=en, sv line 516: en-GB, sv &gt;&gt; en) [183]" classname="com.ibm.icu.dev.test.util.LocaleMatcherTest" time="0.0"/>
  <testcase name="dataDriven(** test: testVariantWithScriptMatch 1 and 2 @supported=fr, en, sv @favor=script line 520: en-GB &gt;&gt; en) [184]" classname="com.ibm.icu.dev.test.util.LocaleMatcherTest" time="0.0"/>
  <testcase name="dataDriven(** test: testVariantWithScriptMatch 1 and 2 @supported=en, sv @favor=script line 522: en-GB, sv &gt;&gt; en) [185]" classname="com.ibm.icu.dev.test.util.LocaleMatcherTest" time="0.0"/>
  <testcase name="dataDriven(** test: testLongLists @supported=en, sv line 527: sv &gt;&gt; sv) [186]" classname="com.ibm.icu.dev.test.util.LocaleMatcherTest" time="0.0"/>
  <testcase name="dataDriven(** test: testLongLists @supported=af, am, ar, az, be, bg, bn, bs, ca, cs, cy, da, de, el, en, en-GB, es, es-419, et, eu, fa, fi, fil, fr, ga, gl, gu, hi, hr, hu, hy, id, is, it, iw, ja, ka, kk, km, kn, ko, ky, lo, lt, lv, mk, ml, mn, mr, ms, my, ne, nl, no, pa, pl, pt, pt-PT, ro, ru, si, sk, sl, sq, sr, sr-Latn, sv, sw, ta, te, th, tr, uk, ur, uz, vi, zh-CN, zh-TW, zu line 530: sv &gt;&gt; sv) [187]" classname="com.ibm.icu.dev.test.util.LocaleMatcherTest" time="0.001"/>
  <testcase name="dataDriven(** test: testLongLists @supported=af, af-NA, af-ZA, agq, agq-CM, ak, ak-GH, am, am-ET, ar, ar-001, ar-AE, ar-BH, ar-DJ, ar-DZ, ar-EG, ar-EH, ar-ER, ar-IL, ar-IQ, ar-JO, ar-KM, ar-KW, ar-LB, ar-LY, ar-MA, ar-MR, ar-OM, ar-PS, ar-QA, ar-SA, ar-SD, ar-SO, ar-SS, ar-SY, ar-TD, ar-TN, ar-YE, as, as-IN, asa, asa-TZ, ast, ast-ES, az, az-Cyrl, az-Cyrl-AZ, az-Latn, az-Latn-AZ, bas, bas-CM, be, be-BY, bem, bem-ZM, bez, bez-TZ, bg, bg-BG, bm, bm-ML, bn, bn-BD, bn-IN, bo, bo-CN, bo-IN, br, br-FR, brx, brx-IN, bs, bs-Cyrl, bs-Cyrl-BA, bs-Latn, bs-Latn-BA, ca, ca-AD, ca-ES, ca-ES-VALENCIA, ca-FR, ca-IT, ce, ce-RU, cgg, cgg-UG, chr, chr-US, ckb, ckb-IQ, ckb-IR, cs, cs-CZ, cu, cu-RU, cy, cy-GB, da, da-DK, da-GL, dav, dav-KE, de, de-AT, de-BE, de-CH, de-DE, de-LI, de-LU, dje, dje-NE, dsb, dsb-DE, dua, dua-CM, dyo, dyo-SN, dz, dz-BT, ebu, ebu-KE, ee, ee-GH, ee-TG, el, el-CY, el-GR, en, en-001, en-150, en-AG, en-AI, en-AS, en-AT, en-AU, en-BB, en-BE, en-BI, en-BM, en-BS, en-BW, en-BZ, en-CA, en-CC, en-CH, en-CK, en-CM, en-CX, en-CY, en-DE, en-DG, en-DK, en-DM, en-ER, en-FI, en-FJ, en-FK, en-FM, en-GB, en-GD, en-GG, en-GH, en-GI, en-GM, en-GU, en-GY, en-HK, en-IE, en-IL, en-IM, en-IN, en-IO, en-JE, en-JM, en-KE, en-KI, en-KN, en-KY, en-LC, en-LR, en-LS, en-MG, en-MH, en-MO, en-MP, en-MS, en-MT, en-MU, en-MW, en-MY, en-NA, en-NF, en-NG, en-NL, en-NR, en-NU, en-NZ, en-PG, en-PH, en-PK, en-PN, en-PR, en-PW, en-RW, en-SB, en-SC, en-SD, en-SE, en-SG, en-SH, en-SI, en-SL, en-SS, en-SX, en-SZ, en-TC, en-TK, en-TO, en-TT, en-TV, en-TZ, en-UG, en-UM, en-US, en-US-POSIX, en-VC, en-VG, en-VI, en-VU, en-WS, en-ZA, en-ZM, en-ZW, eo, eo-001, es, es-419, es-AR, es-BO, es-CL, es-CO, es-CR, es-CU, es-DO, es-EA, es-EC, es-ES, es-GQ, es-GT, es-HN, es-IC, es-MX, es-NI, es-PA, es-PE, es-PH, es-PR, es-PY, es-SV, es-US, es-UY, es-VE, et, et-EE, eu, eu-ES, ewo, ewo-CM, fa, fa-AF, fa-IR, ff, ff-CM, ff-GN, ff-MR, ff-SN, fi, fi-FI, fil, fil-PH, fo, fo-DK, fo-FO, fr, fr-BE, fr-BF, fr-BI, fr-BJ, fr-BL, fr-CA, fr-CD, fr-CF, fr-CG, fr-CH, fr-CI, fr-CM, fr-DJ, fr-DZ, fr-FR, fr-GA, fr-GF, fr-GN, fr-GP, fr-GQ, fr-HT, fr-KM, fr-LU, fr-MA, fr-MC, fr-MF, fr-MG, fr-ML, fr-MQ, fr-MR, fr-MU, fr-NC, fr-NE, fr-PF, fr-PM, fr-RE, fr-RW, fr-SC, fr-SN, fr-SY, fr-TD, fr-TG, fr-TN, fr-VU, fr-WF, fr-YT, fur, fur-IT, fy, fy-NL, ga, ga-IE, gd, gd-GB, gl, gl-ES, gsw, gsw-CH, gsw-FR, gsw-LI, gu, gu-IN, guz, guz-KE, gv, gv-IM, ha, ha-GH, ha-NE, ha-NG, haw, haw-US, he, he-IL, hi, hi-IN, hr, hr-BA, hr-HR, hsb, hsb-DE, hu, hu-HU, hy, hy-AM, id, id-ID, ig, ig-NG, ii, ii-CN, is, is-IS, it, it-CH, it-IT, it-SM, ja, ja-JP, jgo, jgo-CM, jmc, jmc-TZ, ka, ka-GE, kab, kab-DZ, kam, kam-KE, kde, kde-TZ, kea, kea-CV, khq, khq-ML, ki, ki-KE, kk, kk-KZ, kkj, kkj-CM, kl, kl-GL, kln, kln-KE, km, km-KH, kn, kn-IN, ko, ko-KP, ko-KR, kok, kok-IN, ks, ks-IN, ksb, ksb-TZ, ksf, ksf-CM, ksh, ksh-DE, kw, kw-GB, ky, ky-KG, lag, lag-TZ, lb, lb-LU, lg, lg-UG, lkt, lkt-US, ln, ln-AO, ln-CD, ln-CF, ln-CG, lo, lo-LA, lrc, lrc-IQ, lrc-IR, lt, lt-LT, lu, lu-CD, luo, luo-KE, luy, luy-KE, lv, lv-LV, mas, mas-KE, mas-TZ, mer, mer-KE, mfe, mfe-MU, mg, mg-MG, mgh, mgh-MZ, mgo, mgo-CM, mk, mk-MK, ml, ml-IN, mn, mn-MN, mr, mr-IN, ms, ms-BN, ms-MY, ms-SG, mt, mt-MT, mua, mua-CM, my, my-MM, mzn, mzn-IR, naq, naq-NA, nb, nb-NO, nb-SJ, nd, nd-ZW, ne, ne-IN, ne-NP, nl, nl-AW, nl-BE, nl-BQ, nl-CW, nl-NL, nl-SR, nl-SX, nmg, nmg-CM, nn, nn-NO, nnh, nnh-CM, nus, nus-SS, nyn, nyn-UG, om, om-ET, om-KE, or, or-IN, os, os-GE, os-RU, pa, pa-Arab, pa-Arab-PK, pa-Guru, pa-Guru-IN, pl, pl-PL, prg, prg-001, ps, ps-AF, pt, pt-AO, pt-BR, pt-CV, pt-GW, pt-MO, pt-MZ, pt-PT, pt-ST, pt-TL, qu, qu-BO, qu-EC, qu-PE, rm, rm-CH, rn, rn-BI, ro, ro-MD, ro-RO, rof, rof-TZ, root, ru, ru-BY, ru-KG, ru-KZ, ru-MD, ru-RU, ru-UA, rw, rw-RW, rwk, rwk-TZ, sah, sah-RU, saq, saq-KE, sbp, sbp-TZ, se, se-FI, se-NO, se-SE, seh, seh-MZ, ses, ses-ML, sg, sg-CF, shi, shi-Latn, shi-Latn-MA, shi-Tfng, shi-Tfng-MA, si, si-LK, sk, sk-SK, sl, sl-SI, smn, smn-FI, sn, sn-ZW, so, so-DJ, so-ET, so-KE, so-SO, sq, sq-AL, sq-MK, sq-XK, sr, sr-Cyrl, sr-Cyrl-BA, sr-Cyrl-ME, sr-Cyrl-RS, sr-Cyrl-XK, sr-Latn, sr-Latn-BA, sr-Latn-ME, sr-Latn-RS, sr-Latn-XK, sv, sv-AX, sv-FI, sv-SE, sw, sw-CD, sw-KE, sw-TZ, sw-UG, ta, ta-IN, ta-LK, ta-MY, ta-SG, te, te-IN, teo, teo-KE, teo-UG, th, th-TH, ti, ti-ER, ti-ET, tk, tk-TM, to, to-TO, tr, tr-CY, tr-TR, twq, twq-NE, tzm, tzm-MA, ug, ug-CN, uk, uk-UA, ur, ur-IN, ur-PK, uz, uz-Arab, uz-Arab-AF, uz-Cyrl, uz-Cyrl-UZ, uz-Latn, uz-Latn-UZ, vai, vai-Latn, vai-Latn-LR, vai-Vaii, vai-Vaii-LR, vi, vi-VN, vo, vo-001, vun, vun-TZ, wae, wae-CH, xog, xog-UG, yav, yav-CM, yi, yi-001, yo, yo-BJ, yo-NG, zgh, zgh-MA, zh, zh-Hans, zh-Hans-CN, zh-Hans-HK, zh-Hans-MO, zh-Hans-SG, zh-Hant, zh-Hant-HK, zh-Hant-MO, zh-Hant-TW, zu, zu-ZA line 533: sv &gt;&gt; sv) [188]" classname="com.ibm.icu.dev.test.util.LocaleMatcherTest" time="0.001"/>
  <testcase name="dataDriven(** test: testLongLists @supported=en, sv @favor=script line 537: sv &gt;&gt; sv) [189]" classname="com.ibm.icu.dev.test.util.LocaleMatcherTest" time="0.0"/>
  <testcase name="dataDriven(** test: testLongLists @supported=af, am, ar, az, be, bg, bn, bs, ca, cs, cy, da, de, el, en, en-GB, es, es-419, et, eu, fa, fi, fil, fr, ga, gl, gu, hi, hr, hu, hy, id, is, it, iw, ja, ka, kk, km, kn, ko, ky, lo, lt, lv, mk, ml, mn, mr, ms, my, ne, nl, no, pa, pl, pt, pt-PT, ro, ru, si, sk, sl, sq, sr, sr-Latn, sv, sw, ta, te, th, tr, uk, ur, uz, vi, zh-CN, zh-TW, zu @favor=script line 540: sv &gt;&gt; sv) [190]" classname="com.ibm.icu.dev.test.util.LocaleMatcherTest" time="0.0"/>
  <testcase name="dataDriven(** test: testLongLists @supported=af, af-NA, af-ZA, agq, agq-CM, ak, ak-GH, am, am-ET, ar, ar-001, ar-AE, ar-BH, ar-DJ, ar-DZ, ar-EG, ar-EH, ar-ER, ar-IL, ar-IQ, ar-JO, ar-KM, ar-KW, ar-LB, ar-LY, ar-MA, ar-MR, ar-OM, ar-PS, ar-QA, ar-SA, ar-SD, ar-SO, ar-SS, ar-SY, ar-TD, ar-TN, ar-YE, as, as-IN, asa, asa-TZ, ast, ast-ES, az, az-Cyrl, az-Cyrl-AZ, az-Latn, az-Latn-AZ, bas, bas-CM, be, be-BY, bem, bem-ZM, bez, bez-TZ, bg, bg-BG, bm, bm-ML, bn, bn-BD, bn-IN, bo, bo-CN, bo-IN, br, br-FR, brx, brx-IN, bs, bs-Cyrl, bs-Cyrl-BA, bs-Latn, bs-Latn-BA, ca, ca-AD, ca-ES, ca-ES-VALENCIA, ca-FR, ca-IT, ce, ce-RU, cgg, cgg-UG, chr, chr-US, ckb, ckb-IQ, ckb-IR, cs, cs-CZ, cu, cu-RU, cy, cy-GB, da, da-DK, da-GL, dav, dav-KE, de, de-AT, de-BE, de-CH, de-DE, de-LI, de-LU, dje, dje-NE, dsb, dsb-DE, dua, dua-CM, dyo, dyo-SN, dz, dz-BT, ebu, ebu-KE, ee, ee-GH, ee-TG, el, el-CY, el-GR, en, en-001, en-150, en-AG, en-AI, en-AS, en-AT, en-AU, en-BB, en-BE, en-BI, en-BM, en-BS, en-BW, en-BZ, en-CA, en-CC, en-CH, en-CK, en-CM, en-CX, en-CY, en-DE, en-DG, en-DK, en-DM, en-ER, en-FI, en-FJ, en-FK, en-FM, en-GB, en-GD, en-GG, en-GH, en-GI, en-GM, en-GU, en-GY, en-HK, en-IE, en-IL, en-IM, en-IN, en-IO, en-JE, en-JM, en-KE, en-KI, en-KN, en-KY, en-LC, en-LR, en-LS, en-MG, en-MH, en-MO, en-MP, en-MS, en-MT, en-MU, en-MW, en-MY, en-NA, en-NF, en-NG, en-NL, en-NR, en-NU, en-NZ, en-PG, en-PH, en-PK, en-PN, en-PR, en-PW, en-RW, en-SB, en-SC, en-SD, en-SE, en-SG, en-SH, en-SI, en-SL, en-SS, en-SX, en-SZ, en-TC, en-TK, en-TO, en-TT, en-TV, en-TZ, en-UG, en-UM, en-US, en-US-POSIX, en-VC, en-VG, en-VI, en-VU, en-WS, en-ZA, en-ZM, en-ZW, eo, eo-001, es, es-419, es-AR, es-BO, es-CL, es-CO, es-CR, es-CU, es-DO, es-EA, es-EC, es-ES, es-GQ, es-GT, es-HN, es-IC, es-MX, es-NI, es-PA, es-PE, es-PH, es-PR, es-PY, es-SV, es-US, es-UY, es-VE, et, et-EE, eu, eu-ES, ewo, ewo-CM, fa, fa-AF, fa-IR, ff, ff-CM, ff-GN, ff-MR, ff-SN, fi, fi-FI, fil, fil-PH, fo, fo-DK, fo-FO, fr, fr-BE, fr-BF, fr-BI, fr-BJ, fr-BL, fr-CA, fr-CD, fr-CF, fr-CG, fr-CH, fr-CI, fr-CM, fr-DJ, fr-DZ, fr-FR, fr-GA, fr-GF, fr-GN, fr-GP, fr-GQ, fr-HT, fr-KM, fr-LU, fr-MA, fr-MC, fr-MF, fr-MG, fr-ML, fr-MQ, fr-MR, fr-MU, fr-NC, fr-NE, fr-PF, fr-PM, fr-RE, fr-RW, fr-SC, fr-SN, fr-SY, fr-TD, fr-TG, fr-TN, fr-VU, fr-WF, fr-YT, fur, fur-IT, fy, fy-NL, ga, ga-IE, gd, gd-GB, gl, gl-ES, gsw, gsw-CH, gsw-FR, gsw-LI, gu, gu-IN, guz, guz-KE, gv, gv-IM, ha, ha-GH, ha-NE, ha-NG, haw, haw-US, he, he-IL, hi, hi-IN, hr, hr-BA, hr-HR, hsb, hsb-DE, hu, hu-HU, hy, hy-AM, id, id-ID, ig, ig-NG, ii, ii-CN, is, is-IS, it, it-CH, it-IT, it-SM, ja, ja-JP, jgo, jgo-CM, jmc, jmc-TZ, ka, ka-GE, kab, kab-DZ, kam, kam-KE, kde, kde-TZ, kea, kea-CV, khq, khq-ML, ki, ki-KE, kk, kk-KZ, kkj, kkj-CM, kl, kl-GL, kln, kln-KE, km, km-KH, kn, kn-IN, ko, ko-KP, ko-KR, kok, kok-IN, ks, ks-IN, ksb, ksb-TZ, ksf, ksf-CM, ksh, ksh-DE, kw, kw-GB, ky, ky-KG, lag, lag-TZ, lb, lb-LU, lg, lg-UG, lkt, lkt-US, ln, ln-AO, ln-CD, ln-CF, ln-CG, lo, lo-LA, lrc, lrc-IQ, lrc-IR, lt, lt-LT, lu, lu-CD, luo, luo-KE, luy, luy-KE, lv, lv-LV, mas, mas-KE, mas-TZ, mer, mer-KE, mfe, mfe-MU, mg, mg-MG, mgh, mgh-MZ, mgo, mgo-CM, mk, mk-MK, ml, ml-IN, mn, mn-MN, mr, mr-IN, ms, ms-BN, ms-MY, ms-SG, mt, mt-MT, mua, mua-CM, my, my-MM, mzn, mzn-IR, naq, naq-NA, nb, nb-NO, nb-SJ, nd, nd-ZW, ne, ne-IN, ne-NP, nl, nl-AW, nl-BE, nl-BQ, nl-CW, nl-NL, nl-SR, nl-SX, nmg, nmg-CM, nn, nn-NO, nnh, nnh-CM, nus, nus-SS, nyn, nyn-UG, om, om-ET, om-KE, or, or-IN, os, os-GE, os-RU, pa, pa-Arab, pa-Arab-PK, pa-Guru, pa-Guru-IN, pl, pl-PL, prg, prg-001, ps, ps-AF, pt, pt-AO, pt-BR, pt-CV, pt-GW, pt-MO, pt-MZ, pt-PT, pt-ST, pt-TL, qu, qu-BO, qu-EC, qu-PE, rm, rm-CH, rn, rn-BI, ro, ro-MD, ro-RO, rof, rof-TZ, root, ru, ru-BY, ru-KG, ru-KZ, ru-MD, ru-RU, ru-UA, rw, rw-RW, rwk, rwk-TZ, sah, sah-RU, saq, saq-KE, sbp, sbp-TZ, se, se-FI, se-NO, se-SE, seh, seh-MZ, ses, ses-ML, sg, sg-CF, shi, shi-Latn, shi-Latn-MA, shi-Tfng, shi-Tfng-MA, si, si-LK, sk, sk-SK, sl, sl-SI, smn, smn-FI, sn, sn-ZW, so, so-DJ, so-ET, so-KE, so-SO, sq, sq-AL, sq-MK, sq-XK, sr, sr-Cyrl, sr-Cyrl-BA, sr-Cyrl-ME, sr-Cyrl-RS, sr-Cyrl-XK, sr-Latn, sr-Latn-BA, sr-Latn-ME, sr-Latn-RS, sr-Latn-XK, sv, sv-AX, sv-FI, sv-SE, sw, sw-CD, sw-KE, sw-TZ, sw-UG, ta, ta-IN, ta-LK, ta-MY, ta-SG, te, te-IN, teo, teo-KE, teo-UG, th, th-TH, ti, ti-ER, ti-ET, tk, tk-TM, to, to-TO, tr, tr-CY, tr-TR, twq, twq-NE, tzm, tzm-MA, ug, ug-CN, uk, uk-UA, ur, ur-IN, ur-PK, uz, uz-Arab, uz-Arab-AF, uz-Cyrl, uz-Cyrl-UZ, uz-Latn, uz-Latn-UZ, vai, vai-Latn, vai-Latn-LR, vai-Vaii, vai-Vaii-LR, vi, vi-VN, vo, vo-001, vun, vun-TZ, wae, wae-CH, xog, xog-UG, yav, yav-CM, yi, yi-001, yo, yo-BJ, yo-NG, zgh, zgh-MA, zh, zh-Hans, zh-Hans-CN, zh-Hans-HK, zh-Hans-MO, zh-Hans-SG, zh-Hant, zh-Hant-HK, zh-Hant-MO, zh-Hant-TW, zu, zu-ZA @favor=script line 543: sv &gt;&gt; sv) [191]" classname="com.ibm.icu.dev.test.util.LocaleMatcherTest" time="0.002"/>
  <testcase name="dataDriven(** test: test8288 @supported=it, en line 548: und &gt;&gt; it) [192]" classname="com.ibm.icu.dev.test.util.LocaleMatcherTest" time="0.0"/>
  <testcase name="dataDriven(** test: test8288 @supported=it, en line 549: und, en &gt;&gt; en) [193]" classname="com.ibm.icu.dev.test.util.LocaleMatcherTest" time="0.0"/>
  <testcase name="dataDriven(** test: test8288 @supported=it, en @favor=script line 556: und &gt;&gt; it) [194]" classname="com.ibm.icu.dev.test.util.LocaleMatcherTest" time="0.0"/>
  <testcase name="dataDriven(** test: test8288 @supported=it, en @favor=script line 557: und, en &gt;&gt; en) [195]" classname="com.ibm.icu.dev.test.util.LocaleMatcherTest" time="0.0"/>
  <testcase name="dataDriven(** test: testUnHack @supported=en-NZ, en-IT line 562: en-US &gt;&gt; en-NZ) [196]" classname="com.ibm.icu.dev.test.util.LocaleMatcherTest" time="0.0"/>
  <testcase name="dataDriven(** test: testUnHack @supported=en-NZ, en-IT @favor=script line 565: en-US &gt;&gt; en-NZ) [197]" classname="com.ibm.icu.dev.test.util.LocaleMatcherTest" time="0.0"/>
  <testcase name="dataDriven(** test: testEmptySupported =&gt; null line 568: en &gt;&gt; null) [198]" classname="com.ibm.icu.dev.test.util.LocaleMatcherTest" time="0.001"/>
  <testcase name="dataDriven(** test: tests the .combine[] method @supported=und, fr line 575: fr-BE-fonipa &gt;&gt; fr | | fr-BE-fonipa) [199]" classname="com.ibm.icu.dev.test.util.LocaleMatcherTest" time="0.0"/>
  <testcase name="dataDriven(** test: tests the .combine[] method @supported=und, fr-CA line 577: fr-BE-fonipa &gt;&gt; fr-CA | | fr-BE-fonipa) [200]" classname="com.ibm.icu.dev.test.util.LocaleMatcherTest" time="0.0"/>
  <testcase name="dataDriven(** test: tests the .combine[] method @supported=und, fr-fonupa line 579: fr-BE-fonipa &gt;&gt; fr-fonupa | | fr-BE-fonipa) [201]" classname="com.ibm.icu.dev.test.util.LocaleMatcherTest" time="0.0"/>
  <testcase name="dataDriven(** test: tests the .combine[] method @supported=und, no line 581: nn-BE-fonipa &gt;&gt; no | | no-BE-fonipa) [202]" classname="com.ibm.icu.dev.test.util.LocaleMatcherTest" time="0.0"/>
  <testcase name="dataDriven(** test: tests the .combine[] method @supported=und, en-GB-u-sd-gbsct line 583: en-fonipa-u-nu-Arab-ca-buddhist-t-m0-iso-i0-pinyin &gt;&gt; en-GB-u-sd-gbsct | | en-GB-fonipa-u-nu-Arab-ca-buddhist-t-m0-iso-i0-pinyin) [203]" classname="com.ibm.icu.dev.test.util.LocaleMatcherTest" time="0.001"/>
  <testcase name="dataDriven(** test: tests the .combine[] method @supported=en-PSCRACK, de-PSCRACK, fr-PSCRACK, pt-PT-PSCRACK line 586: fr-PSCRACK &gt;&gt; fr-PSCRACK) [204]" classname="com.ibm.icu.dev.test.util.LocaleMatcherTest" time="0.0"/>
  <testcase name="dataDriven(** test: tests the .combine[] method @supported=en-PSCRACK, de-PSCRACK, fr-PSCRACK, pt-PT-PSCRACK line 587: fr &gt;&gt; en-PSCRACK) [205]" classname="com.ibm.icu.dev.test.util.LocaleMatcherTest" time="0.0"/>
  <testcase name="dataDriven(** test: tests the .combine[] method @supported=en-PSCRACK, de-PSCRACK, fr-PSCRACK, pt-PT-PSCRACK line 588: de-CH &gt;&gt; en-PSCRACK) [206]" classname="com.ibm.icu.dev.test.util.LocaleMatcherTest" time="0.0"/>
  <testcase name="dataDriven(** test: tests the .combine[] method @supported=und, fr @favor=script line 592: fr-BE-fonipa &gt;&gt; fr) [207]" classname="com.ibm.icu.dev.test.util.LocaleMatcherTest" time="0.0"/>
  <testcase name="dataDriven(** test: tests the .combine[] method @supported=und, fr-CA @favor=script line 594: fr-BE-fonipa &gt;&gt; fr-CA) [208]" classname="com.ibm.icu.dev.test.util.LocaleMatcherTest" time="0.0"/>
  <testcase name="dataDriven(** test: tests the .combine[] method @supported=und, fr-fonupa @favor=script line 596: fr-BE-fonipa &gt;&gt; fr-fonupa) [209]" classname="com.ibm.icu.dev.test.util.LocaleMatcherTest" time="0.0"/>
  <testcase name="dataDriven(** test: tests the .combine[] method @supported=und, no @favor=script line 598: nn-BE-fonipa &gt;&gt; no | | no-BE-fonipa) [210]" classname="com.ibm.icu.dev.test.util.LocaleMatcherTest" time="0.001"/>
  <testcase name="dataDriven(** test: tests the .combine[] method @supported=und, en-GB-u-sd-gbsct @favor=script line 600: en-fonipa-u-nu-Arab-ca-buddhist-t-m0-iso-i0-pinyin &gt;&gt; en-GB-u-sd-gbsct | | en-GB-fonipa-u-nu-Arab-ca-buddhist-t-m0-iso-i0-pinyin) [211]" classname="com.ibm.icu.dev.test.util.LocaleMatcherTest" time="0.0"/>
  <testcase name="dataDriven(** test: tests the .combine[] method @supported=en-PSCRACK, de-PSCRACK, fr-PSCRACK, pt-PT-PSCRACK @favor=script line 603: fr-PSCRACK &gt;&gt; fr-PSCRACK) [212]" classname="com.ibm.icu.dev.test.util.LocaleMatcherTest" time="0.0"/>
  <testcase name="dataDriven(** test: tests the .combine[] method @supported=en-PSCRACK, de-PSCRACK, fr-PSCRACK, pt-PT-PSCRACK @favor=script line 604: fr &gt;&gt; en-PSCRACK) [213]" classname="com.ibm.icu.dev.test.util.LocaleMatcherTest" time="0.0"/>
  <testcase name="dataDriven(** test: tests the .combine[] method @supported=en-PSCRACK, de-PSCRACK, fr-PSCRACK, pt-PT-PSCRACK @favor=script line 605: de-CH &gt;&gt; en-PSCRACK) [214]" classname="com.ibm.icu.dev.test.util.LocaleMatcherTest" time="0.0"/>
  <testcase name="dataDriven(** test: testClusters @supported=und, es, es-MA, es-MX, es-419 line 611: es-AR &gt;&gt; es-419) [215]" classname="com.ibm.icu.dev.test.util.LocaleMatcherTest" time="0.0"/>
  <testcase name="dataDriven(** test: testClusters @supported=und, es-MA, es, es-419, es-MX line 613: es-AR &gt;&gt; es-419) [216]" classname="com.ibm.icu.dev.test.util.LocaleMatcherTest" time="0.0"/>
  <testcase name="dataDriven(** test: testClusters @supported=und, es, es-MA, es-MX, es-419 line 615: es-EA &gt;&gt; es) [217]" classname="com.ibm.icu.dev.test.util.LocaleMatcherTest" time="0.0"/>
  <testcase name="dataDriven(** test: testClusters @supported=und, es-MA, es, es-419, es-MX line 617: es-EA &gt;&gt; es) [218]" classname="com.ibm.icu.dev.test.util.LocaleMatcherTest" time="0.0"/>
  <testcase name="dataDriven(** test: testClusters @supported=und, es, es-MA, es-MX line 622: es-AR &gt;&gt; es-MX) [219]" classname="com.ibm.icu.dev.test.util.LocaleMatcherTest" time="0.0"/>
  <testcase name="dataDriven(** test: testClusters @supported=und, es-MA, es, es-MX line 624: es-AR &gt;&gt; es-MX) [220]" classname="com.ibm.icu.dev.test.util.LocaleMatcherTest" time="0.0"/>
  <testcase name="dataDriven(** test: testClusters @supported=und, es-MA, es-MX, es-419 line 626: es-EA &gt;&gt; es-MA) [221]" classname="com.ibm.icu.dev.test.util.LocaleMatcherTest" time="0.0"/>
  <testcase name="dataDriven(** test: testClusters @supported=und, es-MA, es-419, es-MX line 628: es-EA &gt;&gt; es-MA) [222]" classname="com.ibm.icu.dev.test.util.LocaleMatcherTest" time="0.0"/>
  <testcase name="dataDriven(** test: testClusters @supported=und, en, en-GU, en-IN, en-GB line 633: en-ZA &gt;&gt; en-GB) [223]" classname="com.ibm.icu.dev.test.util.LocaleMatcherTest" time="0.0"/>
  <testcase name="dataDriven(** test: testClusters @supported=und, en-GU, en, en-GB, en-IN line 635: en-ZA &gt;&gt; en-GB) [224]" classname="com.ibm.icu.dev.test.util.LocaleMatcherTest" time="0.0"/>
  <testcase name="dataDriven(** test: testClusters @supported=und, en, en-GU, en-IN, en-GB line 637: en-VI &gt;&gt; en) [225]" classname="com.ibm.icu.dev.test.util.LocaleMatcherTest" time="0.0"/>
  <testcase name="dataDriven(** test: testClusters @supported=und, en-GU, en, en-GB, en-IN line 639: en-VI &gt;&gt; en) [226]" classname="com.ibm.icu.dev.test.util.LocaleMatcherTest" time="0.0"/>
  <testcase name="dataDriven(** test: testClusters @supported=und, en, en-GU, en-IN line 644: en-ZA &gt;&gt; en-IN) [227]" classname="com.ibm.icu.dev.test.util.LocaleMatcherTest" time="0.0"/>
  <testcase name="dataDriven(** test: testClusters @supported=und, en-GU, en, en-IN line 646: en-ZA &gt;&gt; en-IN) [228]" classname="com.ibm.icu.dev.test.util.LocaleMatcherTest" time="0.001"/>
  <testcase name="dataDriven(** test: testClusters @supported=und, en-GU, en-IN, en-GB line 648: en-VI &gt;&gt; en-GU) [229]" classname="com.ibm.icu.dev.test.util.LocaleMatcherTest" time="0.0"/>
  <testcase name="dataDriven(** test: testClusters @supported=und, en-GU, en-GB, en-IN line 650: en-VI &gt;&gt; en-GU) [230]" classname="com.ibm.icu.dev.test.util.LocaleMatcherTest" time="0.0"/>
  <testcase name="dataDriven(** test: testClusters @supported=und, es, es-MA, es-MX, es-419 @favor=script line 654: es-AR &gt;&gt; es-419) [231]" classname="com.ibm.icu.dev.test.util.LocaleMatcherTest" time="0.0"/>
  <testcase name="dataDriven(** test: testClusters @supported=und, es-MA, es, es-419, es-MX @favor=script line 656: es-AR &gt;&gt; es-419) [232]" classname="com.ibm.icu.dev.test.util.LocaleMatcherTest" time="0.0"/>
  <testcase name="dataDriven(** test: testClusters @supported=und, es, es-MA, es-MX, es-419 @favor=script line 658: es-EA &gt;&gt; es) [233]" classname="com.ibm.icu.dev.test.util.LocaleMatcherTest" time="0.0"/>
  <testcase name="dataDriven(** test: testClusters @supported=und, es-MA, es, es-419, es-MX @favor=script line 660: es-EA &gt;&gt; es) [234]" classname="com.ibm.icu.dev.test.util.LocaleMatcherTest" time="0.0"/>
  <testcase name="dataDriven(** test: testClusters @supported=und, es, es-MA, es-MX @favor=script line 663: es-AR &gt;&gt; es-MX) [235]" classname="com.ibm.icu.dev.test.util.LocaleMatcherTest" time="0.0"/>
  <testcase name="dataDriven(** test: testClusters @supported=und, es-MA, es, es-MX @favor=script line 665: es-AR &gt;&gt; es-MX) [236]" classname="com.ibm.icu.dev.test.util.LocaleMatcherTest" time="0.0"/>
  <testcase name="dataDriven(** test: testClusters @supported=und, es-MA, es-MX, es-419 @favor=script line 667: es-EA &gt;&gt; es-MA) [237]" classname="com.ibm.icu.dev.test.util.LocaleMatcherTest" time="0.0"/>
  <testcase name="dataDriven(** test: testClusters @supported=und, es-MA, es-419, es-MX @favor=script line 669: es-EA &gt;&gt; es-MA) [238]" classname="com.ibm.icu.dev.test.util.LocaleMatcherTest" time="0.0"/>
  <testcase name="dataDriven(** test: testClusters @supported=und, en, en-GU, en-IN, en-GB @favor=script line 672: en-ZA &gt;&gt; en-GB) [239]" classname="com.ibm.icu.dev.test.util.LocaleMatcherTest" time="0.0"/>
  <testcase name="dataDriven(** test: testClusters @supported=und, en-GU, en, en-GB, en-IN @favor=script line 674: en-ZA &gt;&gt; en-GB) [240]" classname="com.ibm.icu.dev.test.util.LocaleMatcherTest" time="0.0"/>
  <testcase name="dataDriven(** test: testClusters @supported=und, en, en-GU, en-IN, en-GB @favor=script line 676: en-VI &gt;&gt; en) [241]" classname="com.ibm.icu.dev.test.util.LocaleMatcherTest" time="0.0"/>
  <testcase name="dataDriven(** test: testClusters @supported=und, en-GU, en, en-GB, en-IN @favor=script line 678: en-VI &gt;&gt; en) [242]" classname="com.ibm.icu.dev.test.util.LocaleMatcherTest" time="0.0"/>
  <testcase name="dataDriven(** test: testClusters @supported=und, en, en-GU, en-IN @favor=script line 681: en-ZA &gt;&gt; en-IN) [243]" classname="com.ibm.icu.dev.test.util.LocaleMatcherTest" time="0.0"/>
  <testcase name="dataDriven(** test: testClusters @supported=und, en-GU, en, en-IN @favor=script line 683: en-ZA &gt;&gt; en-IN) [244]" classname="com.ibm.icu.dev.test.util.LocaleMatcherTest" time="0.0"/>
  <testcase name="dataDriven(** test: testClusters @supported=und, en-GU, en-IN, en-GB @favor=script line 685: en-VI &gt;&gt; en-GU) [245]" classname="com.ibm.icu.dev.test.util.LocaleMatcherTest" time="0.0"/>
  <testcase name="dataDriven(** test: testClusters @supported=und, en-GU, en-GB, en-IN @favor=script line 687: en-VI &gt;&gt; en-GU) [246]" classname="com.ibm.icu.dev.test.util.LocaleMatcherTest" time="0.0"/>
  <testcase name="dataDriven(** test: testThreshold @supported=50, und, fr-CA-fonupa @threshold=60 line 692: fr-BE-fonipa &gt;&gt; fr-CA-fonupa | | fr-BE-fonipa) [247]" classname="com.ibm.icu.dev.test.util.LocaleMatcherTest" time="0.001"/>
  <testcase name="dataDriven(** test: testThreshold @supported=und, fr-Cyrl-CA-fonupa @threshold=60 line 694: fr-BE-fonipa &gt;&gt; fr-Cyrl-CA-fonupa | | fr-Cyrl-BE-fonipa) [248]" classname="com.ibm.icu.dev.test.util.LocaleMatcherTest" time="0.0"/>
  <testcase name="dataDriven(** test: testThreshold @supported=und, fr-Cyrl-CA-fonupa @threshold=50 line 696: fr-BE-fonipa &gt;&gt; und) [249]" classname="com.ibm.icu.dev.test.util.LocaleMatcherTest" time="0.0"/>
  <testcase name="dataDriven(** test: testThreshold @supported=50, und, fr-CA-fonupa @favor=script @threshold= line 701: fr-BE-fonipa &gt;&gt; fr-CA-fonupa | | fr-BE-fonipa) [250]" classname="com.ibm.icu.dev.test.util.LocaleMatcherTest" time="0.0"/>
  <testcase name="dataDriven(** test: testThreshold @supported=und, fr-Cyrl-CA-fonupa @favor=script @threshold= line 703: fr-BE-fonipa &gt;&gt; und) [251]" classname="com.ibm.icu.dev.test.util.LocaleMatcherTest" time="0.0"/>
  <testcase name="dataDriven(** test: testScriptFirst @supported=ru, fr line 707: zh, pl &gt;&gt; ru) [252]" classname="com.ibm.icu.dev.test.util.LocaleMatcherTest" time="0.0"/>
  <testcase name="dataDriven(** test: testScriptFirst @supported=ru, fr line 708: zh-Cyrl, pl &gt;&gt; ru) [253]" classname="com.ibm.icu.dev.test.util.LocaleMatcherTest" time="0.0"/>
  <testcase name="dataDriven(** test: testScriptFirst @supported=hr, en-Cyrl line 710: sr &gt;&gt; hr) [254]" classname="com.ibm.icu.dev.test.util.LocaleMatcherTest" time="0.0"/>
  <testcase name="dataDriven(** test: testScriptFirst @supported=da, ru, hr line 712: sr &gt;&gt; da) [255]" classname="com.ibm.icu.dev.test.util.LocaleMatcherTest" time="0.0"/>
  <testcase name="dataDriven(** test: testScriptFirst @supported=ru, fr @favor=script line 716: zh, pl &gt;&gt; fr) [256]" classname="com.ibm.icu.dev.test.util.LocaleMatcherTest" time="0.0"/>
  <testcase name="dataDriven(** test: testScriptFirst @supported=ru, fr @favor=script line 717: zh-Cyrl, pl &gt;&gt; ru) [257]" classname="com.ibm.icu.dev.test.util.LocaleMatcherTest" time="0.0"/>
  <testcase name="dataDriven(** test: testScriptFirst @supported=hr, en-Cyrl @favor=script line 719: sr &gt;&gt; en-Cyrl) [258]" classname="com.ibm.icu.dev.test.util.LocaleMatcherTest" time="0.0"/>
  <testcase name="dataDriven(** test: testScriptFirst @supported=da, ru, hr @favor=script line 721: sr &gt;&gt; ru) [259]" classname="com.ibm.icu.dev.test.util.LocaleMatcherTest" time="0.0"/>
  <testcase name="dataDriven(** test: testBasicsWithDefault @supported=en-GB, en @default=fr line 728: en-GB &gt;&gt; en-GB) [260]" classname="com.ibm.icu.dev.test.util.LocaleMatcherTest" time="0.0"/>
  <testcase name="dataDriven(** test: testBasicsWithDefault @supported=en-GB, en @default=fr line 729: en-US &gt;&gt; en) [261]" classname="com.ibm.icu.dev.test.util.LocaleMatcherTest" time="0.0"/>
  <testcase name="dataDriven(** test: testBasicsWithDefault @supported=en-GB, en @default=fr line 730: fr &gt;&gt; fr) [262]" classname="com.ibm.icu.dev.test.util.LocaleMatcherTest" time="0.0"/>
  <testcase name="dataDriven(** test: testBasicsWithDefault @supported=en-GB, en @default=fr line 731: ja &gt;&gt; fr) [263]" classname="com.ibm.icu.dev.test.util.LocaleMatcherTest" time="0.0"/>
  <testcase name="dataDriven(** test: testBasicsWithDefault @supported=en-GB, en @default=fr @favor=script line 734: en-GB &gt;&gt; en-GB) [264]" classname="com.ibm.icu.dev.test.util.LocaleMatcherTest" time="0.0"/>
  <testcase name="dataDriven(** test: testBasicsWithDefault @supported=en-GB, en @default=fr @favor=script line 735: en-US &gt;&gt; en) [265]" classname="com.ibm.icu.dev.test.util.LocaleMatcherTest" time="0.0"/>
  <testcase name="dataDriven(** test: testBasicsWithDefault @supported=en-GB, en @default=fr @favor=script line 736: fr &gt;&gt; en) [266]" classname="com.ibm.icu.dev.test.util.LocaleMatcherTest" time="0.0"/>
  <testcase name="dataDriven(** test: testBasicsWithDefault @supported=en-GB, en @default=fr @favor=script line 737: ja &gt;&gt; fr) [267]" classname="com.ibm.icu.dev.test.util.LocaleMatcherTest" time="0.0"/>
  <testcase name="dataDriven(** test: testEmptyWithDefault @default=en line 741: fr &gt;&gt; en) [268]" classname="com.ibm.icu.dev.test.util.LocaleMatcherTest" time="0.0"/>
  <testcase name="dataDriven(** test: testGetBestMatchForList_exactMatch @supported=fr, en-GB, ja, es-ES, es-MX line 745: ja, de &gt;&gt; ja) [269]" classname="com.ibm.icu.dev.test.util.LocaleMatcherTest" time="0.0"/>
  <testcase name="dataDriven(** test: testGetBestMatchForList_simpleVariantMatch @supported=fr, en-GB, ja, es-ES, es-MX line 750: de, en-US &gt;&gt; en-GB) [270]" classname="com.ibm.icu.dev.test.util.LocaleMatcherTest" time="0.0"/>
  <testcase name="dataDriven(** test: testGetBestMatchForList_simpleVariantMatch @supported=fr, en-GB, ja, es-ES, es-MX line 752: de, zh &gt;&gt; fr) [271]" classname="com.ibm.icu.dev.test.util.LocaleMatcherTest" time="0.0"/>
  <testcase name="dataDriven(** test: TestEuHack @supported=en-NZ, en-IT line 756: en-US &gt;&gt; en-NZ) [272]" classname="com.ibm.icu.dev.test.util.LocaleMatcherTest" time="0.0"/>
  <testcase name="dataDriven(** test: TestBasics @supported=fr, en-GB, en line 760: en-GB &gt;&gt; en-GB) [273]" classname="com.ibm.icu.dev.test.util.LocaleMatcherTest" time="0.0"/>
  <testcase name="dataDriven(** test: TestBasics @supported=fr, en-GB, en line 761: en-US &gt;&gt; en) [274]" classname="com.ibm.icu.dev.test.util.LocaleMatcherTest" time="0.0"/>
  <testcase name="dataDriven(** test: TestBasics @supported=fr, en-GB, en line 762: fr-FR &gt;&gt; fr) [275]" classname="com.ibm.icu.dev.test.util.LocaleMatcherTest" time="0.0"/>
  <testcase name="dataDriven(** test: TestBasics @supported=fr, en-GB, en line 763: ja-JP &gt;&gt; fr) [276]" classname="com.ibm.icu.dev.test.util.LocaleMatcherTest" time="0.0"/>
  <testcase name="dataDriven(** test: TestBasics @supported=fr, en-GB, en line 764: zu &gt;&gt; en) [277]" classname="com.ibm.icu.dev.test.util.LocaleMatcherTest" time="0.0"/>
  <testcase name="dataDriven(** test: TestBasics @supported=fr, en-GB, en line 766: zxx &gt;&gt; fr) [278]" classname="com.ibm.icu.dev.test.util.LocaleMatcherTest" time="0.0"/>
  <testcase name="dataDriven(** test: TestBasics @supported=fr, en-GB, en @favor=script line 769: en-GB &gt;&gt; en-GB) [279]" classname="com.ibm.icu.dev.test.util.LocaleMatcherTest" time="0.0"/>
  <testcase name="dataDriven(** test: TestBasics @supported=fr, en-GB, en @favor=script line 770: en-US &gt;&gt; en) [280]" classname="com.ibm.icu.dev.test.util.LocaleMatcherTest" time="0.0"/>
  <testcase name="dataDriven(** test: TestBasics @supported=fr, en-GB, en @favor=script line 771: fr-FR &gt;&gt; fr) [281]" classname="com.ibm.icu.dev.test.util.LocaleMatcherTest" time="0.0"/>
  <testcase name="dataDriven(** test: TestBasics @supported=fr, en-GB, en @favor=script line 772: ja-JP &gt;&gt; fr) [282]" classname="com.ibm.icu.dev.test.util.LocaleMatcherTest" time="0.0"/>
  <testcase name="dataDriven(** test: TestBasics @supported=fr, en-GB, en @favor=script line 773: zu &gt;&gt; en) [283]" classname="com.ibm.icu.dev.test.util.LocaleMatcherTest" time="0.0"/>
  <testcase name="dataDriven(** test: TestBasics @supported=fr, en-GB, en @favor=script line 774: zxx &gt;&gt; en) [284]" classname="com.ibm.icu.dev.test.util.LocaleMatcherTest" time="0.0"/>
  <testcase name="dataDriven(** test: TestExactMatch @supported=fr, en-GB, ja, es-ES, es-MX line 778: ja, de &gt;&gt; ja) [285]" classname="com.ibm.icu.dev.test.util.LocaleMatcherTest" time="0.0"/>
  <testcase name="dataDriven(** test: TestSimpleVariantMatch @supported=fr, en-GB, ja, es-ES, es-MX line 782: de, en-US &gt;&gt; en-GB) [286]" classname="com.ibm.icu.dev.test.util.LocaleMatcherTest" time="0.0"/>
  <testcase name="dataDriven(** test: TestSimpleVariantMatch @supported=fr, en-GB, ja, es-ES, es-MX line 783: de, zh &gt;&gt; fr) [287]" classname="com.ibm.icu.dev.test.util.LocaleMatcherTest" time="0.0"/>
  <testcase name="dataDriven(** test: TestMatchOnMaximized @supported=fr, en-GB, ja, es-ES, es-MX line 789: ja-JP, en-GB &gt;&gt; ja) [288]" classname="com.ibm.icu.dev.test.util.LocaleMatcherTest" time="0.0"/>
  <testcase name="dataDriven(** test: TestMatchOnMaximized @supported=fr, en-GB, ja, es-ES, es-MX line 791: ja-Jpan-JP, en-GB &gt;&gt; ja) [289]" classname="com.ibm.icu.dev.test.util.LocaleMatcherTest" time="0.0"/>
  <testcase name="dataDriven(** test: TestMatchOnMaximized @supported=fr, zh-Hant, en line 793: zh, en &gt;&gt; en) [290]" classname="com.ibm.icu.dev.test.util.LocaleMatcherTest" time="0.0"/>
  <testcase name="dataDriven(** test: TestMatchOnMaximized @supported=fr, zh-Hant, en @favor=script line 796: zh, en &gt;&gt; en) [291]" classname="com.ibm.icu.dev.test.util.LocaleMatcherTest" time="0.001"/>
  <testcase name="dataDriven(** test: TestCloseEnoughMatchOnMaximized @supported=en-GB, en, de, fr, ja line 800: de-CH, fr &gt;&gt; de) [292]" classname="com.ibm.icu.dev.test.util.LocaleMatcherTest" time="0.0"/>
  <testcase name="dataDriven(** test: TestCloseEnoughMatchOnMaximized @supported=en-GB, en, de, fr, ja line 801: en-US, ar, nl, de, ja &gt;&gt; en) [293]" classname="com.ibm.icu.dev.test.util.LocaleMatcherTest" time="0.0"/>
  <testcase name="dataDriven(** test: TestGetBestMatchForPortuguese @supported=pt-PT, pt-BR, es, es-419 line 809: pt-PT, es, pt &gt;&gt; pt-PT) [294]" classname="com.ibm.icu.dev.test.util.LocaleMatcherTest" time="0.0"/>
  <testcase name="dataDriven(** test: TestGetBestMatchForPortuguese @supported=pt-PT, pt, es, es-419 line 811: pt-PT, es, pt &gt;&gt; pt-PT) [295]" classname="com.ibm.icu.dev.test.util.LocaleMatcherTest" time="0.0"/>
  <testcase name="dataDriven(** test: TestGetBestMatchForPortuguese @supported=pt-BR, es, es-419 line 813: pt-PT, es, pt &gt;&gt; pt-BR) [296]" classname="com.ibm.icu.dev.test.util.LocaleMatcherTest" time="0.0"/>
  <testcase name="dataDriven(** test: TestGetBestMatchForPortuguese @supported=pt-PT, pt-BR, es, es-419 line 819: pt, es-419, pt-PT &gt;&gt; pt-BR) [297]" classname="com.ibm.icu.dev.test.util.LocaleMatcherTest" time="0.0"/>
  <testcase name="dataDriven(** test: TestGetBestMatchForPortuguese @supported=pt-PT, pt, es, es-419 line 821: pt, es-419, pt-PT &gt;&gt; pt) [298]" classname="com.ibm.icu.dev.test.util.LocaleMatcherTest" time="0.0"/>
  <testcase name="dataDriven(** test: TestGetBestMatchForPortuguese @supported=pt-BR, es, es-419 line 823: pt, es-419, pt-PT &gt;&gt; pt-BR) [299]" classname="com.ibm.icu.dev.test.util.LocaleMatcherTest" time="0.0"/>
  <testcase name="dataDriven(** test: TestGetBestMatchForPortuguese @supported=pt-PT, pt-BR, es, es-419 line 828: pt-US, pt-PT &gt;&gt; pt-BR) [300]" classname="com.ibm.icu.dev.test.util.LocaleMatcherTest" time="0.0"/>
  <testcase name="dataDriven(** test: TestGetBestMatchForPortuguese @supported=pt-PT, pt, es, es-419 line 830: pt-US, pt-PT &gt;&gt; pt) [301]" classname="com.ibm.icu.dev.test.util.LocaleMatcherTest" time="0.0"/>
  <testcase name="dataDriven(** test: TestGetBestMatchForPortuguese @supported=pt-BR, es, es-419 @favor=script line 834: pt-PT, es, pt &gt;&gt; pt-BR) [302]" classname="com.ibm.icu.dev.test.util.LocaleMatcherTest" time="0.0"/>
  <testcase name="dataDriven(** test: TestGetBestMatchForPortuguese @supported=pt-PT, pt, es, es-419 @favor=script line 836: pt-US, pt-PT &gt;&gt; pt) [303]" classname="com.ibm.icu.dev.test.util.LocaleMatcherTest" time="0.0"/>
  <testcase name="dataDriven(** test: TestScriptAndRegion @supported=en-GB, en line 840: en-CA &gt;&gt; en) [304]" classname="com.ibm.icu.dev.test.util.LocaleMatcherTest" time="0.0"/>
  <testcase name="dataDriven(** test: TestScriptAndRegion @supported=fr, en-GB, en line 843: fr-CA, en-CA &gt;&gt; fr) [305]" classname="com.ibm.icu.dev.test.util.LocaleMatcherTest" time="0.0"/>
  <testcase name="dataDriven(** test: TestScriptAndRegion @supported=zh-Hant, zh-TW line 845: zh-HK &gt;&gt; zh-Hant) [306]" classname="com.ibm.icu.dev.test.util.LocaleMatcherTest" time="0.001"/>
  <testcase name="dataDriven(** test: TestScriptAndRegion @supported=en-GB, en @favor=script line 849: en-CA &gt;&gt; en) [307]" classname="com.ibm.icu.dev.test.util.LocaleMatcherTest" time="0.0"/>
  <testcase name="dataDriven(** test: TestScriptAndRegion @supported=fr, en-GB, en @favor=script line 851: fr-CA, en-CA &gt;&gt; fr) [308]" classname="com.ibm.icu.dev.test.util.LocaleMatcherTest" time="0.0"/>
  <testcase name="dataDriven(** test: TestScriptAndRegion @supported=zh-Hant, zh-TW @favor=script line 853: zh-HK &gt;&gt; zh-Hant) [309]" classname="com.ibm.icu.dev.test.util.LocaleMatcherTest" time="0.0"/>
  <testcase name="dataDriven(** test: TestFallback @supported=zh-CN, zh-TW, iw line 857: zh-Hant &gt;&gt; zh-TW) [310]" classname="com.ibm.icu.dev.test.util.LocaleMatcherTest" time="0.0"/>
  <testcase name="dataDriven(** test: TestFallback @supported=zh-CN, zh-TW, iw line 858: zh &gt;&gt; zh-CN) [311]" classname="com.ibm.icu.dev.test.util.LocaleMatcherTest" time="0.0"/>
  <testcase name="dataDriven(** test: TestFallback @supported=zh-CN, zh-TW, iw line 859: zh-Hans-CN &gt;&gt; zh-CN) [312]" classname="com.ibm.icu.dev.test.util.LocaleMatcherTest" time="0.0"/>
  <testcase name="dataDriven(** test: TestFallback @supported=zh-CN, zh-TW, iw line 860: zh-Hant-HK &gt;&gt; zh-TW) [313]" classname="com.ibm.icu.dev.test.util.LocaleMatcherTest" time="0.0"/>
  <testcase name="dataDriven(** test: TestFallback @supported=zh-CN, zh-TW, iw line 861: he-IT &gt;&gt; iw) [314]" classname="com.ibm.icu.dev.test.util.LocaleMatcherTest" time="0.0"/>
  <testcase name="dataDriven(** test: TestFallbackWithDefault @supported=zh-CN, zh-TW, iw @default=fr line 868: zh-Hant &gt;&gt; zh-TW) [315]" classname="com.ibm.icu.dev.test.util.LocaleMatcherTest" time="0.0"/>
  <testcase name="dataDriven(** test: TestFallbackWithDefault @supported=zh-CN, zh-TW, iw @default=fr line 869: zh &gt;&gt; zh-CN) [316]" classname="com.ibm.icu.dev.test.util.LocaleMatcherTest" time="0.0"/>
  <testcase name="dataDriven(** test: TestFallbackWithDefault @supported=zh-CN, zh-TW, iw @default=fr line 870: zh-Hans-CN &gt;&gt; zh-CN) [317]" classname="com.ibm.icu.dev.test.util.LocaleMatcherTest" time="0.0"/>
  <testcase name="dataDriven(** test: TestFallbackWithDefault @supported=zh-CN, zh-TW, iw @default=fr line 871: zh-Hant-HK &gt;&gt; zh-TW) [318]" classname="com.ibm.icu.dev.test.util.LocaleMatcherTest" time="0.0"/>
  <testcase name="dataDriven(** test: TestFallbackWithDefault @supported=zh-CN, zh-TW, iw @default=fr line 872: he-IT &gt;&gt; iw) [319]" classname="com.ibm.icu.dev.test.util.LocaleMatcherTest" time="0.0"/>
  <testcase name="dataDriven(** test: TestFallbackWithDefault @supported=zh-CN, zh-TW, iw @default=fr @favor=script line 875: zh-Hant &gt;&gt; zh-TW) [320]" classname="com.ibm.icu.dev.test.util.LocaleMatcherTest" time="0.0"/>
  <testcase name="dataDriven(** test: TestFallbackWithDefault @supported=zh-CN, zh-TW, iw @default=fr @favor=script line 876: zh &gt;&gt; zh-CN) [321]" classname="com.ibm.icu.dev.test.util.LocaleMatcherTest" time="0.0"/>
  <testcase name="dataDriven(** test: TestFallbackWithDefault @supported=zh-CN, zh-TW, iw @default=fr @favor=script line 877: zh-Hans-CN &gt;&gt; zh-CN) [322]" classname="com.ibm.icu.dev.test.util.LocaleMatcherTest" time="0.0"/>
  <testcase name="dataDriven(** test: TestFallbackWithDefault @supported=zh-CN, zh-TW, iw @default=fr @favor=script line 878: zh-Hant-HK &gt;&gt; zh-TW) [323]" classname="com.ibm.icu.dev.test.util.LocaleMatcherTest" time="0.0"/>
  <testcase name="dataDriven(** test: TestFallbackWithDefault @supported=zh-CN, zh-TW, iw @default=fr @favor=script line 879: he-IT &gt;&gt; iw) [324]" classname="com.ibm.icu.dev.test.util.LocaleMatcherTest" time="0.0"/>
  <testcase name="dataDriven(** test: TestSpecials @supported=en, fil, ro, nn line 884: tl &gt;&gt; fil) [325]" classname="com.ibm.icu.dev.test.util.LocaleMatcherTest" time="0.0"/>
  <testcase name="dataDriven(** test: TestSpecials @supported=en, fil, ro, nn line 885: mo &gt;&gt; ro) [326]" classname="com.ibm.icu.dev.test.util.LocaleMatcherTest" time="0.0"/>
  <testcase name="dataDriven(** test: TestSpecials @supported=en, fil, ro, nn line 886: nb &gt;&gt; nn) [327]" classname="com.ibm.icu.dev.test.util.LocaleMatcherTest" time="0.0"/>
  <testcase name="dataDriven(** test: TestSpecials @supported=en, fil, ro, nn line 887: ja &gt;&gt; en # Make sure default works.) [328]" classname="com.ibm.icu.dev.test.util.LocaleMatcherTest" time="0.0"/>
  <testcase name="dataDriven(** test: TestRegionalSpecials @supported=en, en-GB, es-ES, es-419 line 892: en-AU &gt;&gt; en-GB) [329]" classname="com.ibm.icu.dev.test.util.LocaleMatcherTest" time="0.0"/>
  <testcase name="dataDriven(** test: TestRegionalSpecials @supported=en, en-GB, es-ES, es-419 line 894: es-MX &gt;&gt; es-419) [330]" classname="com.ibm.icu.dev.test.util.LocaleMatcherTest" time="0.0"/>
  <testcase name="dataDriven(** test: TestRegionalSpecials @supported=en, en-GB, es-ES, es-419 line 895: es-PT &gt;&gt; es-ES) [331]" classname="com.ibm.icu.dev.test.util.LocaleMatcherTest" time="0.0"/>
  <testcase name="dataDriven(** test: TestRegionalSpecials @supported=en, en-GB, es-ES, es-419 @favor=script line 898: en-AU &gt;&gt; en-GB) [332]" classname="com.ibm.icu.dev.test.util.LocaleMatcherTest" time="0.0"/>
  <testcase name="dataDriven(** test: TestRegionalSpecials @supported=en, en-GB, es-ES, es-419 @favor=script line 899: es-MX &gt;&gt; es-419) [333]" classname="com.ibm.icu.dev.test.util.LocaleMatcherTest" time="0.0"/>
  <testcase name="dataDriven(** test: TestRegionalSpecials @supported=en, en-GB, es-ES, es-419 @favor=script line 900: es-PT &gt;&gt; es-ES) [334]" classname="com.ibm.icu.dev.test.util.LocaleMatcherTest" time="0.0"/>
  <testcase name="dataDriven(** test: TestEmpty line 903: fr &gt;&gt; null) [335]" classname="com.ibm.icu.dev.test.util.LocaleMatcherTest" time="0.0"/>
  <testcase name="dataDriven(** test: TestUndefined @supported=it, fr line 909: und &gt;&gt; it) [336]" classname="com.ibm.icu.dev.test.util.LocaleMatcherTest" time="0.0"/>
  <testcase name="dataDriven(** test: TestUndefined @supported=it, und line 912: und &gt;&gt; und) [337]" classname="com.ibm.icu.dev.test.util.LocaleMatcherTest" time="0.0"/>
  <testcase name="dataDriven(** test: TestUndefined @supported=it, en line 924: und &gt;&gt; it) [338]" classname="com.ibm.icu.dev.test.util.LocaleMatcherTest" time="0.0"/>
  <testcase name="dataDriven(** test: TestUndefined @supported=it, und line 926: en &gt;&gt; it) [339]" classname="com.ibm.icu.dev.test.util.LocaleMatcherTest" time="0.0"/>
  <testcase name="dataDriven(** test: TestVariantWithScriptMatch @supported=fr, en, sv line 930: en-GB &gt;&gt; en) [340]" classname="com.ibm.icu.dev.test.util.LocaleMatcherTest" time="0.0"/>
  <testcase name="dataDriven(** test: TestVariantWithScriptMatch @supported=fr, en, sv line 931: en-GB, sv &gt;&gt; en) [341]" classname="com.ibm.icu.dev.test.util.LocaleMatcherTest" time="0.0"/>
  <testcase name="dataDriven(** test: TestVariantWithScriptMatch @supported=fr, en, sv @favor=script line 934: en-GB, sv &gt;&gt; en) [342]" classname="com.ibm.icu.dev.test.util.LocaleMatcherTest" time="0.0"/>
  <testcase name="dataDriven(** test: Serbian @supported=und, sr line 938: sr-ME &gt;&gt; sr) [343]" classname="com.ibm.icu.dev.test.util.LocaleMatcherTest" time="0.0"/>
  <testcase name="dataDriven(** test: Serbian @supported=und, sr-ME line 940: sr &gt;&gt; sr-ME) [344]" classname="com.ibm.icu.dev.test.util.LocaleMatcherTest" time="0.0"/>
  <testcase name="dataDriven(** test: Serbian @supported=und, sr-Latn line 942: bs &gt;&gt; und) [345]" classname="com.ibm.icu.dev.test.util.LocaleMatcherTest" time="0.0"/>
  <testcase name="dataDriven(** test: Serbian @supported=und, bs line 944: sr-Latn &gt;&gt; und) [346]" classname="com.ibm.icu.dev.test.util.LocaleMatcherTest" time="0.0"/>
  <testcase name="dataDriven(** test: Serbian @supported=und, sr line 946: bs &gt;&gt; und) [347]" classname="com.ibm.icu.dev.test.util.LocaleMatcherTest" time="0.0"/>
  <testcase name="dataDriven(** test: Serbian @supported=und, bs line 948: sr &gt;&gt; und) [348]" classname="com.ibm.icu.dev.test.util.LocaleMatcherTest" time="0.0"/>
  <testcase name="dataDriven(** test: Serbian @supported=und, sr-Latn line 950: sr &gt;&gt; sr-Latn) [349]" classname="com.ibm.icu.dev.test.util.LocaleMatcherTest" time="0.001"/>
  <testcase name="dataDriven(** test: Serbian @supported=und, sr line 952: sr-Latn &gt;&gt; sr) [350]" classname="com.ibm.icu.dev.test.util.LocaleMatcherTest" time="0.0"/>
  <testcase name="dataDriven(** test: Serbian @supported=und, sr @favor=script line 955: sr-ME &gt;&gt; sr) [351]" classname="com.ibm.icu.dev.test.util.LocaleMatcherTest" time="0.0"/>
  <testcase name="dataDriven(** test: Serbian @supported=und, sr-ME @favor=script line 957: sr &gt;&gt; sr-ME) [352]" classname="com.ibm.icu.dev.test.util.LocaleMatcherTest" time="0.0"/>
  <testcase name="dataDriven(** test: Serbian @supported=und, sr-Latn @favor=script line 959: bs &gt;&gt; sr-Latn) [353]" classname="com.ibm.icu.dev.test.util.LocaleMatcherTest" time="0.0"/>
  <testcase name="dataDriven(** test: Serbian @supported=und, bs @favor=script line 961: sr-Latn &gt;&gt; bs) [354]" classname="com.ibm.icu.dev.test.util.LocaleMatcherTest" time="0.0"/>
  <testcase name="dataDriven(** test: Serbian @supported=und, sr @favor=script line 963: bs &gt;&gt; und) [355]" classname="com.ibm.icu.dev.test.util.LocaleMatcherTest" time="0.0"/>
  <testcase name="dataDriven(** test: Serbian @supported=und, bs @favor=script line 965: sr &gt;&gt; und) [356]" classname="com.ibm.icu.dev.test.util.LocaleMatcherTest" time="0.0"/>
  <testcase name="dataDriven(** test: Serbian @supported=und, sr-Latn @favor=script line 967: sr &gt;&gt; sr-Latn) [357]" classname="com.ibm.icu.dev.test.util.LocaleMatcherTest" time="0.0"/>
  <testcase name="dataDriven(** test: Serbian @supported=und, sr @favor=script line 969: sr-Latn &gt;&gt; sr) [358]" classname="com.ibm.icu.dev.test.util.LocaleMatcherTest" time="0.0"/>
  <testcase name="dataDriven(** test: MatchGooglePrivateUseSubtag @supported=fr, x-bork, en-Latn-US line 973: x-piglatin &gt;&gt; fr) [359]" classname="com.ibm.icu.dev.test.util.LocaleMatcherTest" time="0.0"/>
  <testcase name="dataDriven(** test: MatchGooglePrivateUseSubtag @supported=fr, x-bork, en-Latn-US line 974: x-bork &gt;&gt; x-bork) [360]" classname="com.ibm.icu.dev.test.util.LocaleMatcherTest" time="0.0"/>
  <testcase name="dataDriven(** test: MatchGooglePrivateUseSubtag @supported=fr, en-GB, x-bork, es-ES, es-419 line 976: x-piglatin &gt;&gt; fr) [361]" classname="com.ibm.icu.dev.test.util.LocaleMatcherTest" time="0.001"/>
  <testcase name="dataDriven(** test: MatchGooglePrivateUseSubtag @supported=fr, en-GB, x-bork, es-ES, es-419 line 977: x-bork &gt;&gt; x-bork) [362]" classname="com.ibm.icu.dev.test.util.LocaleMatcherTest" time="0.0"/>
  <testcase name="dataDriven(** test: MatchGooglePrivateUseSubtag @supported=fr, x-bork, en-Latn-US @favor=script line 981: x-piglatin &gt;&gt; x-bork) [363]" classname="com.ibm.icu.dev.test.util.LocaleMatcherTest" time="0.0"/>
  <testcase name="dataDriven(** test: MatchGooglePrivateUseSubtag @supported=fr, x-bork, en-Latn-US @favor=script line 982: x-bork &gt;&gt; x-bork) [364]" classname="com.ibm.icu.dev.test.util.LocaleMatcherTest" time="0.0"/>
  <testcase name="dataDriven(** test: MatchGooglePrivateUseSubtag @supported=fr, en-GB, x-bork, es-ES, es-419 @favor=script line 984: x-piglatin &gt;&gt; x-bork) [365]" classname="com.ibm.icu.dev.test.util.LocaleMatcherTest" time="0.0"/>
  <testcase name="dataDriven(** test: MatchGooglePrivateUseSubtag @supported=fr, en-GB, x-bork, es-ES, es-419 @favor=script line 985: x-bork &gt;&gt; x-bork) [366]" classname="com.ibm.icu.dev.test.util.LocaleMatcherTest" time="0.001"/>
  <testcase name="dataDriven(** test: MatchLegacyCode @supported=fr, i-klingon, en-Latn-US line 989: en-GB-oed &gt;&gt; en-Latn-US) [367]" classname="com.ibm.icu.dev.test.util.LocaleMatcherTest" time="0.0"/>
  <testcase name="dataDriven(** test: MatchLegacyCode @supported=fr, i-klingon, en-Latn-US line 990: i-klingon &gt;&gt; tlh) [368]" classname="com.ibm.icu.dev.test.util.LocaleMatcherTest" time="0.0"/>
  <testcase name="dataDriven(** test: MatchLegacyCode @supported=fr, i-klingon, en-Latn-US @favor=script line 993: en-GB-oed &gt;&gt; en-Latn-US) [369]" classname="com.ibm.icu.dev.test.util.LocaleMatcherTest" time="0.0"/>
  <testcase name="dataDriven(** test: MatchLegacyCode @supported=fr, i-klingon, en-Latn-US @favor=script line 994: i-klingon &gt;&gt; tlh) [370]" classname="com.ibm.icu.dev.test.util.LocaleMatcherTest" time="0.0"/>
  <testcase name="dataDriven(** test: MatchGooglePseudoLocale @supported=fr, en-PSACCENT, ar-PSBIDI, en-PSCRACK, zh-Hans-PSCRACK, pt-PT-PSCRACK, pt line 1000: de &gt;&gt; fr) [371]" classname="com.ibm.icu.dev.test.util.LocaleMatcherTest" time="0.0"/>
  <testcase name="dataDriven(** test: MatchGooglePseudoLocale @supported=fr, en-PSACCENT, ar-PSBIDI, en-PSCRACK, zh-Hans-PSCRACK, pt-PT-PSCRACK, pt line 1001: en-US &gt;&gt; fr) [372]" classname="com.ibm.icu.dev.test.util.LocaleMatcherTest" time="0.0"/>
  <testcase name="dataDriven(** test: MatchGooglePseudoLocale @supported=fr, en-PSACCENT, ar-PSBIDI, en-PSCRACK, zh-Hans-PSCRACK, pt-PT-PSCRACK, pt line 1002: en &gt;&gt; fr) [373]" classname="com.ibm.icu.dev.test.util.LocaleMatcherTest" time="0.0"/>
  <testcase name="dataDriven(** test: MatchGooglePseudoLocale @supported=fr, en-PSACCENT, ar-PSBIDI, en-PSCRACK, zh-Hans-PSCRACK, pt-PT-PSCRACK, pt line 1003: ar-PSBIDI &gt;&gt; ar-PSBIDI) [374]" classname="com.ibm.icu.dev.test.util.LocaleMatcherTest" time="0.0"/>
  <testcase name="dataDriven(** test: MatchGooglePseudoLocale @supported=fr, en-PSACCENT, ar-PSBIDI, en-PSCRACK, zh-Hans-PSCRACK, pt-PT-PSCRACK, pt line 1004: en-PSACCENT &gt;&gt; en-PSACCENT) [375]" classname="com.ibm.icu.dev.test.util.LocaleMatcherTest" time="0.0"/>
  <testcase name="dataDriven(** test: MatchGooglePseudoLocale @supported=fr, en-PSACCENT, ar-PSBIDI, en-PSCRACK, zh-Hans-PSCRACK, pt-PT-PSCRACK, pt line 1005: en-PSCRACK &gt;&gt; en-PSCRACK) [376]" classname="com.ibm.icu.dev.test.util.LocaleMatcherTest" time="0.0"/>
  <testcase name="dataDriven(** test: MatchGooglePseudoLocale @supported=fr, en-PSACCENT, ar-PSBIDI, en-PSCRACK, zh-Hans-PSCRACK, pt-PT-PSCRACK, pt line 1006: pt-BR &gt;&gt; pt) [377]" classname="com.ibm.icu.dev.test.util.LocaleMatcherTest" time="0.0"/>
  <testcase name="dataDriven(** test: MatchGooglePseudoLocale @supported=fr, en-PSACCENT, ar-PSBIDI, en-PSCRACK, zh-Hans-PSCRACK, pt-PT-PSCRACK, pt line 1007: pt-PT-PSCRACK &gt;&gt; pt-PT-PSCRACK) [378]" classname="com.ibm.icu.dev.test.util.LocaleMatcherTest" time="0.0"/>
  <testcase name="dataDriven(** test: MatchGooglePseudoLocale @supported=fr, en-PSACCENT, ar-PSBIDI, en-PSCRACK, zh-Hans-PSCRACK, pt-PT-PSCRACK, pt line 1008: zh-Hans-PSCRACK &gt;&gt; zh-Hans-PSCRACK) [379]" classname="com.ibm.icu.dev.test.util.LocaleMatcherTest" time="0.0"/>
  <testcase name="dataDriven(** test: MatchGooglePseudoLocale @supported=fr, en-PSACCENT, ar-PSBIDI, en-PSCRACK, zh-Hans-PSCRACK, pt-PT-PSCRACK, pt @favor=script line 1011: de &gt;&gt; fr) [380]" classname="com.ibm.icu.dev.test.util.LocaleMatcherTest" time="0.0"/>
  <testcase name="dataDriven(** test: MatchGooglePseudoLocale @supported=fr, en-PSACCENT, ar-PSBIDI, en-PSCRACK, zh-Hans-PSCRACK, pt-PT-PSCRACK, pt @favor=script line 1012: en-US &gt;&gt; fr) [381]" classname="com.ibm.icu.dev.test.util.LocaleMatcherTest" time="0.0"/>
  <testcase name="dataDriven(** test: MatchGooglePseudoLocale @supported=fr, en-PSACCENT, ar-PSBIDI, en-PSCRACK, zh-Hans-PSCRACK, pt-PT-PSCRACK, pt @favor=script line 1013: en &gt;&gt; fr) [382]" classname="com.ibm.icu.dev.test.util.LocaleMatcherTest" time="0.0"/>
  <testcase name="dataDriven(** test: MatchGooglePseudoLocale @supported=fr, en-PSACCENT, ar-PSBIDI, en-PSCRACK, zh-Hans-PSCRACK, pt-PT-PSCRACK, pt @favor=script line 1014: ar-PSBIDI &gt;&gt; ar-PSBIDI) [383]" classname="com.ibm.icu.dev.test.util.LocaleMatcherTest" time="0.0"/>
  <testcase name="dataDriven(** test: MatchGooglePseudoLocale @supported=fr, en-PSACCENT, ar-PSBIDI, en-PSCRACK, zh-Hans-PSCRACK, pt-PT-PSCRACK, pt @favor=script line 1015: en-PSACCENT &gt;&gt; en-PSACCENT) [384]" classname="com.ibm.icu.dev.test.util.LocaleMatcherTest" time="0.0"/>
  <testcase name="dataDriven(** test: MatchGooglePseudoLocale @supported=fr, en-PSACCENT, ar-PSBIDI, en-PSCRACK, zh-Hans-PSCRACK, pt-PT-PSCRACK, pt @favor=script line 1016: en-PSCRACK &gt;&gt; en-PSCRACK) [385]" classname="com.ibm.icu.dev.test.util.LocaleMatcherTest" time="0.001"/>
  <testcase name="dataDriven(** test: MatchGooglePseudoLocale @supported=fr, en-PSACCENT, ar-PSBIDI, en-PSCRACK, zh-Hans-PSCRACK, pt-PT-PSCRACK, pt @favor=script line 1017: pt-BR &gt;&gt; pt) [386]" classname="com.ibm.icu.dev.test.util.LocaleMatcherTest" time="0.0"/>
  <testcase name="dataDriven(** test: MatchGooglePseudoLocale @supported=fr, en-PSACCENT, ar-PSBIDI, en-PSCRACK, zh-Hans-PSCRACK, pt-PT-PSCRACK, pt @favor=script line 1018: pt-PT-PSCRACK &gt;&gt; pt-PT-PSCRACK) [387]" classname="com.ibm.icu.dev.test.util.LocaleMatcherTest" time="0.0"/>
  <testcase name="dataDriven(** test: MatchGooglePseudoLocale @supported=fr, en-PSACCENT, ar-PSBIDI, en-PSCRACK, zh-Hans-PSCRACK, pt-PT-PSCRACK, pt @favor=script line 1019: zh-Hans-PSCRACK &gt;&gt; zh-Hans-PSCRACK) [388]" classname="com.ibm.icu.dev.test.util.LocaleMatcherTest" time="0.0"/>
  <testcase name="dataDriven(** test: MatchGooglePseudoLocaleWithFallbacks @supported=fr, en-XA, ar-XB, en-XC, zh-Hans-XC, pt line 1024: de &gt;&gt; fr) [389]" classname="com.ibm.icu.dev.test.util.LocaleMatcherTest" time="0.0"/>
  <testcase name="dataDriven(** test: MatchGooglePseudoLocaleWithFallbacks @supported=fr, en-XA, ar-XB, en-XC, zh-Hans-XC, pt line 1025: en-US &gt;&gt; fr) [390]" classname="com.ibm.icu.dev.test.util.LocaleMatcherTest" time="0.0"/>
  <testcase name="dataDriven(** test: MatchGooglePseudoLocaleWithFallbacks @supported=fr, en-XA, ar-XB, en-XC, zh-Hans-XC, pt line 1026: en &gt;&gt; fr) [391]" classname="com.ibm.icu.dev.test.util.LocaleMatcherTest" time="0.0"/>
  <testcase name="dataDriven(** test: MatchGooglePseudoLocaleWithFallbacks @supported=fr, en-XA, ar-XB, en-XC, zh-Hans-XC, pt line 1027: ar-XB &gt;&gt; ar-XB) [392]" classname="com.ibm.icu.dev.test.util.LocaleMatcherTest" time="0.0"/>
  <testcase name="dataDriven(** test: MatchGooglePseudoLocaleWithFallbacks @supported=fr, en-XA, ar-XB, en-XC, zh-Hans-XC, pt line 1028: en-XA &gt;&gt; en-XA) [393]" classname="com.ibm.icu.dev.test.util.LocaleMatcherTest" time="0.0"/>
  <testcase name="dataDriven(** test: MatchGooglePseudoLocaleWithFallbacks @supported=fr, en-XA, ar-XB, en-XC, zh-Hans-XC, pt line 1029: en-XC &gt;&gt; en-XC) [394]" classname="com.ibm.icu.dev.test.util.LocaleMatcherTest" time="0.001"/>
  <testcase name="dataDriven(** test: MatchGooglePseudoLocaleWithFallbacks @supported=fr, en-XA, ar-XB, en-XC, zh-Hans-XC, pt line 1030: pt-BR &gt;&gt; pt) [395]" classname="com.ibm.icu.dev.test.util.LocaleMatcherTest" time="0.0"/>
  <testcase name="dataDriven(** test: MatchGooglePseudoLocaleWithFallbacks @supported=fr, en-XA, ar-XB, en-XC, zh-Hans-XC, pt line 1031: zh-Hans-XC &gt;&gt; zh-Hans-XC) [396]" classname="com.ibm.icu.dev.test.util.LocaleMatcherTest" time="0.0"/>
  <testcase name="dataDriven(** test: MatchGooglePseudoLocaleWithFallbacks @supported=fr, en-XA, ar-XB, en-XC, zh-Hans-XC, pt @favor=script line 1034: de &gt;&gt; fr) [397]" classname="com.ibm.icu.dev.test.util.LocaleMatcherTest" time="0.0"/>
  <testcase name="dataDriven(** test: MatchGooglePseudoLocaleWithFallbacks @supported=fr, en-XA, ar-XB, en-XC, zh-Hans-XC, pt @favor=script line 1035: en-US &gt;&gt; fr) [398]" classname="com.ibm.icu.dev.test.util.LocaleMatcherTest" time="0.0"/>
  <testcase name="dataDriven(** test: MatchGooglePseudoLocaleWithFallbacks @supported=fr, en-XA, ar-XB, en-XC, zh-Hans-XC, pt @favor=script line 1036: en &gt;&gt; fr) [399]" classname="com.ibm.icu.dev.test.util.LocaleMatcherTest" time="0.0"/>
  <testcase name="dataDriven(** test: MatchGooglePseudoLocaleWithFallbacks @supported=fr, en-XA, ar-XB, en-XC, zh-Hans-XC, pt @favor=script line 1037: ar-XB &gt;&gt; ar-XB) [400]" classname="com.ibm.icu.dev.test.util.LocaleMatcherTest" time="0.0"/>
  <testcase name="dataDriven(** test: MatchGooglePseudoLocaleWithFallbacks @supported=fr, en-XA, ar-XB, en-XC, zh-Hans-XC, pt @favor=script line 1038: en-XA &gt;&gt; en-XA) [401]" classname="com.ibm.icu.dev.test.util.LocaleMatcherTest" time="0.0"/>
  <testcase name="dataDriven(** test: MatchGooglePseudoLocaleWithFallbacks @supported=fr, en-XA, ar-XB, en-XC, zh-Hans-XC, pt @favor=script line 1039: en-XC &gt;&gt; en-XC) [402]" classname="com.ibm.icu.dev.test.util.LocaleMatcherTest" time="0.0"/>
  <testcase name="dataDriven(** test: MatchGooglePseudoLocaleWithFallbacks @supported=fr, en-XA, ar-XB, en-XC, zh-Hans-XC, pt @favor=script line 1040: pt-BR &gt;&gt; pt) [403]" classname="com.ibm.icu.dev.test.util.LocaleMatcherTest" time="0.0"/>
  <testcase name="dataDriven(** test: MatchGooglePseudoLocaleWithFallbacks @supported=fr, en-XA, ar-XB, en-XC, zh-Hans-XC, pt @favor=script line 1041: zh-Hans-XC &gt;&gt; zh-Hans-XC) [404]" classname="com.ibm.icu.dev.test.util.LocaleMatcherTest" time="0.0"/>
  <testcase name="dataDriven(** test: DoNotMatchGooglePseudoLocale @supported=fr, en-XA, ar-XB, en-PSACCENT, ar-PSBIDI, en-DE, pt, ar-SY, ar-PSCRACK line 1045: de &gt;&gt; fr) [405]" classname="com.ibm.icu.dev.test.util.LocaleMatcherTest" time="0.001"/>
  <testcase name="dataDriven(** test: DoNotMatchGooglePseudoLocale @supported=fr, en-XA, ar-XB, en-PSACCENT, ar-PSBIDI, en-DE, pt, ar-SY, ar-PSCRACK line 1051: en &gt;&gt; en-DE) [406]" classname="com.ibm.icu.dev.test.util.LocaleMatcherTest" time="0.0"/>
  <testcase name="dataDriven(** test: DoNotMatchGooglePseudoLocale @supported=fr, en-XA, ar-XB, en-PSACCENT, ar-PSBIDI, en-DE, pt, ar-SY, ar-PSCRACK line 1052: ar-EG &gt;&gt; ar-SY) [407]" classname="com.ibm.icu.dev.test.util.LocaleMatcherTest" time="0.0"/>
  <testcase name="dataDriven(** test: DoNotMatchGooglePseudoLocale @supported=fr, en-XA, ar-XB, en-PSACCENT, ar-PSBIDI, en-DE, pt, ar-SY, ar-PSCRACK line 1053: pt-BR &gt;&gt; pt) [408]" classname="com.ibm.icu.dev.test.util.LocaleMatcherTest" time="0.0"/>
  <testcase name="dataDriven(** test: DoNotMatchGooglePseudoLocale @supported=fr, en-XA, ar-XB, en-PSACCENT, ar-PSBIDI, en-DE, pt, ar-SY, ar-PSCRACK line 1054: ar-XB &gt;&gt; ar-XB) [409]" classname="com.ibm.icu.dev.test.util.LocaleMatcherTest" time="0.0"/>
  <testcase name="dataDriven(** test: DoNotMatchGooglePseudoLocale @supported=fr, en-XA, ar-XB, en-PSACCENT, ar-PSBIDI, en-DE, pt, ar-SY, ar-PSCRACK line 1055: ar-PSBIDI &gt;&gt; ar-PSBIDI) [410]" classname="com.ibm.icu.dev.test.util.LocaleMatcherTest" time="0.0"/>
  <testcase name="dataDriven(** test: DoNotMatchGooglePseudoLocale @supported=fr, en-XA, ar-XB, en-PSACCENT, ar-PSBIDI, en-DE, pt, ar-SY, ar-PSCRACK line 1056: en-XA &gt;&gt; en-XA) [411]" classname="com.ibm.icu.dev.test.util.LocaleMatcherTest" time="0.0"/>
  <testcase name="dataDriven(** test: DoNotMatchGooglePseudoLocale @supported=fr, en-XA, ar-XB, en-PSACCENT, ar-PSBIDI, en-DE, pt, ar-SY, ar-PSCRACK line 1057: en-PSACCENT &gt;&gt; en-PSACCENT) [412]" classname="com.ibm.icu.dev.test.util.LocaleMatcherTest" time="0.0"/>
  <testcase name="dataDriven(** test: DoNotMatchGooglePseudoLocale @supported=fr, en-XA, ar-XB, en-PSACCENT, ar-PSBIDI, en-DE, pt, ar-SY, ar-PSCRACK line 1058: ar-PSCRACK &gt;&gt; ar-PSCRACK) [413]" classname="com.ibm.icu.dev.test.util.LocaleMatcherTest" time="0.0"/>
  <testcase name="dataDriven(** test: DoNotMatchGooglePseudoLocale @supported=fr, en-XA, ar-XB, en-PSACCENT, ar-PSBIDI, en-DE, pt, ar-SY, ar-PSCRACK @favor=script line 1061: de &gt;&gt; en-DE) [414]" classname="com.ibm.icu.dev.test.util.LocaleMatcherTest" time="0.0"/>
  <testcase name="dataDriven(** test: DoNotMatchGooglePseudoLocale @supported=fr, en-XA, ar-XB, en-PSACCENT, ar-PSBIDI, en-DE, pt, ar-SY, ar-PSCRACK @favor=script line 1062: en &gt;&gt; en-DE) [415]" classname="com.ibm.icu.dev.test.util.LocaleMatcherTest" time="0.0"/>
  <testcase name="dataDriven(** test: DoNotMatchGooglePseudoLocale @supported=fr, en-XA, ar-XB, en-PSACCENT, ar-PSBIDI, en-DE, pt, ar-SY, ar-PSCRACK @favor=script line 1063: ar-EG &gt;&gt; ar-SY) [416]" classname="com.ibm.icu.dev.test.util.LocaleMatcherTest" time="0.0"/>
  <testcase name="dataDriven(** test: DoNotMatchGooglePseudoLocale @supported=fr, en-XA, ar-XB, en-PSACCENT, ar-PSBIDI, en-DE, pt, ar-SY, ar-PSCRACK @favor=script line 1064: pt-BR &gt;&gt; pt) [417]" classname="com.ibm.icu.dev.test.util.LocaleMatcherTest" time="0.0"/>
  <testcase name="dataDriven(** test: DoNotMatchGooglePseudoLocale @supported=fr, en-XA, ar-XB, en-PSACCENT, ar-PSBIDI, en-DE, pt, ar-SY, ar-PSCRACK @favor=script line 1065: ar-XB &gt;&gt; ar-XB) [418]" classname="com.ibm.icu.dev.test.util.LocaleMatcherTest" time="0.0"/>
  <testcase name="dataDriven(** test: DoNotMatchGooglePseudoLocale @supported=fr, en-XA, ar-XB, en-PSACCENT, ar-PSBIDI, en-DE, pt, ar-SY, ar-PSCRACK @favor=script line 1066: ar-PSBIDI &gt;&gt; ar-PSBIDI) [419]" classname="com.ibm.icu.dev.test.util.LocaleMatcherTest" time="0.0"/>
  <testcase name="dataDriven(** test: DoNotMatchGooglePseudoLocale @supported=fr, en-XA, ar-XB, en-PSACCENT, ar-PSBIDI, en-DE, pt, ar-SY, ar-PSCRACK @favor=script line 1067: en-XA &gt;&gt; en-XA) [420]" classname="com.ibm.icu.dev.test.util.LocaleMatcherTest" time="0.0"/>
  <testcase name="dataDriven(** test: DoNotMatchGooglePseudoLocale @supported=fr, en-XA, ar-XB, en-PSACCENT, ar-PSBIDI, en-DE, pt, ar-SY, ar-PSCRACK @favor=script line 1068: en-PSACCENT &gt;&gt; en-PSACCENT) [421]" classname="com.ibm.icu.dev.test.util.LocaleMatcherTest" time="0.0"/>
  <testcase name="dataDriven(** test: DoNotMatchGooglePseudoLocale @supported=fr, en-XA, ar-XB, en-PSACCENT, ar-PSBIDI, en-DE, pt, ar-SY, ar-PSCRACK @favor=script line 1069: ar-PSCRACK &gt;&gt; ar-PSCRACK) [422]" classname="com.ibm.icu.dev.test.util.LocaleMatcherTest" time="0.0"/>
  <testcase name="dataDriven(** test: BestMatchForTraditionalChinese @supported=fr, zh-Hans-CN, en-US line 1080: zh-TW &gt;&gt; fr # no match so get first) [423]" classname="com.ibm.icu.dev.test.util.LocaleMatcherTest" time="0.0"/>
  <testcase name="dataDriven(** test: BestMatchForTraditionalChinese @supported=fr, zh-Hans-CN, en-US line 1081: zh-Hant &gt;&gt; fr # no match so get first) [424]" classname="com.ibm.icu.dev.test.util.LocaleMatcherTest" time="0.0"/>
  <testcase name="dataDriven(** test: BestMatchForTraditionalChinese @supported=fr, zh-Hans-CN, en-US line 1088: zh-TW, en &gt;&gt; en-US) [425]" classname="com.ibm.icu.dev.test.util.LocaleMatcherTest" time="0.0"/>
  <testcase name="dataDriven(** test: BestMatchForTraditionalChinese @supported=fr, zh-Hans-CN, en-US line 1089: zh-Hant-CN, en &gt;&gt; en-US) [426]" classname="com.ibm.icu.dev.test.util.LocaleMatcherTest" time="0.0"/>
  <testcase name="dataDriven(** test: BestMatchForTraditionalChinese @supported=fr, zh-Hans-CN, en-US line 1090: zh-Hans, en &gt;&gt; zh-Hans-CN) [427]" classname="com.ibm.icu.dev.test.util.LocaleMatcherTest" time="0.0"/>
  <testcase name="dataDriven(** test: MaxBeforeEquals @supported=en, fr-CA line 1096: en-US, fr-CA &gt;&gt; en) [428]" classname="com.ibm.icu.dev.test.util.LocaleMatcherTest" time="0.0"/>
  <testcase name="dataDriven(** test: MaxBeforeEquals @supported=en, fr-CA @favor=script line 1099: en-US, fr-CA &gt;&gt; en) [429]" classname="com.ibm.icu.dev.test.util.LocaleMatcherTest" time="0.0"/>
  <testcase name="dataDriven(** test: SiblingDefaultRegion @supported=de-AT, de-DE, de-CH line 1103: de &gt;&gt; de-DE) [430]" classname="com.ibm.icu.dev.test.util.LocaleMatcherTest" time="0.0"/>
  <testcase name="dataDriven(** test: ReturnDefaultInsteadOfNullForEmptyPriorityList @default=und line 1107: de &gt;&gt; und) [431]" classname="com.ibm.icu.dev.test.util.LocaleMatcherTest" time="0.0"/>
  <testcase name="dataDriven(** test: ReturnSpecifiedDefaultForNoMatch @supported=de, en, fr @default=und line 1112: hi &gt;&gt; und) [432]" classname="com.ibm.icu.dev.test.util.LocaleMatcherTest" time="0.0"/>
  <testcase name="dataDriven(** test: ReturnSpecifiedDefaultForNoMatch @supported=de, en, fr @default=und @favor=script line 1115: hi &gt;&gt; und) [433]" classname="com.ibm.icu.dev.test.util.LocaleMatcherTest" time="0.0"/>
  <testcase name="dataDriven(** test: MatchedLanguageIgnoresDefault @supported=de, en, fr @default=und line 1120: fr &gt;&gt; fr) [434]" classname="com.ibm.icu.dev.test.util.LocaleMatcherTest" time="0.0"/>
  <testcase name="dataDriven(** test: MatchedLanguageIgnoresDefault @supported=de, en, fr @default=und @favor=script line 1123: fr &gt;&gt; fr) [435]" classname="com.ibm.icu.dev.test.util.LocaleMatcherTest" time="0.0"/>
  <testcase name="dataDriven(** test: TwoSpanishes @supported=es, es-MX @default=und line 1130: es-001 &gt;&gt; es) [436]" classname="com.ibm.icu.dev.test.util.LocaleMatcherTest" time="0.0"/>
  <testcase name="dataDriven(** test: TwoSpanishes @supported=es, es-MX @default=und line 1131: und &gt;&gt; und) [437]" classname="com.ibm.icu.dev.test.util.LocaleMatcherTest" time="0.0"/>
  <testcase name="dataDriven(** test: TwoSpanishes @supported=es, es-MX @default=und line 1132: ca &gt;&gt; es) [438]" classname="com.ibm.icu.dev.test.util.LocaleMatcherTest" time="0.0"/>
  <testcase name="dataDriven(** test: TwoSpanishes @supported=es, es-MX @default=und line 1133: gl-ES &gt;&gt; es) [439]" classname="com.ibm.icu.dev.test.util.LocaleMatcherTest" time="0.0"/>
  <testcase name="dataDriven(** test: TwoSpanishes @supported=es, es-MX @default=und line 1134: es &gt;&gt; es) [440]" classname="com.ibm.icu.dev.test.util.LocaleMatcherTest" time="0.0"/>
  <testcase name="dataDriven(** test: TwoSpanishes @supported=es, es-MX @default=und line 1135: es-MX &gt;&gt; es-MX) [441]" classname="com.ibm.icu.dev.test.util.LocaleMatcherTest" time="0.0"/>
  <testcase name="dataDriven(** test: TwoSpanishes @supported=es, es-MX @default=und line 1136: es-002 &gt;&gt; es) [442]" classname="com.ibm.icu.dev.test.util.LocaleMatcherTest" time="0.0"/>
  <testcase name="dataDriven(** test: TwoSpanishes @supported=es, es-MX @default=und line 1137: es-003 &gt;&gt; es-MX) [443]" classname="com.ibm.icu.dev.test.util.LocaleMatcherTest" time="0.0"/>
  <testcase name="dataDriven(** test: TwoSpanishes @supported=es, es-MX @default=und line 1138: es-005 &gt;&gt; es-MX) [444]" classname="com.ibm.icu.dev.test.util.LocaleMatcherTest" time="0.0"/>
  <testcase name="dataDriven(** test: TwoSpanishes @supported=es, es-MX @default=und line 1139: es-019 &gt;&gt; es-MX) [445]" classname="com.ibm.icu.dev.test.util.LocaleMatcherTest" time="0.0"/>
  <testcase name="dataDriven(** test: TwoSpanishes @supported=es, es-MX @default=und line 1140: es-029 &gt;&gt; es-MX) [446]" classname="com.ibm.icu.dev.test.util.LocaleMatcherTest" time="0.0"/>
  <testcase name="dataDriven(** test: TwoSpanishes @supported=es, es-MX @default=und line 1141: es-419 &gt;&gt; es-MX) [447]" classname="com.ibm.icu.dev.test.util.LocaleMatcherTest" time="0.0"/>
  <testcase name="dataDriven(** test: TwoSpanishes @supported=es, es-MX @default=und line 1142: es-142 &gt;&gt; es) [448]" classname="com.ibm.icu.dev.test.util.LocaleMatcherTest" time="0.0"/>
  <testcase name="dataDriven(** test: TwoSpanishes @supported=es, es-MX @default=und line 1143: es-150 &gt;&gt; es) [449]" classname="com.ibm.icu.dev.test.util.LocaleMatcherTest" time="0.0"/>
  <testcase name="dataDriven(** test: TwoSpanishes @supported=es, es-MX @default=und line 1144: es-AD &gt;&gt; es) [450]" classname="com.ibm.icu.dev.test.util.LocaleMatcherTest" time="0.0"/>
  <testcase name="dataDriven(** test: TwoSpanishes @supported=es, es-MX @default=und line 1145: es-AR &gt;&gt; es-MX) [451]" classname="com.ibm.icu.dev.test.util.LocaleMatcherTest" time="0.0"/>
  <testcase name="dataDriven(** test: TwoSpanishes @supported=es, es-MX @default=und line 1146: es-BO &gt;&gt; es-MX) [452]" classname="com.ibm.icu.dev.test.util.LocaleMatcherTest" time="0.0"/>
  <testcase name="dataDriven(** test: TwoSpanishes @supported=es, es-MX @default=und line 1147: es-BZ &gt;&gt; es-MX) [453]" classname="com.ibm.icu.dev.test.util.LocaleMatcherTest" time="0.0"/>
  <testcase name="dataDriven(** test: TwoSpanishes @supported=es, es-MX @default=und line 1148: es-CA &gt;&gt; es-MX) [454]" classname="com.ibm.icu.dev.test.util.LocaleMatcherTest" time="0.0"/>
  <testcase name="dataDriven(** test: TwoSpanishes @supported=es, es-MX @default=und line 1149: es-CL &gt;&gt; es-MX) [455]" classname="com.ibm.icu.dev.test.util.LocaleMatcherTest" time="0.0"/>
  <testcase name="dataDriven(** test: TwoSpanishes @supported=es, es-MX @default=und line 1150: es-CO &gt;&gt; es-MX) [456]" classname="com.ibm.icu.dev.test.util.LocaleMatcherTest" time="0.0"/>
  <testcase name="dataDriven(** test: TwoSpanishes @supported=es, es-MX @default=und line 1151: es-CR &gt;&gt; es-MX) [457]" classname="com.ibm.icu.dev.test.util.LocaleMatcherTest" time="0.0"/>
  <testcase name="dataDriven(** test: TwoSpanishes @supported=es, es-MX @default=und line 1152: es-CU &gt;&gt; es-MX) [458]" classname="com.ibm.icu.dev.test.util.LocaleMatcherTest" time="0.0"/>
  <testcase name="dataDriven(** test: TwoSpanishes @supported=es, es-MX @default=und line 1153: es-DO &gt;&gt; es-MX) [459]" classname="com.ibm.icu.dev.test.util.LocaleMatcherTest" time="0.0"/>
  <testcase name="dataDriven(** test: TwoSpanishes @supported=es, es-MX @default=und line 1154: es-EC &gt;&gt; es-MX) [460]" classname="com.ibm.icu.dev.test.util.LocaleMatcherTest" time="0.0"/>
  <testcase name="dataDriven(** test: TwoSpanishes @supported=es, es-MX @default=und line 1155: es-ES &gt;&gt; es) [461]" classname="com.ibm.icu.dev.test.util.LocaleMatcherTest" time="0.0"/>
  <testcase name="dataDriven(** test: TwoSpanishes @supported=es, es-MX @default=und line 1156: es-GI &gt;&gt; es) [462]" classname="com.ibm.icu.dev.test.util.LocaleMatcherTest" time="0.0"/>
  <testcase name="dataDriven(** test: TwoSpanishes @supported=es, es-MX @default=und line 1157: es-GQ &gt;&gt; es) [463]" classname="com.ibm.icu.dev.test.util.LocaleMatcherTest" time="0.0"/>
  <testcase name="dataDriven(** test: TwoSpanishes @supported=es, es-MX @default=und line 1158: es-GT &gt;&gt; es-MX) [464]" classname="com.ibm.icu.dev.test.util.LocaleMatcherTest" time="0.0"/>
  <testcase name="dataDriven(** test: TwoSpanishes @supported=es, es-MX @default=und line 1159: es-HN &gt;&gt; es-MX) [465]" classname="com.ibm.icu.dev.test.util.LocaleMatcherTest" time="0.0"/>
  <testcase name="dataDriven(** test: TwoSpanishes @supported=es, es-MX @default=und line 1160: es-NI &gt;&gt; es-MX) [466]" classname="com.ibm.icu.dev.test.util.LocaleMatcherTest" time="0.0"/>
  <testcase name="dataDriven(** test: TwoSpanishes @supported=es, es-MX @default=und line 1161: es-PA &gt;&gt; es-MX) [467]" classname="com.ibm.icu.dev.test.util.LocaleMatcherTest" time="0.0"/>
  <testcase name="dataDriven(** test: TwoSpanishes @supported=es, es-MX @default=und line 1162: es-PE &gt;&gt; es-MX) [468]" classname="com.ibm.icu.dev.test.util.LocaleMatcherTest" time="0.0"/>
  <testcase name="dataDriven(** test: TwoSpanishes @supported=es, es-MX @default=und line 1163: es-PH &gt;&gt; es) [469]" classname="com.ibm.icu.dev.test.util.LocaleMatcherTest" time="0.0"/>
  <testcase name="dataDriven(** test: TwoSpanishes @supported=es, es-MX @default=und line 1164: es-PR &gt;&gt; es-MX) [470]" classname="com.ibm.icu.dev.test.util.LocaleMatcherTest" time="0.0"/>
  <testcase name="dataDriven(** test: TwoSpanishes @supported=es, es-MX @default=und line 1165: es-PY &gt;&gt; es-MX) [471]" classname="com.ibm.icu.dev.test.util.LocaleMatcherTest" time="0.0"/>
  <testcase name="dataDriven(** test: TwoSpanishes @supported=es, es-MX @default=und line 1166: es-SV &gt;&gt; es-MX) [472]" classname="com.ibm.icu.dev.test.util.LocaleMatcherTest" time="0.0"/>
  <testcase name="dataDriven(** test: TwoSpanishes @supported=es, es-MX @default=und line 1167: es-US &gt;&gt; es-MX) [473]" classname="com.ibm.icu.dev.test.util.LocaleMatcherTest" time="0.0"/>
  <testcase name="dataDriven(** test: TwoSpanishes @supported=es, es-MX @default=und line 1168: es-UY &gt;&gt; es-MX) [474]" classname="com.ibm.icu.dev.test.util.LocaleMatcherTest" time="0.0"/>
  <testcase name="dataDriven(** test: TwoSpanishes @supported=es, es-MX @default=und line 1169: es-VE &gt;&gt; es-MX) [475]" classname="com.ibm.icu.dev.test.util.LocaleMatcherTest" time="0.0"/>
  <testcase name="dataDriven(** test: TwoSpanishes @supported=es, es-MX @default=und @favor=script line 1172: es-001 &gt;&gt; es) [476]" classname="com.ibm.icu.dev.test.util.LocaleMatcherTest" time="0.0"/>
  <testcase name="dataDriven(** test: TwoSpanishes @supported=es, es-MX @default=und @favor=script line 1173: und &gt;&gt; und) [477]" classname="com.ibm.icu.dev.test.util.LocaleMatcherTest" time="0.0"/>
  <testcase name="dataDriven(** test: TwoSpanishes @supported=es, es-MX @default=und @favor=script line 1174: ca &gt;&gt; es) [478]" classname="com.ibm.icu.dev.test.util.LocaleMatcherTest" time="0.0"/>
  <testcase name="dataDriven(** test: TwoSpanishes @supported=es, es-MX @default=und @favor=script line 1175: gl-ES &gt;&gt; es) [479]" classname="com.ibm.icu.dev.test.util.LocaleMatcherTest" time="0.0"/>
  <testcase name="dataDriven(** test: TwoSpanishes @supported=es, es-MX @default=und @favor=script line 1176: es &gt;&gt; es) [480]" classname="com.ibm.icu.dev.test.util.LocaleMatcherTest" time="0.0"/>
  <testcase name="dataDriven(** test: TwoSpanishes @supported=es, es-MX @default=und @favor=script line 1177: es-MX &gt;&gt; es-MX) [481]" classname="com.ibm.icu.dev.test.util.LocaleMatcherTest" time="0.0"/>
  <testcase name="dataDriven(** test: TwoSpanishes @supported=es, es-MX @default=und @favor=script line 1178: es-002 &gt;&gt; es) [482]" classname="com.ibm.icu.dev.test.util.LocaleMatcherTest" time="0.0"/>
  <testcase name="dataDriven(** test: TwoSpanishes @supported=es, es-MX @default=und @favor=script line 1179: es-003 &gt;&gt; es-MX) [483]" classname="com.ibm.icu.dev.test.util.LocaleMatcherTest" time="0.002"/>
  <testcase name="dataDriven(** test: TwoSpanishes @supported=es, es-MX @default=und @favor=script line 1180: es-005 &gt;&gt; es-MX) [484]" classname="com.ibm.icu.dev.test.util.LocaleMatcherTest" time="0.0"/>
  <testcase name="dataDriven(** test: TwoSpanishes @supported=es, es-MX @default=und @favor=script line 1181: es-019 &gt;&gt; es-MX) [485]" classname="com.ibm.icu.dev.test.util.LocaleMatcherTest" time="0.0"/>
  <testcase name="dataDriven(** test: TwoSpanishes @supported=es, es-MX @default=und @favor=script line 1182: es-029 &gt;&gt; es-MX) [486]" classname="com.ibm.icu.dev.test.util.LocaleMatcherTest" time="0.0"/>
  <testcase name="dataDriven(** test: TwoSpanishes @supported=es, es-MX @default=und @favor=script line 1183: es-419 &gt;&gt; es-MX) [487]" classname="com.ibm.icu.dev.test.util.LocaleMatcherTest" time="0.0"/>
  <testcase name="dataDriven(** test: TwoSpanishes @supported=es, es-MX @default=und @favor=script line 1184: es-142 &gt;&gt; es) [488]" classname="com.ibm.icu.dev.test.util.LocaleMatcherTest" time="0.0"/>
  <testcase name="dataDriven(** test: TwoSpanishes @supported=es, es-MX @default=und @favor=script line 1185: es-150 &gt;&gt; es) [489]" classname="com.ibm.icu.dev.test.util.LocaleMatcherTest" time="0.0"/>
  <testcase name="dataDriven(** test: TwoSpanishes @supported=es, es-MX @default=und @favor=script line 1186: es-AD &gt;&gt; es) [490]" classname="com.ibm.icu.dev.test.util.LocaleMatcherTest" time="0.0"/>
  <testcase name="dataDriven(** test: TwoSpanishes @supported=es, es-MX @default=und @favor=script line 1187: es-AR &gt;&gt; es-MX) [491]" classname="com.ibm.icu.dev.test.util.LocaleMatcherTest" time="0.001"/>
  <testcase name="dataDriven(** test: TwoSpanishes @supported=es, es-MX @default=und @favor=script line 1188: es-BO &gt;&gt; es-MX) [492]" classname="com.ibm.icu.dev.test.util.LocaleMatcherTest" time="0.0"/>
  <testcase name="dataDriven(** test: TwoSpanishes @supported=es, es-MX @default=und @favor=script line 1189: es-BZ &gt;&gt; es-MX) [493]" classname="com.ibm.icu.dev.test.util.LocaleMatcherTest" time="0.0"/>
  <testcase name="dataDriven(** test: TwoSpanishes @supported=es, es-MX @default=und @favor=script line 1190: es-CA &gt;&gt; es-MX) [494]" classname="com.ibm.icu.dev.test.util.LocaleMatcherTest" time="0.0"/>
  <testcase name="dataDriven(** test: TwoSpanishes @supported=es, es-MX @default=und @favor=script line 1191: es-CL &gt;&gt; es-MX) [495]" classname="com.ibm.icu.dev.test.util.LocaleMatcherTest" time="0.0"/>
  <testcase name="dataDriven(** test: TwoSpanishes @supported=es, es-MX @default=und @favor=script line 1192: es-CO &gt;&gt; es-MX) [496]" classname="com.ibm.icu.dev.test.util.LocaleMatcherTest" time="0.0"/>
  <testcase name="dataDriven(** test: TwoSpanishes @supported=es, es-MX @default=und @favor=script line 1193: es-CR &gt;&gt; es-MX) [497]" classname="com.ibm.icu.dev.test.util.LocaleMatcherTest" time="0.0"/>
  <testcase name="dataDriven(** test: TwoSpanishes @supported=es, es-MX @default=und @favor=script line 1194: es-CU &gt;&gt; es-MX) [498]" classname="com.ibm.icu.dev.test.util.LocaleMatcherTest" time="0.0"/>
  <testcase name="dataDriven(** test: TwoSpanishes @supported=es, es-MX @default=und @favor=script line 1195: es-DO &gt;&gt; es-MX) [499]" classname="com.ibm.icu.dev.test.util.LocaleMatcherTest" time="0.0"/>
  <testcase name="dataDriven(** test: TwoSpanishes @supported=es, es-MX @default=und @favor=script line 1196: es-EC &gt;&gt; es-MX) [500]" classname="com.ibm.icu.dev.test.util.LocaleMatcherTest" time="0.0"/>
  <testcase name="dataDriven(** test: TwoSpanishes @supported=es, es-MX @default=und @favor=script line 1197: es-ES &gt;&gt; es) [501]" classname="com.ibm.icu.dev.test.util.LocaleMatcherTest" time="0.001"/>
  <testcase name="dataDriven(** test: TwoSpanishes @supported=es, es-MX @default=und @favor=script line 1198: es-GI &gt;&gt; es) [502]" classname="com.ibm.icu.dev.test.util.LocaleMatcherTest" time="0.0"/>
  <testcase name="dataDriven(** test: TwoSpanishes @supported=es, es-MX @default=und @favor=script line 1199: es-GQ &gt;&gt; es) [503]" classname="com.ibm.icu.dev.test.util.LocaleMatcherTest" time="0.0"/>
  <testcase name="dataDriven(** test: TwoSpanishes @supported=es, es-MX @default=und @favor=script line 1200: es-GT &gt;&gt; es-MX) [504]" classname="com.ibm.icu.dev.test.util.LocaleMatcherTest" time="0.0"/>
  <testcase name="dataDriven(** test: TwoSpanishes @supported=es, es-MX @default=und @favor=script line 1201: es-HN &gt;&gt; es-MX) [505]" classname="com.ibm.icu.dev.test.util.LocaleMatcherTest" time="0.0"/>
  <testcase name="dataDriven(** test: TwoSpanishes @supported=es, es-MX @default=und @favor=script line 1202: es-NI &gt;&gt; es-MX) [506]" classname="com.ibm.icu.dev.test.util.LocaleMatcherTest" time="0.0"/>
  <testcase name="dataDriven(** test: TwoSpanishes @supported=es, es-MX @default=und @favor=script line 1203: es-PA &gt;&gt; es-MX) [507]" classname="com.ibm.icu.dev.test.util.LocaleMatcherTest" time="0.0"/>
  <testcase name="dataDriven(** test: TwoSpanishes @supported=es, es-MX @default=und @favor=script line 1204: es-PE &gt;&gt; es-MX) [508]" classname="com.ibm.icu.dev.test.util.LocaleMatcherTest" time="0.0"/>
  <testcase name="dataDriven(** test: TwoSpanishes @supported=es, es-MX @default=und @favor=script line 1205: es-PH &gt;&gt; es) [509]" classname="com.ibm.icu.dev.test.util.LocaleMatcherTest" time="0.0"/>
  <testcase name="dataDriven(** test: TwoSpanishes @supported=es, es-MX @default=und @favor=script line 1206: es-PR &gt;&gt; es-MX) [510]" classname="com.ibm.icu.dev.test.util.LocaleMatcherTest" time="0.0"/>
  <testcase name="dataDriven(** test: TwoSpanishes @supported=es, es-MX @default=und @favor=script line 1207: es-PY &gt;&gt; es-MX) [511]" classname="com.ibm.icu.dev.test.util.LocaleMatcherTest" time="0.0"/>
  <testcase name="dataDriven(** test: TwoSpanishes @supported=es, es-MX @default=und @favor=script line 1208: es-SV &gt;&gt; es-MX) [512]" classname="com.ibm.icu.dev.test.util.LocaleMatcherTest" time="0.0"/>
  <testcase name="dataDriven(** test: TwoSpanishes @supported=es, es-MX @default=und @favor=script line 1209: es-US &gt;&gt; es-MX) [513]" classname="com.ibm.icu.dev.test.util.LocaleMatcherTest" time="0.0"/>
  <testcase name="dataDriven(** test: TwoSpanishes @supported=es, es-MX @default=und @favor=script line 1210: es-UY &gt;&gt; es-MX) [514]" classname="com.ibm.icu.dev.test.util.LocaleMatcherTest" time="0.0"/>
  <testcase name="dataDriven(** test: TwoSpanishes @supported=es, es-MX @default=und @favor=script line 1211: es-VE &gt;&gt; es-MX) [515]" classname="com.ibm.icu.dev.test.util.LocaleMatcherTest" time="0.0"/>
  <testcase name="dataDriven(** test: Three Spanishes @supported=es, es-419, es-MX @default=und line 1216: es-001 &gt;&gt; es) [516]" classname="com.ibm.icu.dev.test.util.LocaleMatcherTest" time="0.0"/>
  <testcase name="dataDriven(** test: Three Spanishes @supported=es, es-419, es-MX @default=und line 1217: und &gt;&gt; und) [517]" classname="com.ibm.icu.dev.test.util.LocaleMatcherTest" time="0.0"/>
  <testcase name="dataDriven(** test: Three Spanishes @supported=es, es-419, es-MX @default=und line 1218: ca &gt;&gt; es) [518]" classname="com.ibm.icu.dev.test.util.LocaleMatcherTest" time="0.0"/>
  <testcase name="dataDriven(** test: Three Spanishes @supported=es, es-419, es-MX @default=und line 1219: gl-ES &gt;&gt; es) [519]" classname="com.ibm.icu.dev.test.util.LocaleMatcherTest" time="0.0"/>
  <testcase name="dataDriven(** test: Three Spanishes @supported=es, es-419, es-MX @default=und line 1220: es &gt;&gt; es) [520]" classname="com.ibm.icu.dev.test.util.LocaleMatcherTest" time="0.0"/>
  <testcase name="dataDriven(** test: Three Spanishes @supported=es, es-419, es-MX @default=und line 1221: es-419 &gt;&gt; es-419) [521]" classname="com.ibm.icu.dev.test.util.LocaleMatcherTest" time="0.0"/>
  <testcase name="dataDriven(** test: Three Spanishes @supported=es, es-419, es-MX @default=und line 1222: es-002 &gt;&gt; es) [522]" classname="com.ibm.icu.dev.test.util.LocaleMatcherTest" time="0.0"/>
  <testcase name="dataDriven(** test: Three Spanishes @supported=es, es-419, es-MX @default=und line 1223: es-003 &gt;&gt; es-419) [523]" classname="com.ibm.icu.dev.test.util.LocaleMatcherTest" time="0.0"/>
  <testcase name="dataDriven(** test: Three Spanishes @supported=es, es-419, es-MX @default=und line 1224: es-005 &gt;&gt; es-419) [524]" classname="com.ibm.icu.dev.test.util.LocaleMatcherTest" time="0.0"/>
  <testcase name="dataDriven(** test: Three Spanishes @supported=es, es-419, es-MX @default=und line 1225: es-019 &gt;&gt; es-419) [525]" classname="com.ibm.icu.dev.test.util.LocaleMatcherTest" time="0.0"/>
  <testcase name="dataDriven(** test: Three Spanishes @supported=es, es-419, es-MX @default=und line 1226: es-029 &gt;&gt; es-419) [526]" classname="com.ibm.icu.dev.test.util.LocaleMatcherTest" time="0.0"/>
  <testcase name="dataDriven(** test: Three Spanishes @supported=es, es-419, es-MX @default=und line 1227: es-142 &gt;&gt; es) [527]" classname="com.ibm.icu.dev.test.util.LocaleMatcherTest" time="0.0"/>
  <testcase name="dataDriven(** test: Three Spanishes @supported=es, es-419, es-MX @default=und line 1228: es-150 &gt;&gt; es) [528]" classname="com.ibm.icu.dev.test.util.LocaleMatcherTest" time="0.0"/>
  <testcase name="dataDriven(** test: Three Spanishes @supported=es, es-419, es-MX @default=und line 1229: es-AD &gt;&gt; es) [529]" classname="com.ibm.icu.dev.test.util.LocaleMatcherTest" time="0.0"/>
  <testcase name="dataDriven(** test: Three Spanishes @supported=es, es-419, es-MX @default=und line 1230: es-AR &gt;&gt; es-419) [530]" classname="com.ibm.icu.dev.test.util.LocaleMatcherTest" time="0.0"/>
  <testcase name="dataDriven(** test: Three Spanishes @supported=es, es-419, es-MX @default=und line 1231: es-BO &gt;&gt; es-419) [531]" classname="com.ibm.icu.dev.test.util.LocaleMatcherTest" time="0.0"/>
  <testcase name="dataDriven(** test: Three Spanishes @supported=es, es-419, es-MX @default=und line 1232: es-BZ &gt;&gt; es-419) [532]" classname="com.ibm.icu.dev.test.util.LocaleMatcherTest" time="0.0"/>
  <testcase name="dataDriven(** test: Three Spanishes @supported=es, es-419, es-MX @default=und line 1233: es-CA &gt;&gt; es-419) [533]" classname="com.ibm.icu.dev.test.util.LocaleMatcherTest" time="0.0"/>
  <testcase name="dataDriven(** test: Three Spanishes @supported=es, es-419, es-MX @default=und line 1234: es-CL &gt;&gt; es-419) [534]" classname="com.ibm.icu.dev.test.util.LocaleMatcherTest" time="0.0"/>
  <testcase name="dataDriven(** test: Three Spanishes @supported=es, es-419, es-MX @default=und line 1235: es-CO &gt;&gt; es-419) [535]" classname="com.ibm.icu.dev.test.util.LocaleMatcherTest" time="0.0"/>
  <testcase name="dataDriven(** test: Three Spanishes @supported=es, es-419, es-MX @default=und line 1236: es-CR &gt;&gt; es-419) [536]" classname="com.ibm.icu.dev.test.util.LocaleMatcherTest" time="0.0"/>
  <testcase name="dataDriven(** test: Three Spanishes @supported=es, es-419, es-MX @default=und line 1237: es-CU &gt;&gt; es-419) [537]" classname="com.ibm.icu.dev.test.util.LocaleMatcherTest" time="0.0"/>
  <testcase name="dataDriven(** test: Three Spanishes @supported=es, es-419, es-MX @default=und line 1238: es-DO &gt;&gt; es-419) [538]" classname="com.ibm.icu.dev.test.util.LocaleMatcherTest" time="0.0"/>
  <testcase name="dataDriven(** test: Three Spanishes @supported=es, es-419, es-MX @default=und line 1239: es-EC &gt;&gt; es-419) [539]" classname="com.ibm.icu.dev.test.util.LocaleMatcherTest" time="0.0"/>
  <testcase name="dataDriven(** test: Three Spanishes @supported=es, es-419, es-MX @default=und line 1240: es-ES &gt;&gt; es) [540]" classname="com.ibm.icu.dev.test.util.LocaleMatcherTest" time="0.0"/>
  <testcase name="dataDriven(** test: Three Spanishes @supported=es, es-419, es-MX @default=und line 1241: es-GI &gt;&gt; es) [541]" classname="com.ibm.icu.dev.test.util.LocaleMatcherTest" time="0.0"/>
  <testcase name="dataDriven(** test: Three Spanishes @supported=es, es-419, es-MX @default=und line 1242: es-GQ &gt;&gt; es) [542]" classname="com.ibm.icu.dev.test.util.LocaleMatcherTest" time="0.0"/>
  <testcase name="dataDriven(** test: Three Spanishes @supported=es, es-419, es-MX @default=und line 1243: es-GT &gt;&gt; es-419) [543]" classname="com.ibm.icu.dev.test.util.LocaleMatcherTest" time="0.0"/>
  <testcase name="dataDriven(** test: Three Spanishes @supported=es, es-419, es-MX @default=und line 1244: es-HN &gt;&gt; es-419) [544]" classname="com.ibm.icu.dev.test.util.LocaleMatcherTest" time="0.0"/>
  <testcase name="dataDriven(** test: Three Spanishes @supported=es, es-419, es-MX @default=und line 1245: es-MX &gt;&gt; es-MX) [545]" classname="com.ibm.icu.dev.test.util.LocaleMatcherTest" time="0.0"/>
  <testcase name="dataDriven(** test: Three Spanishes @supported=es, es-419, es-MX @default=und line 1246: es-NI &gt;&gt; es-419) [546]" classname="com.ibm.icu.dev.test.util.LocaleMatcherTest" time="0.0"/>
  <testcase name="dataDriven(** test: Three Spanishes @supported=es, es-419, es-MX @default=und line 1247: es-PA &gt;&gt; es-419) [547]" classname="com.ibm.icu.dev.test.util.LocaleMatcherTest" time="0.0"/>
  <testcase name="dataDriven(** test: Three Spanishes @supported=es, es-419, es-MX @default=und line 1248: es-PE &gt;&gt; es-419) [548]" classname="com.ibm.icu.dev.test.util.LocaleMatcherTest" time="0.0"/>
  <testcase name="dataDriven(** test: Three Spanishes @supported=es, es-419, es-MX @default=und line 1249: es-PH &gt;&gt; es) [549]" classname="com.ibm.icu.dev.test.util.LocaleMatcherTest" time="0.0"/>
  <testcase name="dataDriven(** test: Three Spanishes @supported=es, es-419, es-MX @default=und line 1250: es-PR &gt;&gt; es-419) [550]" classname="com.ibm.icu.dev.test.util.LocaleMatcherTest" time="0.0"/>
  <testcase name="dataDriven(** test: Three Spanishes @supported=es, es-419, es-MX @default=und line 1251: es-PY &gt;&gt; es-419) [551]" classname="com.ibm.icu.dev.test.util.LocaleMatcherTest" time="0.0"/>
  <testcase name="dataDriven(** test: Three Spanishes @supported=es, es-419, es-MX @default=und line 1252: es-SV &gt;&gt; es-419) [552]" classname="com.ibm.icu.dev.test.util.LocaleMatcherTest" time="0.0"/>
  <testcase name="dataDriven(** test: Three Spanishes @supported=es, es-419, es-MX @default=und line 1253: es-US &gt;&gt; es-419) [553]" classname="com.ibm.icu.dev.test.util.LocaleMatcherTest" time="0.0"/>
  <testcase name="dataDriven(** test: Three Spanishes @supported=es, es-419, es-MX @default=und line 1254: es-UY &gt;&gt; es-419) [554]" classname="com.ibm.icu.dev.test.util.LocaleMatcherTest" time="0.0"/>
  <testcase name="dataDriven(** test: Three Spanishes @supported=es, es-419, es-MX @default=und line 1255: es-VE &gt;&gt; es-419) [555]" classname="com.ibm.icu.dev.test.util.LocaleMatcherTest" time="0.0"/>
  <testcase name="dataDriven(** test: Three Spanishes @supported=es, es-419, es-MX @default=und @favor=script line 1258: es-001 &gt;&gt; es) [556]" classname="com.ibm.icu.dev.test.util.LocaleMatcherTest" time="0.0"/>
  <testcase name="dataDriven(** test: Three Spanishes @supported=es, es-419, es-MX @default=und @favor=script line 1259: und &gt;&gt; und) [557]" classname="com.ibm.icu.dev.test.util.LocaleMatcherTest" time="0.0"/>
  <testcase name="dataDriven(** test: Three Spanishes @supported=es, es-419, es-MX @default=und @favor=script line 1260: ca &gt;&gt; es) [558]" classname="com.ibm.icu.dev.test.util.LocaleMatcherTest" time="0.0"/>
  <testcase name="dataDriven(** test: Three Spanishes @supported=es, es-419, es-MX @default=und @favor=script line 1261: gl-ES &gt;&gt; es) [559]" classname="com.ibm.icu.dev.test.util.LocaleMatcherTest" time="0.0"/>
  <testcase name="dataDriven(** test: Three Spanishes @supported=es, es-419, es-MX @default=und @favor=script line 1262: es &gt;&gt; es) [560]" classname="com.ibm.icu.dev.test.util.LocaleMatcherTest" time="0.0"/>
  <testcase name="dataDriven(** test: Three Spanishes @supported=es, es-419, es-MX @default=und @favor=script line 1263: es-419 &gt;&gt; es-419) [561]" classname="com.ibm.icu.dev.test.util.LocaleMatcherTest" time="0.0"/>
  <testcase name="dataDriven(** test: Three Spanishes @supported=es, es-419, es-MX @default=und @favor=script line 1264: es-002 &gt;&gt; es) [562]" classname="com.ibm.icu.dev.test.util.LocaleMatcherTest" time="0.0"/>
  <testcase name="dataDriven(** test: Three Spanishes @supported=es, es-419, es-MX @default=und @favor=script line 1265: es-003 &gt;&gt; es-419) [563]" classname="com.ibm.icu.dev.test.util.LocaleMatcherTest" time="0.0"/>
  <testcase name="dataDriven(** test: Three Spanishes @supported=es, es-419, es-MX @default=und @favor=script line 1266: es-005 &gt;&gt; es-419) [564]" classname="com.ibm.icu.dev.test.util.LocaleMatcherTest" time="0.0"/>
  <testcase name="dataDriven(** test: Three Spanishes @supported=es, es-419, es-MX @default=und @favor=script line 1267: es-019 &gt;&gt; es-419) [565]" classname="com.ibm.icu.dev.test.util.LocaleMatcherTest" time="0.0"/>
  <testcase name="dataDriven(** test: Three Spanishes @supported=es, es-419, es-MX @default=und @favor=script line 1268: es-029 &gt;&gt; es-419) [566]" classname="com.ibm.icu.dev.test.util.LocaleMatcherTest" time="0.0"/>
  <testcase name="dataDriven(** test: Three Spanishes @supported=es, es-419, es-MX @default=und @favor=script line 1269: es-142 &gt;&gt; es) [567]" classname="com.ibm.icu.dev.test.util.LocaleMatcherTest" time="0.001"/>
  <testcase name="dataDriven(** test: Three Spanishes @supported=es, es-419, es-MX @default=und @favor=script line 1270: es-150 &gt;&gt; es) [568]" classname="com.ibm.icu.dev.test.util.LocaleMatcherTest" time="0.0"/>
  <testcase name="dataDriven(** test: Three Spanishes @supported=es, es-419, es-MX @default=und @favor=script line 1271: es-AD &gt;&gt; es) [569]" classname="com.ibm.icu.dev.test.util.LocaleMatcherTest" time="0.0"/>
  <testcase name="dataDriven(** test: Three Spanishes @supported=es, es-419, es-MX @default=und @favor=script line 1272: es-AR &gt;&gt; es-419) [570]" classname="com.ibm.icu.dev.test.util.LocaleMatcherTest" time="0.0"/>
  <testcase name="dataDriven(** test: Three Spanishes @supported=es, es-419, es-MX @default=und @favor=script line 1273: es-BO &gt;&gt; es-419) [571]" classname="com.ibm.icu.dev.test.util.LocaleMatcherTest" time="0.0"/>
  <testcase name="dataDriven(** test: Three Spanishes @supported=es, es-419, es-MX @default=und @favor=script line 1274: es-BZ &gt;&gt; es-419) [572]" classname="com.ibm.icu.dev.test.util.LocaleMatcherTest" time="0.0"/>
  <testcase name="dataDriven(** test: Three Spanishes @supported=es, es-419, es-MX @default=und @favor=script line 1275: es-CA &gt;&gt; es-419) [573]" classname="com.ibm.icu.dev.test.util.LocaleMatcherTest" time="0.0"/>
  <testcase name="dataDriven(** test: Three Spanishes @supported=es, es-419, es-MX @default=und @favor=script line 1276: es-CL &gt;&gt; es-419) [574]" classname="com.ibm.icu.dev.test.util.LocaleMatcherTest" time="0.0"/>
  <testcase name="dataDriven(** test: Three Spanishes @supported=es, es-419, es-MX @default=und @favor=script line 1277: es-CO &gt;&gt; es-419) [575]" classname="com.ibm.icu.dev.test.util.LocaleMatcherTest" time="0.0"/>
  <testcase name="dataDriven(** test: Three Spanishes @supported=es, es-419, es-MX @default=und @favor=script line 1278: es-CR &gt;&gt; es-419) [576]" classname="com.ibm.icu.dev.test.util.LocaleMatcherTest" time="0.0"/>
  <testcase name="dataDriven(** test: Three Spanishes @supported=es, es-419, es-MX @default=und @favor=script line 1279: es-CU &gt;&gt; es-419) [577]" classname="com.ibm.icu.dev.test.util.LocaleMatcherTest" time="0.0"/>
  <testcase name="dataDriven(** test: Three Spanishes @supported=es, es-419, es-MX @default=und @favor=script line 1280: es-DO &gt;&gt; es-419) [578]" classname="com.ibm.icu.dev.test.util.LocaleMatcherTest" time="0.0"/>
  <testcase name="dataDriven(** test: Three Spanishes @supported=es, es-419, es-MX @default=und @favor=script line 1281: es-EC &gt;&gt; es-419) [579]" classname="com.ibm.icu.dev.test.util.LocaleMatcherTest" time="0.0"/>
  <testcase name="dataDriven(** test: Three Spanishes @supported=es, es-419, es-MX @default=und @favor=script line 1282: es-ES &gt;&gt; es) [580]" classname="com.ibm.icu.dev.test.util.LocaleMatcherTest" time="0.0"/>
  <testcase name="dataDriven(** test: Three Spanishes @supported=es, es-419, es-MX @default=und @favor=script line 1283: es-GI &gt;&gt; es) [581]" classname="com.ibm.icu.dev.test.util.LocaleMatcherTest" time="0.0"/>
  <testcase name="dataDriven(** test: Three Spanishes @supported=es, es-419, es-MX @default=und @favor=script line 1284: es-GQ &gt;&gt; es) [582]" classname="com.ibm.icu.dev.test.util.LocaleMatcherTest" time="0.0"/>
  <testcase name="dataDriven(** test: Three Spanishes @supported=es, es-419, es-MX @default=und @favor=script line 1285: es-GT &gt;&gt; es-419) [583]" classname="com.ibm.icu.dev.test.util.LocaleMatcherTest" time="0.0"/>
  <testcase name="dataDriven(** test: Three Spanishes @supported=es, es-419, es-MX @default=und @favor=script line 1286: es-HN &gt;&gt; es-419) [584]" classname="com.ibm.icu.dev.test.util.LocaleMatcherTest" time="0.0"/>
  <testcase name="dataDriven(** test: Three Spanishes @supported=es, es-419, es-MX @default=und @favor=script line 1287: es-MX &gt;&gt; es-MX) [585]" classname="com.ibm.icu.dev.test.util.LocaleMatcherTest" time="0.0"/>
  <testcase name="dataDriven(** test: Three Spanishes @supported=es, es-419, es-MX @default=und @favor=script line 1288: es-NI &gt;&gt; es-419) [586]" classname="com.ibm.icu.dev.test.util.LocaleMatcherTest" time="0.0"/>
  <testcase name="dataDriven(** test: Three Spanishes @supported=es, es-419, es-MX @default=und @favor=script line 1289: es-PA &gt;&gt; es-419) [587]" classname="com.ibm.icu.dev.test.util.LocaleMatcherTest" time="0.0"/>
  <testcase name="dataDriven(** test: Three Spanishes @supported=es, es-419, es-MX @default=und @favor=script line 1290: es-PE &gt;&gt; es-419) [588]" classname="com.ibm.icu.dev.test.util.LocaleMatcherTest" time="0.0"/>
  <testcase name="dataDriven(** test: Three Spanishes @supported=es, es-419, es-MX @default=und @favor=script line 1291: es-PH &gt;&gt; es) [589]" classname="com.ibm.icu.dev.test.util.LocaleMatcherTest" time="0.0"/>
  <testcase name="dataDriven(** test: Three Spanishes @supported=es, es-419, es-MX @default=und @favor=script line 1292: es-PR &gt;&gt; es-419) [590]" classname="com.ibm.icu.dev.test.util.LocaleMatcherTest" time="0.0"/>
  <testcase name="dataDriven(** test: Three Spanishes @supported=es, es-419, es-MX @default=und @favor=script line 1293: es-PY &gt;&gt; es-419) [591]" classname="com.ibm.icu.dev.test.util.LocaleMatcherTest" time="0.0"/>
  <testcase name="dataDriven(** test: Three Spanishes @supported=es, es-419, es-MX @default=und @favor=script line 1294: es-SV &gt;&gt; es-419) [592]" classname="com.ibm.icu.dev.test.util.LocaleMatcherTest" time="0.0"/>
  <testcase name="dataDriven(** test: Three Spanishes @supported=es, es-419, es-MX @default=und @favor=script line 1295: es-US &gt;&gt; es-419) [593]" classname="com.ibm.icu.dev.test.util.LocaleMatcherTest" time="0.0"/>
  <testcase name="dataDriven(** test: Three Spanishes @supported=es, es-419, es-MX @default=und @favor=script line 1296: es-UY &gt;&gt; es-419) [594]" classname="com.ibm.icu.dev.test.util.LocaleMatcherTest" time="0.0"/>
  <testcase name="dataDriven(** test: Three Spanishes @supported=es, es-419, es-MX @default=und @favor=script line 1297: es-VE &gt;&gt; es-419) [595]" classname="com.ibm.icu.dev.test.util.LocaleMatcherTest" time="0.0"/>
  <testcase name="dataDriven(** test: Englishes @supported=en-GB, en-US @default=und line 1302: und &gt;&gt; und) [596]" classname="com.ibm.icu.dev.test.util.LocaleMatcherTest" time="0.0"/>
  <testcase name="dataDriven(** test: Englishes @supported=en-GB, en-US @default=und line 1303: ja &gt;&gt; und) [597]" classname="com.ibm.icu.dev.test.util.LocaleMatcherTest" time="0.0"/>
  <testcase name="dataDriven(** test: Englishes @supported=en-GB, en-US @default=und line 1304: fr-CA &gt;&gt; und) [598]" classname="com.ibm.icu.dev.test.util.LocaleMatcherTest" time="0.0"/>
  <testcase name="dataDriven(** test: Englishes @supported=en-GB, en-US @default=und line 1307: en-AU &gt;&gt; en-GB) [599]" classname="com.ibm.icu.dev.test.util.LocaleMatcherTest" time="0.0"/>
  <testcase name="dataDriven(** test: Englishes @supported=en-GB, en-US @default=und line 1308: en-BZ &gt;&gt; en-GB) [600]" classname="com.ibm.icu.dev.test.util.LocaleMatcherTest" time="0.0"/>
  <testcase name="dataDriven(** test: Englishes @supported=en-GB, en-US @default=und line 1309: en-IN &gt;&gt; en-GB) [601]" classname="com.ibm.icu.dev.test.util.LocaleMatcherTest" time="0.0"/>
  <testcase name="dataDriven(** test: Englishes @supported=en-GB, en-US @default=und line 1310: en-IE &gt;&gt; en-GB) [602]" classname="com.ibm.icu.dev.test.util.LocaleMatcherTest" time="0.0"/>
  <testcase name="dataDriven(** test: Englishes @supported=en-GB, en-US @default=und line 1311: en-JM &gt;&gt; en-GB) [603]" classname="com.ibm.icu.dev.test.util.LocaleMatcherTest" time="0.0"/>
  <testcase name="dataDriven(** test: Englishes @supported=en-GB, en-US @default=und line 1312: en-NZ &gt;&gt; en-GB) [604]" classname="com.ibm.icu.dev.test.util.LocaleMatcherTest" time="0.0"/>
  <testcase name="dataDriven(** test: Englishes @supported=en-GB, en-US @default=und line 1313: en-PK &gt;&gt; en-GB) [605]" classname="com.ibm.icu.dev.test.util.LocaleMatcherTest" time="0.0"/>
  <testcase name="dataDriven(** test: Englishes @supported=en-GB, en-US @default=und line 1314: en-TT &gt;&gt; en-GB) [606]" classname="com.ibm.icu.dev.test.util.LocaleMatcherTest" time="0.0"/>
  <testcase name="dataDriven(** test: Englishes @supported=en-GB, en-US @default=und line 1315: en-ZA &gt;&gt; en-GB) [607]" classname="com.ibm.icu.dev.test.util.LocaleMatcherTest" time="0.0"/>
  <testcase name="dataDriven(** test: Englishes @supported=en-GB, en-US @default=und line 1318: en-CA &gt;&gt; en-US) [608]" classname="com.ibm.icu.dev.test.util.LocaleMatcherTest" time="0.0"/>
  <testcase name="dataDriven(** test: Englishes @supported=en-GB, en-US @default=und line 1319: en-US &gt;&gt; en-US) [609]" classname="com.ibm.icu.dev.test.util.LocaleMatcherTest" time="0.0"/>
  <testcase name="dataDriven(** test: Englishes @supported=en-GB, en-US @default=und line 1320: en &gt;&gt; en-US) [610]" classname="com.ibm.icu.dev.test.util.LocaleMatcherTest" time="0.0"/>
  <testcase name="dataDriven(** test: Englishes @supported=en-GB, en-US @default=und @favor=script line 1323: und &gt;&gt; und) [611]" classname="com.ibm.icu.dev.test.util.LocaleMatcherTest" time="0.0"/>
  <testcase name="dataDriven(** test: Englishes @supported=en-GB, en-US @default=und @favor=script line 1324: ja &gt;&gt; und) [612]" classname="com.ibm.icu.dev.test.util.LocaleMatcherTest" time="0.0"/>
  <testcase name="dataDriven(** test: Englishes @supported=en-GB, en-US @default=und @favor=script line 1325: fr-CA &gt;&gt; en-US) [613]" classname="com.ibm.icu.dev.test.util.LocaleMatcherTest" time="0.0"/>
  <testcase name="dataDriven(** test: Englishes @supported=en-GB, en-US @default=und @favor=script line 1326: en-AU &gt;&gt; en-GB) [614]" classname="com.ibm.icu.dev.test.util.LocaleMatcherTest" time="0.0"/>
  <testcase name="dataDriven(** test: Englishes @supported=en-GB, en-US @default=und @favor=script line 1327: en-BZ &gt;&gt; en-GB) [615]" classname="com.ibm.icu.dev.test.util.LocaleMatcherTest" time="0.0"/>
  <testcase name="dataDriven(** test: Englishes @supported=en-GB, en-US @default=und @favor=script line 1328: en-CA &gt;&gt; en-US) [616]" classname="com.ibm.icu.dev.test.util.LocaleMatcherTest" time="0.0"/>
  <testcase name="dataDriven(** test: Englishes @supported=en-GB, en-US @default=und @favor=script line 1329: en-IN &gt;&gt; en-GB) [617]" classname="com.ibm.icu.dev.test.util.LocaleMatcherTest" time="0.0"/>
  <testcase name="dataDriven(** test: Englishes @supported=en-GB, en-US @default=und @favor=script line 1330: en-IE &gt;&gt; en-GB) [618]" classname="com.ibm.icu.dev.test.util.LocaleMatcherTest" time="0.0"/>
  <testcase name="dataDriven(** test: Englishes @supported=en-GB, en-US @default=und @favor=script line 1331: en-JM &gt;&gt; en-GB) [619]" classname="com.ibm.icu.dev.test.util.LocaleMatcherTest" time="0.0"/>
  <testcase name="dataDriven(** test: Englishes @supported=en-GB, en-US @default=und @favor=script line 1332: en-NZ &gt;&gt; en-GB) [620]" classname="com.ibm.icu.dev.test.util.LocaleMatcherTest" time="0.0"/>
  <testcase name="dataDriven(** test: Englishes @supported=en-GB, en-US @default=und @favor=script line 1333: en-PK &gt;&gt; en-GB) [621]" classname="com.ibm.icu.dev.test.util.LocaleMatcherTest" time="0.0"/>
  <testcase name="dataDriven(** test: Englishes @supported=en-GB, en-US @default=und @favor=script line 1334: en-TT &gt;&gt; en-GB) [622]" classname="com.ibm.icu.dev.test.util.LocaleMatcherTest" time="0.0"/>
  <testcase name="dataDriven(** test: Englishes @supported=en-GB, en-US @default=und @favor=script line 1335: en-ZA &gt;&gt; en-GB) [623]" classname="com.ibm.icu.dev.test.util.LocaleMatcherTest" time="0.0"/>
  <testcase name="dataDriven(** test: Englishes @supported=en-GB, en-US @default=und @favor=script line 1336: en-US &gt;&gt; en-US) [624]" classname="com.ibm.icu.dev.test.util.LocaleMatcherTest" time="0.0"/>
  <testcase name="dataDriven(** test: Englishes @supported=en-GB, en-US @default=und @favor=script line 1337: en &gt;&gt; en-US) [625]" classname="com.ibm.icu.dev.test.util.LocaleMatcherTest" time="0.0"/>
  <testcase name="dataDriven(** test: TestFallback @supported=en-GB, en-US, en, en-AU @default=und line 1343: und &gt;&gt; und) [626]" classname="com.ibm.icu.dev.test.util.LocaleMatcherTest" time="0.0"/>
  <testcase name="dataDriven(** test: TestFallback @supported=en-GB, en-US, en, en-AU @default=und line 1344: ja &gt;&gt; und) [627]" classname="com.ibm.icu.dev.test.util.LocaleMatcherTest" time="0.0"/>
  <testcase name="dataDriven(** test: TestFallback @supported=en-GB, en-US, en, en-AU @default=und line 1345: fr-CA &gt;&gt; und) [628]" classname="com.ibm.icu.dev.test.util.LocaleMatcherTest" time="0.0"/>
  <testcase name="dataDriven(** test: TestFallback @supported=en-GB, en-US, en, en-AU @default=und line 1348: fr &gt;&gt; und) [629]" classname="com.ibm.icu.dev.test.util.LocaleMatcherTest" time="0.0"/>
  <testcase name="dataDriven(** test: TestFallback @supported=en-AU, ja, ca @default=und line 1352: fr &gt;&gt; und) [630]" classname="com.ibm.icu.dev.test.util.LocaleMatcherTest" time="0.0"/>
  <testcase name="dataDriven(** test: TestFallback @supported=pl, ja, ca @default=und line 1356: fr &gt;&gt; und) [631]" classname="com.ibm.icu.dev.test.util.LocaleMatcherTest" time="0.0"/>
  <testcase name="dataDriven(** test: TestFallback @supported=en-GB, en-US, en, en-AU @default=und @favor=script line 1360: und &gt;&gt; und) [632]" classname="com.ibm.icu.dev.test.util.LocaleMatcherTest" time="0.0"/>
  <testcase name="dataDriven(** test: TestFallback @supported=en-GB, en-US, en, en-AU @default=und @favor=script line 1361: ja &gt;&gt; und) [633]" classname="com.ibm.icu.dev.test.util.LocaleMatcherTest" time="0.0"/>
  <testcase name="dataDriven(** test: TestFallback @supported=en-GB, en-US, en, en-AU @default=und @favor=script line 1362: fr-CA &gt;&gt; en-US) [634]" classname="com.ibm.icu.dev.test.util.LocaleMatcherTest" time="0.0"/>
  <testcase name="dataDriven(** test: TestFallback @supported=en-GB, en-US, en, en-AU @default=und @favor=script line 1363: fr &gt;&gt; en-US) [635]" classname="com.ibm.icu.dev.test.util.LocaleMatcherTest" time="0.0"/>
  <testcase name="dataDriven(** test: TestFallback @supported=en-AU, ja, ca @default=und @favor=script line 1365: fr &gt;&gt; en-AU) [636]" classname="com.ibm.icu.dev.test.util.LocaleMatcherTest" time="0.0"/>
  <testcase name="dataDriven(** test: TestFallback @supported=pl, ja, ca @default=und @favor=script line 1367: fr &gt;&gt; pl) [637]" classname="com.ibm.icu.dev.test.util.LocaleMatcherTest" time="0.0"/>
  <testcase name="dataDriven(** test: basics @supported=fr, en-GB, en line 1373: en-GB &gt;&gt; en-GB) [638]" classname="com.ibm.icu.dev.test.util.LocaleMatcherTest" time="0.0"/>
  <testcase name="dataDriven(** test: basics @supported=fr, en-GB, en line 1374: en-US &gt;&gt; en) [639]" classname="com.ibm.icu.dev.test.util.LocaleMatcherTest" time="0.0"/>
  <testcase name="dataDriven(** test: basics @supported=fr, en-GB, en line 1375: fr-FR &gt;&gt; fr) [640]" classname="com.ibm.icu.dev.test.util.LocaleMatcherTest" time="0.0"/>
  <testcase name="dataDriven(** test: basics @supported=fr, en-GB, en line 1376: ja-JP &gt;&gt; fr) [641]" classname="com.ibm.icu.dev.test.util.LocaleMatcherTest" time="0.0"/>
  <testcase name="dataDriven(** test: script fallbacks @supported=zh-CN, zh-TW, iw line 1380: zh-Hant &gt;&gt; zh-TW) [642]" classname="com.ibm.icu.dev.test.util.LocaleMatcherTest" time="0.0"/>
  <testcase name="dataDriven(** test: script fallbacks @supported=zh-CN, zh-TW, iw line 1381: zh &gt;&gt; zh-CN) [643]" classname="com.ibm.icu.dev.test.util.LocaleMatcherTest" time="0.0"/>
  <testcase name="dataDriven(** test: script fallbacks @supported=zh-CN, zh-TW, iw line 1382: zh-Hans-CN &gt;&gt; zh-CN) [644]" classname="com.ibm.icu.dev.test.util.LocaleMatcherTest" time="0.001"/>
  <testcase name="dataDriven(** test: script fallbacks @supported=zh-CN, zh-TW, iw line 1383: zh-Hant-HK &gt;&gt; zh-TW) [645]" classname="com.ibm.icu.dev.test.util.LocaleMatcherTest" time="0.0"/>
  <testcase name="dataDriven(** test: script fallbacks @supported=zh-CN, zh-TW, iw @default=iw line 1385: he-IT &gt;&gt; iw) [646]" classname="com.ibm.icu.dev.test.util.LocaleMatcherTest" time="0.0"/>
  <testcase name="dataDriven(** test: script fallbacks @supported=zh-CN, zh-TW, iw @default=iw @favor=script line 1388: he-IT &gt;&gt; iw) [647]" classname="com.ibm.icu.dev.test.util.LocaleMatcherTest" time="0.0"/>
  <testcase name="dataDriven(** test: language-specific script fallbacks 1 @supported=en, sr, nl line 1392: sr-Latn &gt;&gt; sr) [648]" classname="com.ibm.icu.dev.test.util.LocaleMatcherTest" time="0.0"/>
  <testcase name="dataDriven(** test: language-specific script fallbacks 1 @supported=en, sr, nl line 1393: sh &gt;&gt; en) [649]" classname="com.ibm.icu.dev.test.util.LocaleMatcherTest" time="0.0"/>
  <testcase name="dataDriven(** test: language-specific script fallbacks 1 @supported=en, sr, nl line 1394: hr &gt;&gt; en) [650]" classname="com.ibm.icu.dev.test.util.LocaleMatcherTest" time="0.0"/>
  <testcase name="dataDriven(** test: language-specific script fallbacks 1 @supported=en, sr, nl line 1395: bs &gt;&gt; en) [651]" classname="com.ibm.icu.dev.test.util.LocaleMatcherTest" time="0.0"/>
  <testcase name="dataDriven(** test: language-specific script fallbacks 1 @supported=en, sr, nl line 1396: nl-Cyrl &gt;&gt; en # Mark: Expected value should be en not sr. Script difference exceeds threshold, so can&apos;t be nl) [652]" classname="com.ibm.icu.dev.test.util.LocaleMatcherTest" time="0.0"/>
  <testcase name="dataDriven(** test: language-specific script fallbacks 1 @supported=en, sr, nl @favor=script line 1399: sr-Latn &gt;&gt; sr) [653]" classname="com.ibm.icu.dev.test.util.LocaleMatcherTest" time="0.0"/>
  <testcase name="dataDriven(** test: language-specific script fallbacks 1 @supported=en, sr, nl @favor=script line 1400: hr &gt;&gt; en) [654]" classname="com.ibm.icu.dev.test.util.LocaleMatcherTest" time="0.0"/>
  <testcase name="dataDriven(** test: language-specific script fallbacks 1 @supported=en, sr, nl @favor=script line 1401: bs &gt;&gt; en) [655]" classname="com.ibm.icu.dev.test.util.LocaleMatcherTest" time="0.0"/>
  <testcase name="dataDriven(** test: language-specific script fallbacks 1 @supported=en, sr, nl @favor=script line 1402: nl-Cyrl &gt;&gt; sr) [656]" classname="com.ibm.icu.dev.test.util.LocaleMatcherTest" time="0.0"/>
  <testcase name="dataDriven(** test: language-specific script fallbacks 2 @supported=en, sr-Latn line 1406: sr &gt;&gt; sr-Latn) [657]" classname="com.ibm.icu.dev.test.util.LocaleMatcherTest" time="0.001"/>
  <testcase name="dataDriven(** test: language-specific script fallbacks 2 @supported=en, sr-Latn line 1407: sr-Cyrl &gt;&gt; sr-Latn) [658]" classname="com.ibm.icu.dev.test.util.LocaleMatcherTest" time="0.0"/>
  <testcase name="dataDriven(** test: language-specific script fallbacks 2 @supported=en, sr-Latn @default=und line 1409: hr &gt;&gt; und) [659]" classname="com.ibm.icu.dev.test.util.LocaleMatcherTest" time="0.0"/>
  <testcase name="dataDriven(** test: language-specific script fallbacks 2 @supported=en, sr-Latn @default= @favor=script line 1413: sr &gt;&gt; sr-Latn) [660]" classname="com.ibm.icu.dev.test.util.LocaleMatcherTest" time="0.0"/>
  <testcase name="dataDriven(** test: language-specific script fallbacks 2 @supported=en, sr-Latn @default= @favor=script line 1414: sr-Cyrl &gt;&gt; sr-Latn) [661]" classname="com.ibm.icu.dev.test.util.LocaleMatcherTest" time="0.0"/>
  <testcase name="dataDriven(** test: language-specific script fallbacks 2 @supported=en, sr-Latn @default=und @favor=script line 1416: hr &gt;&gt; en) [662]" classname="com.ibm.icu.dev.test.util.LocaleMatcherTest" time="0.0"/>
  <testcase name="dataDriven(** test: don&apos;t match hr to sr-Latn @supported=en, sr-Latn line 1420: hr &gt;&gt; en) [663]" classname="com.ibm.icu.dev.test.util.LocaleMatcherTest" time="0.0"/>
  <testcase name="dataDriven(** test: don&apos;t match hr to sr-Latn @supported=en, sr-Latn @favor=script line 1423: hr &gt;&gt; en) [664]" classname="com.ibm.icu.dev.test.util.LocaleMatcherTest" time="0.0"/>
  <testcase name="dataDriven(** test: both deprecated and not @supported=fil, tl, iw, he line 1427: he-IT &gt;&gt; iw) [665]" classname="com.ibm.icu.dev.test.util.LocaleMatcherTest" time="0.0"/>
  <testcase name="dataDriven(** test: both deprecated and not @supported=fil, tl, iw, he line 1428: he &gt;&gt; iw) [666]" classname="com.ibm.icu.dev.test.util.LocaleMatcherTest" time="0.0"/>
  <testcase name="dataDriven(** test: both deprecated and not @supported=fil, tl, iw, he line 1429: iw &gt;&gt; iw) [667]" classname="com.ibm.icu.dev.test.util.LocaleMatcherTest" time="0.0"/>
  <testcase name="dataDriven(** test: both deprecated and not @supported=fil, tl, iw, he line 1430: fil-IT &gt;&gt; fil) [668]" classname="com.ibm.icu.dev.test.util.LocaleMatcherTest" time="0.0"/>
  <testcase name="dataDriven(** test: both deprecated and not @supported=fil, tl, iw, he line 1431: fil &gt;&gt; fil) [669]" classname="com.ibm.icu.dev.test.util.LocaleMatcherTest" time="0.0"/>
  <testcase name="dataDriven(** test: both deprecated and not @supported=fil, tl, iw, he line 1432: tl &gt;&gt; fil) [670]" classname="com.ibm.icu.dev.test.util.LocaleMatcherTest" time="0.0"/>
  <testcase name="dataDriven(** test: both deprecated and not @supported=fil, tl, iw, he @favor=script line 1435: he-IT &gt;&gt; iw) [671]" classname="com.ibm.icu.dev.test.util.LocaleMatcherTest" time="0.0"/>
  <testcase name="dataDriven(** test: both deprecated and not @supported=fil, tl, iw, he @favor=script line 1436: he &gt;&gt; iw) [672]" classname="com.ibm.icu.dev.test.util.LocaleMatcherTest" time="0.0"/>
  <testcase name="dataDriven(** test: both deprecated and not @supported=fil, tl, iw, he @favor=script line 1437: iw &gt;&gt; iw) [673]" classname="com.ibm.icu.dev.test.util.LocaleMatcherTest" time="0.0"/>
  <testcase name="dataDriven(** test: both deprecated and not @supported=fil, tl, iw, he @favor=script line 1438: fil-IT &gt;&gt; fil) [674]" classname="com.ibm.icu.dev.test.util.LocaleMatcherTest" time="0.001"/>
  <testcase name="dataDriven(** test: both deprecated and not @supported=fil, tl, iw, he @favor=script line 1439: fil &gt;&gt; fil) [675]" classname="com.ibm.icu.dev.test.util.LocaleMatcherTest" time="0.0"/>
  <testcase name="dataDriven(** test: both deprecated and not @supported=fil, tl, iw, he @favor=script line 1440: tl &gt;&gt; fil) [676]" classname="com.ibm.icu.dev.test.util.LocaleMatcherTest" time="0.0"/>
  <testcase name="dataDriven(** test: nearby languages: Nynorsk to Bokmål @supported=en, nb line 1444: nn &gt;&gt; nb) [677]" classname="com.ibm.icu.dev.test.util.LocaleMatcherTest" time="0.0"/>
  <testcase name="dataDriven(** test: nearby languages: Nynorsk to Bokmål @supported=en, nb @favor=script line 1447: nn &gt;&gt; nb) [678]" classname="com.ibm.icu.dev.test.util.LocaleMatcherTest" time="0.0"/>
  <testcase name="dataDriven(** test: nearby languages: Danish does not match nn @supported=en, nn line 1451: da &gt;&gt; en) [679]" classname="com.ibm.icu.dev.test.util.LocaleMatcherTest" time="0.0"/>
  <testcase name="dataDriven(** test: nearby languages: Danish does not match nn @supported=en, nn @favor=script line 1454: da &gt;&gt; en) [680]" classname="com.ibm.icu.dev.test.util.LocaleMatcherTest" time="0.0"/>
  <testcase name="dataDriven(** test: nearby languages: Danish matches no @supported=en, no line 1458: da &gt;&gt; no) [681]" classname="com.ibm.icu.dev.test.util.LocaleMatcherTest" time="0.0"/>
  <testcase name="dataDriven(** test: nearby languages: Danish matches no @supported=en, no @favor=script line 1461: da &gt;&gt; no) [682]" classname="com.ibm.icu.dev.test.util.LocaleMatcherTest" time="0.0"/>
  <testcase name="dataDriven(** test: nearby languages: Danish matches nb @supported=en, nb line 1465: da &gt;&gt; nb) [683]" classname="com.ibm.icu.dev.test.util.LocaleMatcherTest" time="0.0"/>
  <testcase name="dataDriven(** test: prefer matching languages over language variants. Get en-GB, should get nn? @supported=nn, en-GB line 1469: no, en-US &gt;&gt; en-GB) [684]" classname="com.ibm.icu.dev.test.util.LocaleMatcherTest" time="0.001"/>
  <testcase name="dataDriven(** test: prefer matching languages over language variants. Get en-GB, should get nn? @supported=nn, en-GB line 1470: nb, en-US &gt;&gt; en-GB) [685]" classname="com.ibm.icu.dev.test.util.LocaleMatcherTest" time="0.0"/>
  <testcase name="dataDriven(** test: prefer matching languages over language variants. Get en-GB, should get nn? @supported=nn, en-GB @favor=script line 1473: no, en-US &gt;&gt; nn) [686]" classname="com.ibm.icu.dev.test.util.LocaleMatcherTest" time="0.0"/>
  <testcase name="dataDriven(** test: prefer matching languages over language variants. Get en-GB, should get nn? @supported=nn, en-GB @favor=script line 1474: nb, en-US &gt;&gt; nn) [687]" classname="com.ibm.icu.dev.test.util.LocaleMatcherTest" time="0.0"/>
  <testcase name="dataDriven(** test: deprecated version is closer than same language with other differences @supported=nl, he, en-GB line 1478: iw, en-US &gt;&gt; he) [688]" classname="com.ibm.icu.dev.test.util.LocaleMatcherTest" time="0.0"/>
  <testcase name="dataDriven(** test: deprecated version is closer than same language with other differences @supported=nl, he, en-GB @favor=script line 1481: iw, en-US &gt;&gt; he) [689]" classname="com.ibm.icu.dev.test.util.LocaleMatcherTest" time="0.0"/>
  <testcase name="dataDriven(** test: macro equivalent is closer than same language with other differences @supported=nl, zh, en-GB, no line 1485: cmn, en-US &gt;&gt; zh) [690]" classname="com.ibm.icu.dev.test.util.LocaleMatcherTest" time="0.0"/>
  <testcase name="dataDriven(** test: macro equivalent is closer than same language with other differences @supported=nl, zh, en-GB, no line 1486: nb, en-US &gt;&gt; no) [691]" classname="com.ibm.icu.dev.test.util.LocaleMatcherTest" time="0.0"/>
  <testcase name="dataDriven(** test: macro equivalent is closer than same language with other differences @supported=nl, zh, en-GB, no @favor=script line 1489: cmn, en-US &gt;&gt; zh) [692]" classname="com.ibm.icu.dev.test.util.LocaleMatcherTest" time="0.0"/>
  <testcase name="dataDriven(** test: macro equivalent is closer than same language with other differences @supported=nl, zh, en-GB, no @favor=script line 1490: nb, en-US &gt;&gt; no) [693]" classname="com.ibm.icu.dev.test.util.LocaleMatcherTest" time="0.0"/>
  <testcase name="dataDriven(** test: legacy equivalent is closer than same language with other differences @supported=nl, fil, en-GB line 1494: tl, en-US &gt;&gt; fil) [694]" classname="com.ibm.icu.dev.test.util.LocaleMatcherTest" time="0.0"/>
  <testcase name="dataDriven(** test: legacy equivalent is closer than same language with other differences @supported=nl, fil, en-GB @favor=script line 1497: tl, en-US &gt;&gt; fil) [695]" classname="com.ibm.icu.dev.test.util.LocaleMatcherTest" time="0.0"/>
  <testcase name="dataDriven(** test: distinguish near equivalents @supported=en, ro, mo, ro-MD line 1501: ro &gt;&gt; ro) [696]" classname="com.ibm.icu.dev.test.util.LocaleMatcherTest" time="0.0"/>
  <testcase name="dataDriven(** test: distinguish near equivalents @supported=en, ro, mo, ro-MD line 1502: mo &gt;&gt; ro # ro=mo for the locale matcher) [697]" classname="com.ibm.icu.dev.test.util.LocaleMatcherTest" time="0.0"/>
  <testcase name="dataDriven(** test: distinguish near equivalents @supported=en, ro, mo, ro-MD line 1503: ro-MD &gt;&gt; ro-MD) [698]" classname="com.ibm.icu.dev.test.util.LocaleMatcherTest" time="0.0"/>
  <testcase name="dataDriven(** test: distinguish near equivalents @supported=en, ro, mo, ro-MD @favor=script line 1506: ro &gt;&gt; ro) [699]" classname="com.ibm.icu.dev.test.util.LocaleMatcherTest" time="0.0"/>
  <testcase name="dataDriven(** test: distinguish near equivalents @supported=en, ro, mo, ro-MD @favor=script line 1507: mo &gt;&gt; ro # ro=mo for the locale matcher) [700]" classname="com.ibm.icu.dev.test.util.LocaleMatcherTest" time="0.0"/>
  <testcase name="dataDriven(** test: distinguish near equivalents @supported=en, ro, mo, ro-MD @favor=script line 1508: ro-MD &gt;&gt; ro-MD) [701]" classname="com.ibm.icu.dev.test.util.LocaleMatcherTest" time="0.0"/>
  <testcase name="dataDriven(** test: maximization of legacy @supported=sr-Cyrl, sr-Latn, ro, ro-MD line 1512: sh &gt;&gt; sr-Latn) [702]" classname="com.ibm.icu.dev.test.util.LocaleMatcherTest" time="0.0"/>
  <testcase name="dataDriven(** test: maximization of legacy @supported=sr-Cyrl, sr-Latn, ro, ro-MD line 1513: mo &gt;&gt; ro) [703]" classname="com.ibm.icu.dev.test.util.LocaleMatcherTest" time="0.0"/>
  <testcase name="dataDriven(** test: maximization of legacy @supported=sr-Cyrl, sr-Latn, ro, ro-MD @favor=script line 1516: sh &gt;&gt; sr-Latn) [704]" classname="com.ibm.icu.dev.test.util.LocaleMatcherTest" time="0.0"/>
  <testcase name="dataDriven(** test: maximization of legacy @supported=sr-Cyrl, sr-Latn, ro, ro-MD @favor=script line 1517: mo &gt;&gt; ro) [705]" classname="com.ibm.icu.dev.test.util.LocaleMatcherTest" time="0.0"/>
  <testcase name="dataDriven(** test: empty line 1520: fr &gt;&gt; null) [706]" classname="com.ibm.icu.dev.test.util.LocaleMatcherTest" time="0.0"/>
  <testcase name="dataDriven(** test: empty line 1521: en &gt;&gt; null) [707]" classname="com.ibm.icu.dev.test.util.LocaleMatcherTest" time="0.0"/>
  <testcase name="dataDriven(** test: private use subtags @supported=fr, en-GB, x-bork, es-ES, es-419 line 1525: x-piglatin &gt;&gt; fr) [708]" classname="com.ibm.icu.dev.test.util.LocaleMatcherTest" time="0.0"/>
  <testcase name="dataDriven(** test: private use subtags @supported=fr, en-GB, x-bork, es-ES, es-419 line 1526: x-bork &gt;&gt; x-bork) [709]" classname="com.ibm.icu.dev.test.util.LocaleMatcherTest" time="0.0"/>
  <testcase name="dataDriven(** test: legacy codes @supported=fr, i-klingon, en-Latn-US line 1530: en-GB-oed &gt;&gt; en-Latn-US) [710]" classname="com.ibm.icu.dev.test.util.LocaleMatcherTest" time="0.001"/>
  <testcase name="dataDriven(** test: legacy codes @supported=fr, i-klingon, en-Latn-US line 1531: i-klingon &gt;&gt; tlh) [711]" classname="com.ibm.icu.dev.test.util.LocaleMatcherTest" time="0.0"/>
  <testcase name="dataDriven(** test: simple variant match @supported=fr, en-GB, ja, es-ES, es-MX line 1536: de, en-US &gt;&gt; en-GB) [712]" classname="com.ibm.icu.dev.test.util.LocaleMatcherTest" time="0.0"/>
  <testcase name="dataDriven(** test: simple variant match @supported=fr, en-GB, ja, es-ES, es-MX line 1537: de, zh &gt;&gt; fr) [713]" classname="com.ibm.icu.dev.test.util.LocaleMatcherTest" time="0.0"/>
  <testcase name="dataDriven(** test: best match for traditional Chinese @supported=fr, zh-Hans-CN, en-US line 1541: zh-TW &gt;&gt; fr # no match so get first) [714]" classname="com.ibm.icu.dev.test.util.LocaleMatcherTest" time="0.0"/>
  <testcase name="dataDriven(** test: best match for traditional Chinese @supported=fr, zh-Hans-CN, en-US line 1542: zh-Hant &gt;&gt; fr # no match so get first) [715]" classname="com.ibm.icu.dev.test.util.LocaleMatcherTest" time="0.0"/>
  <testcase name="dataDriven(** test: best match for traditional Chinese @supported=fr, zh-Hans-CN, en-US line 1543: zh-TW, en &gt;&gt; en-US) [716]" classname="com.ibm.icu.dev.test.util.LocaleMatcherTest" time="0.0"/>
  <testcase name="dataDriven(** test: best match for traditional Chinese @supported=fr, zh-Hans-CN, en-US line 1544: zh-Hant-CN, en &gt;&gt; en-US) [717]" classname="com.ibm.icu.dev.test.util.LocaleMatcherTest" time="0.0"/>
  <testcase name="dataDriven(** test: best match for traditional Chinese @supported=fr, zh-Hans-CN, en-US line 1545: zh-Hans, en &gt;&gt; zh-Hans-CN) [718]" classname="com.ibm.icu.dev.test.util.LocaleMatcherTest" time="0.0"/>
  <testcase name="dataDriven(** test: return most originally similar among likely-subtags equivalent locales @supported=af, af-Latn, af-Arab line 1549: af &gt;&gt; af) [719]" classname="com.ibm.icu.dev.test.util.LocaleMatcherTest" time="0.0"/>
  <testcase name="dataDriven(** test: return most originally similar among likely-subtags equivalent locales @supported=af, af-Latn, af-Arab line 1550: af-ZA &gt;&gt; af) [720]" classname="com.ibm.icu.dev.test.util.LocaleMatcherTest" time="0.0"/>
  <testcase name="dataDriven(** test: return most originally similar among likely-subtags equivalent locales @supported=af, af-Latn, af-Arab line 1551: af-Latn-ZA &gt;&gt; af-Latn) [721]" classname="com.ibm.icu.dev.test.util.LocaleMatcherTest" time="0.0"/>
  <testcase name="dataDriven(** test: return most originally similar among likely-subtags equivalent locales @supported=af, af-Latn, af-Arab line 1552: af-Latn &gt;&gt; af-Latn) [722]" classname="com.ibm.icu.dev.test.util.LocaleMatcherTest" time="0.0"/>
  <testcase name="dataDriven(** test: return most originally similar among likely-subtags equivalent locales @supported=af, af-Latn, af-Arab @favor=script line 1555: af &gt;&gt; af) [723]" classname="com.ibm.icu.dev.test.util.LocaleMatcherTest" time="0.0"/>
  <testcase name="dataDriven(** test: return most originally similar among likely-subtags equivalent locales @supported=af, af-Latn, af-Arab @favor=script line 1556: af-ZA &gt;&gt; af) [724]" classname="com.ibm.icu.dev.test.util.LocaleMatcherTest" time="0.0"/>
  <testcase name="dataDriven(** test: return most originally similar among likely-subtags equivalent locales @supported=af, af-Latn, af-Arab @favor=script line 1557: af-Latn-ZA &gt;&gt; af-Latn) [725]" classname="com.ibm.icu.dev.test.util.LocaleMatcherTest" time="0.0"/>
  <testcase name="dataDriven(** test: return most originally similar among likely-subtags equivalent locales @supported=af, af-Latn, af-Arab @favor=script line 1558: af-Latn &gt;&gt; af-Latn) [726]" classname="com.ibm.icu.dev.test.util.LocaleMatcherTest" time="0.0"/>
  <testcase name="dataDriven(** test: return most originally similar among likely-subtags equivalent locales @supported=nl, nl-NL, nl-BE @favor= line 1562: nl &gt;&gt; nl) [727]" classname="com.ibm.icu.dev.test.util.LocaleMatcherTest" time="0.0"/>
  <testcase name="dataDriven(** test: return most originally similar among likely-subtags equivalent locales @supported=nl, nl-NL, nl-BE @favor= line 1563: nl-Latn &gt;&gt; nl) [728]" classname="com.ibm.icu.dev.test.util.LocaleMatcherTest" time="0.0"/>
  <testcase name="dataDriven(** test: return most originally similar among likely-subtags equivalent locales @supported=nl, nl-NL, nl-BE @favor= line 1564: nl-Latn-NL &gt;&gt; nl-NL) [729]" classname="com.ibm.icu.dev.test.util.LocaleMatcherTest" time="0.0"/>
  <testcase name="dataDriven(** test: return most originally similar among likely-subtags equivalent locales @supported=nl, nl-NL, nl-BE @favor= line 1565: nl-NL &gt;&gt; nl-NL) [730]" classname="com.ibm.icu.dev.test.util.LocaleMatcherTest" time="0.0"/>
  <testcase name="dataDriven(** test: return most originally similar among likely-subtags equivalent locales @supported=nl, nl-NL, nl-BE @favor=script line 1568: nl &gt;&gt; nl) [731]" classname="com.ibm.icu.dev.test.util.LocaleMatcherTest" time="0.0"/>
  <testcase name="dataDriven(** test: return most originally similar among likely-subtags equivalent locales @supported=nl, nl-NL, nl-BE @favor=script line 1569: nl-Latn &gt;&gt; nl) [732]" classname="com.ibm.icu.dev.test.util.LocaleMatcherTest" time="0.0"/>
  <testcase name="dataDriven(** test: return most originally similar among likely-subtags equivalent locales @supported=nl, nl-NL, nl-BE @favor=script line 1570: nl-Latn-NL &gt;&gt; nl-NL) [733]" classname="com.ibm.icu.dev.test.util.LocaleMatcherTest" time="0.0"/>
  <testcase name="dataDriven(** test: return most originally similar among likely-subtags equivalent locales @supported=nl, nl-NL, nl-BE @favor=script line 1571: nl-NL &gt;&gt; nl-NL) [734]" classname="com.ibm.icu.dev.test.util.LocaleMatcherTest" time="0.0"/>
  <testcase name="dataDriven(** test: return most originally similar among likely-subtags equivalent locales @supported=nl, nl-Latn, nl-NL, nl-BE @favor= line 1575: nl &gt;&gt; nl) [735]" classname="com.ibm.icu.dev.test.util.LocaleMatcherTest" time="0.0"/>
  <testcase name="dataDriven(** test: return most originally similar among likely-subtags equivalent locales @supported=nl, nl-Latn, nl-NL, nl-BE @favor= line 1576: nl-Latn &gt;&gt; nl-Latn) [736]" classname="com.ibm.icu.dev.test.util.LocaleMatcherTest" time="0.0"/>
  <testcase name="dataDriven(** test: return most originally similar among likely-subtags equivalent locales @supported=nl, nl-Latn, nl-NL, nl-BE @favor= line 1577: nl-NL &gt;&gt; nl-NL) [737]" classname="com.ibm.icu.dev.test.util.LocaleMatcherTest" time="0.0"/>
  <testcase name="dataDriven(** test: return most originally similar among likely-subtags equivalent locales @supported=nl, nl-Latn, nl-NL, nl-BE @favor= line 1578: nl-Latn-NL &gt;&gt; nl-Latn) [738]" classname="com.ibm.icu.dev.test.util.LocaleMatcherTest" time="0.0"/>
  <testcase name="dataDriven(** test: return most originally similar among likely-subtags equivalent locales @supported=nl, nl-Latn, nl-NL, nl-BE @favor=script line 1581: nl &gt;&gt; nl) [739]" classname="com.ibm.icu.dev.test.util.LocaleMatcherTest" time="0.0"/>
  <testcase name="dataDriven(** test: return most originally similar among likely-subtags equivalent locales @supported=nl, nl-Latn, nl-NL, nl-BE @favor=script line 1582: nl-Latn &gt;&gt; nl-Latn) [740]" classname="com.ibm.icu.dev.test.util.LocaleMatcherTest" time="0.0"/>
  <testcase name="dataDriven(** test: return most originally similar among likely-subtags equivalent locales @supported=nl, nl-Latn, nl-NL, nl-BE @favor=script line 1583: nl-NL &gt;&gt; nl-NL) [741]" classname="com.ibm.icu.dev.test.util.LocaleMatcherTest" time="0.0"/>
  <testcase name="dataDriven(** test: return most originally similar among likely-subtags equivalent locales @supported=nl, nl-Latn, nl-NL, nl-BE @favor=script line 1584: nl-Latn-NL &gt;&gt; nl-Latn) [742]" classname="com.ibm.icu.dev.test.util.LocaleMatcherTest" time="0.0"/>
  <testcase name="dataDriven(** test: region may replace matched if matched is enclosing @supported=es-419, es @default=es-MX line 1589: es-MX &gt;&gt; es-419) [743]" classname="com.ibm.icu.dev.test.util.LocaleMatcherTest" time="0.0"/>
  <testcase name="dataDriven(** test: region may replace matched if matched is enclosing @supported=es-419, es @default= line 1591: es-SG &gt;&gt; es) [744]" classname="com.ibm.icu.dev.test.util.LocaleMatcherTest" time="0.0"/>
  <testcase name="dataDriven(** test: region may replace matched if matched is enclosing @supported=es-419, es @default=es-MX @favor=script line 1595: es-MX &gt;&gt; es-419) [745]" classname="com.ibm.icu.dev.test.util.LocaleMatcherTest" time="0.0"/>
  <testcase name="dataDriven(** test: region may replace matched if matched is enclosing @supported=es-419, es @default= @favor=script line 1597: es-SG &gt;&gt; es) [746]" classname="com.ibm.icu.dev.test.util.LocaleMatcherTest" time="0.0"/>
  <testcase name="dataDriven(** test: region distance Portuguese @supported=pt, pt-PT line 1601: pt-ES &gt;&gt; pt-PT) [747]" classname="com.ibm.icu.dev.test.util.LocaleMatcherTest" time="0.0"/>
  <testcase name="dataDriven(** test: region distance Portuguese @supported=pt, pt-PT @favor=script line 1604: pt-ES &gt;&gt; pt-PT) [748]" classname="com.ibm.icu.dev.test.util.LocaleMatcherTest" time="0.0"/>
  <testcase name="dataDriven(** test: if no preferred locale specified, pick top language, not regional @supported=en, fr, fr-CA, fr-CH line 1608: fr-US &gt;&gt; fr) [749]" classname="com.ibm.icu.dev.test.util.LocaleMatcherTest" time="0.0"/>
  <testcase name="dataDriven(** test: if no preferred locale specified, pick top language, not regional @supported=en, fr, fr-CA, fr-CH @favor=script line 1611: fr-US &gt;&gt; fr) [750]" classname="com.ibm.icu.dev.test.util.LocaleMatcherTest" time="0.0"/>
  <testcase name="dataDriven(** test: region distance German @supported=de-AT, de-DE, de-CH line 1615: de &gt;&gt; de-DE) [751]" classname="com.ibm.icu.dev.test.util.LocaleMatcherTest" time="0.0"/>
  <testcase name="dataDriven(** test: en-AU is closer to en-GB than to en [which is en-US] @supported=en, en-GB, es-ES, es-419 line 1619: en-AU &gt;&gt; en-GB) [752]" classname="com.ibm.icu.dev.test.util.LocaleMatcherTest" time="0.0"/>
  <testcase name="dataDriven(** test: en-AU is closer to en-GB than to en [which is en-US] @supported=en, en-GB, es-ES, es-419 @default=es-MX line 1621: es-MX &gt;&gt; es-419) [753]" classname="com.ibm.icu.dev.test.util.LocaleMatcherTest" time="0.0"/>
  <testcase name="dataDriven(** test: en-AU is closer to en-GB than to en [which is en-US] @supported=en, en-GB, es-ES, es-419 @default= line 1623: es-PT &gt;&gt; es-ES) [754]" classname="com.ibm.icu.dev.test.util.LocaleMatcherTest" time="0.0"/>
  <testcase name="dataDriven(** test: en-AU is closer to en-GB than to en [which is en-US] @supported=en, en-GB, es-ES, es-419 @default= @favor=script line 1626: en-AU &gt;&gt; en-GB) [755]" classname="com.ibm.icu.dev.test.util.LocaleMatcherTest" time="0.0"/>
  <testcase name="dataDriven(** test: en-AU is closer to en-GB than to en [which is en-US] @supported=en, en-GB, es-ES, es-419 @default= @favor=script line 1627: es-MX &gt;&gt; es-419) [756]" classname="com.ibm.icu.dev.test.util.LocaleMatcherTest" time="0.0"/>
  <testcase name="dataDriven(** test: en-AU is closer to en-GB than to en [which is en-US] @supported=en, en-GB, es-ES, es-419 @default= @favor=script line 1629: es-PT &gt;&gt; es-ES) [757]" classname="com.ibm.icu.dev.test.util.LocaleMatcherTest" time="0.0"/>
  <testcase name="dataDriven(** test: undefined @supported=it, fr line 1633: und &gt;&gt; it) [758]" classname="com.ibm.icu.dev.test.util.LocaleMatcherTest" time="0.0"/>
  <testcase name="dataDriven(** test: und does not match en @supported=it, en line 1637: und &gt;&gt; it) [759]" classname="com.ibm.icu.dev.test.util.LocaleMatcherTest" time="0.0"/>
  <testcase name="dataDriven(** test: undefined in priority list @supported=it, und line 1641: und &gt;&gt; und) [760]" classname="com.ibm.icu.dev.test.util.LocaleMatcherTest" time="0.0"/>
  <testcase name="dataDriven(** test: undefined in priority list @supported=it, und line 1642: en &gt;&gt; it) [761]" classname="com.ibm.icu.dev.test.util.LocaleMatcherTest" time="0.0"/>
  <testcase name="dataDriven(** test: undefined @supported=it, fr, zh line 1646: und-FR &gt;&gt; fr) [762]" classname="com.ibm.icu.dev.test.util.LocaleMatcherTest" time="0.0"/>
  <testcase name="dataDriven(** test: undefined @supported=it, fr, zh line 1647: und-CN &gt;&gt; zh) [763]" classname="com.ibm.icu.dev.test.util.LocaleMatcherTest" time="0.0"/>
  <testcase name="dataDriven(** test: undefined @supported=it, fr, zh line 1648: und-Hans &gt;&gt; zh) [764]" classname="com.ibm.icu.dev.test.util.LocaleMatcherTest" time="0.0"/>
  <testcase name="dataDriven(** test: undefined @supported=it, fr, zh line 1649: und-Hant &gt;&gt; it # no match so get first) [765]" classname="com.ibm.icu.dev.test.util.LocaleMatcherTest" time="0.0"/>
  <testcase name="dataDriven(** test: undefined @supported=it, fr, zh line 1650: und-Latn &gt;&gt; it) [766]" classname="com.ibm.icu.dev.test.util.LocaleMatcherTest" time="0.0"/>
  <testcase name="dataDriven(** test: undefined @supported=it, fr, zh @favor=script line 1653: und-FR &gt;&gt; fr) [767]" classname="com.ibm.icu.dev.test.util.LocaleMatcherTest" time="0.0"/>
  <testcase name="dataDriven(** test: undefined @supported=it, fr, zh @favor=script line 1654: und-CN &gt;&gt; zh) [768]" classname="com.ibm.icu.dev.test.util.LocaleMatcherTest" time="0.0"/>
  <testcase name="dataDriven(** test: undefined @supported=it, fr, zh @favor=script line 1655: und-Hans &gt;&gt; zh) [769]" classname="com.ibm.icu.dev.test.util.LocaleMatcherTest" time="0.0"/>
  <testcase name="dataDriven(** test: undefined @supported=it, fr, zh @favor=script line 1656: und-Hant &gt;&gt; it # no match so get first) [770]" classname="com.ibm.icu.dev.test.util.LocaleMatcherTest" time="0.0"/>
  <testcase name="dataDriven(** test: undefined @supported=it, fr, zh @favor=script line 1657: und-Latn &gt;&gt; it) [771]" classname="com.ibm.icu.dev.test.util.LocaleMatcherTest" time="0.0"/>
  <testcase name="dataDriven(** test: match on maximized tag @supported=fr, en-GB, ja, es-ES, es-MX line 1661: ja-JP, en-GB &gt;&gt; ja) [772]" classname="com.ibm.icu.dev.test.util.LocaleMatcherTest" time="0.0"/>
  <testcase name="dataDriven(** test: match on maximized tag @supported=fr, en-GB, ja, es-ES, es-MX line 1662: ja-Jpan-JP, en-GB &gt;&gt; ja) [773]" classname="com.ibm.icu.dev.test.util.LocaleMatcherTest" time="0.0"/>
  <testcase name="dataDriven(** test: pick best maximized tag @supported=ja, ja-Jpan-US, ja-JP, en, ru line 1666: ja-Jpan, ru &gt;&gt; ja) [774]" classname="com.ibm.icu.dev.test.util.LocaleMatcherTest" time="0.0"/>
  <testcase name="dataDriven(** test: pick best maximized tag @supported=ja, ja-Jpan-US, ja-JP, en, ru line 1667: ja-JP, ru &gt;&gt; ja-JP) [775]" classname="com.ibm.icu.dev.test.util.LocaleMatcherTest" time="0.0"/>
  <testcase name="dataDriven(** test: pick best maximized tag @supported=ja, ja-Jpan-US, ja-JP, en, ru line 1668: ja-US, ru &gt;&gt; ja-Jpan-US) [776]" classname="com.ibm.icu.dev.test.util.LocaleMatcherTest" time="0.0"/>
  <testcase name="dataDriven(** test: pick best maximized tag @supported=ja, ja-Jpan-US, ja-JP, en, ru @favor=script line 1671: ja-Jpan, ru &gt;&gt; ja) [777]" classname="com.ibm.icu.dev.test.util.LocaleMatcherTest" time="0.0"/>
  <testcase name="dataDriven(** test: pick best maximized tag @supported=ja, ja-Jpan-US, ja-JP, en, ru @favor=script line 1672: ja-JP, ru &gt;&gt; ja-JP) [778]" classname="com.ibm.icu.dev.test.util.LocaleMatcherTest" time="0.0"/>
  <testcase name="dataDriven(** test: pick best maximized tag @supported=ja, ja-Jpan-US, ja-JP, en, ru @favor=script line 1673: ja-US, ru &gt;&gt; ja-Jpan-US) [779]" classname="com.ibm.icu.dev.test.util.LocaleMatcherTest" time="0.0"/>
  <testcase name="dataDriven(** test: termination: pick best maximized match @supported=ja, ja-Jpan, ja-JP, en, ru line 1677: ja-Jpan-JP, ru &gt;&gt; ja-Jpan) [780]" classname="com.ibm.icu.dev.test.util.LocaleMatcherTest" time="0.0"/>
  <testcase name="dataDriven(** test: termination: pick best maximized match @supported=ja, ja-Jpan, ja-JP, en, ru line 1678: ja-Jpan, ru &gt;&gt; ja-Jpan) [781]" classname="com.ibm.icu.dev.test.util.LocaleMatcherTest" time="0.0"/>
  <testcase name="dataDriven(** test: termination: pick best maximized match @supported=ja, ja-Jpan, ja-JP, en, ru @favor=script line 1681: ja-Jpan-JP, ru &gt;&gt; ja-Jpan) [782]" classname="com.ibm.icu.dev.test.util.LocaleMatcherTest" time="0.0"/>
  <testcase name="dataDriven(** test: termination: pick best maximized match @supported=ja, ja-Jpan, ja-JP, en, ru @favor=script line 1682: ja-Jpan, ru &gt;&gt; ja-Jpan) [783]" classname="com.ibm.icu.dev.test.util.LocaleMatcherTest" time="0.0"/>
  <testcase name="dataDriven(** test: same language over exact, but distinguish when user is explicit @supported=fr, en-GB, ja, es-ES, es-MX line 1686: ja, de &gt;&gt; ja) [784]" classname="com.ibm.icu.dev.test.util.LocaleMatcherTest" time="0.0"/>
  <testcase name="dataDriven(** test: same language over exact, but distinguish when user is explicit @supported=en, de, fr, ja line 1688: de-CH, fr &gt;&gt; de) [785]" classname="com.ibm.icu.dev.test.util.LocaleMatcherTest" time="0.0"/>
  <testcase name="dataDriven(** test: same language over exact, but distinguish when user is explicit @supported=en-GB, nl line 1690: en, nl &gt;&gt; en-GB) [786]" classname="com.ibm.icu.dev.test.util.LocaleMatcherTest" time="0.001"/>
  <testcase name="dataDriven(** test: same language over exact, but distinguish when user is explicit @supported=en-GB, nl line 1691: en, nl, en-GB &gt;&gt; en-GB) [787]" classname="com.ibm.icu.dev.test.util.LocaleMatcherTest" time="0.0"/>
  <testcase name="dataDriven(** test: same language over exact, but distinguish when user is explicit @supported=fr, en-GB, ja, es-ES, es-MX @favor=script line 1695: ja, de &gt;&gt; ja) [788]" classname="com.ibm.icu.dev.test.util.LocaleMatcherTest" time="0.0"/>
  <testcase name="dataDriven(** test: same language over exact, but distinguish when user is explicit @supported=en, de, fr, ja @favor=script line 1697: de-CH, fr &gt;&gt; de) [789]" classname="com.ibm.icu.dev.test.util.LocaleMatcherTest" time="0.0"/>
  <testcase name="dataDriven(** test: same language over exact, but distinguish when user is explicit @supported=en-GB, nl @favor=script line 1699: en, nl &gt;&gt; en-GB) [790]" classname="com.ibm.icu.dev.test.util.LocaleMatcherTest" time="0.0"/>
  <testcase name="dataDriven(** test: same language over exact, but distinguish when user is explicit @supported=en-GB, nl @favor=script line 1700: en, nl, en-GB &gt;&gt; en-GB) [791]" classname="com.ibm.icu.dev.test.util.LocaleMatcherTest" time="0.0"/>
  <testcase name="dataDriven(** test: parent relation preserved @supported=en, en-US, en-GB, es, es-419, pt, pt-BR, pt-PT, zh, zh-Hant, zh-Hant-HK line 1704: en-150 &gt;&gt; en-GB) [792]" classname="com.ibm.icu.dev.test.util.LocaleMatcherTest" time="0.0"/>
  <testcase name="dataDriven(** test: parent relation preserved @supported=en, en-US, en-GB, es, es-419, pt, pt-BR, pt-PT, zh, zh-Hant, zh-Hant-HK line 1705: en-AU &gt;&gt; en-GB) [793]" classname="com.ibm.icu.dev.test.util.LocaleMatcherTest" time="0.0"/>
  <testcase name="dataDriven(** test: parent relation preserved @supported=en, en-US, en-GB, es, es-419, pt, pt-BR, pt-PT, zh, zh-Hant, zh-Hant-HK line 1706: en-BE &gt;&gt; en-GB) [794]" classname="com.ibm.icu.dev.test.util.LocaleMatcherTest" time="0.0"/>
  <testcase name="dataDriven(** test: parent relation preserved @supported=en, en-US, en-GB, es, es-419, pt, pt-BR, pt-PT, zh, zh-Hant, zh-Hant-HK line 1707: en-GG &gt;&gt; en-GB) [795]" classname="com.ibm.icu.dev.test.util.LocaleMatcherTest" time="0.0"/>
  <testcase name="dataDriven(** test: parent relation preserved @supported=en, en-US, en-GB, es, es-419, pt, pt-BR, pt-PT, zh, zh-Hant, zh-Hant-HK line 1708: en-GI &gt;&gt; en-GB) [796]" classname="com.ibm.icu.dev.test.util.LocaleMatcherTest" time="0.0"/>
  <testcase name="dataDriven(** test: parent relation preserved @supported=en, en-US, en-GB, es, es-419, pt, pt-BR, pt-PT, zh, zh-Hant, zh-Hant-HK line 1709: en-HK &gt;&gt; en-GB) [797]" classname="com.ibm.icu.dev.test.util.LocaleMatcherTest" time="0.0"/>
  <testcase name="dataDriven(** test: parent relation preserved @supported=en, en-US, en-GB, es, es-419, pt, pt-BR, pt-PT, zh, zh-Hant, zh-Hant-HK line 1710: en-IE &gt;&gt; en-GB) [798]" classname="com.ibm.icu.dev.test.util.LocaleMatcherTest" time="0.0"/>
  <testcase name="dataDriven(** test: parent relation preserved @supported=en, en-US, en-GB, es, es-419, pt, pt-BR, pt-PT, zh, zh-Hant, zh-Hant-HK line 1711: en-IM &gt;&gt; en-GB) [799]" classname="com.ibm.icu.dev.test.util.LocaleMatcherTest" time="0.0"/>
  <testcase name="dataDriven(** test: parent relation preserved @supported=en, en-US, en-GB, es, es-419, pt, pt-BR, pt-PT, zh, zh-Hant, zh-Hant-HK line 1712: en-IN &gt;&gt; en-GB) [800]" classname="com.ibm.icu.dev.test.util.LocaleMatcherTest" time="0.0"/>
  <testcase name="dataDriven(** test: parent relation preserved @supported=en, en-US, en-GB, es, es-419, pt, pt-BR, pt-PT, zh, zh-Hant, zh-Hant-HK line 1713: en-JE &gt;&gt; en-GB) [801]" classname="com.ibm.icu.dev.test.util.LocaleMatcherTest" time="0.0"/>
  <testcase name="dataDriven(** test: parent relation preserved @supported=en, en-US, en-GB, es, es-419, pt, pt-BR, pt-PT, zh, zh-Hant, zh-Hant-HK line 1714: en-MT &gt;&gt; en-GB) [802]" classname="com.ibm.icu.dev.test.util.LocaleMatcherTest" time="0.0"/>
  <testcase name="dataDriven(** test: parent relation preserved @supported=en, en-US, en-GB, es, es-419, pt, pt-BR, pt-PT, zh, zh-Hant, zh-Hant-HK line 1715: en-NZ &gt;&gt; en-GB) [803]" classname="com.ibm.icu.dev.test.util.LocaleMatcherTest" time="0.0"/>
  <testcase name="dataDriven(** test: parent relation preserved @supported=en, en-US, en-GB, es, es-419, pt, pt-BR, pt-PT, zh, zh-Hant, zh-Hant-HK line 1716: en-PK &gt;&gt; en-GB) [804]" classname="com.ibm.icu.dev.test.util.LocaleMatcherTest" time="0.0"/>
  <testcase name="dataDriven(** test: parent relation preserved @supported=en, en-US, en-GB, es, es-419, pt, pt-BR, pt-PT, zh, zh-Hant, zh-Hant-HK line 1717: en-SG &gt;&gt; en-GB) [805]" classname="com.ibm.icu.dev.test.util.LocaleMatcherTest" time="0.0"/>
  <testcase name="dataDriven(** test: parent relation preserved @supported=en, en-US, en-GB, es, es-419, pt, pt-BR, pt-PT, zh, zh-Hant, zh-Hant-HK line 1718: en-DE &gt;&gt; en-GB) [806]" classname="com.ibm.icu.dev.test.util.LocaleMatcherTest" time="0.0"/>
  <testcase name="dataDriven(** test: parent relation preserved @supported=en, en-US, en-GB, es, es-419, pt, pt-BR, pt-PT, zh, zh-Hant, zh-Hant-HK @default=es-AR line 1720: es-AR &gt;&gt; es-419) [807]" classname="com.ibm.icu.dev.test.util.LocaleMatcherTest" time="0.0"/>
  <testcase name="dataDriven(** test: parent relation preserved @supported=en, en-US, en-GB, es, es-419, pt, pt-BR, pt-PT, zh, zh-Hant, zh-Hant-HK @default=es-BO line 1722: es-BO &gt;&gt; es-419) [808]" classname="com.ibm.icu.dev.test.util.LocaleMatcherTest" time="0.0"/>
  <testcase name="dataDriven(** test: parent relation preserved @supported=en, en-US, en-GB, es, es-419, pt, pt-BR, pt-PT, zh, zh-Hant, zh-Hant-HK @default=es-CL line 1724: es-CL &gt;&gt; es-419) [809]" classname="com.ibm.icu.dev.test.util.LocaleMatcherTest" time="0.0"/>
  <testcase name="dataDriven(** test: parent relation preserved @supported=en, en-US, en-GB, es, es-419, pt, pt-BR, pt-PT, zh, zh-Hant, zh-Hant-HK @default=es-CO line 1726: es-CO &gt;&gt; es-419) [810]" classname="com.ibm.icu.dev.test.util.LocaleMatcherTest" time="0.0"/>
  <testcase name="dataDriven(** test: parent relation preserved @supported=en, en-US, en-GB, es, es-419, pt, pt-BR, pt-PT, zh, zh-Hant, zh-Hant-HK @default=es-CR line 1728: es-CR &gt;&gt; es-419) [811]" classname="com.ibm.icu.dev.test.util.LocaleMatcherTest" time="0.0"/>
  <testcase name="dataDriven(** test: parent relation preserved @supported=en, en-US, en-GB, es, es-419, pt, pt-BR, pt-PT, zh, zh-Hant, zh-Hant-HK @default=es-CU line 1730: es-CU &gt;&gt; es-419) [812]" classname="com.ibm.icu.dev.test.util.LocaleMatcherTest" time="0.0"/>
  <testcase name="dataDriven(** test: parent relation preserved @supported=en, en-US, en-GB, es, es-419, pt, pt-BR, pt-PT, zh, zh-Hant, zh-Hant-HK @default=es-DO line 1732: es-DO &gt;&gt; es-419) [813]" classname="com.ibm.icu.dev.test.util.LocaleMatcherTest" time="0.0"/>
  <testcase name="dataDriven(** test: parent relation preserved @supported=en, en-US, en-GB, es, es-419, pt, pt-BR, pt-PT, zh, zh-Hant, zh-Hant-HK @default=es-EC line 1734: es-EC &gt;&gt; es-419) [814]" classname="com.ibm.icu.dev.test.util.LocaleMatcherTest" time="0.0"/>
  <testcase name="dataDriven(** test: parent relation preserved @supported=en, en-US, en-GB, es, es-419, pt, pt-BR, pt-PT, zh, zh-Hant, zh-Hant-HK @default=es-GT line 1736: es-GT &gt;&gt; es-419) [815]" classname="com.ibm.icu.dev.test.util.LocaleMatcherTest" time="0.0"/>
  <testcase name="dataDriven(** test: parent relation preserved @supported=en, en-US, en-GB, es, es-419, pt, pt-BR, pt-PT, zh, zh-Hant, zh-Hant-HK @default=es-HN line 1738: es-HN &gt;&gt; es-419) [816]" classname="com.ibm.icu.dev.test.util.LocaleMatcherTest" time="0.0"/>
  <testcase name="dataDriven(** test: parent relation preserved @supported=en, en-US, en-GB, es, es-419, pt, pt-BR, pt-PT, zh, zh-Hant, zh-Hant-HK @default=es-MX line 1740: es-MX &gt;&gt; es-419) [817]" classname="com.ibm.icu.dev.test.util.LocaleMatcherTest" time="0.0"/>
  <testcase name="dataDriven(** test: parent relation preserved @supported=en, en-US, en-GB, es, es-419, pt, pt-BR, pt-PT, zh, zh-Hant, zh-Hant-HK @default=es-NI line 1742: es-NI &gt;&gt; es-419) [818]" classname="com.ibm.icu.dev.test.util.LocaleMatcherTest" time="0.001"/>
  <testcase name="dataDriven(** test: parent relation preserved @supported=en, en-US, en-GB, es, es-419, pt, pt-BR, pt-PT, zh, zh-Hant, zh-Hant-HK @default=es-PA line 1744: es-PA &gt;&gt; es-419) [819]" classname="com.ibm.icu.dev.test.util.LocaleMatcherTest" time="0.0"/>
  <testcase name="dataDriven(** test: parent relation preserved @supported=en, en-US, en-GB, es, es-419, pt, pt-BR, pt-PT, zh, zh-Hant, zh-Hant-HK @default=es-PE line 1746: es-PE &gt;&gt; es-419) [820]" classname="com.ibm.icu.dev.test.util.LocaleMatcherTest" time="0.0"/>
  <testcase name="dataDriven(** test: parent relation preserved @supported=en, en-US, en-GB, es, es-419, pt, pt-BR, pt-PT, zh, zh-Hant, zh-Hant-HK @default=es-PR line 1748: es-PR &gt;&gt; es-419) [821]" classname="com.ibm.icu.dev.test.util.LocaleMatcherTest" time="0.0"/>
  <testcase name="dataDriven(** test: parent relation preserved @supported=en, en-US, en-GB, es, es-419, pt, pt-BR, pt-PT, zh, zh-Hant, zh-Hant-HK @default= line 1750: es-PT &gt;&gt; es) [822]" classname="com.ibm.icu.dev.test.util.LocaleMatcherTest" time="0.0"/>
  <testcase name="dataDriven(** test: parent relation preserved @supported=en, en-US, en-GB, es, es-419, pt, pt-BR, pt-PT, zh, zh-Hant, zh-Hant-HK @default=es-PY line 1752: es-PY &gt;&gt; es-419) [823]" classname="com.ibm.icu.dev.test.util.LocaleMatcherTest" time="0.0"/>
  <testcase name="dataDriven(** test: parent relation preserved @supported=en, en-US, en-GB, es, es-419, pt, pt-BR, pt-PT, zh, zh-Hant, zh-Hant-HK @default=es-SV line 1754: es-SV &gt;&gt; es-419) [824]" classname="com.ibm.icu.dev.test.util.LocaleMatcherTest" time="0.0"/>
  <testcase name="dataDriven(** test: parent relation preserved @supported=en, en-US, en-GB, es, es-419, pt, pt-BR, pt-PT, zh, zh-Hant, zh-Hant-HK @default= line 1756: es-US &gt;&gt; es-419) [825]" classname="com.ibm.icu.dev.test.util.LocaleMatcherTest" time="0.0"/>
  <testcase name="dataDriven(** test: parent relation preserved @supported=en, en-US, en-GB, es, es-419, pt, pt-BR, pt-PT, zh, zh-Hant, zh-Hant-HK @default=es-UY line 1758: es-UY &gt;&gt; es-419) [826]" classname="com.ibm.icu.dev.test.util.LocaleMatcherTest" time="0.0"/>
  <testcase name="dataDriven(** test: parent relation preserved @supported=en, en-US, en-GB, es, es-419, pt, pt-BR, pt-PT, zh, zh-Hant, zh-Hant-HK @default=es-VE line 1760: es-VE &gt;&gt; es-419) [827]" classname="com.ibm.icu.dev.test.util.LocaleMatcherTest" time="0.0"/>
  <testcase name="dataDriven(** test: parent relation preserved @supported=en, en-US, en-GB, es, es-419, pt, pt-BR, pt-PT, zh, zh-Hant, zh-Hant-HK @default= line 1762: pt-AO &gt;&gt; pt-PT) [828]" classname="com.ibm.icu.dev.test.util.LocaleMatcherTest" time="0.0"/>
  <testcase name="dataDriven(** test: parent relation preserved @supported=en, en-US, en-GB, es, es-419, pt, pt-BR, pt-PT, zh, zh-Hant, zh-Hant-HK @default= line 1763: pt-CV &gt;&gt; pt-PT) [829]" classname="com.ibm.icu.dev.test.util.LocaleMatcherTest" time="0.0"/>
  <testcase name="dataDriven(** test: parent relation preserved @supported=en, en-US, en-GB, es, es-419, pt, pt-BR, pt-PT, zh, zh-Hant, zh-Hant-HK @default= line 1764: pt-GW &gt;&gt; pt-PT) [830]" classname="com.ibm.icu.dev.test.util.LocaleMatcherTest" time="0.0"/>
  <testcase name="dataDriven(** test: parent relation preserved @supported=en, en-US, en-GB, es, es-419, pt, pt-BR, pt-PT, zh, zh-Hant, zh-Hant-HK @default= line 1765: pt-MO &gt;&gt; pt-PT) [831]" classname="com.ibm.icu.dev.test.util.LocaleMatcherTest" time="0.0"/>
  <testcase name="dataDriven(** test: parent relation preserved @supported=en, en-US, en-GB, es, es-419, pt, pt-BR, pt-PT, zh, zh-Hant, zh-Hant-HK @default= line 1766: pt-MZ &gt;&gt; pt-PT) [832]" classname="com.ibm.icu.dev.test.util.LocaleMatcherTest" time="0.0"/>
  <testcase name="dataDriven(** test: parent relation preserved @supported=en, en-US, en-GB, es, es-419, pt, pt-BR, pt-PT, zh, zh-Hant, zh-Hant-HK @default= line 1767: pt-ST &gt;&gt; pt-PT) [833]" classname="com.ibm.icu.dev.test.util.LocaleMatcherTest" time="0.0"/>
  <testcase name="dataDriven(** test: parent relation preserved @supported=en, en-US, en-GB, es, es-419, pt, pt-BR, pt-PT, zh, zh-Hant, zh-Hant-HK @default= line 1768: pt-TL &gt;&gt; pt-PT) [834]" classname="com.ibm.icu.dev.test.util.LocaleMatcherTest" time="0.0"/>
  <testcase name="dataDriven(** test: parent relation preserved @supported=en, en-US, en-GB, es, es-419, pt, pt-BR, pt-PT, zh, zh-Hant, zh-Hant-HK @default= @favor=script line 1771: en-150 &gt;&gt; en-GB) [835]" classname="com.ibm.icu.dev.test.util.LocaleMatcherTest" time="0.0"/>
  <testcase name="dataDriven(** test: parent relation preserved @supported=en, en-US, en-GB, es, es-419, pt, pt-BR, pt-PT, zh, zh-Hant, zh-Hant-HK @default= @favor=script line 1772: en-AU &gt;&gt; en-GB) [836]" classname="com.ibm.icu.dev.test.util.LocaleMatcherTest" time="0.0"/>
  <testcase name="dataDriven(** test: parent relation preserved @supported=en, en-US, en-GB, es, es-419, pt, pt-BR, pt-PT, zh, zh-Hant, zh-Hant-HK @default= @favor=script line 1773: en-BE &gt;&gt; en-GB) [837]" classname="com.ibm.icu.dev.test.util.LocaleMatcherTest" time="0.0"/>
  <testcase name="dataDriven(** test: parent relation preserved @supported=en, en-US, en-GB, es, es-419, pt, pt-BR, pt-PT, zh, zh-Hant, zh-Hant-HK @default= @favor=script line 1774: en-GG &gt;&gt; en-GB) [838]" classname="com.ibm.icu.dev.test.util.LocaleMatcherTest" time="0.0"/>
  <testcase name="dataDriven(** test: parent relation preserved @supported=en, en-US, en-GB, es, es-419, pt, pt-BR, pt-PT, zh, zh-Hant, zh-Hant-HK @default= @favor=script line 1775: en-GI &gt;&gt; en-GB) [839]" classname="com.ibm.icu.dev.test.util.LocaleMatcherTest" time="0.0"/>
  <testcase name="dataDriven(** test: parent relation preserved @supported=en, en-US, en-GB, es, es-419, pt, pt-BR, pt-PT, zh, zh-Hant, zh-Hant-HK @default= @favor=script line 1776: en-HK &gt;&gt; en-GB) [840]" classname="com.ibm.icu.dev.test.util.LocaleMatcherTest" time="0.0"/>
  <testcase name="dataDriven(** test: parent relation preserved @supported=en, en-US, en-GB, es, es-419, pt, pt-BR, pt-PT, zh, zh-Hant, zh-Hant-HK @default= @favor=script line 1777: en-IE &gt;&gt; en-GB) [841]" classname="com.ibm.icu.dev.test.util.LocaleMatcherTest" time="0.0"/>
  <testcase name="dataDriven(** test: parent relation preserved @supported=en, en-US, en-GB, es, es-419, pt, pt-BR, pt-PT, zh, zh-Hant, zh-Hant-HK @default= @favor=script line 1778: en-IM &gt;&gt; en-GB) [842]" classname="com.ibm.icu.dev.test.util.LocaleMatcherTest" time="0.0"/>
  <testcase name="dataDriven(** test: parent relation preserved @supported=en, en-US, en-GB, es, es-419, pt, pt-BR, pt-PT, zh, zh-Hant, zh-Hant-HK @default= @favor=script line 1779: en-IN &gt;&gt; en-GB) [843]" classname="com.ibm.icu.dev.test.util.LocaleMatcherTest" time="0.0"/>
  <testcase name="dataDriven(** test: parent relation preserved @supported=en, en-US, en-GB, es, es-419, pt, pt-BR, pt-PT, zh, zh-Hant, zh-Hant-HK @default= @favor=script line 1780: en-JE &gt;&gt; en-GB) [844]" classname="com.ibm.icu.dev.test.util.LocaleMatcherTest" time="0.0"/>
  <testcase name="dataDriven(** test: parent relation preserved @supported=en, en-US, en-GB, es, es-419, pt, pt-BR, pt-PT, zh, zh-Hant, zh-Hant-HK @default= @favor=script line 1781: en-MT &gt;&gt; en-GB) [845]" classname="com.ibm.icu.dev.test.util.LocaleMatcherTest" time="0.0"/>
  <testcase name="dataDriven(** test: parent relation preserved @supported=en, en-US, en-GB, es, es-419, pt, pt-BR, pt-PT, zh, zh-Hant, zh-Hant-HK @default= @favor=script line 1782: en-NZ &gt;&gt; en-GB) [846]" classname="com.ibm.icu.dev.test.util.LocaleMatcherTest" time="0.0"/>
  <testcase name="dataDriven(** test: parent relation preserved @supported=en, en-US, en-GB, es, es-419, pt, pt-BR, pt-PT, zh, zh-Hant, zh-Hant-HK @default= @favor=script line 1783: en-PK &gt;&gt; en-GB) [847]" classname="com.ibm.icu.dev.test.util.LocaleMatcherTest" time="0.0"/>
  <testcase name="dataDriven(** test: parent relation preserved @supported=en, en-US, en-GB, es, es-419, pt, pt-BR, pt-PT, zh, zh-Hant, zh-Hant-HK @default= @favor=script line 1784: en-SG &gt;&gt; en-GB) [848]" classname="com.ibm.icu.dev.test.util.LocaleMatcherTest" time="0.0"/>
  <testcase name="dataDriven(** test: parent relation preserved @supported=en, en-US, en-GB, es, es-419, pt, pt-BR, pt-PT, zh, zh-Hant, zh-Hant-HK @default= @favor=script line 1785: en-DE &gt;&gt; en-GB) [849]" classname="com.ibm.icu.dev.test.util.LocaleMatcherTest" time="0.0"/>
  <testcase name="dataDriven(** test: parent relation preserved @supported=en, en-US, en-GB, es, es-419, pt, pt-BR, pt-PT, zh, zh-Hant, zh-Hant-HK @default=es-AR @favor=script line 1787: es-AR &gt;&gt; es-419) [850]" classname="com.ibm.icu.dev.test.util.LocaleMatcherTest" time="0.0"/>
  <testcase name="dataDriven(** test: parent relation preserved @supported=en, en-US, en-GB, es, es-419, pt, pt-BR, pt-PT, zh, zh-Hant, zh-Hant-HK @default=es-BO @favor=script line 1789: es-BO &gt;&gt; es-419) [851]" classname="com.ibm.icu.dev.test.util.LocaleMatcherTest" time="0.001"/>
  <testcase name="dataDriven(** test: parent relation preserved @supported=en, en-US, en-GB, es, es-419, pt, pt-BR, pt-PT, zh, zh-Hant, zh-Hant-HK @default=es-CL @favor=script line 1791: es-CL &gt;&gt; es-419) [852]" classname="com.ibm.icu.dev.test.util.LocaleMatcherTest" time="0.0"/>
  <testcase name="dataDriven(** test: parent relation preserved @supported=en, en-US, en-GB, es, es-419, pt, pt-BR, pt-PT, zh, zh-Hant, zh-Hant-HK @default=es-CO @favor=script line 1793: es-CO &gt;&gt; es-419) [853]" classname="com.ibm.icu.dev.test.util.LocaleMatcherTest" time="0.0"/>
  <testcase name="dataDriven(** test: parent relation preserved @supported=en, en-US, en-GB, es, es-419, pt, pt-BR, pt-PT, zh, zh-Hant, zh-Hant-HK @default=es-CR @favor=script line 1795: es-CR &gt;&gt; es-419) [854]" classname="com.ibm.icu.dev.test.util.LocaleMatcherTest" time="0.0"/>
  <testcase name="dataDriven(** test: parent relation preserved @supported=en, en-US, en-GB, es, es-419, pt, pt-BR, pt-PT, zh, zh-Hant, zh-Hant-HK @default=es-CU @favor=script line 1797: es-CU &gt;&gt; es-419) [855]" classname="com.ibm.icu.dev.test.util.LocaleMatcherTest" time="0.0"/>
  <testcase name="dataDriven(** test: parent relation preserved @supported=en, en-US, en-GB, es, es-419, pt, pt-BR, pt-PT, zh, zh-Hant, zh-Hant-HK @default=es-DO @favor=script line 1799: es-DO &gt;&gt; es-419) [856]" classname="com.ibm.icu.dev.test.util.LocaleMatcherTest" time="0.0"/>
  <testcase name="dataDriven(** test: parent relation preserved @supported=en, en-US, en-GB, es, es-419, pt, pt-BR, pt-PT, zh, zh-Hant, zh-Hant-HK @default=es-EC @favor=script line 1801: es-EC &gt;&gt; es-419) [857]" classname="com.ibm.icu.dev.test.util.LocaleMatcherTest" time="0.0"/>
  <testcase name="dataDriven(** test: parent relation preserved @supported=en, en-US, en-GB, es, es-419, pt, pt-BR, pt-PT, zh, zh-Hant, zh-Hant-HK @default=es-GT @favor=script line 1803: es-GT &gt;&gt; es-419) [858]" classname="com.ibm.icu.dev.test.util.LocaleMatcherTest" time="0.0"/>
  <testcase name="dataDriven(** test: parent relation preserved @supported=en, en-US, en-GB, es, es-419, pt, pt-BR, pt-PT, zh, zh-Hant, zh-Hant-HK @default=es-HN @favor=script line 1805: es-HN &gt;&gt; es-419) [859]" classname="com.ibm.icu.dev.test.util.LocaleMatcherTest" time="0.0"/>
  <testcase name="dataDriven(** test: parent relation preserved @supported=en, en-US, en-GB, es, es-419, pt, pt-BR, pt-PT, zh, zh-Hant, zh-Hant-HK @default=es-MX @favor=script line 1807: es-MX &gt;&gt; es-419) [860]" classname="com.ibm.icu.dev.test.util.LocaleMatcherTest" time="0.0"/>
  <testcase name="dataDriven(** test: parent relation preserved @supported=en, en-US, en-GB, es, es-419, pt, pt-BR, pt-PT, zh, zh-Hant, zh-Hant-HK @default=es-NI @favor=script line 1809: es-NI &gt;&gt; es-419) [861]" classname="com.ibm.icu.dev.test.util.LocaleMatcherTest" time="0.0"/>
  <testcase name="dataDriven(** test: parent relation preserved @supported=en, en-US, en-GB, es, es-419, pt, pt-BR, pt-PT, zh, zh-Hant, zh-Hant-HK @default=es-PA @favor=script line 1811: es-PA &gt;&gt; es-419) [862]" classname="com.ibm.icu.dev.test.util.LocaleMatcherTest" time="0.0"/>
  <testcase name="dataDriven(** test: parent relation preserved @supported=en, en-US, en-GB, es, es-419, pt, pt-BR, pt-PT, zh, zh-Hant, zh-Hant-HK @default=es-PE @favor=script line 1813: es-PE &gt;&gt; es-419) [863]" classname="com.ibm.icu.dev.test.util.LocaleMatcherTest" time="0.0"/>
  <testcase name="dataDriven(** test: parent relation preserved @supported=en, en-US, en-GB, es, es-419, pt, pt-BR, pt-PT, zh, zh-Hant, zh-Hant-HK @default=es-PR @favor=script line 1815: es-PR &gt;&gt; es-419) [864]" classname="com.ibm.icu.dev.test.util.LocaleMatcherTest" time="0.0"/>
  <testcase name="dataDriven(** test: parent relation preserved @supported=en, en-US, en-GB, es, es-419, pt, pt-BR, pt-PT, zh, zh-Hant, zh-Hant-HK @default= @favor=script line 1817: es-PT &gt;&gt; es) [865]" classname="com.ibm.icu.dev.test.util.LocaleMatcherTest" time="0.0"/>
  <testcase name="dataDriven(** test: parent relation preserved @supported=en, en-US, en-GB, es, es-419, pt, pt-BR, pt-PT, zh, zh-Hant, zh-Hant-HK @default=es-PY @favor=script line 1819: es-PY &gt;&gt; es-419) [866]" classname="com.ibm.icu.dev.test.util.LocaleMatcherTest" time="0.0"/>
  <testcase name="dataDriven(** test: parent relation preserved @supported=en, en-US, en-GB, es, es-419, pt, pt-BR, pt-PT, zh, zh-Hant, zh-Hant-HK @default=es-SV @favor=script line 1821: es-SV &gt;&gt; es-419) [867]" classname="com.ibm.icu.dev.test.util.LocaleMatcherTest" time="0.0"/>
  <testcase name="dataDriven(** test: parent relation preserved @supported=en, en-US, en-GB, es, es-419, pt, pt-BR, pt-PT, zh, zh-Hant, zh-Hant-HK @default= @favor=script line 1823: es-US &gt;&gt; es-419) [868]" classname="com.ibm.icu.dev.test.util.LocaleMatcherTest" time="0.0"/>
  <testcase name="dataDriven(** test: parent relation preserved @supported=en, en-US, en-GB, es, es-419, pt, pt-BR, pt-PT, zh, zh-Hant, zh-Hant-HK @default=es-UY @favor=script line 1825: es-UY &gt;&gt; es-419) [869]" classname="com.ibm.icu.dev.test.util.LocaleMatcherTest" time="0.0"/>
  <testcase name="dataDriven(** test: parent relation preserved @supported=en, en-US, en-GB, es, es-419, pt, pt-BR, pt-PT, zh, zh-Hant, zh-Hant-HK @default=es-VE @favor=script line 1827: es-VE &gt;&gt; es-419) [870]" classname="com.ibm.icu.dev.test.util.LocaleMatcherTest" time="0.0"/>
  <testcase name="dataDriven(** test: parent relation preserved @supported=en, en-US, en-GB, es, es-419, pt, pt-BR, pt-PT, zh, zh-Hant, zh-Hant-HK @default= @favor=script line 1829: pt-AO &gt;&gt; pt-PT) [871]" classname="com.ibm.icu.dev.test.util.LocaleMatcherTest" time="0.0"/>
  <testcase name="dataDriven(** test: parent relation preserved @supported=en, en-US, en-GB, es, es-419, pt, pt-BR, pt-PT, zh, zh-Hant, zh-Hant-HK @default= @favor=script line 1830: pt-CV &gt;&gt; pt-PT) [872]" classname="com.ibm.icu.dev.test.util.LocaleMatcherTest" time="0.0"/>
  <testcase name="dataDriven(** test: parent relation preserved @supported=en, en-US, en-GB, es, es-419, pt, pt-BR, pt-PT, zh, zh-Hant, zh-Hant-HK @default= @favor=script line 1831: pt-GW &gt;&gt; pt-PT) [873]" classname="com.ibm.icu.dev.test.util.LocaleMatcherTest" time="0.0"/>
  <testcase name="dataDriven(** test: parent relation preserved @supported=en, en-US, en-GB, es, es-419, pt, pt-BR, pt-PT, zh, zh-Hant, zh-Hant-HK @default= @favor=script line 1832: pt-MO &gt;&gt; pt-PT) [874]" classname="com.ibm.icu.dev.test.util.LocaleMatcherTest" time="0.0"/>
  <testcase name="dataDriven(** test: parent relation preserved @supported=en, en-US, en-GB, es, es-419, pt, pt-BR, pt-PT, zh, zh-Hant, zh-Hant-HK @default= @favor=script line 1833: pt-MZ &gt;&gt; pt-PT) [875]" classname="com.ibm.icu.dev.test.util.LocaleMatcherTest" time="0.0"/>
  <testcase name="dataDriven(** test: parent relation preserved @supported=en, en-US, en-GB, es, es-419, pt, pt-BR, pt-PT, zh, zh-Hant, zh-Hant-HK @default= @favor=script line 1834: pt-ST &gt;&gt; pt-PT) [876]" classname="com.ibm.icu.dev.test.util.LocaleMatcherTest" time="0.0"/>
  <testcase name="dataDriven(** test: parent relation preserved @supported=en, en-US, en-GB, es, es-419, pt, pt-BR, pt-PT, zh, zh-Hant, zh-Hant-HK @default= @favor=script line 1835: pt-TL &gt;&gt; pt-PT) [877]" classname="com.ibm.icu.dev.test.util.LocaleMatcherTest" time="0.0"/>
  <testcase name="dataDriven(** test: preserve extensions @supported=en, de, sl-NEDIS @default=de-u-co-phonebk line 1840: de-FR-u-co-phonebk &gt;&gt; de) [878]" classname="com.ibm.icu.dev.test.util.LocaleMatcherTest" time="0.0"/>
  <testcase name="dataDriven(** test: preserve extensions @supported=en, de, sl-NEDIS @default=sl-NEDIS-u-cu-eur line 1842: sl-NEDIS-u-cu-eur &gt;&gt; sl-NEDIS) [879]" classname="com.ibm.icu.dev.test.util.LocaleMatcherTest" time="0.001"/>
  <testcase name="dataDriven(** test: preserve extensions @supported=en, de, sl-NEDIS @default=sl-NEDIS-u-cu-eur line 1843: sl-u-cu-eur &gt;&gt; sl-NEDIS) [880]" classname="com.ibm.icu.dev.test.util.LocaleMatcherTest" time="0.0"/>
  <testcase name="dataDriven(** test: preserve extensions @supported=en, de, sl-NEDIS @default=sl-NEDIS-u-cu-eur line 1844: sl-HR-NEDIS-u-cu-eur &gt;&gt; sl-NEDIS) [881]" classname="com.ibm.icu.dev.test.util.LocaleMatcherTest" time="0.0"/>
  <testcase name="dataDriven(** test: preserve extensions @supported=en, de, sl-NEDIS @default=de-t-m0-iso-i0-pinyin line 1846: de-t-m0-iso-i0-pinyin &gt;&gt; de) [882]" classname="com.ibm.icu.dev.test.util.LocaleMatcherTest" time="0.0"/>
  <testcase name="dataDriven(** test: preserve extensions @supported=en, de, sl-NEDIS @default=de-u-co-phonebk @favor=script line 1850: de-FR-u-co-phonebk &gt;&gt; de) [883]" classname="com.ibm.icu.dev.test.util.LocaleMatcherTest" time="0.0"/>
  <testcase name="dataDriven(** test: preserve extensions @supported=en, de, sl-NEDIS @default=sl-NEDIS-u-cu-eur @favor=script line 1852: sl-NEDIS-u-cu-eur &gt;&gt; sl-NEDIS) [884]" classname="com.ibm.icu.dev.test.util.LocaleMatcherTest" time="0.001"/>
  <testcase name="dataDriven(** test: preserve extensions @supported=en, de, sl-NEDIS @default=sl-NEDIS-u-cu-eur @favor=script line 1853: sl-u-cu-eur &gt;&gt; sl-NEDIS) [885]" classname="com.ibm.icu.dev.test.util.LocaleMatcherTest" time="0.0"/>
  <testcase name="dataDriven(** test: preserve extensions @supported=en, de, sl-NEDIS @default=sl-NEDIS-u-cu-eur @favor=script line 1854: sl-HR-NEDIS-u-cu-eur &gt;&gt; sl-NEDIS) [886]" classname="com.ibm.icu.dev.test.util.LocaleMatcherTest" time="0.0"/>
  <testcase name="dataDriven(** test: preserve extensions @supported=en, de, sl-NEDIS @default=de-t-m0-iso-i0-pinyin @favor=script line 1856: de-t-m0-iso-i0-pinyin &gt;&gt; de) [887]" classname="com.ibm.icu.dev.test.util.LocaleMatcherTest" time="0.0"/>
  <testcase name="dataDriven(** test: testEmptyUserLanguagesGetsEmpty_getBestMatches @supported=de line 1862:  &gt;&gt; de) [888]" classname="com.ibm.icu.dev.test.util.LocaleMatcherTest" time="0.0"/>
  <testcase name="dataDriven(** test: testNoStrongMatchGetsEmpty_getBestMatches @supported=de line 1866: fr &gt;&gt; de) [889]" classname="com.ibm.icu.dev.test.util.LocaleMatcherTest" time="0.0"/>
  <testcase name="dataDriven(** test: testNoStrongMatchGetsEmpty_getBestMatches @supported=de @favor=script line 1869: fr &gt;&gt; de) [890]" classname="com.ibm.icu.dev.test.util.LocaleMatcherTest" time="0.0"/>
  <testcase name="dataDriven(** test: testLooseMatchForGeneral_getBestMatches @supported=es-419 line 1873: es-MX &gt;&gt; es-419) [891]" classname="com.ibm.icu.dev.test.util.LocaleMatcherTest" time="0.0"/>
  <testcase name="dataDriven(** test: testLooseMatchForGeneral_getBestMatches @supported=es-419 @favor=script line 1876: es-MX &gt;&gt; es-419) [892]" classname="com.ibm.icu.dev.test.util.LocaleMatcherTest" time="0.0"/>
  <testcase name="dataDriven(** test: testLooseMatchForEnglish_getBestMatches @supported=en, en-GB line 1880: en-CA &gt;&gt; en) [893]" classname="com.ibm.icu.dev.test.util.LocaleMatcherTest" time="0.0"/>
  <testcase name="dataDriven(** test: testLooseMatchForEnglish_getBestMatches @supported=en, en-GB @favor=script line 1883: en-CA &gt;&gt; en) [894]" classname="com.ibm.icu.dev.test.util.LocaleMatcherTest" time="0.0"/>
  <testcase name="dataDriven(** test: testLooseMatchForChinese_getBestMatches @supported=zh line 1887: zh-TW &gt;&gt; zh) [895]" classname="com.ibm.icu.dev.test.util.LocaleMatcherTest" time="0.0"/>
  <testcase name="dataDriven(** test: testLooseMatchForChinese_getBestMatches @supported=zh @favor=script line 1890: zh-TW &gt;&gt; zh) [896]" classname="com.ibm.icu.dev.test.util.LocaleMatcherTest" time="0.0"/>
  <testcase name="dataDriven(** test: testGetBestMatchWithMinMatchScore @supported=fr-FR, fr, fr-CA, en @default=und line 1897: fr &gt;&gt; fr) [897]" classname="com.ibm.icu.dev.test.util.LocaleMatcherTest" time="0.0"/>
  <testcase name="dataDriven(** test: testGetBestMatchWithMinMatchScore @supported=en, fr, fr-CA @default=und line 1899: fr-FR &gt;&gt; fr # Parent match is chosen.) [898]" classname="com.ibm.icu.dev.test.util.LocaleMatcherTest" time="0.0"/>
  <testcase name="dataDriven(** test: testGetBestMatchWithMinMatchScore @supported=en, fr-CA @default=und line 1901: fr-FR &gt;&gt; fr-CA # Sibling match is chosen.) [899]" classname="com.ibm.icu.dev.test.util.LocaleMatcherTest" time="0.0"/>
  <testcase name="dataDriven(** test: testGetBestMatchWithMinMatchScore @supported=fr-CA, fr-FR @default=und line 1903: fr &gt;&gt; fr-FR # Inferred region match is chosen.) [900]" classname="com.ibm.icu.dev.test.util.LocaleMatcherTest" time="0.0"/>
  <testcase name="dataDriven(** test: testGetBestMatchWithMinMatchScore @supported=fr-CA, fr-FR @default=und line 1904: fr-SN &gt;&gt; fr-FR) [901]" classname="com.ibm.icu.dev.test.util.LocaleMatcherTest" time="0.001"/>
  <testcase name="dataDriven(** test: testGetBestMatchWithMinMatchScore @supported=en, fr-FR @default=und line 1906: fr &gt;&gt; fr-FR # Child match is chosen.) [902]" classname="com.ibm.icu.dev.test.util.LocaleMatcherTest" time="0.0"/>
  <testcase name="dataDriven(** test: testGetBestMatchWithMinMatchScore @supported=de, en, it @default=und line 1908: fr &gt;&gt; und) [903]" classname="com.ibm.icu.dev.test.util.LocaleMatcherTest" time="0.0"/>
  <testcase name="dataDriven(** test: testGetBestMatchWithMinMatchScore @supported=iw, en @default=und line 1910: iw-Latn &gt;&gt; und) [904]" classname="com.ibm.icu.dev.test.util.LocaleMatcherTest" time="0.0"/>
  <testcase name="dataDriven(** test: testGetBestMatchWithMinMatchScore @supported=iw, no @default=und line 1912: ru &gt;&gt; und) [905]" classname="com.ibm.icu.dev.test.util.LocaleMatcherTest" time="0.0"/>
  <testcase name="dataDriven(** test: testGetBestMatchWithMinMatchScore @supported=iw-Latn, iw-Cyrl, iw @default=und line 1914: ru &gt;&gt; und) [906]" classname="com.ibm.icu.dev.test.util.LocaleMatcherTest" time="0.0"/>
  <testcase name="dataDriven(** test: testGetBestMatchWithMinMatchScore @supported=iw, iw-Latn @default=und line 1916: ru &gt;&gt; und) [907]" classname="com.ibm.icu.dev.test.util.LocaleMatcherTest" time="0.0"/>
  <testcase name="dataDriven(** test: testGetBestMatchWithMinMatchScore @supported=iw, iw-Latn @default=und line 1917: en &gt;&gt; und) [908]" classname="com.ibm.icu.dev.test.util.LocaleMatcherTest" time="0.0"/>
  <testcase name="dataDriven(** test: testGetBestMatchWithMinMatchScore @supported=en, uk @default=und line 1919: ru &gt;&gt; und) [909]" classname="com.ibm.icu.dev.test.util.LocaleMatcherTest" time="0.0"/>
  <testcase name="dataDriven(** test: testGetBestMatchWithMinMatchScore @supported=zh-TW, en @default=und line 1921: zh-CN &gt;&gt; und # no match) [910]" classname="com.ibm.icu.dev.test.util.LocaleMatcherTest" time="0.0"/>
  <testcase name="dataDriven(** test: testGetBestMatchWithMinMatchScore @supported=ja @default=und line 1923: ru &gt;&gt; und) [911]" classname="com.ibm.icu.dev.test.util.LocaleMatcherTest" time="0.0"/>
  <testcase name="dataDriven(** test: testGetBestMatchWithMinMatchScore @supported=fr-FR, fr, fr-CA, en @default=und @favor=script line 1927: fr &gt;&gt; fr) [912]" classname="com.ibm.icu.dev.test.util.LocaleMatcherTest" time="0.0"/>
  <testcase name="dataDriven(** test: testGetBestMatchWithMinMatchScore @supported=en, fr, fr-CA @default=und @favor=script line 1929: fr-FR &gt;&gt; fr) [913]" classname="com.ibm.icu.dev.test.util.LocaleMatcherTest" time="0.0"/>
  <testcase name="dataDriven(** test: testGetBestMatchWithMinMatchScore @supported=en, fr-CA @default=und @favor=script line 1931: fr-FR &gt;&gt; fr-CA) [914]" classname="com.ibm.icu.dev.test.util.LocaleMatcherTest" time="0.0"/>
  <testcase name="dataDriven(** test: testGetBestMatchWithMinMatchScore @supported=fr-CA, fr-FR @default=und @favor=script line 1933: fr &gt;&gt; fr-FR) [915]" classname="com.ibm.icu.dev.test.util.LocaleMatcherTest" time="0.0"/>
  <testcase name="dataDriven(** test: testGetBestMatchWithMinMatchScore @supported=fr-CA, fr-FR @default=und @favor=script line 1934: fr-SN &gt;&gt; fr-FR) [916]" classname="com.ibm.icu.dev.test.util.LocaleMatcherTest" time="0.0"/>
  <testcase name="dataDriven(** test: testGetBestMatchWithMinMatchScore @supported=en, fr-FR @default=und @favor=script line 1936: fr &gt;&gt; fr-FR) [917]" classname="com.ibm.icu.dev.test.util.LocaleMatcherTest" time="0.0"/>
  <testcase name="dataDriven(** test: testGetBestMatchWithMinMatchScore @supported=de, en, it @default=und @favor=script line 1938: fr &gt;&gt; en) [918]" classname="com.ibm.icu.dev.test.util.LocaleMatcherTest" time="0.0"/>
  <testcase name="dataDriven(** test: testGetBestMatchWithMinMatchScore @supported=iw, en @default=und @favor=script line 1940: iw-Latn &gt;&gt; en) [919]" classname="com.ibm.icu.dev.test.util.LocaleMatcherTest" time="0.0"/>
  <testcase name="dataDriven(** test: testGetBestMatchWithMinMatchScore @supported=iw, no @default=und @favor=script line 1942: ru &gt;&gt; und) [920]" classname="com.ibm.icu.dev.test.util.LocaleMatcherTest" time="0.0"/>
  <testcase name="dataDriven(** test: testGetBestMatchWithMinMatchScore @supported=iw-Latn, iw-Cyrl, iw @default=und @favor=script line 1944: ru &gt;&gt; iw-Cyrl) [921]" classname="com.ibm.icu.dev.test.util.LocaleMatcherTest" time="0.0"/>
  <testcase name="dataDriven(** test: testGetBestMatchWithMinMatchScore @supported=iw, iw-Latn @default=und @favor=script line 1946: ru &gt;&gt; und) [922]" classname="com.ibm.icu.dev.test.util.LocaleMatcherTest" time="0.0"/>
  <testcase name="dataDriven(** test: testGetBestMatchWithMinMatchScore @supported=iw, iw-Latn @default=und @favor=script line 1947: en &gt;&gt; iw-Latn) [923]" classname="com.ibm.icu.dev.test.util.LocaleMatcherTest" time="0.0"/>
  <testcase name="dataDriven(** test: testGetBestMatchWithMinMatchScore @supported=en, uk @default=und @favor=script line 1949: ru &gt;&gt; uk) [924]" classname="com.ibm.icu.dev.test.util.LocaleMatcherTest" time="0.0"/>
  <testcase name="dataDriven(** test: testGetBestMatchWithMinMatchScore @supported=zh-TW, en @default=und @favor=script line 1951: zh-CN &gt;&gt; und # no match) [925]" classname="com.ibm.icu.dev.test.util.LocaleMatcherTest" time="0.0"/>
  <testcase name="dataDriven(** test: testGetBestMatchWithMinMatchScore @supported=ja @default=und @favor=script line 1953: ru &gt;&gt; und) [926]" classname="com.ibm.icu.dev.test.util.LocaleMatcherTest" time="0.0"/>
  <testcase name="dataDriven(** test: favor a more-default locale among equally imperfect matches @supported=fr-CA, fr-CH, fr-FR, fr-GB line 1957: fr-SN &gt;&gt; fr-FR) [927]" classname="com.ibm.icu.dev.test.util.LocaleMatcherTest" time="0.0"/>
  <testcase name="dataDriven(** test: favor a more-default locale among equally imperfect matches @supported=sr-Latn, sr-Cyrl, sr-Grek @threshold=60 line 1960: sr-Thai &gt;&gt; sr-Cyrl) [928]" classname="com.ibm.icu.dev.test.util.LocaleMatcherTest" time="0.0"/>
  <testcase name="testBestMatchForTraditionalChinese" classname="com.ibm.icu.dev.test.util.LocaleMatcherTest" time="0.0"/>
  <testcase name="testMatch_none" classname="com.ibm.icu.dev.test.util.LocaleMatcherTest" time="0.0"/>
  <testcase name="testBasics" classname="com.ibm.icu.dev.test.util.LocaleMatcherTest" time="0.0"/>
  <testcase name="testRegionalSpecials" classname="com.ibm.icu.dev.test.util.LocaleMatcherTest" time="0.0"/>
  <testcase name="testMatch_exact" classname="com.ibm.icu.dev.test.util.LocaleMatcherTest" time="0.0"/>
  <testcase name="testVariantWithScriptMatch" classname="com.ibm.icu.dev.test.util.LocaleMatcherTest" time="0.0"/>
  <testcase name="testFallback" classname="com.ibm.icu.dev.test.util.LocaleMatcherTest" time="0.0"/>
  <testcase name="testDemotion" classname="com.ibm.icu.dev.test.util.LocaleMatcherTest" time="0.0"/>
  <testcase name="testSupportedDefault" classname="com.ibm.icu.dev.test.util.LocaleMatcherTest" time="0.0"/>
</testsuite>