<?xml version="1.0" encoding="UTF-8"?>
<testsuite xmlns:xsi="http://www.w3.org/2001/XMLSchema-instance" xsi:noNamespaceSchemaLocation="https://maven.apache.org/surefire/maven-surefire-plugin/xsd/surefire-test-report-3.0.xsd" version="3.0" name="com.ibm.icu.dev.test.lang.UCharacterTest" time="1.598" tests="71" errors="0" skipped="0" failures="0">
  <properties>
    <property name="gopherProxySet" value="false"/>
    <property name="awt.toolkit" value="sun.lwawt.macosx.LWCToolkit"/>
    <property name="file.encoding.pkg" value="sun.io"/>
    <property name="java.specification.version" value="1.8"/>
    <property name="sun.cpu.isalist" value=""/>
    <property name="sun.jnu.encoding" value="UTF-8"/>
    <property name="java.class.path" value="/Users/mnita/xx/fake_icu/icu4j/main/core/target/test-classes:/Users/mnita/xx/fake_icu/icu4j/main/core/target/classes:/Users/mnita/xx/fake_icu/icu4j/main/framework/target/framework-76.0.1-SNAPSHOT-tests.jar:/Users/mnita/.m2/repository/junit/junit/4.13.2/junit-4.13.2.jar:/Users/mnita/.m2/repository/org/hamcrest/hamcrest-core/1.3/hamcrest-core-1.3.jar:/Users/mnita/.m2/repository/pl/pragmatists/JUnitParams/1.1.1/JUnitParams-1.1.1.jar:/Users/mnita/.m2/repository/com/google/code/gson/gson/2.10.1/gson-2.10.1.jar:"/>
    <property name="java.vm.vendor" value="Azul Systems, Inc."/>
    <property name="sun.arch.data.model" value="64"/>
    <property name="java.vendor.url" value="http://www.azul.com/"/>
    <property name="user.timezone" value=""/>
    <property name="java.vm.specification.version" value="1.8"/>
    <property name="os.name" value="Mac OS X"/>
    <property name="user.country" value="US"/>
    <property name="sun.java.launcher" value="SUN_STANDARD"/>
    <property name="sun.boot.library.path" value="/Users/mnita/apps/zulu8.78.0.19-ca-jdk8.0.412-macosx_aarch64/Contents/Home/jre/lib"/>
    <property name="sun.java.command" value="/Users/mnita/xx/fake_icu/icu4j/main/core/target/surefire/surefirebooter-20240816120535436_6.jar /Users/mnita/xx/fake_icu/icu4j/main/core/target/surefire 2024-08-16T12-05-30_488-jvmRun1 surefire-20240816120535436_4tmp surefire_1-20240816120535436_5tmp"/>
    <property name="http.nonProxyHosts" value="local|*.local|169.254/16|*.169.254/16"/>
    <property name="surefire.test.class.path" value="/Users/mnita/xx/fake_icu/icu4j/main/core/target/test-classes:/Users/mnita/xx/fake_icu/icu4j/main/core/target/classes:/Users/mnita/xx/fake_icu/icu4j/main/framework/target/framework-76.0.1-SNAPSHOT-tests.jar:/Users/mnita/.m2/repository/junit/junit/4.13.2/junit-4.13.2.jar:/Users/mnita/.m2/repository/org/hamcrest/hamcrest-core/1.3/hamcrest-core-1.3.jar:/Users/mnita/.m2/repository/pl/pragmatists/JUnitParams/1.1.1/JUnitParams-1.1.1.jar:/Users/mnita/.m2/repository/com/google/code/gson/gson/2.10.1/gson-2.10.1.jar:"/>
    <property name="sun.cpu.endian" value="little"/>
    <property name="user.home" value="/Users/mnita"/>
    <property name="user.language" value="en"/>
    <property name="java.specification.vendor" value="Oracle Corporation"/>
    <property name="java.home" value="/Users/mnita/apps/zulu8.78.0.19-ca-jdk8.0.412-macosx_aarch64/Contents/Home/jre"/>
    <property name="basedir" value="/Users/mnita/xx/fake_icu/icu4j/main/core"/>
    <property name="file.separator" value="/"/>
    <property name="line.separator" value="&#10;"/>
    <property name="jdk.vendor.version" value="Zulu 8.78.0.19-CA-macos-aarch64"/>
    <property name="java.vm.specification.vendor" value="Oracle Corporation"/>
    <property name="java.specification.name" value="Java Platform API Specification"/>
    <property name="java.awt.graphicsenv" value="sun.awt.CGraphicsEnvironment"/>
    <property name="surefire.real.class.path" value="/Users/mnita/xx/fake_icu/icu4j/main/core/target/surefire/surefirebooter-20240816120535436_6.jar"/>
    <property name="sun.boot.class.path" value="/Users/mnita/apps/zulu8.78.0.19-ca-jdk8.0.412-macosx_aarch64/Contents/Home/jre/lib/resources.jar:/Users/mnita/apps/zulu8.78.0.19-ca-jdk8.0.412-macosx_aarch64/Contents/Home/jre/lib/rt.jar:/Users/mnita/apps/zulu8.78.0.19-ca-jdk8.0.412-macosx_aarch64/Contents/Home/jre/lib/sunrsasign.jar:/Users/mnita/apps/zulu8.78.0.19-ca-jdk8.0.412-macosx_aarch64/Contents/Home/jre/lib/jsse.jar:/Users/mnita/apps/zulu8.78.0.19-ca-jdk8.0.412-macosx_aarch64/Contents/Home/jre/lib/jce.jar:/Users/mnita/apps/zulu8.78.0.19-ca-jdk8.0.412-macosx_aarch64/Contents/Home/jre/lib/charsets.jar:/Users/mnita/apps/zulu8.78.0.19-ca-jdk8.0.412-macosx_aarch64/Contents/Home/jre/lib/jfr.jar:/Users/mnita/apps/zulu8.78.0.19-ca-jdk8.0.412-macosx_aarch64/Contents/Home/jre/lib/cat.jar:/Users/mnita/apps/zulu8.78.0.19-ca-jdk8.0.412-macosx_aarch64/Contents/Home/jre/classes"/>
    <property name="sun.management.compiler" value="HotSpot 64-Bit Tiered Compilers"/>
    <property name="ftp.nonProxyHosts" value="local|*.local|169.254/16|*.169.254/16"/>
    <property name="java.runtime.version" value="1.8.0_412-b08"/>
    <property name="user.name" value="mnita"/>
    <property name="path.separator" value=":"/>
    <property name="os.version" value="14.6.1"/>
    <property name="java.endorsed.dirs" value="/Users/mnita/apps/zulu8.78.0.19-ca-jdk8.0.412-macosx_aarch64/Contents/Home/jre/lib/endorsed"/>
    <property name="java.runtime.name" value="OpenJDK Runtime Environment"/>
    <property name="file.encoding" value="UTF-8"/>
    <property name="java.vm.name" value="OpenJDK 64-Bit Server VM"/>
    <property name="localRepository" value="/Users/mnita/.m2/repository"/>
    <property name="java.vendor.url.bug" value="http://www.azul.com/support/"/>
    <property name="java.io.tmpdir" value="/var/folders/rj/sw4bjg6932v2vyh_xbrql1_w0000gn/T/"/>
    <property name="java.version" value="1.8.0_412"/>
    <property name="user.dir" value="/Users/mnita/xx/fake_icu/icu4j/main/core"/>
    <property name="os.arch" value="aarch64"/>
    <property name="java.vm.specification.name" value="Java Virtual Machine Specification"/>
    <property name="java.awt.printerjob" value="sun.lwawt.macosx.CPrinterJob"/>
    <property name="sun.os.patch.level" value="unknown"/>
    <property name="java.library.path" value="/Users/mnita/Library/Java/Extensions:/Library/Java/Extensions:/Network/Library/Java/Extensions:/System/Library/Java/Extensions:/usr/lib/java:."/>
    <property name="java.vm.info" value="mixed mode"/>
    <property name="java.vendor" value="Azul Systems, Inc."/>
    <property name="java.vm.version" value="25.412-b08"/>
    <property name="java.specification.maintenance.version" value="5"/>
    <property name="java.ext.dirs" value="/Users/mnita/Library/Java/Extensions:/Users/mnita/apps/zulu8.78.0.19-ca-jdk8.0.412-macosx_aarch64/Contents/Home/jre/lib/ext:/Library/Java/Extensions:/Network/Library/Java/Extensions:/System/Library/Java/Extensions:/usr/lib/java"/>
    <property name="sun.io.unicode.encoding" value="UnicodeBig"/>
    <property name="java.class.version" value="52.0"/>
    <property name="socksNonProxyHosts" value="local|*.local|169.254/16|*.169.254/16"/>
  </properties>
  <testcase name="TestToUpperCase" classname="com.ibm.icu.dev.test.lang.UCharacterTest" time="0.0"/>
  <testcase name="TestSetLimit" classname="com.ibm.icu.dev.test.lang.UCharacterTest" time="0.0"/>
  <testcase name="TestISOControl" classname="com.ibm.icu.dev.test.lang.UCharacterTest" time="0.0"/>
  <testcase name="TestNameIteration" classname="com.ibm.icu.dev.test.lang.UCharacterTest" time="1.292"/>
  <testcase name="TestBlockData" classname="com.ibm.icu.dev.test.lang.UCharacterTest" time="0.007"/>
  <testcase name="TestOf" classname="com.ibm.icu.dev.test.lang.UCharacterTest" time="0.0"/>
  <testcase name="TestAdditionalProperties" classname="com.ibm.icu.dev.test.lang.UCharacterTest" time="0.011"/>
  <testcase name="TestDefined" classname="com.ibm.icu.dev.test.lang.UCharacterTest" time="0.0"/>
  <testcase name="TestVerticalOrientation" classname="com.ibm.icu.dev.test.lang.UCharacterTest" time="0.001"/>
  <testcase name="TestPropertyValues" classname="com.ibm.icu.dev.test.lang.UCharacterTest" time="0.0"/>
  <testcase name="TestGetUnicodeNumericValue" classname="com.ibm.icu.dev.test.lang.UCharacterTest" time="0.0"/>
  <testcase name="TestEmojiPropertiesOfStrings" classname="com.ibm.icu.dev.test.lang.UCharacterTest" time="0.009"/>
  <testcase name="TestIndicPositionalCategory" classname="com.ibm.icu.dev.test.lang.UCharacterTest" time="0.0"/>
  <testcase name="TestBase" classname="com.ibm.icu.dev.test.lang.UCharacterTest" time="0.0"/>
  <testcase name="testToTitleCase_Locale_String_BreakIterator_I" classname="com.ibm.icu.dev.test.lang.UCharacterTest" time="0.004"/>
  <testcase name="TestDigits" classname="com.ibm.icu.dev.test.lang.UCharacterTest" time="0.0"/>
  <testcase name="TestIsLegal" classname="com.ibm.icu.dev.test.lang.UCharacterTest" time="0.0"/>
  <testcase name="TestGetAge" classname="com.ibm.icu.dev.test.lang.UCharacterTest" time="0.0"/>
  <testcase name="TestGetHanNumericValue" classname="com.ibm.icu.dev.test.lang.UCharacterTest" time="0.0"/>
  <testcase name="TestIDType" classname="com.ibm.icu.dev.test.lang.UCharacterTest" time="0.003"/>
  <testcase name="TestToString" classname="com.ibm.icu.dev.test.lang.UCharacterTest" time="0.0"/>
  <testcase name="TestSupplementary" classname="com.ibm.icu.dev.test.lang.UCharacterTest" time="0.005"/>
  <testcase name="TestEmojiProperties" classname="com.ibm.icu.dev.test.lang.UCharacterTest" time="0.0"/>
  <testcase name="TestGetCombiningClass" classname="com.ibm.icu.dev.test.lang.UCharacterTest" time="0.0"/>
  <testcase name="TestMirror" classname="com.ibm.icu.dev.test.lang.UCharacterTest" time="0.0"/>
  <testcase name="TestNumeric" classname="com.ibm.icu.dev.test.lang.UCharacterTest" time="0.0"/>
  <testcase name="TestBidiPairedBracketType" classname="com.ibm.icu.dev.test.lang.UCharacterTest" time="0.001"/>
  <testcase name="TestSpaces" classname="com.ibm.icu.dev.test.lang.UCharacterTest" time="0.005"/>
  <testcase name="TestGetProperty" classname="com.ibm.icu.dev.test.lang.UCharacterTest" time="0.0"/>
  <testcase name="TestIteration" classname="com.ibm.icu.dev.test.lang.UCharacterTest" time="0.036"/>
  <testcase name="testNameAliasing" classname="com.ibm.icu.dev.test.lang.UCharacterTest" time="0.0"/>
  <testcase name="TestHasBinaryProperty" classname="com.ibm.icu.dev.test.lang.UCharacterTest" time="0.0"/>
  <testcase name="TestXSymbolTable" classname="com.ibm.icu.dev.test.lang.UCharacterTest" time="0.001"/>
  <testcase name="TestConsistency" classname="com.ibm.icu.dev.test.lang.UCharacterTest" time="0.004"/>
  <testcase name="TestNextCaseMapCP" classname="com.ibm.icu.dev.test.lang.UCharacterTest" time="0.0"/>
  <testcase name="TestLetterNumber" classname="com.ibm.icu.dev.test.lang.UCharacterTest" time="0.001"/>
  <testcase name="TestIDCompatMath" classname="com.ibm.icu.dev.test.lang.UCharacterTest" time="0.0"/>
  <testcase name="TestToChars" classname="com.ibm.icu.dev.test.lang.UCharacterTest" time="0.0"/>
  <testcase name="TestGetEuropeanDigit" classname="com.ibm.icu.dev.test.lang.UCharacterTest" time="0.0"/>
  <testcase name="TestIsFrozen" classname="com.ibm.icu.dev.test.lang.UCharacterTest" time="0.0"/>
  <testcase name="TestIntCharacterProperties" classname="com.ibm.icu.dev.test.lang.UCharacterTest" time="0.028"/>
  <testcase name="TestCodePoint" classname="com.ibm.icu.dev.test.lang.UCharacterTest" time="0.008"/>
  <testcase name="TestIDSUnaryOperator" classname="com.ibm.icu.dev.test.lang.UCharacterTest" time="0.0"/>
  <testcase name="TestPropertyNames" classname="com.ibm.icu.dev.test.lang.UCharacterTest" time="0.001"/>
  <testcase name="TestCoverage" classname="com.ibm.icu.dev.test.lang.UCharacterTest" time="0.0"/>
  <testcase name="TestGetNumericValue" classname="com.ibm.icu.dev.test.lang.UCharacterTest" time="0.0"/>
  <testcase name="TestForName" classname="com.ibm.icu.dev.test.lang.UCharacterTest" time="0.0"/>
  <testcase name="TestIsBMP" classname="com.ibm.icu.dev.test.lang.UCharacterTest" time="0.0"/>
  <testcase name="TestNames" classname="com.ibm.icu.dev.test.lang.UCharacterTest" time="0.008"/>
  <testcase name="TestPrint" classname="com.ibm.icu.dev.test.lang.UCharacterTest" time="0.0"/>
  <testcase name="TestReset" classname="com.ibm.icu.dev.test.lang.UCharacterTest" time="0.0"/>
  <testcase name="TestNumericProperties" classname="com.ibm.icu.dev.test.lang.UCharacterTest" time="0.0"/>
  <testcase name="TestGetISOComment" classname="com.ibm.icu.dev.test.lang.UCharacterTest" time="0.0"/>
  <testcase name="TestIdentifier" classname="com.ibm.icu.dev.test.lang.UCharacterTest" time="0.0"/>
  <testcase name="TestGetInstance" classname="com.ibm.icu.dev.test.lang.UCharacterTest" time="0.0"/>
  <testcase name="TestUnicodeData" classname="com.ibm.icu.dev.test.lang.UCharacterTest" time="0.122"/>
  <testcase name="TestGetName" classname="com.ibm.icu.dev.test.lang.UCharacterTest" time="0.0"/>
  <testcase name="TestBinaryCharacterProperties" classname="com.ibm.icu.dev.test.lang.UCharacterTest" time="0.044"/>
  <testcase name="TestCodePointAt" classname="com.ibm.icu.dev.test.lang.UCharacterTest" time="0.0"/>
  <testcase name="testToTitleCase_String_BreakIterator_en" classname="com.ibm.icu.dev.test.lang.UCharacterTest" time="0.001"/>
  <testcase name="TestUCharFromNameUnderflow" classname="com.ibm.icu.dev.test.lang.UCharacterTest" time="0.0"/>
  <testcase name="TestToLowerCase" classname="com.ibm.icu.dev.test.lang.UCharacterTest" time="0.0"/>
  <testcase name="TestIndicSyllabicCategory" classname="com.ibm.icu.dev.test.lang.UCharacterTest" time="0.0"/>
  <testcase name="TestVersion" classname="com.ibm.icu.dev.test.lang.UCharacterTest" time="0.0"/>
  <testcase name="TestCodePointCount" classname="com.ibm.icu.dev.test.lang.UCharacterTest" time="0.0"/>
  <testcase name="TestGetIntPropertyValue" classname="com.ibm.icu.dev.test.lang.UCharacterTest" time="0.0"/>
  <testcase name="TestToTitleCaseCoverage" classname="com.ibm.icu.dev.test.lang.UCharacterTest" time="0.002"/>
  <testcase name="TestIDStatus" classname="com.ibm.icu.dev.test.lang.UCharacterTest" time="0.0"/>
  <testcase name="TestCodePointBefore" classname="com.ibm.icu.dev.test.lang.UCharacterTest" time="0.0"/>
  <testcase name="TestPatternProperties" classname="com.ibm.icu.dev.test.lang.UCharacterTest" time="0.003"/>
  <testcase name="TestGetIntPropertyMaxValue" classname="com.ibm.icu.dev.test.lang.UCharacterTest" time="0.0"/>
</testsuite>