<?xml version="1.0" encoding="UTF-8"?>
<testsuite xmlns:xsi="http://www.w3.org/2001/XMLSchema-instance" xsi:noNamespaceSchemaLocation="https://maven.apache.org/surefire/maven-surefire-plugin/xsd/surefire-test-report-3.0.xsd" version="3.0" name="com.ibm.icu.dev.test.collator.CollationMiscTest" time="1.322" tests="84" errors="0" skipped="0" failures="0">
  <properties>
    <property name="gopherProxySet" value="false"/>
    <property name="awt.toolkit" value="sun.lwawt.macosx.LWCToolkit"/>
    <property name="file.encoding.pkg" value="sun.io"/>
    <property name="java.specification.version" value="1.8"/>
    <property name="sun.cpu.isalist" value=""/>
    <property name="sun.jnu.encoding" value="UTF-8"/>
    <property name="java.class.path" value="/Users/mnita/xx/fake_icu/icu4j/main/collate/target/test-classes:/Users/mnita/xx/fake_icu/icu4j/main/collate/target/classes:/Users/mnita/xx/fake_icu/icu4j/main/core/target/core-76.0.1-SNAPSHOT.jar:/Users/mnita/xx/fake_icu/icu4j/main/core/target/core-76.0.1-SNAPSHOT-tests.jar:/Users/mnita/xx/fake_icu/icu4j/main/framework/target/framework-76.0.1-SNAPSHOT-tests.jar:/Users/mnita/xx/fake_icu/icu4j/main/langdata/target/langdata-76.0.1-SNAPSHOT.jar:/Users/mnita/xx/fake_icu/icu4j/main/regiondata/target/regiondata-76.0.1-SNAPSHOT.jar:/Users/mnita/xx/fake_icu/icu4j/main/currdata/target/currdata-76.0.1-SNAPSHOT.jar:/Users/mnita/.m2/repository/junit/junit/4.13.2/junit-4.13.2.jar:/Users/mnita/.m2/repository/org/hamcrest/hamcrest-core/1.3/hamcrest-core-1.3.jar:"/>
    <property name="java.vm.vendor" value="Azul Systems, Inc."/>
    <property name="sun.arch.data.model" value="64"/>
    <property name="java.vendor.url" value="http://www.azul.com/"/>
    <property name="user.timezone" value=""/>
    <property name="java.vm.specification.version" value="1.8"/>
    <property name="os.name" value="Mac OS X"/>
    <property name="user.country" value="US"/>
    <property name="sun.java.launcher" value="SUN_STANDARD"/>
    <property name="sun.boot.library.path" value="/Users/mnita/apps/zulu8.78.0.19-ca-jdk8.0.412-macosx_aarch64/Contents/Home/jre/lib"/>
    <property name="sun.java.command" value="/Users/mnita/xx/fake_icu/icu4j/main/collate/target/surefire/surefirebooter-20240816120719150_35.jar /Users/mnita/xx/fake_icu/icu4j/main/collate/target/surefire 2024-08-16T12-05-30_488-jvmRun1 surefire-20240816120719150_33tmp surefire_2-20240816120719150_34tmp"/>
    <property name="http.nonProxyHosts" value="local|*.local|169.254/16|*.169.254/16"/>
    <property name="surefire.test.class.path" value="/Users/mnita/xx/fake_icu/icu4j/main/collate/target/test-classes:/Users/mnita/xx/fake_icu/icu4j/main/collate/target/classes:/Users/mnita/xx/fake_icu/icu4j/main/core/target/core-76.0.1-SNAPSHOT.jar:/Users/mnita/xx/fake_icu/icu4j/main/core/target/core-76.0.1-SNAPSHOT-tests.jar:/Users/mnita/xx/fake_icu/icu4j/main/framework/target/framework-76.0.1-SNAPSHOT-tests.jar:/Users/mnita/xx/fake_icu/icu4j/main/langdata/target/langdata-76.0.1-SNAPSHOT.jar:/Users/mnita/xx/fake_icu/icu4j/main/regiondata/target/regiondata-76.0.1-SNAPSHOT.jar:/Users/mnita/xx/fake_icu/icu4j/main/currdata/target/currdata-76.0.1-SNAPSHOT.jar:/Users/mnita/.m2/repository/junit/junit/4.13.2/junit-4.13.2.jar:/Users/mnita/.m2/repository/org/hamcrest/hamcrest-core/1.3/hamcrest-core-1.3.jar:"/>
    <property name="sun.cpu.endian" value="little"/>
    <property name="user.home" value="/Users/mnita"/>
    <property name="user.language" value="en"/>
    <property name="java.specification.vendor" value="Oracle Corporation"/>
    <property name="java.home" value="/Users/mnita/apps/zulu8.78.0.19-ca-jdk8.0.412-macosx_aarch64/Contents/Home/jre"/>
    <property name="basedir" value="/Users/mnita/xx/fake_icu/icu4j/main/collate"/>
    <property name="file.separator" value="/"/>
    <property name="line.separator" value="&#10;"/>
    <property name="jdk.vendor.version" value="Zulu 8.78.0.19-CA-macos-aarch64"/>
    <property name="java.vm.specification.vendor" value="Oracle Corporation"/>
    <property name="java.specification.name" value="Java Platform API Specification"/>
    <property name="java.awt.graphicsenv" value="sun.awt.CGraphicsEnvironment"/>
    <property name="surefire.real.class.path" value="/Users/mnita/xx/fake_icu/icu4j/main/collate/target/surefire/surefirebooter-20240816120719150_35.jar"/>
    <property name="sun.boot.class.path" value="/Users/mnita/apps/zulu8.78.0.19-ca-jdk8.0.412-macosx_aarch64/Contents/Home/jre/lib/resources.jar:/Users/mnita/apps/zulu8.78.0.19-ca-jdk8.0.412-macosx_aarch64/Contents/Home/jre/lib/rt.jar:/Users/mnita/apps/zulu8.78.0.19-ca-jdk8.0.412-macosx_aarch64/Contents/Home/jre/lib/sunrsasign.jar:/Users/mnita/apps/zulu8.78.0.19-ca-jdk8.0.412-macosx_aarch64/Contents/Home/jre/lib/jsse.jar:/Users/mnita/apps/zulu8.78.0.19-ca-jdk8.0.412-macosx_aarch64/Contents/Home/jre/lib/jce.jar:/Users/mnita/apps/zulu8.78.0.19-ca-jdk8.0.412-macosx_aarch64/Contents/Home/jre/lib/charsets.jar:/Users/mnita/apps/zulu8.78.0.19-ca-jdk8.0.412-macosx_aarch64/Contents/Home/jre/lib/jfr.jar:/Users/mnita/apps/zulu8.78.0.19-ca-jdk8.0.412-macosx_aarch64/Contents/Home/jre/lib/cat.jar:/Users/mnita/apps/zulu8.78.0.19-ca-jdk8.0.412-macosx_aarch64/Contents/Home/jre/classes"/>
    <property name="sun.management.compiler" value="HotSpot 64-Bit Tiered Compilers"/>
    <property name="ftp.nonProxyHosts" value="local|*.local|169.254/16|*.169.254/16"/>
    <property name="java.runtime.version" value="1.8.0_412-b08"/>
    <property name="user.name" value="mnita"/>
    <property name="path.separator" value=":"/>
    <property name="os.version" value="14.6.1"/>
    <property name="java.endorsed.dirs" value="/Users/mnita/apps/zulu8.78.0.19-ca-jdk8.0.412-macosx_aarch64/Contents/Home/jre/lib/endorsed"/>
    <property name="java.runtime.name" value="OpenJDK Runtime Environment"/>
    <property name="file.encoding" value="UTF-8"/>
    <property name="java.vm.name" value="OpenJDK 64-Bit Server VM"/>
    <property name="localRepository" value="/Users/mnita/.m2/repository"/>
    <property name="java.vendor.url.bug" value="http://www.azul.com/support/"/>
    <property name="java.io.tmpdir" value="/var/folders/rj/sw4bjg6932v2vyh_xbrql1_w0000gn/T/"/>
    <property name="java.version" value="1.8.0_412"/>
    <property name="user.dir" value="/Users/mnita/xx/fake_icu/icu4j/main/collate"/>
    <property name="os.arch" value="aarch64"/>
    <property name="java.vm.specification.name" value="Java Virtual Machine Specification"/>
    <property name="java.awt.printerjob" value="sun.lwawt.macosx.CPrinterJob"/>
    <property name="sun.os.patch.level" value="unknown"/>
    <property name="java.library.path" value="/Users/mnita/Library/Java/Extensions:/Library/Java/Extensions:/Network/Library/Java/Extensions:/System/Library/Java/Extensions:/usr/lib/java:."/>
    <property name="java.vm.info" value="mixed mode"/>
    <property name="java.vendor" value="Azul Systems, Inc."/>
    <property name="java.vm.version" value="25.412-b08"/>
    <property name="java.specification.maintenance.version" value="5"/>
    <property name="java.ext.dirs" value="/Users/mnita/Library/Java/Extensions:/Users/mnita/apps/zulu8.78.0.19-ca-jdk8.0.412-macosx_aarch64/Contents/Home/jre/lib/ext:/Library/Java/Extensions:/Network/Library/Java/Extensions:/System/Library/Java/Extensions:/usr/lib/java"/>
    <property name="sun.io.unicode.encoding" value="UnicodeBig"/>
    <property name="java.class.version" value="52.0"/>
    <property name="socksNonProxyHosts" value="local|*.local|169.254/16|*.169.254/16"/>
  </properties>
  <testcase name="TestContractionClosure" classname="com.ibm.icu.dev.test.collator.CollationMiscTest" time="0.015"/>
  <testcase name="TestNonChars" classname="com.ibm.icu.dev.test.collator.CollationMiscTest" time="0.005"/>
  <testcase name="TestCollationKeyHashCode" classname="com.ibm.icu.dev.test.collator.CollationMiscTest" time="0.0"/>
  <testcase name="TestLocaleRuleBasedCollators" classname="com.ibm.icu.dev.test.collator.CollationMiscTest" time="0.0"/>
  <testcase name="TestEquivalentReorderingScripts" classname="com.ibm.icu.dev.test.collator.CollationMiscTest" time="0.0"/>
  <testcase name="TestIncompleteCnt" classname="com.ibm.icu.dev.test.collator.CollationMiscTest" time="0.015"/>
  <testcase name="TestHaniReorder" classname="com.ibm.icu.dev.test.collator.CollationMiscTest" time="0.002"/>
  <testcase name="TestContractionEndCompare" classname="com.ibm.icu.dev.test.collator.CollationMiscTest" time="0.007"/>
  <testcase name="TestSameStrengthListRangesWithSupplementalCharacters" classname="com.ibm.icu.dev.test.collator.CollationMiscTest" time="0.007"/>
  <testcase name="TestImplicitTailoring" classname="com.ibm.icu.dev.test.collator.CollationMiscTest" time="0.024"/>
  <testcase name="TestFCDProblem" classname="com.ibm.icu.dev.test.collator.CollationMiscTest" time="0.0"/>
  <testcase name="TestBlackBird" classname="com.ibm.icu.dev.test.collator.CollationMiscTest" time="0.001"/>
  <testcase name="TestIdenticalCompare" classname="com.ibm.icu.dev.test.collator.CollationMiscTest" time="0.006"/>
  <testcase name="TestGetBound" classname="com.ibm.icu.dev.test.collator.CollationMiscTest" time="0.0"/>
  <testcase name="TestSurrogates" classname="com.ibm.icu.dev.test.collator.CollationMiscTest" time="0.025"/>
  <testcase name="TestUpperFirstQuaternary" classname="com.ibm.icu.dev.test.collator.CollationMiscTest" time="0.0"/>
  <testcase name="TestQuoteAndSpace" classname="com.ibm.icu.dev.test.collator.CollationMiscTest" time="0.019"/>
  <testcase name="TestSuppressContractions" classname="com.ibm.icu.dev.test.collator.CollationMiscTest" time="0.013"/>
  <testcase name="TestComposeDecompose" classname="com.ibm.icu.dev.test.collator.CollationMiscTest" time="0.34"/>
  <testcase name="TestNewJapanese" classname="com.ibm.icu.dev.test.collator.CollationMiscTest" time="0.049"/>
  <testcase name="Test3249" classname="com.ibm.icu.dev.test.collator.CollationMiscTest" time="0.004"/>
  <testcase name="Test6179" classname="com.ibm.icu.dev.test.collator.CollationMiscTest" time="0.008"/>
  <testcase name="TestCase" classname="com.ibm.icu.dev.test.collator.CollationMiscTest" time="0.031"/>
  <testcase name="TestJ815" classname="com.ibm.icu.dev.test.collator.CollationMiscTest" time="0.005"/>
  <testcase name="TestBefore" classname="com.ibm.icu.dev.test.collator.CollationMiscTest" time="0.01"/>
  <testcase name="TestUCAPrecontext" classname="com.ibm.icu.dev.test.collator.CollationMiscTest" time="0.008"/>
  <testcase name="TestChMove" classname="com.ibm.icu.dev.test.collator.CollationMiscTest" time="0.005"/>
  <testcase name="TestShifted" classname="com.ibm.icu.dev.test.collator.CollationMiscTest" time="0.0"/>
  <testcase name="TestFunkyA" classname="com.ibm.icu.dev.test.collator.CollationMiscTest" time="0.0"/>
  <testcase name="TestIncrementalNormalize" classname="com.ibm.icu.dev.test.collator.CollationMiscTest" time="0.079"/>
  <testcase name="TestJB5298" classname="com.ibm.icu.dev.test.collator.CollationMiscTest" time="0.016"/>
  <testcase name="TestMaxVariable" classname="com.ibm.icu.dev.test.collator.CollationMiscTest" time="0.0"/>
  <testcase name="TestExtremeCompression" classname="com.ibm.icu.dev.test.collator.CollationMiscTest" time="0.004"/>
  <testcase name="TestRawCollationKeyCompareTo" classname="com.ibm.icu.dev.test.collator.CollationMiscTest" time="0.0"/>
  <testcase name="TestImport" classname="com.ibm.icu.dev.test.collator.CollationMiscTest" time="0.016"/>
  <testcase name="TestStrCollIdenticalPrefix" classname="com.ibm.icu.dev.test.collator.CollationMiscTest" time="0.006"/>
  <testcase name="TestGreekFirstReorderCloning" classname="com.ibm.icu.dev.test.collator.CollationMiscTest" time="0.001"/>
  <testcase name="TestPrefix" classname="com.ibm.icu.dev.test.collator.CollationMiscTest" time="0.022"/>
  <testcase name="TestVI5913" classname="com.ibm.icu.dev.test.collator.CollationMiscTest" time="0.016"/>
  <testcase name="TestVariableTopSetting" classname="com.ibm.icu.dev.test.collator.CollationMiscTest" time="0.001"/>
  <testcase name="TestSpecialCharacters" classname="com.ibm.icu.dev.test.collator.CollationMiscTest" time="0.041"/>
  <testcase name="TestNumericCollation" classname="com.ibm.icu.dev.test.collator.CollationMiscTest" time="0.003"/>
  <testcase name="TestMultipleReorder" classname="com.ibm.icu.dev.test.collator.CollationMiscTest" time="0.003"/>
  <testcase name="TestUCARules" classname="com.ibm.icu.dev.test.collator.CollationMiscTest" time="0.172"/>
  <testcase name="TestEmptyRule" classname="com.ibm.icu.dev.test.collator.CollationMiscTest" time="0.0"/>
  <testcase name="TestBocsuCoverage" classname="com.ibm.icu.dev.test.collator.CollationMiscTest" time="0.0"/>
  <testcase name="TestImportWithType" classname="com.ibm.icu.dev.test.collator.CollationMiscTest" time="0.015"/>
  <testcase name="TestBeforeRuleWithScriptReordering" classname="com.ibm.icu.dev.test.collator.CollationMiscTest" time="0.004"/>
  <testcase name="TestBeforePinyin" classname="com.ibm.icu.dev.test.collator.CollationMiscTest" time="0.04"/>
  <testcase name="TestPinyinProblem" classname="com.ibm.icu.dev.test.collator.CollationMiscTest" time="0.0"/>
  <testcase name="TestGreekLastReorder" classname="com.ibm.icu.dev.test.collator.CollationMiscTest" time="0.002"/>
  <testcase name="TestCollationKeyEquals" classname="com.ibm.icu.dev.test.collator.CollationMiscTest" time="0.0"/>
  <testcase name="TestContraction" classname="com.ibm.icu.dev.test.collator.CollationMiscTest" time="0.014"/>
  <testcase name="TestNonScriptReorder" classname="com.ibm.icu.dev.test.collator.CollationMiscTest" time="0.002"/>
  <testcase name="TestReorderingAPI" classname="com.ibm.icu.dev.test.collator.CollationMiscTest" time="0.0"/>
  <testcase name="TestUnknownCollationKeyword" classname="com.ibm.icu.dev.test.collator.CollationMiscTest" time="0.0"/>
  <testcase name="TestVariableTop" classname="com.ibm.icu.dev.test.collator.CollationMiscTest" time="0.008"/>
  <testcase name="TestOptimize" classname="com.ibm.icu.dev.test.collator.CollationMiscTest" time="0.002"/>
  <testcase name="TestJ3087" classname="com.ibm.icu.dev.test.collator.CollationMiscTest" time="0.012"/>
  <testcase name="TestJ3347" classname="com.ibm.icu.dev.test.collator.CollationMiscTest" time="0.0"/>
  <testcase name="TestJ4960" classname="com.ibm.icu.dev.test.collator.CollationMiscTest" time="0.006"/>
  <testcase name="TestJ5367" classname="com.ibm.icu.dev.test.collator.CollationMiscTest" time="0.006"/>
  <testcase name="TestMerge" classname="com.ibm.icu.dev.test.collator.CollationMiscTest" time="0.001"/>
  <testcase name="TestInvalidListsAndRanges" classname="com.ibm.icu.dev.test.collator.CollationMiscTest" time="0.0"/>
  <testcase name="TestRuleOptions" classname="com.ibm.icu.dev.test.collator.CollationMiscTest" time="0.063"/>
  <testcase name="TestCyrillicTailoring" classname="com.ibm.icu.dev.test.collator.CollationMiscTest" time="0.012"/>
  <testcase name="TestUpperCaseFirst" classname="com.ibm.icu.dev.test.collator.CollationMiscTest" time="0.002"/>
  <testcase name="TestNonLeadBytesDuringCollationReordering" classname="com.ibm.icu.dev.test.collator.CollationMiscTest" time="0.0"/>
  <testcase name="TestSameStrengthListWithSupplementalCharacters" classname="com.ibm.icu.dev.test.collator.CollationMiscTest" time="0.012"/>
  <testcase name="TestPrefixCompose" classname="com.ibm.icu.dev.test.collator.CollationMiscTest" time="0.004"/>
  <testcase name="TestGreekFirstReorder" classname="com.ibm.icu.dev.test.collator.CollationMiscTest" time="0.002"/>
  <testcase name="TestExpansion" classname="com.ibm.icu.dev.test.collator.CollationMiscTest" time="0.006"/>
  <testcase name="TestBeforePrefixFailure" classname="com.ibm.icu.dev.test.collator.CollationMiscTest" time="0.018"/>
  <testcase name="TestHungarianTailoring" classname="com.ibm.icu.dev.test.collator.CollationMiscTest" time="0.027"/>
  <testcase name="TestSameStrengthList" classname="com.ibm.icu.dev.test.collator.CollationMiscTest" time="0.018"/>
  <testcase name="TestReorderingAPIWithRuleCreatedCollator" classname="com.ibm.icu.dev.test.collator.CollationMiscTest" time="0.0"/>
  <testcase name="TestMergeSortKeys" classname="com.ibm.icu.dev.test.collator.CollationMiscTest" time="0.001"/>
  <testcase name="TestSameStrengthListQuoted" classname="com.ibm.icu.dev.test.collator.CollationMiscTest" time="0.018"/>
  <testcase name="TestSameStrengthListQwerty" classname="com.ibm.icu.dev.test.collator.CollationMiscTest" time="0.013"/>
  <testcase name="TestFrozeness" classname="com.ibm.icu.dev.test.collator.CollationMiscTest" time="0.001"/>
  <testcase name="TestSameStrengthListRanges" classname="com.ibm.icu.dev.test.collator.CollationMiscTest" time="0.018"/>
  <testcase name="TestTibetanConformance" classname="com.ibm.icu.dev.test.collator.CollationMiscTest" time="0.0"/>
  <testcase name="TestHangulTailoring" classname="com.ibm.icu.dev.test.collator.CollationMiscTest" time="0.008"/>
  <testcase name="TestHaniReorderWithOtherRules" classname="com.ibm.icu.dev.test.collator.CollationMiscTest" time="0.006"/>
</testsuite>