<?xml version="1.0" encoding="UTF-8"?>
<testsuite xmlns:xsi="http://www.w3.org/2001/XMLSchema-instance" xsi:noNamespaceSchemaLocation="https://maven.apache.org/surefire/maven-surefire-plugin/xsd/surefire-test-report-3.0.xsd" version="3.0" name="com.ibm.icu.dev.test.collator.CollationRegressionTest" time="0.229" tests="43" errors="0" skipped="0" failures="0">
  <properties>
    <property name="gopherProxySet" value="false"/>
    <property name="awt.toolkit" value="sun.lwawt.macosx.LWCToolkit"/>
    <property name="file.encoding.pkg" value="sun.io"/>
    <property name="java.specification.version" value="1.8"/>
    <property name="sun.cpu.isalist" value=""/>
    <property name="sun.jnu.encoding" value="UTF-8"/>
    <property name="java.class.path" value="/Users/mnita/xx/fake_icu/icu4j/main/collate/target/test-classes:/Users/mnita/xx/fake_icu/icu4j/main/collate/target/classes:/Users/mnita/xx/fake_icu/icu4j/main/core/target/core-76.0.1-SNAPSHOT.jar:/Users/mnita/xx/fake_icu/icu4j/main/core/target/core-76.0.1-SNAPSHOT-tests.jar:/Users/mnita/xx/fake_icu/icu4j/main/framework/target/framework-76.0.1-SNAPSHOT-tests.jar:/Users/mnita/xx/fake_icu/icu4j/main/langdata/target/langdata-76.0.1-SNAPSHOT.jar:/Users/mnita/xx/fake_icu/icu4j/main/regiondata/target/regiondata-76.0.1-SNAPSHOT.jar:/Users/mnita/xx/fake_icu/icu4j/main/currdata/target/currdata-76.0.1-SNAPSHOT.jar:/Users/mnita/.m2/repository/junit/junit/4.13.2/junit-4.13.2.jar:/Users/mnita/.m2/repository/org/hamcrest/hamcrest-core/1.3/hamcrest-core-1.3.jar:"/>
    <property name="java.vm.vendor" value="Azul Systems, Inc."/>
    <property name="sun.arch.data.model" value="64"/>
    <property name="java.vendor.url" value="http://www.azul.com/"/>
    <property name="user.timezone" value=""/>
    <property name="java.vm.specification.version" value="1.8"/>
    <property name="os.name" value="Mac OS X"/>
    <property name="user.country" value="US"/>
    <property name="sun.java.launcher" value="SUN_STANDARD"/>
    <property name="sun.boot.library.path" value="/Users/mnita/apps/zulu8.78.0.19-ca-jdk8.0.412-macosx_aarch64/Contents/Home/jre/lib"/>
    <property name="sun.java.command" value="/Users/mnita/xx/fake_icu/icu4j/main/collate/target/surefire/surefirebooter-20240816120719150_35.jar /Users/mnita/xx/fake_icu/icu4j/main/collate/target/surefire 2024-08-16T12-05-30_488-jvmRun1 surefire-20240816120719150_33tmp surefire_2-20240816120719150_34tmp"/>
    <property name="http.nonProxyHosts" value="local|*.local|169.254/16|*.169.254/16"/>
    <property name="surefire.test.class.path" value="/Users/mnita/xx/fake_icu/icu4j/main/collate/target/test-classes:/Users/mnita/xx/fake_icu/icu4j/main/collate/target/classes:/Users/mnita/xx/fake_icu/icu4j/main/core/target/core-76.0.1-SNAPSHOT.jar:/Users/mnita/xx/fake_icu/icu4j/main/core/target/core-76.0.1-SNAPSHOT-tests.jar:/Users/mnita/xx/fake_icu/icu4j/main/framework/target/framework-76.0.1-SNAPSHOT-tests.jar:/Users/mnita/xx/fake_icu/icu4j/main/langdata/target/langdata-76.0.1-SNAPSHOT.jar:/Users/mnita/xx/fake_icu/icu4j/main/regiondata/target/regiondata-76.0.1-SNAPSHOT.jar:/Users/mnita/xx/fake_icu/icu4j/main/currdata/target/currdata-76.0.1-SNAPSHOT.jar:/Users/mnita/.m2/repository/junit/junit/4.13.2/junit-4.13.2.jar:/Users/mnita/.m2/repository/org/hamcrest/hamcrest-core/1.3/hamcrest-core-1.3.jar:"/>
    <property name="sun.cpu.endian" value="little"/>
    <property name="user.home" value="/Users/mnita"/>
    <property name="user.language" value="en"/>
    <property name="java.specification.vendor" value="Oracle Corporation"/>
    <property name="java.home" value="/Users/mnita/apps/zulu8.78.0.19-ca-jdk8.0.412-macosx_aarch64/Contents/Home/jre"/>
    <property name="basedir" value="/Users/mnita/xx/fake_icu/icu4j/main/collate"/>
    <property name="file.separator" value="/"/>
    <property name="line.separator" value="&#10;"/>
    <property name="jdk.vendor.version" value="Zulu 8.78.0.19-CA-macos-aarch64"/>
    <property name="java.vm.specification.vendor" value="Oracle Corporation"/>
    <property name="java.specification.name" value="Java Platform API Specification"/>
    <property name="java.awt.graphicsenv" value="sun.awt.CGraphicsEnvironment"/>
    <property name="surefire.real.class.path" value="/Users/mnita/xx/fake_icu/icu4j/main/collate/target/surefire/surefirebooter-20240816120719150_35.jar"/>
    <property name="sun.boot.class.path" value="/Users/mnita/apps/zulu8.78.0.19-ca-jdk8.0.412-macosx_aarch64/Contents/Home/jre/lib/resources.jar:/Users/mnita/apps/zulu8.78.0.19-ca-jdk8.0.412-macosx_aarch64/Contents/Home/jre/lib/rt.jar:/Users/mnita/apps/zulu8.78.0.19-ca-jdk8.0.412-macosx_aarch64/Contents/Home/jre/lib/sunrsasign.jar:/Users/mnita/apps/zulu8.78.0.19-ca-jdk8.0.412-macosx_aarch64/Contents/Home/jre/lib/jsse.jar:/Users/mnita/apps/zulu8.78.0.19-ca-jdk8.0.412-macosx_aarch64/Contents/Home/jre/lib/jce.jar:/Users/mnita/apps/zulu8.78.0.19-ca-jdk8.0.412-macosx_aarch64/Contents/Home/jre/lib/charsets.jar:/Users/mnita/apps/zulu8.78.0.19-ca-jdk8.0.412-macosx_aarch64/Contents/Home/jre/lib/jfr.jar:/Users/mnita/apps/zulu8.78.0.19-ca-jdk8.0.412-macosx_aarch64/Contents/Home/jre/lib/cat.jar:/Users/mnita/apps/zulu8.78.0.19-ca-jdk8.0.412-macosx_aarch64/Contents/Home/jre/classes"/>
    <property name="sun.management.compiler" value="HotSpot 64-Bit Tiered Compilers"/>
    <property name="ftp.nonProxyHosts" value="local|*.local|169.254/16|*.169.254/16"/>
    <property name="java.runtime.version" value="1.8.0_412-b08"/>
    <property name="user.name" value="mnita"/>
    <property name="path.separator" value=":"/>
    <property name="os.version" value="14.6.1"/>
    <property name="java.endorsed.dirs" value="/Users/mnita/apps/zulu8.78.0.19-ca-jdk8.0.412-macosx_aarch64/Contents/Home/jre/lib/endorsed"/>
    <property name="java.runtime.name" value="OpenJDK Runtime Environment"/>
    <property name="file.encoding" value="UTF-8"/>
    <property name="java.vm.name" value="OpenJDK 64-Bit Server VM"/>
    <property name="localRepository" value="/Users/mnita/.m2/repository"/>
    <property name="java.vendor.url.bug" value="http://www.azul.com/support/"/>
    <property name="java.io.tmpdir" value="/var/folders/rj/sw4bjg6932v2vyh_xbrql1_w0000gn/T/"/>
    <property name="java.version" value="1.8.0_412"/>
    <property name="user.dir" value="/Users/mnita/xx/fake_icu/icu4j/main/collate"/>
    <property name="os.arch" value="aarch64"/>
    <property name="java.vm.specification.name" value="Java Virtual Machine Specification"/>
    <property name="java.awt.printerjob" value="sun.lwawt.macosx.CPrinterJob"/>
    <property name="sun.os.patch.level" value="unknown"/>
    <property name="java.library.path" value="/Users/mnita/Library/Java/Extensions:/Library/Java/Extensions:/Network/Library/Java/Extensions:/System/Library/Java/Extensions:/usr/lib/java:."/>
    <property name="java.vm.info" value="mixed mode"/>
    <property name="java.vendor" value="Azul Systems, Inc."/>
    <property name="java.vm.version" value="25.412-b08"/>
    <property name="java.specification.maintenance.version" value="5"/>
    <property name="java.ext.dirs" value="/Users/mnita/Library/Java/Extensions:/Users/mnita/apps/zulu8.78.0.19-ca-jdk8.0.412-macosx_aarch64/Contents/Home/jre/lib/ext:/Library/Java/Extensions:/Network/Library/Java/Extensions:/System/Library/Java/Extensions:/usr/lib/java"/>
    <property name="sun.io.unicode.encoding" value="UnicodeBig"/>
    <property name="java.class.version" value="52.0"/>
    <property name="socksNonProxyHosts" value="local|*.local|169.254/16|*.169.254/16"/>
  </properties>
  <testcase name="TestBengaliSortKey" classname="com.ibm.icu.dev.test.collator.CollationRegressionTest" time="0.004"/>
  <testcase name="Test8484" classname="com.ibm.icu.dev.test.collator.CollationRegressionTest" time="0.0"/>
  <testcase name="TestBeforeWithTooStrongAfter" classname="com.ibm.icu.dev.test.collator.CollationRegressionTest" time="0.0"/>
  <testcase name="Test4048446" classname="com.ibm.icu.dev.test.collator.CollationRegressionTest" time="0.0"/>
  <testcase name="Test4051866" classname="com.ibm.icu.dev.test.collator.CollationRegressionTest" time="0.008"/>
  <testcase name="Test4053636" classname="com.ibm.icu.dev.test.collator.CollationRegressionTest" time="0.0"/>
  <testcase name="Test4054238" classname="com.ibm.icu.dev.test.collator.CollationRegressionTest" time="0.0"/>
  <testcase name="Test4054734" classname="com.ibm.icu.dev.test.collator.CollationRegressionTest" time="0.0"/>
  <testcase name="Test4054736" classname="com.ibm.icu.dev.test.collator.CollationRegressionTest" time="0.0"/>
  <testcase name="Test4058613" classname="com.ibm.icu.dev.test.collator.CollationRegressionTest" time="0.0"/>
  <testcase name="Test4059820" classname="com.ibm.icu.dev.test.collator.CollationRegressionTest" time="0.004"/>
  <testcase name="Test4060154" classname="com.ibm.icu.dev.test.collator.CollationRegressionTest" time="0.004"/>
  <testcase name="Test4062418" classname="com.ibm.icu.dev.test.collator.CollationRegressionTest" time="0.0"/>
  <testcase name="Test4065540" classname="com.ibm.icu.dev.test.collator.CollationRegressionTest" time="0.0"/>
  <testcase name="Test4066189" classname="com.ibm.icu.dev.test.collator.CollationRegressionTest" time="0.0"/>
  <testcase name="Test4066696" classname="com.ibm.icu.dev.test.collator.CollationRegressionTest" time="0.0"/>
  <testcase name="Test4076676" classname="com.ibm.icu.dev.test.collator.CollationRegressionTest" time="0.0"/>
  <testcase name="Test4078588" classname="com.ibm.icu.dev.test.collator.CollationRegressionTest" time="0.004"/>
  <testcase name="Test4079231" classname="com.ibm.icu.dev.test.collator.CollationRegressionTest" time="0.0"/>
  <testcase name="Test4081866" classname="com.ibm.icu.dev.test.collator.CollationRegressionTest" time="0.0"/>
  <testcase name="Test4087241" classname="com.ibm.icu.dev.test.collator.CollationRegressionTest" time="0.0"/>
  <testcase name="Test4087243" classname="com.ibm.icu.dev.test.collator.CollationRegressionTest" time="0.0"/>
  <testcase name="Test4092260" classname="com.ibm.icu.dev.test.collator.CollationRegressionTest" time="0.0"/>
  <testcase name="Test4095316" classname="com.ibm.icu.dev.test.collator.CollationRegressionTest" time="0.001"/>
  <testcase name="Test4101940" classname="com.ibm.icu.dev.test.collator.CollationRegressionTest" time="0.005"/>
  <testcase name="Test4103436" classname="com.ibm.icu.dev.test.collator.CollationRegressionTest" time="0.0"/>
  <testcase name="Test4114076" classname="com.ibm.icu.dev.test.collator.CollationRegressionTest" time="0.0"/>
  <testcase name="Test4114077" classname="com.ibm.icu.dev.test.collator.CollationRegressionTest" time="0.0"/>
  <testcase name="Test4124632" classname="com.ibm.icu.dev.test.collator.CollationRegressionTest" time="0.0"/>
  <testcase name="Test4132736" classname="com.ibm.icu.dev.test.collator.CollationRegressionTest" time="0.0"/>
  <testcase name="Test4133509" classname="com.ibm.icu.dev.test.collator.CollationRegressionTest" time="0.0"/>
  <testcase name="Test4139572" classname="com.ibm.icu.dev.test.collator.CollationRegressionTest" time="0.0"/>
  <testcase name="Test4141640" classname="com.ibm.icu.dev.test.collator.CollationRegressionTest" time="0.0"/>
  <testcase name="Test4171974" classname="com.ibm.icu.dev.test.collator.CollationRegressionTest" time="0.001"/>
  <testcase name="Test4179216" classname="com.ibm.icu.dev.test.collator.CollationRegressionTest" time="0.006"/>
  <testcase name="Test4179686" classname="com.ibm.icu.dev.test.collator.CollationRegressionTest" time="0.006"/>
  <testcase name="Test4216006" classname="com.ibm.icu.dev.test.collator.CollationRegressionTest" time="0.004"/>
  <testcase name="Test4244884" classname="com.ibm.icu.dev.test.collator.CollationRegressionTest" time="0.005"/>
  <testcase name="Test4663220" classname="com.ibm.icu.dev.test.collator.CollationRegressionTest" time="0.0"/>
  <testcase name="TestTrailingComment" classname="com.ibm.icu.dev.test.collator.CollationRegressionTest" time="0.003"/>
  <testcase name="TestICU22517" classname="com.ibm.icu.dev.test.collator.CollationRegressionTest" time="0.172"/>
  <testcase name="TestCaseFirstCompression" classname="com.ibm.icu.dev.test.collator.CollationRegressionTest" time="0.001"/>
  <testcase name="TestICU22555InfinityLoop" classname="com.ibm.icu.dev.test.collator.CollationRegressionTest" time="0.001"/>
</testsuite>