<?xml version="1.0" encoding="UTF-8"?>
<testsuite xmlns:xsi="http://www.w3.org/2001/XMLSchema-instance" xsi:noNamespaceSchemaLocation="https://maven.apache.org/surefire/maven-surefire-plugin/xsd/surefire-test-report-3.0.xsd" version="3.0" name="com.ibm.icu.dev.test.translit.TransliteratorTest" time="1.509" tests="94" errors="0" skipped="0" failures="0">
  <properties>
    <property name="gopherProxySet" value="false"/>
    <property name="awt.toolkit" value="sun.lwawt.macosx.LWCToolkit"/>
    <property name="file.encoding.pkg" value="sun.io"/>
    <property name="java.specification.version" value="1.8"/>
    <property name="sun.cpu.isalist" value=""/>
    <property name="sun.jnu.encoding" value="UTF-8"/>
    <property name="java.class.path" value="/Users/mnita/xx/fake_icu/icu4j/main/translit/target/test-classes:/Users/mnita/xx/fake_icu/icu4j/main/translit/target/classes:/Users/mnita/xx/fake_icu/icu4j/main/core/target/core-76.0.1-SNAPSHOT.jar:/Users/mnita/xx/fake_icu/icu4j/main/core/target/core-76.0.1-SNAPSHOT-tests.jar:/Users/mnita/xx/fake_icu/icu4j/main/framework/target/framework-76.0.1-SNAPSHOT-tests.jar:/Users/mnita/xx/fake_icu/icu4j/main/langdata/target/langdata-76.0.1-SNAPSHOT.jar:/Users/mnita/.m2/repository/junit/junit/4.13.2/junit-4.13.2.jar:/Users/mnita/.m2/repository/org/hamcrest/hamcrest-core/1.3/hamcrest-core-1.3.jar:/Users/mnita/.m2/repository/pl/pragmatists/JUnitParams/1.1.1/JUnitParams-1.1.1.jar:"/>
    <property name="java.vm.vendor" value="Azul Systems, Inc."/>
    <property name="sun.arch.data.model" value="64"/>
    <property name="java.vendor.url" value="http://www.azul.com/"/>
    <property name="user.timezone" value=""/>
    <property name="java.vm.specification.version" value="1.8"/>
    <property name="os.name" value="Mac OS X"/>
    <property name="user.country" value="US"/>
    <property name="sun.java.launcher" value="SUN_STANDARD"/>
    <property name="sun.boot.library.path" value="/Users/mnita/apps/zulu8.78.0.19-ca-jdk8.0.412-macosx_aarch64/Contents/Home/jre/lib"/>
    <property name="sun.java.command" value="/Users/mnita/xx/fake_icu/icu4j/main/translit/target/surefire/surefirebooter-20240816120737357_39.jar /Users/mnita/xx/fake_icu/icu4j/main/translit/target/surefire 2024-08-16T12-05-30_488-jvmRun1 surefire-20240816120737357_37tmp surefire_3-20240816120737357_38tmp"/>
    <property name="http.nonProxyHosts" value="local|*.local|169.254/16|*.169.254/16"/>
    <property name="surefire.test.class.path" value="/Users/mnita/xx/fake_icu/icu4j/main/translit/target/test-classes:/Users/mnita/xx/fake_icu/icu4j/main/translit/target/classes:/Users/mnita/xx/fake_icu/icu4j/main/core/target/core-76.0.1-SNAPSHOT.jar:/Users/mnita/xx/fake_icu/icu4j/main/core/target/core-76.0.1-SNAPSHOT-tests.jar:/Users/mnita/xx/fake_icu/icu4j/main/framework/target/framework-76.0.1-SNAPSHOT-tests.jar:/Users/mnita/xx/fake_icu/icu4j/main/langdata/target/langdata-76.0.1-SNAPSHOT.jar:/Users/mnita/.m2/repository/junit/junit/4.13.2/junit-4.13.2.jar:/Users/mnita/.m2/repository/org/hamcrest/hamcrest-core/1.3/hamcrest-core-1.3.jar:/Users/mnita/.m2/repository/pl/pragmatists/JUnitParams/1.1.1/JUnitParams-1.1.1.jar:"/>
    <property name="sun.cpu.endian" value="little"/>
    <property name="user.home" value="/Users/mnita"/>
    <property name="user.language" value="en"/>
    <property name="java.specification.vendor" value="Oracle Corporation"/>
    <property name="java.home" value="/Users/mnita/apps/zulu8.78.0.19-ca-jdk8.0.412-macosx_aarch64/Contents/Home/jre"/>
    <property name="basedir" value="/Users/mnita/xx/fake_icu/icu4j/main/translit"/>
    <property name="file.separator" value="/"/>
    <property name="line.separator" value="&#10;"/>
    <property name="jdk.vendor.version" value="Zulu 8.78.0.19-CA-macos-aarch64"/>
    <property name="java.vm.specification.vendor" value="Oracle Corporation"/>
    <property name="java.specification.name" value="Java Platform API Specification"/>
    <property name="java.awt.graphicsenv" value="sun.awt.CGraphicsEnvironment"/>
    <property name="surefire.real.class.path" value="/Users/mnita/xx/fake_icu/icu4j/main/translit/target/surefire/surefirebooter-20240816120737357_39.jar"/>
    <property name="sun.boot.class.path" value="/Users/mnita/apps/zulu8.78.0.19-ca-jdk8.0.412-macosx_aarch64/Contents/Home/jre/lib/resources.jar:/Users/mnita/apps/zulu8.78.0.19-ca-jdk8.0.412-macosx_aarch64/Contents/Home/jre/lib/rt.jar:/Users/mnita/apps/zulu8.78.0.19-ca-jdk8.0.412-macosx_aarch64/Contents/Home/jre/lib/sunrsasign.jar:/Users/mnita/apps/zulu8.78.0.19-ca-jdk8.0.412-macosx_aarch64/Contents/Home/jre/lib/jsse.jar:/Users/mnita/apps/zulu8.78.0.19-ca-jdk8.0.412-macosx_aarch64/Contents/Home/jre/lib/jce.jar:/Users/mnita/apps/zulu8.78.0.19-ca-jdk8.0.412-macosx_aarch64/Contents/Home/jre/lib/charsets.jar:/Users/mnita/apps/zulu8.78.0.19-ca-jdk8.0.412-macosx_aarch64/Contents/Home/jre/lib/jfr.jar:/Users/mnita/apps/zulu8.78.0.19-ca-jdk8.0.412-macosx_aarch64/Contents/Home/jre/lib/cat.jar:/Users/mnita/apps/zulu8.78.0.19-ca-jdk8.0.412-macosx_aarch64/Contents/Home/jre/classes"/>
    <property name="sun.management.compiler" value="HotSpot 64-Bit Tiered Compilers"/>
    <property name="ftp.nonProxyHosts" value="local|*.local|169.254/16|*.169.254/16"/>
    <property name="java.runtime.version" value="1.8.0_412-b08"/>
    <property name="user.name" value="mnita"/>
    <property name="path.separator" value=":"/>
    <property name="os.version" value="14.6.1"/>
    <property name="java.endorsed.dirs" value="/Users/mnita/apps/zulu8.78.0.19-ca-jdk8.0.412-macosx_aarch64/Contents/Home/jre/lib/endorsed"/>
    <property name="java.runtime.name" value="OpenJDK Runtime Environment"/>
    <property name="file.encoding" value="UTF-8"/>
    <property name="java.vm.name" value="OpenJDK 64-Bit Server VM"/>
    <property name="localRepository" value="/Users/mnita/.m2/repository"/>
    <property name="java.vendor.url.bug" value="http://www.azul.com/support/"/>
    <property name="java.io.tmpdir" value="/var/folders/rj/sw4bjg6932v2vyh_xbrql1_w0000gn/T/"/>
    <property name="java.version" value="1.8.0_412"/>
    <property name="user.dir" value="/Users/mnita/xx/fake_icu/icu4j/main/translit"/>
    <property name="os.arch" value="aarch64"/>
    <property name="java.vm.specification.name" value="Java Virtual Machine Specification"/>
    <property name="java.awt.printerjob" value="sun.lwawt.macosx.CPrinterJob"/>
    <property name="sun.os.patch.level" value="unknown"/>
    <property name="java.library.path" value="/Users/mnita/Library/Java/Extensions:/Library/Java/Extensions:/Network/Library/Java/Extensions:/System/Library/Java/Extensions:/usr/lib/java:."/>
    <property name="java.vm.info" value="mixed mode"/>
    <property name="java.vendor" value="Azul Systems, Inc."/>
    <property name="java.vm.version" value="25.412-b08"/>
    <property name="java.specification.maintenance.version" value="5"/>
    <property name="java.ext.dirs" value="/Users/mnita/Library/Java/Extensions:/Users/mnita/apps/zulu8.78.0.19-ca-jdk8.0.412-macosx_aarch64/Contents/Home/jre/lib/ext:/Library/Java/Extensions:/Network/Library/Java/Extensions:/System/Library/Java/Extensions:/usr/lib/java"/>
    <property name="sun.io.unicode.encoding" value="UnicodeBig"/>
    <property name="java.class.version" value="52.0"/>
    <property name="socksNonProxyHosts" value="local|*.local|169.254/16|*.169.254/16"/>
  </properties>
  <testcase name="TestGetAvailableVariants" classname="com.ibm.icu.dev.test.translit.TransliteratorTest" time="0.0"/>
  <testcase name="TestContext" classname="com.ibm.icu.dev.test.translit.TransliteratorTest" time="0.0"/>
  <testcase name="TestFunction" classname="com.ibm.icu.dev.test.translit.TransliteratorTest" time="0.004"/>
  <testcase name="TestNextLine" classname="com.ibm.icu.dev.test.translit.TransliteratorTest" time="0.0"/>
  <testcase name="TestBeginEnd" classname="com.ibm.icu.dev.test.translit.TransliteratorTest" time="0.002"/>
  <testcase name="TestPositionAPI" classname="com.ibm.icu.dev.test.translit.TransliteratorTest" time="0.0"/>
  <testcase name="TestCursorOffset" classname="com.ibm.icu.dev.test.translit.TransliteratorTest" time="0.0"/>
  <testcase name="TestGurmukhiDevanagari" classname="com.ibm.icu.dev.test.translit.TransliteratorTest" time="0.001"/>
  <testcase name="TestCompoundFilterID" classname="com.ibm.icu.dev.test.translit.TransliteratorTest" time="0.002"/>
  <testcase name="TestSourceTargetSetFilter" classname="com.ibm.icu.dev.test.translit.TransliteratorTest" time="0.933"/>
  <testcase name="TestAliasInverseID" classname="com.ibm.icu.dev.test.translit.TransliteratorTest" time="0.0"/>
  <testcase name="TestPositionEquals" classname="com.ibm.icu.dev.test.translit.TransliteratorTest" time="0.0"/>
  <testcase name="TestVariableNames" classname="com.ibm.icu.dev.test.translit.TransliteratorTest" time="0.0"/>
  <testcase name="TestVariableRange" classname="com.ibm.icu.dev.test.translit.TransliteratorTest" time="0.001"/>
  <testcase name="TestAlternateSyntax" classname="com.ibm.icu.dev.test.translit.TransliteratorTest" time="0.0"/>
  <testcase name="TestNameMap" classname="com.ibm.icu.dev.test.translit.TransliteratorTest" time="0.015"/>
  <testcase name="TestCharUtils" classname="com.ibm.icu.dev.test.translit.TransliteratorTest" time="0.001"/>
  <testcase name="TestLocaleResource" classname="com.ibm.icu.dev.test.translit.TransliteratorTest" time="0.003"/>
  <testcase name="TestCompoundLatinRT" classname="com.ibm.icu.dev.test.translit.TransliteratorTest" time="0.008"/>
  <testcase name="TestSupplemental" classname="com.ibm.icu.dev.test.translit.TransliteratorTest" time="0.005"/>
  <testcase name="TestSpecialCases" classname="com.ibm.icu.dev.test.translit.TransliteratorTest" time="0.002"/>
  <testcase name="TestAnyX" classname="com.ibm.icu.dev.test.translit.TransliteratorTest" time="0.001"/>
  <testcase name="TestJ277" classname="com.ibm.icu.dev.test.translit.TransliteratorTest" time="0.0"/>
  <testcase name="TestJ329" classname="com.ibm.icu.dev.test.translit.TransliteratorTest" time="0.0"/>
  <testcase name="TestThai" classname="com.ibm.icu.dev.test.translit.TransliteratorTest" time="0.1"/>
  <testcase name="TestPatternWhitespace" classname="com.ibm.icu.dev.test.translit.TransliteratorTest" time="0.0"/>
  <testcase name="TestCasing" classname="com.ibm.icu.dev.test.translit.TransliteratorTest" time="0.007"/>
  <testcase name="TestRuleBasedInverse" classname="com.ibm.icu.dev.test.translit.TransliteratorTest" time="0.001"/>
  <testcase name="TestEscape" classname="com.ibm.icu.dev.test.translit.TransliteratorTest" time="0.0"/>
  <testcase name="TestInstantiationError" classname="com.ibm.icu.dev.test.translit.TransliteratorTest" time="0.0"/>
  <testcase name="TestHalfwidthFullwidth" classname="com.ibm.icu.dev.test.translit.TransliteratorTest" time="0.0"/>
  <testcase name="TestHangul" classname="com.ibm.icu.dev.test.translit.TransliteratorTest" time="0.001"/>
  <testcase name="TestCompoundFilter" classname="com.ibm.icu.dev.test.translit.TransliteratorTest" time="0.0"/>
  <testcase name="TestInlineSet" classname="com.ibm.icu.dev.test.translit.TransliteratorTest" time="0.0"/>
  <testcase name="TestOutputSet" classname="com.ibm.icu.dev.test.translit.TransliteratorTest" time="0.0"/>
  <testcase name="TestMulticharStringSet" classname="com.ibm.icu.dev.test.translit.TransliteratorTest" time="0.001"/>
  <testcase name="TestRemove" classname="com.ibm.icu.dev.test.translit.TransliteratorTest" time="0.0"/>
  <testcase name="TestPatternQuoting" classname="com.ibm.icu.dev.test.translit.TransliteratorTest" time="0.0"/>
  <testcase name="TestScriptAllCodepoints" classname="com.ibm.icu.dev.test.translit.TransliteratorTest" time="0.076"/>
  <testcase name="TestSurrogateCasing" classname="com.ibm.icu.dev.test.translit.TransliteratorTest" time="0.0"/>
  <testcase name="TestPropertySet" classname="com.ibm.icu.dev.test.translit.TransliteratorTest" time="0.001"/>
  <testcase name="TestNormalizationTransliterator" classname="com.ibm.icu.dev.test.translit.TransliteratorTest" time="0.0"/>
  <testcase name="TestTitleAccents" classname="com.ibm.icu.dev.test.translit.TransliteratorTest" time="0.0"/>
  <testcase name="TestPositionHandling" classname="com.ibm.icu.dev.test.translit.TransliteratorTest" time="0.0"/>
  <testcase name="TestLiberalizedID" classname="com.ibm.icu.dev.test.translit.TransliteratorTest" time="0.001"/>
  <testcase name="TestInvalidPostContext" classname="com.ibm.icu.dev.test.translit.TransliteratorTest" time="0.0"/>
  <testcase name="TestKeyboard2" classname="com.ibm.icu.dev.test.translit.TransliteratorTest" time="0.0"/>
  <testcase name="TestKeyboard3" classname="com.ibm.icu.dev.test.translit.TransliteratorTest" time="0.0"/>
  <testcase name="TestInvalidBackRef" classname="com.ibm.icu.dev.test.translit.TransliteratorTest" time="0.0"/>
  <testcase name="TestToRulesMark" classname="com.ibm.icu.dev.test.translit.TransliteratorTest" time="0.001"/>
  <testcase name="TestAnchorMasking" classname="com.ibm.icu.dev.test.translit.TransliteratorTest" time="0.0"/>
  <testcase name="TestDisplayName" classname="com.ibm.icu.dev.test.translit.TransliteratorTest" time="0.001"/>
  <testcase name="TestGetAvailableTargets" classname="com.ibm.icu.dev.test.translit.TransliteratorTest" time="0.0"/>
  <testcase name="TestToRules" classname="com.ibm.icu.dev.test.translit.TransliteratorTest" time="0.001"/>
  <testcase name="TestRegisterAlias" classname="com.ibm.icu.dev.test.translit.TransliteratorTest" time="0.002"/>
  <testcase name="TestRegistry" classname="com.ibm.icu.dev.test.translit.TransliteratorTest" time="0.138"/>
  <testcase name="TestAny" classname="com.ibm.icu.dev.test.translit.TransliteratorTest" time="0.005"/>
  <testcase name="TestSTV" classname="com.ibm.icu.dev.test.translit.TransliteratorTest" time="0.002"/>
  <testcase name="TestQuantifier" classname="com.ibm.icu.dev.test.translit.TransliteratorTest" time="0.0"/>
  <testcase name="TestUndefinedVariable" classname="com.ibm.icu.dev.test.translit.TransliteratorTest" time="0.0"/>
  <testcase name="TestCopyJ476" classname="com.ibm.icu.dev.test.translit.TransliteratorTest" time="0.0"/>
  <testcase name="TestAnchors" classname="com.ibm.icu.dev.test.translit.TransliteratorTest" time="0.001"/>
  <testcase name="TestBeginEndToRules" classname="com.ibm.icu.dev.test.translit.TransliteratorTest" time="0.001"/>
  <testcase name="TestNewEngine" classname="com.ibm.icu.dev.test.translit.TransliteratorTest" time="0.003"/>
  <testcase name="TestNFDChainRBT" classname="com.ibm.icu.dev.test.translit.TransliteratorTest" time="0.001"/>
  <testcase name="TestCoverage" classname="com.ibm.icu.dev.test.translit.TransliteratorTest" time="0.001"/>
  <testcase name="TestFilterIDs" classname="com.ibm.icu.dev.test.translit.TransliteratorTest" time="0.0"/>
  <testcase name="TestFiltering" classname="com.ibm.icu.dev.test.translit.TransliteratorTest" time="0.0"/>
  <testcase name="TestHiraganaKatakana" classname="com.ibm.icu.dev.test.translit.TransliteratorTest" time="0.001"/>
  <testcase name="TestUserFunction" classname="com.ibm.icu.dev.test.translit.TransliteratorTest" time="0.001"/>
  <testcase name="TestT5160" classname="com.ibm.icu.dev.test.translit.TransliteratorTest" time="0.165"/>
  <testcase name="TestCompoundInverse" classname="com.ibm.icu.dev.test.translit.TransliteratorTest" time="0.0"/>
  <testcase name="TestSourceTargetSet" classname="com.ibm.icu.dev.test.translit.TransliteratorTest" time="0.0"/>
  <testcase name="TestInterIndic" classname="com.ibm.icu.dev.test.translit.TransliteratorTest" time="0.0"/>
  <testcase name="TestEmptyContext" classname="com.ibm.icu.dev.test.translit.TransliteratorTest" time="0.0"/>
  <testcase name="TestArbitraryVariableValues" classname="com.ibm.icu.dev.test.translit.TransliteratorTest" time="0.001"/>
  <testcase name="TestDevanagariLatinRT" classname="com.ibm.icu.dev.test.translit.TransliteratorTest" time="0.002"/>
  <testcase name="TestSimpleRules" classname="com.ibm.icu.dev.test.translit.TransliteratorTest" time="0.0"/>
  <testcase name="TestCompoundInverseID" classname="com.ibm.icu.dev.test.translit.TransliteratorTest" time="0.0"/>
  <testcase name="TestKeyboard" classname="com.ibm.icu.dev.test.translit.TransliteratorTest" time="0.001"/>
  <testcase name="TestQuantifiedSegment" classname="com.ibm.icu.dev.test.translit.TransliteratorTest" time="0.0"/>
  <testcase name="TestParseError" classname="com.ibm.icu.dev.test.translit.TransliteratorTest" time="0.0"/>
  <testcase name="TestLocaleInstantiation" classname="com.ibm.icu.dev.test.translit.TransliteratorTest" time="0.0"/>
  <testcase name="TestSanskritLatinRT" classname="com.ibm.icu.dev.test.translit.TransliteratorTest" time="0.004"/>
  <testcase name="TestCaseMap" classname="com.ibm.icu.dev.test.translit.TransliteratorTest" time="0.0"/>
  <testcase name="TestCompoundKana" classname="com.ibm.icu.dev.test.translit.TransliteratorTest" time="0.0"/>
  <testcase name="TestCompoundHex" classname="com.ibm.icu.dev.test.translit.TransliteratorTest" time="0.0"/>
  <testcase name="TestCompoundRBT" classname="com.ibm.icu.dev.test.translit.TransliteratorTest" time="0.001"/>
  <testcase name="TestTeluguLatinRT" classname="com.ibm.icu.dev.test.translit.TransliteratorTest" time="0.003"/>
  <testcase name="TestSegments" classname="com.ibm.icu.dev.test.translit.TransliteratorTest" time="0.0"/>
  <testcase name="TestNullInverse" classname="com.ibm.icu.dev.test.translit.TransliteratorTest" time="0.0"/>
  <testcase name="TestIDForms" classname="com.ibm.icu.dev.test.translit.TransliteratorTest" time="0.001"/>
  <testcase name="TestChinese" classname="com.ibm.icu.dev.test.translit.TransliteratorTest" time="0.001"/>
  <testcase name="TestCreateInstance" classname="com.ibm.icu.dev.test.translit.TransliteratorTest" time="0.0"/>
</testsuite>