<?xml version="1.0" encoding="UTF-8"?>
<testsuite xmlns:xsi="http://www.w3.org/2001/XMLSchema-instance" xsi:noNamespaceSchemaLocation="https://maven.apache.org/surefire/maven-surefire-plugin/xsd/surefire-test-report-3.0.xsd" version="3.0" name="com.ibm.icu.dev.test.charset.TestCharset" time="0.598" tests="62" errors="0" skipped="0" failures="0">
  <properties>
    <property name="gopherProxySet" value="false"/>
    <property name="awt.toolkit" value="sun.lwawt.macosx.LWCToolkit"/>
    <property name="file.encoding.pkg" value="sun.io"/>
    <property name="java.specification.version" value="1.8"/>
    <property name="sun.cpu.isalist" value=""/>
    <property name="sun.jnu.encoding" value="UTF-8"/>
    <property name="java.class.path" value="/Users/mnita/xx/fake_icu/icu4j/main/charset/target/test-classes:/Users/mnita/xx/fake_icu/icu4j/main/charset/target/classes:/Users/mnita/xx/fake_icu/icu4j/main/icu4j/target/icu4j-76.0.1-SNAPSHOT.jar:/Users/mnita/xx/fake_icu/icu4j/main/core/target/core-76.0.1-SNAPSHOT.jar:/Users/mnita/xx/fake_icu/icu4j/main/collate/target/collate-76.0.1-SNAPSHOT.jar:/Users/mnita/xx/fake_icu/icu4j/main/currdata/target/currdata-76.0.1-SNAPSHOT.jar:/Users/mnita/xx/fake_icu/icu4j/main/langdata/target/langdata-76.0.1-SNAPSHOT.jar:/Users/mnita/xx/fake_icu/icu4j/main/regiondata/target/regiondata-76.0.1-SNAPSHOT.jar:/Users/mnita/xx/fake_icu/icu4j/main/translit/target/translit-76.0.1-SNAPSHOT.jar:/Users/mnita/xx/fake_icu/icu4j/main/core/target/core-76.0.1-SNAPSHOT-tests.jar:/Users/mnita/xx/fake_icu/icu4j/main/framework/target/framework-76.0.1-SNAPSHOT-tests.jar:/Users/mnita/.m2/repository/junit/junit/4.13.2/junit-4.13.2.jar:/Users/mnita/.m2/repository/org/hamcrest/hamcrest-core/1.3/hamcrest-core-1.3.jar:/Users/mnita/.m2/repository/pl/pragmatists/JUnitParams/1.1.1/JUnitParams-1.1.1.jar:"/>
    <property name="java.vm.vendor" value="Azul Systems, Inc."/>
    <property name="sun.arch.data.model" value="64"/>
    <property name="java.vendor.url" value="http://www.azul.com/"/>
    <property name="user.timezone" value=""/>
    <property name="java.vm.specification.version" value="1.8"/>
    <property name="os.name" value="Mac OS X"/>
    <property name="user.country" value="US"/>
    <property name="sun.java.launcher" value="SUN_STANDARD"/>
    <property name="sun.boot.library.path" value="/Users/mnita/apps/zulu8.78.0.19-ca-jdk8.0.412-macosx_aarch64/Contents/Home/jre/lib"/>
    <property name="sun.java.command" value="/Users/mnita/xx/fake_icu/icu4j/main/charset/target/surefire/surefirebooter-20240816120746970_43.jar /Users/mnita/xx/fake_icu/icu4j/main/charset/target/surefire 2024-08-16T12-05-30_488-jvmRun1 surefire-20240816120746970_41tmp surefire_4-20240816120746970_42tmp"/>
    <property name="http.nonProxyHosts" value="local|*.local|169.254/16|*.169.254/16"/>
    <property name="surefire.test.class.path" value="/Users/mnita/xx/fake_icu/icu4j/main/charset/target/test-classes:/Users/mnita/xx/fake_icu/icu4j/main/charset/target/classes:/Users/mnita/xx/fake_icu/icu4j/main/icu4j/target/icu4j-76.0.1-SNAPSHOT.jar:/Users/mnita/xx/fake_icu/icu4j/main/core/target/core-76.0.1-SNAPSHOT.jar:/Users/mnita/xx/fake_icu/icu4j/main/collate/target/collate-76.0.1-SNAPSHOT.jar:/Users/mnita/xx/fake_icu/icu4j/main/currdata/target/currdata-76.0.1-SNAPSHOT.jar:/Users/mnita/xx/fake_icu/icu4j/main/langdata/target/langdata-76.0.1-SNAPSHOT.jar:/Users/mnita/xx/fake_icu/icu4j/main/regiondata/target/regiondata-76.0.1-SNAPSHOT.jar:/Users/mnita/xx/fake_icu/icu4j/main/translit/target/translit-76.0.1-SNAPSHOT.jar:/Users/mnita/xx/fake_icu/icu4j/main/core/target/core-76.0.1-SNAPSHOT-tests.jar:/Users/mnita/xx/fake_icu/icu4j/main/framework/target/framework-76.0.1-SNAPSHOT-tests.jar:/Users/mnita/.m2/repository/junit/junit/4.13.2/junit-4.13.2.jar:/Users/mnita/.m2/repository/org/hamcrest/hamcrest-core/1.3/hamcrest-core-1.3.jar:/Users/mnita/.m2/repository/pl/pragmatists/JUnitParams/1.1.1/JUnitParams-1.1.1.jar:"/>
    <property name="sun.cpu.endian" value="little"/>
    <property name="user.home" value="/Users/mnita"/>
    <property name="user.language" value="en"/>
    <property name="java.specification.vendor" value="Oracle Corporation"/>
    <property name="java.home" value="/Users/mnita/apps/zulu8.78.0.19-ca-jdk8.0.412-macosx_aarch64/Contents/Home/jre"/>
    <property name="basedir" value="/Users/mnita/xx/fake_icu/icu4j/main/charset"/>
    <property name="file.separator" value="/"/>
    <property name="line.separator" value="&#10;"/>
    <property name="jdk.vendor.version" value="Zulu 8.78.0.19-CA-macos-aarch64"/>
    <property name="java.vm.specification.vendor" value="Oracle Corporation"/>
    <property name="java.specification.name" value="Java Platform API Specification"/>
    <property name="java.awt.graphicsenv" value="sun.awt.CGraphicsEnvironment"/>
    <property name="surefire.real.class.path" value="/Users/mnita/xx/fake_icu/icu4j/main/charset/target/surefire/surefirebooter-20240816120746970_43.jar"/>
    <property name="sun.boot.class.path" value="/Users/mnita/apps/zulu8.78.0.19-ca-jdk8.0.412-macosx_aarch64/Contents/Home/jre/lib/resources.jar:/Users/mnita/apps/zulu8.78.0.19-ca-jdk8.0.412-macosx_aarch64/Contents/Home/jre/lib/rt.jar:/Users/mnita/apps/zulu8.78.0.19-ca-jdk8.0.412-macosx_aarch64/Contents/Home/jre/lib/sunrsasign.jar:/Users/mnita/apps/zulu8.78.0.19-ca-jdk8.0.412-macosx_aarch64/Contents/Home/jre/lib/jsse.jar:/Users/mnita/apps/zulu8.78.0.19-ca-jdk8.0.412-macosx_aarch64/Contents/Home/jre/lib/jce.jar:/Users/mnita/apps/zulu8.78.0.19-ca-jdk8.0.412-macosx_aarch64/Contents/Home/jre/lib/charsets.jar:/Users/mnita/apps/zulu8.78.0.19-ca-jdk8.0.412-macosx_aarch64/Contents/Home/jre/lib/jfr.jar:/Users/mnita/apps/zulu8.78.0.19-ca-jdk8.0.412-macosx_aarch64/Contents/Home/jre/lib/cat.jar:/Users/mnita/apps/zulu8.78.0.19-ca-jdk8.0.412-macosx_aarch64/Contents/Home/jre/classes"/>
    <property name="sun.management.compiler" value="HotSpot 64-Bit Tiered Compilers"/>
    <property name="ftp.nonProxyHosts" value="local|*.local|169.254/16|*.169.254/16"/>
    <property name="java.runtime.version" value="1.8.0_412-b08"/>
    <property name="user.name" value="mnita"/>
    <property name="path.separator" value=":"/>
    <property name="os.version" value="14.6.1"/>
    <property name="java.endorsed.dirs" value="/Users/mnita/apps/zulu8.78.0.19-ca-jdk8.0.412-macosx_aarch64/Contents/Home/jre/lib/endorsed"/>
    <property name="java.runtime.name" value="OpenJDK Runtime Environment"/>
    <property name="file.encoding" value="UTF-8"/>
    <property name="java.vm.name" value="OpenJDK 64-Bit Server VM"/>
    <property name="localRepository" value="/Users/mnita/.m2/repository"/>
    <property name="java.vendor.url.bug" value="http://www.azul.com/support/"/>
    <property name="java.io.tmpdir" value="/var/folders/rj/sw4bjg6932v2vyh_xbrql1_w0000gn/T/"/>
    <property name="java.version" value="1.8.0_412"/>
    <property name="user.dir" value="/Users/mnita/xx/fake_icu/icu4j/main/charset"/>
    <property name="os.arch" value="aarch64"/>
    <property name="java.vm.specification.name" value="Java Virtual Machine Specification"/>
    <property name="java.awt.printerjob" value="sun.lwawt.macosx.CPrinterJob"/>
    <property name="sun.os.patch.level" value="unknown"/>
    <property name="java.library.path" value="/Users/mnita/Library/Java/Extensions:/Library/Java/Extensions:/Network/Library/Java/Extensions:/System/Library/Java/Extensions:/usr/lib/java:."/>
    <property name="java.vm.info" value="mixed mode"/>
    <property name="java.vendor" value="Azul Systems, Inc."/>
    <property name="java.vm.version" value="25.412-b08"/>
    <property name="java.specification.maintenance.version" value="5"/>
    <property name="java.ext.dirs" value="/Users/mnita/Library/Java/Extensions:/Users/mnita/apps/zulu8.78.0.19-ca-jdk8.0.412-macosx_aarch64/Contents/Home/jre/lib/ext:/Library/Java/Extensions:/Network/Library/Java/Extensions:/System/Library/Java/Extensions:/usr/lib/java"/>
    <property name="sun.io.unicode.encoding" value="UnicodeBig"/>
    <property name="java.class.version" value="52.0"/>
    <property name="socksNonProxyHosts" value="local|*.local|169.254/16|*.169.254/16"/>
  </properties>
  <testcase name="TestISO88591" classname="com.ibm.icu.dev.test.charset.TestCharset" time="0.0"/>
  <testcase name="TestGetAllNames" classname="com.ibm.icu.dev.test.charset.TestCharset" time="0.0"/>
  <testcase name="TestUTF16Bom" classname="com.ibm.icu.dev.test.charset.TestCharset" time="0.0"/>
  <testcase name="TestUTF32BOM" classname="com.ibm.icu.dev.test.charset.TestCharset" time="0.0"/>
  <testcase name="TestNullCanonicalName" classname="com.ibm.icu.dev.test.charset.TestCharset" time="0.0"/>
  <testcase name="TestDecodeMalformed" classname="com.ibm.icu.dev.test.charset.TestCharset" time="0.0"/>
  <testcase name="TestAvailableCharsets" classname="com.ibm.icu.dev.test.charset.TestCharset" time="0.043"/>
  <testcase name="TestASCIIConverter" classname="com.ibm.icu.dev.test.charset.TestCharset" time="0.025"/>
  <testcase name="TestHZ" classname="com.ibm.icu.dev.test.charset.TestCharset" time="0.0"/>
  <testcase name="TestDefaultIgnorableCallback" classname="com.ibm.icu.dev.test.charset.TestCharset" time="0.07"/>
  <testcase name="TestAllNames" classname="com.ibm.icu.dev.test.charset.TestCharset" time="0.013"/>
  <testcase name="TestBufferOverflowErrorUsingJavagetBytes" classname="com.ibm.icu.dev.test.charset.TestCharset" time="0.0"/>
  <testcase name="TestDecodeUTF32LEBE" classname="com.ibm.icu.dev.test.charset.TestCharset" time="0.001"/>
  <testcase name="TestSubBytes" classname="com.ibm.icu.dev.test.charset.TestCharset" time="0.0"/>
  <testcase name="TestMBCS" classname="com.ibm.icu.dev.test.charset.TestCharset" time="0.0"/>
  <testcase name="TestUTF8" classname="com.ibm.icu.dev.test.charset.TestCharset" time="0.0"/>
  <testcase name="TestCharsetTestData" classname="com.ibm.icu.dev.test.charset.TestCharset" time="0.001"/>
  <testcase name="TestICUCanonicalNameConsistency" classname="com.ibm.icu.dev.test.charset.TestCharset" time="0.0"/>
  <testcase name="TestJB4897" classname="com.ibm.icu.dev.test.charset.TestCharset" time="0.0"/>
  <testcase name="TestJB5027" classname="com.ibm.icu.dev.test.charset.TestCharset" time="0.0"/>
  <testcase name="TestBOCU1Converter" classname="com.ibm.icu.dev.test.charset.TestCharset" time="0.0"/>
  <testcase name="TestUnsupportedCharset" classname="com.ibm.icu.dev.test.charset.TestCharset" time="0.0"/>
  <testcase name="TestICUAvailableCharsets" classname="com.ibm.icu.dev.test.charset.TestCharset" time="0.016"/>
  <testcase name="Test88591Converter" classname="com.ibm.icu.dev.test.charset.TestCharset" time="0.007"/>
  <testcase name="TestUTF8Surrogates" classname="com.ibm.icu.dev.test.charset.TestCharset" time="0.018"/>
  <testcase name="TestBug12956" classname="com.ibm.icu.dev.test.charset.TestCharset" time="0.0"/>
  <testcase name="TestCharsetISO2022JP" classname="com.ibm.icu.dev.test.charset.TestCharset" time="0.001"/>
  <testcase name="TestCharsetISO2022KR" classname="com.ibm.icu.dev.test.charset.TestCharset" time="0.0"/>
  <testcase name="TestCharsetContains" classname="com.ibm.icu.dev.test.charset.TestCharset" time="0.0"/>
  <testcase name="TestCharsetASCIIOverFlow" classname="com.ibm.icu.dev.test.charset.TestCharset" time="0.0"/>
  <testcase name="TestIsFixedWidth" classname="com.ibm.icu.dev.test.charset.TestCharset" time="0.001"/>
  <testcase name="TestCharsetICUCodeCoverage" classname="com.ibm.icu.dev.test.charset.TestCharset" time="0.0"/>
  <testcase name="TestJavaUTF16Decoder" classname="com.ibm.icu.dev.test.charset.TestCharset" time="0.0"/>
  <testcase name="TestCharsetICUNullCharsetName" classname="com.ibm.icu.dev.test.charset.TestCharset" time="0.0"/>
  <testcase name="TestWindows936" classname="com.ibm.icu.dev.test.charset.TestCharset" time="0.0"/>
  <testcase name="TestCharsetUTF16LE" classname="com.ibm.icu.dev.test.charset.TestCharset" time="0.0"/>
  <testcase name="TestCharsetUTF32LE" classname="com.ibm.icu.dev.test.charset.TestCharset" time="0.0"/>
  <testcase name="TestBytesLengthForString" classname="com.ibm.icu.dev.test.charset.TestCharset" time="0.001"/>
  <testcase name="TestDecoderImplFlush" classname="com.ibm.icu.dev.test.charset.TestCharset" time="0.001"/>
  <testcase name="TestEncoderImplFlush" classname="com.ibm.icu.dev.test.charset.TestCharset" time="0.0"/>
  <testcase name="TestCharsetASCII8859BufferHandling" classname="com.ibm.icu.dev.test.charset.TestCharset" time="0.001"/>
  <testcase name="TestUTF16Converter" classname="com.ibm.icu.dev.test.charset.TestCharset" time="0.101"/>
  <testcase name="TestInvalidInput" classname="com.ibm.icu.dev.test.charset.TestCharset" time="0.0"/>
  <testcase name="TestAmbiguousConverter" classname="com.ibm.icu.dev.test.charset.TestCharset" time="0.018"/>
  <testcase name="TestSCSUConverter" classname="com.ibm.icu.dev.test.charset.TestCharset" time="0.003"/>
  <testcase name="TestSurrogateBehavior" classname="com.ibm.icu.dev.test.charset.TestCharset" time="0.015"/>
  <testcase name="TestEncoderCreation" classname="com.ibm.icu.dev.test.charset.TestCharset" time="0.0"/>
  <testcase name="TestCharsetIMAP" classname="com.ibm.icu.dev.test.charset.TestCharset" time="0.0"/>
  <testcase name="TestCharsetUTF7" classname="com.ibm.icu.dev.test.charset.TestCharset" time="0.0"/>
  <testcase name="TestCharsetUTF8" classname="com.ibm.icu.dev.test.charset.TestCharset" time="0.001"/>
  <testcase name="TestUTF8Encode" classname="com.ibm.icu.dev.test.charset.TestCharset" time="0.0"/>
  <testcase name="TestAPISemantics" classname="com.ibm.icu.dev.test.charset.TestCharset" time="0.0"/>
  <testcase name="TestCharsetASCII" classname="com.ibm.icu.dev.test.charset.TestCharset" time="0.0"/>
  <testcase name="TestCharsetISCII" classname="com.ibm.icu.dev.test.charset.TestCharset" time="0.001"/>
  <testcase name="TestCharsetLMBCS" classname="com.ibm.icu.dev.test.charset.TestCharset" time="0.012"/>
  <testcase name="TestCharsetUTF16" classname="com.ibm.icu.dev.test.charset.TestCharset" time="0.0"/>
  <testcase name="TestCharsetUTF32" classname="com.ibm.icu.dev.test.charset.TestCharset" time="0.0"/>
  <testcase name="TestUTF8Converter" classname="com.ibm.icu.dev.test.charset.TestCharset" time="0.159"/>
  <testcase name="TestCharsetCallbacks" classname="com.ibm.icu.dev.test.charset.TestCharset" time="0.002"/>
  <testcase name="TestGetICUJavaCanonicalNames" classname="com.ibm.icu.dev.test.charset.TestCharset" time="0.0"/>
  <testcase name="TestUTF32Converter" classname="com.ibm.icu.dev.test.charset.TestCharset" time="0.086"/>
  <testcase name="TestCanConvert" classname="com.ibm.icu.dev.test.charset.TestCharset" time="0.0"/>
</testsuite>