<?xml version="1.0" encoding="UTF-8"?>
<testsuite xmlns:xsi="http://www.w3.org/2001/XMLSchema-instance" xsi:noNamespaceSchemaLocation="https://maven.apache.org/surefire/maven-surefire-plugin/xsd/surefire-test-report-3.0.xsd" version="3.0" name="com.ibm.icu.dev.test.util.ULocaleTest" time="2.415" tests="1737" errors="0" skipped="0" failures="0">
  <properties>
    <property name="gopherProxySet" value="false"/>
    <property name="awt.toolkit" value="sun.lwawt.macosx.LWCToolkit"/>
    <property name="file.encoding.pkg" value="sun.io"/>
    <property name="java.specification.version" value="1.8"/>
    <property name="sun.cpu.isalist" value=""/>
    <property name="sun.jnu.encoding" value="UTF-8"/>
    <property name="java.class.path" value="/Users/mnita/xx/fake_icu/icu4j/main/common_tests/target/test-classes:/Users/mnita/xx/fake_icu/icu4j/main/common_tests/target/classes:/Users/mnita/xx/fake_icu/icu4j/main/core/target/core-76.0.1-SNAPSHOT.jar:/Users/mnita/xx/fake_icu/icu4j/main/core/target/core-76.0.1-SNAPSHOT-tests.jar:/Users/mnita/xx/fake_icu/icu4j/main/framework/target/framework-76.0.1-SNAPSHOT-tests.jar:/Users/mnita/xx/fake_icu/icu4j/main/currdata/target/currdata-76.0.1-SNAPSHOT.jar:/Users/mnita/xx/fake_icu/icu4j/main/translit/target/translit-76.0.1-SNAPSHOT.jar:/Users/mnita/xx/fake_icu/icu4j/main/langdata/target/langdata-76.0.1-SNAPSHOT.jar:/Users/mnita/xx/fake_icu/icu4j/main/collate/target/collate-76.0.1-SNAPSHOT.jar:/Users/mnita/xx/fake_icu/icu4j/main/regiondata/target/regiondata-76.0.1-SNAPSHOT.jar:/Users/mnita/.m2/repository/junit/junit/4.13.2/junit-4.13.2.jar:/Users/mnita/.m2/repository/org/hamcrest/hamcrest-core/1.3/hamcrest-core-1.3.jar:/Users/mnita/.m2/repository/pl/pragmatists/JUnitParams/1.1.1/JUnitParams-1.1.1.jar:/Users/mnita/.m2/repository/com/google/code/gson/gson/2.10.1/gson-2.10.1.jar:"/>
    <property name="java.vm.vendor" value="Azul Systems, Inc."/>
    <property name="sun.arch.data.model" value="64"/>
    <property name="java.vendor.url" value="http://www.azul.com/"/>
    <property name="user.timezone" value=""/>
    <property name="java.vm.specification.version" value="1.8"/>
    <property name="os.name" value="Mac OS X"/>
    <property name="user.country" value="US"/>
    <property name="sun.java.launcher" value="SUN_STANDARD"/>
    <property name="sun.boot.library.path" value="/Users/mnita/apps/zulu8.78.0.19-ca-jdk8.0.412-macosx_aarch64/Contents/Home/jre/lib"/>
    <property name="sun.java.command" value="/Users/mnita/xx/fake_icu/icu4j/main/common_tests/target/surefire/surefirebooter-20240816120754016_46.jar /Users/mnita/xx/fake_icu/icu4j/main/common_tests/target/surefire 2024-08-16T12-05-30_488-jvmRun1 surefire-20240816120754016_44tmp surefire_5-20240816120754016_45tmp"/>
    <property name="http.nonProxyHosts" value="local|*.local|169.254/16|*.169.254/16"/>
    <property name="surefire.test.class.path" value="/Users/mnita/xx/fake_icu/icu4j/main/common_tests/target/test-classes:/Users/mnita/xx/fake_icu/icu4j/main/common_tests/target/classes:/Users/mnita/xx/fake_icu/icu4j/main/core/target/core-76.0.1-SNAPSHOT.jar:/Users/mnita/xx/fake_icu/icu4j/main/core/target/core-76.0.1-SNAPSHOT-tests.jar:/Users/mnita/xx/fake_icu/icu4j/main/framework/target/framework-76.0.1-SNAPSHOT-tests.jar:/Users/mnita/xx/fake_icu/icu4j/main/currdata/target/currdata-76.0.1-SNAPSHOT.jar:/Users/mnita/xx/fake_icu/icu4j/main/translit/target/translit-76.0.1-SNAPSHOT.jar:/Users/mnita/xx/fake_icu/icu4j/main/langdata/target/langdata-76.0.1-SNAPSHOT.jar:/Users/mnita/xx/fake_icu/icu4j/main/collate/target/collate-76.0.1-SNAPSHOT.jar:/Users/mnita/xx/fake_icu/icu4j/main/regiondata/target/regiondata-76.0.1-SNAPSHOT.jar:/Users/mnita/.m2/repository/junit/junit/4.13.2/junit-4.13.2.jar:/Users/mnita/.m2/repository/org/hamcrest/hamcrest-core/1.3/hamcrest-core-1.3.jar:/Users/mnita/.m2/repository/pl/pragmatists/JUnitParams/1.1.1/JUnitParams-1.1.1.jar:/Users/mnita/.m2/repository/com/google/code/gson/gson/2.10.1/gson-2.10.1.jar:"/>
    <property name="sun.cpu.endian" value="little"/>
    <property name="user.home" value="/Users/mnita"/>
    <property name="user.language" value="en"/>
    <property name="java.specification.vendor" value="Oracle Corporation"/>
    <property name="java.home" value="/Users/mnita/apps/zulu8.78.0.19-ca-jdk8.0.412-macosx_aarch64/Contents/Home/jre"/>
    <property name="basedir" value="/Users/mnita/xx/fake_icu/icu4j/main/common_tests"/>
    <property name="file.separator" value="/"/>
    <property name="line.separator" value="&#10;"/>
    <property name="jdk.vendor.version" value="Zulu 8.78.0.19-CA-macos-aarch64"/>
    <property name="java.vm.specification.vendor" value="Oracle Corporation"/>
    <property name="java.specification.name" value="Java Platform API Specification"/>
    <property name="java.awt.graphicsenv" value="sun.awt.CGraphicsEnvironment"/>
    <property name="surefire.real.class.path" value="/Users/mnita/xx/fake_icu/icu4j/main/common_tests/target/surefire/surefirebooter-20240816120754016_46.jar"/>
    <property name="sun.boot.class.path" value="/Users/mnita/apps/zulu8.78.0.19-ca-jdk8.0.412-macosx_aarch64/Contents/Home/jre/lib/resources.jar:/Users/mnita/apps/zulu8.78.0.19-ca-jdk8.0.412-macosx_aarch64/Contents/Home/jre/lib/rt.jar:/Users/mnita/apps/zulu8.78.0.19-ca-jdk8.0.412-macosx_aarch64/Contents/Home/jre/lib/sunrsasign.jar:/Users/mnita/apps/zulu8.78.0.19-ca-jdk8.0.412-macosx_aarch64/Contents/Home/jre/lib/jsse.jar:/Users/mnita/apps/zulu8.78.0.19-ca-jdk8.0.412-macosx_aarch64/Contents/Home/jre/lib/jce.jar:/Users/mnita/apps/zulu8.78.0.19-ca-jdk8.0.412-macosx_aarch64/Contents/Home/jre/lib/charsets.jar:/Users/mnita/apps/zulu8.78.0.19-ca-jdk8.0.412-macosx_aarch64/Contents/Home/jre/lib/jfr.jar:/Users/mnita/apps/zulu8.78.0.19-ca-jdk8.0.412-macosx_aarch64/Contents/Home/jre/lib/cat.jar:/Users/mnita/apps/zulu8.78.0.19-ca-jdk8.0.412-macosx_aarch64/Contents/Home/jre/classes"/>
    <property name="sun.management.compiler" value="HotSpot 64-Bit Tiered Compilers"/>
    <property name="ftp.nonProxyHosts" value="local|*.local|169.254/16|*.169.254/16"/>
    <property name="java.runtime.version" value="1.8.0_412-b08"/>
    <property name="user.name" value="mnita"/>
    <property name="path.separator" value=":"/>
    <property name="os.version" value="14.6.1"/>
    <property name="java.endorsed.dirs" value="/Users/mnita/apps/zulu8.78.0.19-ca-jdk8.0.412-macosx_aarch64/Contents/Home/jre/lib/endorsed"/>
    <property name="java.runtime.name" value="OpenJDK Runtime Environment"/>
    <property name="file.encoding" value="UTF-8"/>
    <property name="java.vm.name" value="OpenJDK 64-Bit Server VM"/>
    <property name="localRepository" value="/Users/mnita/.m2/repository"/>
    <property name="java.vendor.url.bug" value="http://www.azul.com/support/"/>
    <property name="java.io.tmpdir" value="/var/folders/rj/sw4bjg6932v2vyh_xbrql1_w0000gn/T/"/>
    <property name="java.version" value="1.8.0_412"/>
    <property name="user.dir" value="/Users/mnita/xx/fake_icu/icu4j/main/common_tests"/>
    <property name="os.arch" value="aarch64"/>
    <property name="java.vm.specification.name" value="Java Virtual Machine Specification"/>
    <property name="java.awt.printerjob" value="sun.lwawt.macosx.CPrinterJob"/>
    <property name="sun.os.patch.level" value="unknown"/>
    <property name="java.library.path" value="/Users/mnita/Library/Java/Extensions:/Library/Java/Extensions:/Network/Library/Java/Extensions:/System/Library/Java/Extensions:/usr/lib/java:."/>
    <property name="java.vm.info" value="mixed mode"/>
    <property name="java.vendor" value="Azul Systems, Inc."/>
    <property name="java.vm.version" value="25.412-b08"/>
    <property name="java.specification.maintenance.version" value="5"/>
    <property name="java.ext.dirs" value="/Users/mnita/Library/Java/Extensions:/Users/mnita/apps/zulu8.78.0.19-ca-jdk8.0.412-macosx_aarch64/Contents/Home/jre/lib/ext:/Library/Java/Extensions:/Network/Library/Java/Extensions:/System/Library/Java/Extensions:/usr/lib/java"/>
    <property name="sun.io.unicode.encoding" value="UnicodeBig"/>
    <property name="java.class.version" value="52.0"/>
    <property name="socksNonProxyHosts" value="local|*.local|169.254/16|*.169.254/16"/>
  </properties>
  <testcase name="TestBug20321UnicodeLocaleKey" classname="com.ibm.icu.dev.test.util.ULocaleTest" time="0.005"/>
  <testcase name="TestSetULocaleKeywords" classname="com.ibm.icu.dev.test.util.ULocaleTest" time="0.0"/>
  <testcase name="TestCanonical" classname="com.ibm.icu.dev.test.util.ULocaleTest" time="0.024"/>
  <testcase name="TestForLocale" classname="com.ibm.icu.dev.test.util.ULocaleTest" time="0.002"/>
  <testcase name="TestAcceptLanguage2" classname="com.ibm.icu.dev.test.util.ULocaleTest" time="0.025"/>
  <testcase name="TestToUnicodeLocaleType" classname="com.ibm.icu.dev.test.util.ULocaleTest" time="0.001"/>
  <testcase name="TestUldnWithGarbage" classname="com.ibm.icu.dev.test.util.ULocaleTest" time="0.015"/>
  <testcase name="TestToLegacyType" classname="com.ibm.icu.dev.test.util.ULocaleTest" time="0.001"/>
  <testcase name="TestDateFormat" classname="com.ibm.icu.dev.test.util.ULocaleTest" time="0.026"/>
  <testcase name="TestGetAvailableByType" classname="com.ibm.icu.dev.test.util.ULocaleTest" time="0.001"/>
  <testcase name="TestVariantLengthWithinLimit" classname="com.ibm.icu.dev.test.util.ULocaleTest" time="0.0"/>
  <testcase name="TestConstructorAcceptsBCP47" classname="com.ibm.icu.dev.test.util.ULocaleTest" time="0.001"/>
  <testcase name="TestObsoleteNames" classname="com.ibm.icu.dev.test.util.ULocaleTest" time="0.0"/>
  <testcase name="TestJavaLocaleCompatibility" classname="com.ibm.icu.dev.test.util.ULocaleTest" time="0.002"/>
  <testcase name="TestToLocale" classname="com.ibm.icu.dev.test.util.ULocaleTest" time="0.001"/>
  <testcase name="Test4735" classname="com.ibm.icu.dev.test.util.ULocaleTest" time="0.001"/>
  <testcase name="TestDisplayScriptCoverage" classname="com.ibm.icu.dev.test.util.ULocaleTest" time="0.0"/>
  <testcase name="TestVariantLengthOverLimit" classname="com.ibm.icu.dev.test.util.ULocaleTest" time="0.0"/>
  <testcase name="TestAddLikelySubtags" classname="com.ibm.icu.dev.test.util.ULocaleTest" time="0.006"/>
  <testcase name="TestJB3962" classname="com.ibm.icu.dev.test.util.ULocaleTest" time="0.0"/>
  <testcase name="likelySubtagsDataDriven(af;af-Latn-ZA;af;af) [0]" classname="com.ibm.icu.dev.test.util.ULocaleTest" time="0.0"/>
  <testcase name="likelySubtagsDataDriven(af-AQ;af-Latn-AQ;af-AQ;af-AQ) [1]" classname="com.ibm.icu.dev.test.util.ULocaleTest" time="0.0"/>
  <testcase name="likelySubtagsDataDriven(af-Egyp;af-Egyp-ZA;af-Egyp;af-Egyp) [2]" classname="com.ibm.icu.dev.test.util.ULocaleTest" time="0.0"/>
  <testcase name="likelySubtagsDataDriven(af-Latn;af-Latn-ZA;af;af) [3]" classname="com.ibm.icu.dev.test.util.ULocaleTest" time="0.001"/>
  <testcase name="likelySubtagsDataDriven(af-NA;af-Latn-NA;af-NA;af-NA) [4]" classname="com.ibm.icu.dev.test.util.ULocaleTest" time="0.0"/>
  <testcase name="likelySubtagsDataDriven(af-ZA;af-Latn-ZA;af;af) [5]" classname="com.ibm.icu.dev.test.util.ULocaleTest" time="0.0"/>
  <testcase name="likelySubtagsDataDriven(am;am-Ethi-ET;am;am) [6]" classname="com.ibm.icu.dev.test.util.ULocaleTest" time="0.0"/>
  <testcase name="likelySubtagsDataDriven(am-AQ;am-Ethi-AQ;am-AQ;am-AQ) [7]" classname="com.ibm.icu.dev.test.util.ULocaleTest" time="0.0"/>
  <testcase name="likelySubtagsDataDriven(am-ET;am-Ethi-ET;am;am) [8]" classname="com.ibm.icu.dev.test.util.ULocaleTest" time="0.0"/>
  <testcase name="likelySubtagsDataDriven(am-Egyp;am-Egyp-ET;am-Egyp;am-Egyp) [9]" classname="com.ibm.icu.dev.test.util.ULocaleTest" time="0.0"/>
  <testcase name="likelySubtagsDataDriven(am-Ethi;am-Ethi-ET;am;am) [10]" classname="com.ibm.icu.dev.test.util.ULocaleTest" time="0.001"/>
  <testcase name="likelySubtagsDataDriven(ar;ar-Arab-EG;ar;ar) [11]" classname="com.ibm.icu.dev.test.util.ULocaleTest" time="0.0"/>
  <testcase name="likelySubtagsDataDriven(ar-001;ar-Arab-001;ar-001;ar-001) [12]" classname="com.ibm.icu.dev.test.util.ULocaleTest" time="0.0"/>
  <testcase name="likelySubtagsDataDriven(ar-AE;ar-Arab-AE;ar-AE;ar-AE) [13]" classname="com.ibm.icu.dev.test.util.ULocaleTest" time="0.0"/>
  <testcase name="likelySubtagsDataDriven(ar-AQ;ar-Arab-AQ;ar-AQ;ar-AQ) [14]" classname="com.ibm.icu.dev.test.util.ULocaleTest" time="0.0"/>
  <testcase name="likelySubtagsDataDriven(ar-Arab;ar-Arab-EG;ar;ar) [15]" classname="com.ibm.icu.dev.test.util.ULocaleTest" time="0.0"/>
  <testcase name="likelySubtagsDataDriven(ar-BH;ar-Arab-BH;ar-BH;ar-BH) [16]" classname="com.ibm.icu.dev.test.util.ULocaleTest" time="0.0"/>
  <testcase name="likelySubtagsDataDriven(ar-DJ;ar-Arab-DJ;ar-DJ;ar-DJ) [17]" classname="com.ibm.icu.dev.test.util.ULocaleTest" time="0.0"/>
  <testcase name="likelySubtagsDataDriven(ar-DZ;ar-Arab-DZ;ar-DZ;ar-DZ) [18]" classname="com.ibm.icu.dev.test.util.ULocaleTest" time="0.0"/>
  <testcase name="likelySubtagsDataDriven(ar-EG;ar-Arab-EG;ar;ar) [19]" classname="com.ibm.icu.dev.test.util.ULocaleTest" time="0.001"/>
  <testcase name="likelySubtagsDataDriven(ar-EH;ar-Arab-EH;ar-EH;ar-EH) [20]" classname="com.ibm.icu.dev.test.util.ULocaleTest" time="0.0"/>
  <testcase name="likelySubtagsDataDriven(ar-ER;ar-Arab-ER;ar-ER;ar-ER) [21]" classname="com.ibm.icu.dev.test.util.ULocaleTest" time="0.0"/>
  <testcase name="likelySubtagsDataDriven(ar-Egyp;ar-Egyp-EG;ar-Egyp;ar-Egyp) [22]" classname="com.ibm.icu.dev.test.util.ULocaleTest" time="0.0"/>
  <testcase name="likelySubtagsDataDriven(ar-IL;ar-Arab-IL;ar-IL;ar-IL) [23]" classname="com.ibm.icu.dev.test.util.ULocaleTest" time="0.001"/>
  <testcase name="likelySubtagsDataDriven(ar-IQ;ar-Arab-IQ;ar-IQ;ar-IQ) [24]" classname="com.ibm.icu.dev.test.util.ULocaleTest" time="0.0"/>
  <testcase name="likelySubtagsDataDriven(ar-JO;ar-Arab-JO;ar-JO;ar-JO) [25]" classname="com.ibm.icu.dev.test.util.ULocaleTest" time="0.0"/>
  <testcase name="likelySubtagsDataDriven(ar-KM;ar-Arab-KM;ar-KM;ar-KM) [26]" classname="com.ibm.icu.dev.test.util.ULocaleTest" time="0.0"/>
  <testcase name="likelySubtagsDataDriven(ar-KW;ar-Arab-KW;ar-KW;ar-KW) [27]" classname="com.ibm.icu.dev.test.util.ULocaleTest" time="0.0"/>
  <testcase name="likelySubtagsDataDriven(ar-LB;ar-Arab-LB;ar-LB;ar-LB) [28]" classname="com.ibm.icu.dev.test.util.ULocaleTest" time="0.0"/>
  <testcase name="likelySubtagsDataDriven(ar-LY;ar-Arab-LY;ar-LY;ar-LY) [29]" classname="com.ibm.icu.dev.test.util.ULocaleTest" time="0.001"/>
  <testcase name="likelySubtagsDataDriven(ar-MA;ar-Arab-MA;ar-MA;ar-MA) [30]" classname="com.ibm.icu.dev.test.util.ULocaleTest" time="0.0"/>
  <testcase name="likelySubtagsDataDriven(ar-MR;ar-Arab-MR;ar-MR;ar-MR) [31]" classname="com.ibm.icu.dev.test.util.ULocaleTest" time="0.0"/>
  <testcase name="likelySubtagsDataDriven(ar-OM;ar-Arab-OM;ar-OM;ar-OM) [32]" classname="com.ibm.icu.dev.test.util.ULocaleTest" time="0.0"/>
  <testcase name="likelySubtagsDataDriven(ar-PS;ar-Arab-PS;ar-PS;ar-PS) [33]" classname="com.ibm.icu.dev.test.util.ULocaleTest" time="0.0"/>
  <testcase name="likelySubtagsDataDriven(ar-QA;ar-Arab-QA;ar-QA;ar-QA) [34]" classname="com.ibm.icu.dev.test.util.ULocaleTest" time="0.001"/>
  <testcase name="likelySubtagsDataDriven(ar-SA;ar-Arab-SA;ar-SA;ar-SA) [35]" classname="com.ibm.icu.dev.test.util.ULocaleTest" time="0.0"/>
  <testcase name="likelySubtagsDataDriven(ar-SD;ar-Arab-SD;ar-SD;ar-SD) [36]" classname="com.ibm.icu.dev.test.util.ULocaleTest" time="0.0"/>
  <testcase name="likelySubtagsDataDriven(ar-SO;ar-Arab-SO;ar-SO;ar-SO) [37]" classname="com.ibm.icu.dev.test.util.ULocaleTest" time="0.001"/>
  <testcase name="likelySubtagsDataDriven(ar-SS;ar-Arab-SS;ar-SS;ar-SS) [38]" classname="com.ibm.icu.dev.test.util.ULocaleTest" time="0.0"/>
  <testcase name="likelySubtagsDataDriven(ar-SY;ar-Arab-SY;ar-SY;ar-SY) [39]" classname="com.ibm.icu.dev.test.util.ULocaleTest" time="0.0"/>
  <testcase name="likelySubtagsDataDriven(ar-TD;ar-Arab-TD;ar-TD;ar-TD) [40]" classname="com.ibm.icu.dev.test.util.ULocaleTest" time="0.0"/>
  <testcase name="likelySubtagsDataDriven(ar-TN;ar-Arab-TN;ar-TN;ar-TN) [41]" classname="com.ibm.icu.dev.test.util.ULocaleTest" time="0.001"/>
  <testcase name="likelySubtagsDataDriven(ar-YE;ar-Arab-YE;ar-YE;ar-YE) [42]" classname="com.ibm.icu.dev.test.util.ULocaleTest" time="0.0"/>
  <testcase name="likelySubtagsDataDriven(as;as-Beng-IN;as;as) [43]" classname="com.ibm.icu.dev.test.util.ULocaleTest" time="0.0"/>
  <testcase name="likelySubtagsDataDriven(as-AQ;as-Beng-AQ;as-AQ;as-AQ) [44]" classname="com.ibm.icu.dev.test.util.ULocaleTest" time="0.0"/>
  <testcase name="likelySubtagsDataDriven(as-Beng;as-Beng-IN;as;as) [45]" classname="com.ibm.icu.dev.test.util.ULocaleTest" time="0.0"/>
  <testcase name="likelySubtagsDataDriven(as-Egyp;as-Egyp-IN;as-Egyp;as-Egyp) [46]" classname="com.ibm.icu.dev.test.util.ULocaleTest" time="0.001"/>
  <testcase name="likelySubtagsDataDriven(as-IN;as-Beng-IN;as;as) [47]" classname="com.ibm.icu.dev.test.util.ULocaleTest" time="0.0"/>
  <testcase name="likelySubtagsDataDriven(ast;ast-Latn-ES;ast;ast) [48]" classname="com.ibm.icu.dev.test.util.ULocaleTest" time="0.0"/>
  <testcase name="likelySubtagsDataDriven(ast-AQ;ast-Latn-AQ;ast-AQ;ast-AQ) [49]" classname="com.ibm.icu.dev.test.util.ULocaleTest" time="0.0"/>
  <testcase name="likelySubtagsDataDriven(ast-ES;ast-Latn-ES;ast;ast) [50]" classname="com.ibm.icu.dev.test.util.ULocaleTest" time="0.0"/>
  <testcase name="likelySubtagsDataDriven(ast-Egyp;ast-Egyp-ES;ast-Egyp;ast-Egyp) [51]" classname="com.ibm.icu.dev.test.util.ULocaleTest" time="0.001"/>
  <testcase name="likelySubtagsDataDriven(ast-Latn;ast-Latn-ES;ast;ast) [52]" classname="com.ibm.icu.dev.test.util.ULocaleTest" time="0.0"/>
  <testcase name="likelySubtagsDataDriven(az;az-Latn-AZ;az;az) [53]" classname="com.ibm.icu.dev.test.util.ULocaleTest" time="0.0"/>
  <testcase name="likelySubtagsDataDriven(az-AQ;az-Latn-AQ;az-AQ;az-AQ) [54]" classname="com.ibm.icu.dev.test.util.ULocaleTest" time="0.0"/>
  <testcase name="likelySubtagsDataDriven(az-AZ;az-Latn-AZ;az;az) [55]" classname="com.ibm.icu.dev.test.util.ULocaleTest" time="0.0"/>
  <testcase name="likelySubtagsDataDriven(az-Egyp;az-Egyp-AZ;az-Egyp;az-Egyp) [56]" classname="com.ibm.icu.dev.test.util.ULocaleTest" time="0.0"/>
  <testcase name="likelySubtagsDataDriven(az-Latn;az-Latn-AZ;az;az) [57]" classname="com.ibm.icu.dev.test.util.ULocaleTest" time="0.0"/>
  <testcase name="likelySubtagsDataDriven(be;be-Cyrl-BY;be;be) [58]" classname="com.ibm.icu.dev.test.util.ULocaleTest" time="0.0"/>
  <testcase name="likelySubtagsDataDriven(be-AQ;be-Cyrl-AQ;be-AQ;be-AQ) [59]" classname="com.ibm.icu.dev.test.util.ULocaleTest" time="0.0"/>
  <testcase name="likelySubtagsDataDriven(be-BY;be-Cyrl-BY;be;be) [60]" classname="com.ibm.icu.dev.test.util.ULocaleTest" time="0.0"/>
  <testcase name="likelySubtagsDataDriven(be-Cyrl;be-Cyrl-BY;be;be) [61]" classname="com.ibm.icu.dev.test.util.ULocaleTest" time="0.0"/>
  <testcase name="likelySubtagsDataDriven(be-Egyp;be-Egyp-BY;be-Egyp;be-Egyp) [62]" classname="com.ibm.icu.dev.test.util.ULocaleTest" time="0.0"/>
  <testcase name="likelySubtagsDataDriven(bg;bg-Cyrl-BG;bg;bg) [63]" classname="com.ibm.icu.dev.test.util.ULocaleTest" time="0.001"/>
  <testcase name="likelySubtagsDataDriven(bg-AQ;bg-Cyrl-AQ;bg-AQ;bg-AQ) [64]" classname="com.ibm.icu.dev.test.util.ULocaleTest" time="0.0"/>
  <testcase name="likelySubtagsDataDriven(bg-BG;bg-Cyrl-BG;bg;bg) [65]" classname="com.ibm.icu.dev.test.util.ULocaleTest" time="0.0"/>
  <testcase name="likelySubtagsDataDriven(bg-Cyrl;bg-Cyrl-BG;bg;bg) [66]" classname="com.ibm.icu.dev.test.util.ULocaleTest" time="0.0"/>
  <testcase name="likelySubtagsDataDriven(bg-Egyp;bg-Egyp-BG;bg-Egyp;bg-Egyp) [67]" classname="com.ibm.icu.dev.test.util.ULocaleTest" time="0.0"/>
  <testcase name="likelySubtagsDataDriven(bgc;bgc-Deva-IN;bgc;bgc) [68]" classname="com.ibm.icu.dev.test.util.ULocaleTest" time="0.0"/>
  <testcase name="likelySubtagsDataDriven(bgc-AQ;bgc-Deva-AQ;bgc-AQ;bgc-AQ) [69]" classname="com.ibm.icu.dev.test.util.ULocaleTest" time="0.0"/>
  <testcase name="likelySubtagsDataDriven(bgc-Deva;bgc-Deva-IN;bgc;bgc) [70]" classname="com.ibm.icu.dev.test.util.ULocaleTest" time="0.0"/>
  <testcase name="likelySubtagsDataDriven(bgc-Egyp;bgc-Egyp-IN;bgc-Egyp;bgc-Egyp) [71]" classname="com.ibm.icu.dev.test.util.ULocaleTest" time="0.0"/>
  <testcase name="likelySubtagsDataDriven(bgc-IN;bgc-Deva-IN;bgc;bgc) [72]" classname="com.ibm.icu.dev.test.util.ULocaleTest" time="0.0"/>
  <testcase name="likelySubtagsDataDriven(bho;bho-Deva-IN;bho;bho) [73]" classname="com.ibm.icu.dev.test.util.ULocaleTest" time="0.0"/>
  <testcase name="likelySubtagsDataDriven(bho-AQ;bho-Deva-AQ;bho-AQ;bho-AQ) [74]" classname="com.ibm.icu.dev.test.util.ULocaleTest" time="0.0"/>
  <testcase name="likelySubtagsDataDriven(bho-Deva;bho-Deva-IN;bho;bho) [75]" classname="com.ibm.icu.dev.test.util.ULocaleTest" time="0.0"/>
  <testcase name="likelySubtagsDataDriven(bho-Egyp;bho-Egyp-IN;bho-Egyp;bho-Egyp) [76]" classname="com.ibm.icu.dev.test.util.ULocaleTest" time="0.0"/>
  <testcase name="likelySubtagsDataDriven(bho-IN;bho-Deva-IN;bho;bho) [77]" classname="com.ibm.icu.dev.test.util.ULocaleTest" time="0.0"/>
  <testcase name="likelySubtagsDataDriven(blo;blo-Latn-BJ;blo;blo) [78]" classname="com.ibm.icu.dev.test.util.ULocaleTest" time="0.0"/>
  <testcase name="likelySubtagsDataDriven(blo-AQ;blo-Latn-AQ;blo-AQ;blo-AQ) [79]" classname="com.ibm.icu.dev.test.util.ULocaleTest" time="0.0"/>
  <testcase name="likelySubtagsDataDriven(blo-BJ;blo-Latn-BJ;blo;blo) [80]" classname="com.ibm.icu.dev.test.util.ULocaleTest" time="0.0"/>
  <testcase name="likelySubtagsDataDriven(blo-Egyp;blo-Egyp-BJ;blo-Egyp;blo-Egyp) [81]" classname="com.ibm.icu.dev.test.util.ULocaleTest" time="0.0"/>
  <testcase name="likelySubtagsDataDriven(blo-Latn;blo-Latn-BJ;blo;blo) [82]" classname="com.ibm.icu.dev.test.util.ULocaleTest" time="0.0"/>
  <testcase name="likelySubtagsDataDriven(bn;bn-Beng-BD;bn;bn) [83]" classname="com.ibm.icu.dev.test.util.ULocaleTest" time="0.0"/>
  <testcase name="likelySubtagsDataDriven(bn-AQ;bn-Beng-AQ;bn-AQ;bn-AQ) [84]" classname="com.ibm.icu.dev.test.util.ULocaleTest" time="0.0"/>
  <testcase name="likelySubtagsDataDriven(bn-BD;bn-Beng-BD;bn;bn) [85]" classname="com.ibm.icu.dev.test.util.ULocaleTest" time="0.0"/>
  <testcase name="likelySubtagsDataDriven(bn-Beng;bn-Beng-BD;bn;bn) [86]" classname="com.ibm.icu.dev.test.util.ULocaleTest" time="0.0"/>
  <testcase name="likelySubtagsDataDriven(bn-Egyp;bn-Egyp-BD;bn-Egyp;bn-Egyp) [87]" classname="com.ibm.icu.dev.test.util.ULocaleTest" time="0.0"/>
  <testcase name="likelySubtagsDataDriven(bn-IN;bn-Beng-IN;bn-IN;bn-IN) [88]" classname="com.ibm.icu.dev.test.util.ULocaleTest" time="0.0"/>
  <testcase name="likelySubtagsDataDriven(br;br-Latn-FR;br;br) [89]" classname="com.ibm.icu.dev.test.util.ULocaleTest" time="0.0"/>
  <testcase name="likelySubtagsDataDriven(br-AQ;br-Latn-AQ;br-AQ;br-AQ) [90]" classname="com.ibm.icu.dev.test.util.ULocaleTest" time="0.001"/>
  <testcase name="likelySubtagsDataDriven(br-Egyp;br-Egyp-FR;br-Egyp;br-Egyp) [91]" classname="com.ibm.icu.dev.test.util.ULocaleTest" time="0.0"/>
  <testcase name="likelySubtagsDataDriven(br-FR;br-Latn-FR;br;br) [92]" classname="com.ibm.icu.dev.test.util.ULocaleTest" time="0.0"/>
  <testcase name="likelySubtagsDataDriven(br-Latn;br-Latn-FR;br;br) [93]" classname="com.ibm.icu.dev.test.util.ULocaleTest" time="0.0"/>
  <testcase name="likelySubtagsDataDriven(brx;brx-Deva-IN;brx;brx) [94]" classname="com.ibm.icu.dev.test.util.ULocaleTest" time="0.0"/>
  <testcase name="likelySubtagsDataDriven(brx-AQ;brx-Deva-AQ;brx-AQ;brx-AQ) [95]" classname="com.ibm.icu.dev.test.util.ULocaleTest" time="0.0"/>
  <testcase name="likelySubtagsDataDriven(brx-Deva;brx-Deva-IN;brx;brx) [96]" classname="com.ibm.icu.dev.test.util.ULocaleTest" time="0.001"/>
  <testcase name="likelySubtagsDataDriven(brx-Egyp;brx-Egyp-IN;brx-Egyp;brx-Egyp) [97]" classname="com.ibm.icu.dev.test.util.ULocaleTest" time="0.0"/>
  <testcase name="likelySubtagsDataDriven(brx-IN;brx-Deva-IN;brx;brx) [98]" classname="com.ibm.icu.dev.test.util.ULocaleTest" time="0.0"/>
  <testcase name="likelySubtagsDataDriven(bs;bs-Latn-BA;bs;bs) [99]" classname="com.ibm.icu.dev.test.util.ULocaleTest" time="0.0"/>
  <testcase name="likelySubtagsDataDriven(bs-AQ;bs-Latn-AQ;bs-AQ;bs-AQ) [100]" classname="com.ibm.icu.dev.test.util.ULocaleTest" time="0.0"/>
  <testcase name="likelySubtagsDataDriven(bs-BA;bs-Latn-BA;bs;bs) [101]" classname="com.ibm.icu.dev.test.util.ULocaleTest" time="0.0"/>
  <testcase name="likelySubtagsDataDriven(bs-Cyrl;bs-Cyrl-BA;bs-Cyrl;bs-Cyrl) [102]" classname="com.ibm.icu.dev.test.util.ULocaleTest" time="0.001"/>
  <testcase name="likelySubtagsDataDriven(bs-Egyp;bs-Egyp-BA;bs-Egyp;bs-Egyp) [103]" classname="com.ibm.icu.dev.test.util.ULocaleTest" time="0.0"/>
  <testcase name="likelySubtagsDataDriven(bs-Latn;bs-Latn-BA;bs;bs) [104]" classname="com.ibm.icu.dev.test.util.ULocaleTest" time="0.0"/>
  <testcase name="likelySubtagsDataDriven(ca;ca-Latn-ES;ca;ca) [105]" classname="com.ibm.icu.dev.test.util.ULocaleTest" time="0.0"/>
  <testcase name="likelySubtagsDataDriven(ca-AD;ca-Latn-AD;ca-AD;ca-AD) [106]" classname="com.ibm.icu.dev.test.util.ULocaleTest" time="0.0"/>
  <testcase name="likelySubtagsDataDriven(ca-AQ;ca-Latn-AQ;ca-AQ;ca-AQ) [107]" classname="com.ibm.icu.dev.test.util.ULocaleTest" time="0.0"/>
  <testcase name="likelySubtagsDataDriven(ca-ES;ca-Latn-ES;ca;ca) [108]" classname="com.ibm.icu.dev.test.util.ULocaleTest" time="0.0"/>
  <testcase name="likelySubtagsDataDriven(ca-Egyp;ca-Egyp-ES;ca-Egyp;ca-Egyp) [109]" classname="com.ibm.icu.dev.test.util.ULocaleTest" time="0.001"/>
  <testcase name="likelySubtagsDataDriven(ca-FR;ca-Latn-FR;ca-FR;ca-FR) [110]" classname="com.ibm.icu.dev.test.util.ULocaleTest" time="0.0"/>
  <testcase name="likelySubtagsDataDriven(ca-IT;ca-Latn-IT;ca-IT;ca-IT) [111]" classname="com.ibm.icu.dev.test.util.ULocaleTest" time="0.0"/>
  <testcase name="likelySubtagsDataDriven(ca-Latn;ca-Latn-ES;ca;ca) [112]" classname="com.ibm.icu.dev.test.util.ULocaleTest" time="0.0"/>
  <testcase name="likelySubtagsDataDriven(ceb;ceb-Latn-PH;ceb;ceb) [113]" classname="com.ibm.icu.dev.test.util.ULocaleTest" time="0.0"/>
  <testcase name="likelySubtagsDataDriven(ceb-AQ;ceb-Latn-AQ;ceb-AQ;ceb-AQ) [114]" classname="com.ibm.icu.dev.test.util.ULocaleTest" time="0.0"/>
  <testcase name="likelySubtagsDataDriven(ceb-Egyp;ceb-Egyp-PH;ceb-Egyp;ceb-Egyp) [115]" classname="com.ibm.icu.dev.test.util.ULocaleTest" time="0.0"/>
  <testcase name="likelySubtagsDataDriven(ceb-Latn;ceb-Latn-PH;ceb;ceb) [116]" classname="com.ibm.icu.dev.test.util.ULocaleTest" time="0.001"/>
  <testcase name="likelySubtagsDataDriven(ceb-PH;ceb-Latn-PH;ceb;ceb) [117]" classname="com.ibm.icu.dev.test.util.ULocaleTest" time="0.0"/>
  <testcase name="likelySubtagsDataDriven(chr;chr-Cher-US;chr;chr) [118]" classname="com.ibm.icu.dev.test.util.ULocaleTest" time="0.0"/>
  <testcase name="likelySubtagsDataDriven(chr-AQ;chr-Cher-AQ;chr-AQ;chr-AQ) [119]" classname="com.ibm.icu.dev.test.util.ULocaleTest" time="0.0"/>
  <testcase name="likelySubtagsDataDriven(chr-Cher;chr-Cher-US;chr;chr) [120]" classname="com.ibm.icu.dev.test.util.ULocaleTest" time="0.0"/>
  <testcase name="likelySubtagsDataDriven(chr-Egyp;chr-Egyp-US;chr-Egyp;chr-Egyp) [121]" classname="com.ibm.icu.dev.test.util.ULocaleTest" time="0.0"/>
  <testcase name="likelySubtagsDataDriven(chr-US;chr-Cher-US;chr;chr) [122]" classname="com.ibm.icu.dev.test.util.ULocaleTest" time="0.0"/>
  <testcase name="likelySubtagsDataDriven(cs;cs-Latn-CZ;cs;cs) [123]" classname="com.ibm.icu.dev.test.util.ULocaleTest" time="0.0"/>
  <testcase name="likelySubtagsDataDriven(cs-AQ;cs-Latn-AQ;cs-AQ;cs-AQ) [124]" classname="com.ibm.icu.dev.test.util.ULocaleTest" time="0.0"/>
  <testcase name="likelySubtagsDataDriven(cs-CZ;cs-Latn-CZ;cs;cs) [125]" classname="com.ibm.icu.dev.test.util.ULocaleTest" time="0.0"/>
  <testcase name="likelySubtagsDataDriven(cs-Egyp;cs-Egyp-CZ;cs-Egyp;cs-Egyp) [126]" classname="com.ibm.icu.dev.test.util.ULocaleTest" time="0.0"/>
  <testcase name="likelySubtagsDataDriven(cs-Latn;cs-Latn-CZ;cs;cs) [127]" classname="com.ibm.icu.dev.test.util.ULocaleTest" time="0.0"/>
  <testcase name="likelySubtagsDataDriven(csw;csw-Cans-CA;csw;csw) [128]" classname="com.ibm.icu.dev.test.util.ULocaleTest" time="0.0"/>
  <testcase name="likelySubtagsDataDriven(csw-AQ;csw-Cans-AQ;csw-AQ;csw-AQ) [129]" classname="com.ibm.icu.dev.test.util.ULocaleTest" time="0.0"/>
  <testcase name="likelySubtagsDataDriven(csw-CA;csw-Cans-CA;csw;csw) [130]" classname="com.ibm.icu.dev.test.util.ULocaleTest" time="0.001"/>
  <testcase name="likelySubtagsDataDriven(csw-Cans;csw-Cans-CA;csw;csw) [131]" classname="com.ibm.icu.dev.test.util.ULocaleTest" time="0.0"/>
  <testcase name="likelySubtagsDataDriven(csw-Egyp;csw-Egyp-CA;csw-Egyp;csw-Egyp) [132]" classname="com.ibm.icu.dev.test.util.ULocaleTest" time="0.0"/>
  <testcase name="likelySubtagsDataDriven(cv;cv-Cyrl-RU;cv;cv) [133]" classname="com.ibm.icu.dev.test.util.ULocaleTest" time="0.0"/>
  <testcase name="likelySubtagsDataDriven(cv-AQ;cv-Cyrl-AQ;cv-AQ;cv-AQ) [134]" classname="com.ibm.icu.dev.test.util.ULocaleTest" time="0.0"/>
  <testcase name="likelySubtagsDataDriven(cv-Cyrl;cv-Cyrl-RU;cv;cv) [135]" classname="com.ibm.icu.dev.test.util.ULocaleTest" time="0.0"/>
  <testcase name="likelySubtagsDataDriven(cv-Egyp;cv-Egyp-RU;cv-Egyp;cv-Egyp) [136]" classname="com.ibm.icu.dev.test.util.ULocaleTest" time="0.0"/>
  <testcase name="likelySubtagsDataDriven(cv-RU;cv-Cyrl-RU;cv;cv) [137]" classname="com.ibm.icu.dev.test.util.ULocaleTest" time="0.0"/>
  <testcase name="likelySubtagsDataDriven(cy;cy-Latn-GB;cy;cy) [138]" classname="com.ibm.icu.dev.test.util.ULocaleTest" time="0.0"/>
  <testcase name="likelySubtagsDataDriven(cy-AQ;cy-Latn-AQ;cy-AQ;cy-AQ) [139]" classname="com.ibm.icu.dev.test.util.ULocaleTest" time="0.0"/>
  <testcase name="likelySubtagsDataDriven(cy-Egyp;cy-Egyp-GB;cy-Egyp;cy-Egyp) [140]" classname="com.ibm.icu.dev.test.util.ULocaleTest" time="0.0"/>
  <testcase name="likelySubtagsDataDriven(cy-GB;cy-Latn-GB;cy;cy) [141]" classname="com.ibm.icu.dev.test.util.ULocaleTest" time="0.0"/>
  <testcase name="likelySubtagsDataDriven(cy-Latn;cy-Latn-GB;cy;cy) [142]" classname="com.ibm.icu.dev.test.util.ULocaleTest" time="0.0"/>
  <testcase name="likelySubtagsDataDriven(da;da-Latn-DK;da;da) [143]" classname="com.ibm.icu.dev.test.util.ULocaleTest" time="0.0"/>
  <testcase name="likelySubtagsDataDriven(da-AQ;da-Latn-AQ;da-AQ;da-AQ) [144]" classname="com.ibm.icu.dev.test.util.ULocaleTest" time="0.001"/>
  <testcase name="likelySubtagsDataDriven(da-DK;da-Latn-DK;da;da) [145]" classname="com.ibm.icu.dev.test.util.ULocaleTest" time="0.0"/>
  <testcase name="likelySubtagsDataDriven(da-Egyp;da-Egyp-DK;da-Egyp;da-Egyp) [146]" classname="com.ibm.icu.dev.test.util.ULocaleTest" time="0.0"/>
  <testcase name="likelySubtagsDataDriven(da-GL;da-Latn-GL;da-GL;da-GL) [147]" classname="com.ibm.icu.dev.test.util.ULocaleTest" time="0.0"/>
  <testcase name="likelySubtagsDataDriven(da-Latn;da-Latn-DK;da;da) [148]" classname="com.ibm.icu.dev.test.util.ULocaleTest" time="0.0"/>
  <testcase name="likelySubtagsDataDriven(de;de-Latn-DE;de;de) [149]" classname="com.ibm.icu.dev.test.util.ULocaleTest" time="0.0"/>
  <testcase name="likelySubtagsDataDriven(de-AQ;de-Latn-AQ;de-AQ;de-AQ) [150]" classname="com.ibm.icu.dev.test.util.ULocaleTest" time="0.0"/>
  <testcase name="likelySubtagsDataDriven(de-AT;de-Latn-AT;de-AT;de-AT) [151]" classname="com.ibm.icu.dev.test.util.ULocaleTest" time="0.0"/>
  <testcase name="likelySubtagsDataDriven(de-BE;de-Latn-BE;de-BE;de-BE) [152]" classname="com.ibm.icu.dev.test.util.ULocaleTest" time="0.0"/>
  <testcase name="likelySubtagsDataDriven(de-CH;de-Latn-CH;de-CH;de-CH) [153]" classname="com.ibm.icu.dev.test.util.ULocaleTest" time="0.0"/>
  <testcase name="likelySubtagsDataDriven(de-DE;de-Latn-DE;de;de) [154]" classname="com.ibm.icu.dev.test.util.ULocaleTest" time="0.0"/>
  <testcase name="likelySubtagsDataDriven(de-Egyp;de-Egyp-DE;de-Egyp;de-Egyp) [155]" classname="com.ibm.icu.dev.test.util.ULocaleTest" time="0.0"/>
  <testcase name="likelySubtagsDataDriven(de-IT;de-Latn-IT;de-IT;de-IT) [156]" classname="com.ibm.icu.dev.test.util.ULocaleTest" time="0.0"/>
  <testcase name="likelySubtagsDataDriven(de-LI;de-Latn-LI;de-LI;de-LI) [157]" classname="com.ibm.icu.dev.test.util.ULocaleTest" time="0.0"/>
  <testcase name="likelySubtagsDataDriven(de-LU;de-Latn-LU;de-LU;de-LU) [158]" classname="com.ibm.icu.dev.test.util.ULocaleTest" time="0.0"/>
  <testcase name="likelySubtagsDataDriven(de-Latn;de-Latn-DE;de;de) [159]" classname="com.ibm.icu.dev.test.util.ULocaleTest" time="0.001"/>
  <testcase name="likelySubtagsDataDriven(doi;doi-Deva-IN;doi;doi) [160]" classname="com.ibm.icu.dev.test.util.ULocaleTest" time="0.0"/>
  <testcase name="likelySubtagsDataDriven(doi-AQ;doi-Deva-AQ;doi-AQ;doi-AQ) [161]" classname="com.ibm.icu.dev.test.util.ULocaleTest" time="0.0"/>
  <testcase name="likelySubtagsDataDriven(doi-Deva;doi-Deva-IN;doi;doi) [162]" classname="com.ibm.icu.dev.test.util.ULocaleTest" time="0.0"/>
  <testcase name="likelySubtagsDataDriven(doi-Egyp;doi-Egyp-IN;doi-Egyp;doi-Egyp) [163]" classname="com.ibm.icu.dev.test.util.ULocaleTest" time="0.0"/>
  <testcase name="likelySubtagsDataDriven(doi-IN;doi-Deva-IN;doi;doi) [164]" classname="com.ibm.icu.dev.test.util.ULocaleTest" time="0.0"/>
  <testcase name="likelySubtagsDataDriven(dsb;dsb-Latn-DE;dsb;dsb) [165]" classname="com.ibm.icu.dev.test.util.ULocaleTest" time="0.0"/>
  <testcase name="likelySubtagsDataDriven(dsb-AQ;dsb-Latn-AQ;dsb-AQ;dsb-AQ) [166]" classname="com.ibm.icu.dev.test.util.ULocaleTest" time="0.0"/>
  <testcase name="likelySubtagsDataDriven(dsb-DE;dsb-Latn-DE;dsb;dsb) [167]" classname="com.ibm.icu.dev.test.util.ULocaleTest" time="0.0"/>
  <testcase name="likelySubtagsDataDriven(dsb-Egyp;dsb-Egyp-DE;dsb-Egyp;dsb-Egyp) [168]" classname="com.ibm.icu.dev.test.util.ULocaleTest" time="0.0"/>
  <testcase name="likelySubtagsDataDriven(dsb-Latn;dsb-Latn-DE;dsb;dsb) [169]" classname="com.ibm.icu.dev.test.util.ULocaleTest" time="0.0"/>
  <testcase name="likelySubtagsDataDriven(el;el-Grek-GR;el;el) [170]" classname="com.ibm.icu.dev.test.util.ULocaleTest" time="0.0"/>
  <testcase name="likelySubtagsDataDriven(el-AQ;el-Grek-AQ;el-AQ;el-AQ) [171]" classname="com.ibm.icu.dev.test.util.ULocaleTest" time="0.0"/>
  <testcase name="likelySubtagsDataDriven(el-CY;el-Grek-CY;el-CY;el-CY) [172]" classname="com.ibm.icu.dev.test.util.ULocaleTest" time="0.0"/>
  <testcase name="likelySubtagsDataDriven(el-Egyp;el-Egyp-GR;el-Egyp;el-Egyp) [173]" classname="com.ibm.icu.dev.test.util.ULocaleTest" time="0.0"/>
  <testcase name="likelySubtagsDataDriven(el-GR;el-Grek-GR;el;el) [174]" classname="com.ibm.icu.dev.test.util.ULocaleTest" time="0.001"/>
  <testcase name="likelySubtagsDataDriven(el-Grek;el-Grek-GR;el;el) [175]" classname="com.ibm.icu.dev.test.util.ULocaleTest" time="0.0"/>
  <testcase name="likelySubtagsDataDriven(en;en-Latn-US;en;en) [176]" classname="com.ibm.icu.dev.test.util.ULocaleTest" time="0.0"/>
  <testcase name="likelySubtagsDataDriven(en-001;en-Latn-001;en-001;en-001) [177]" classname="com.ibm.icu.dev.test.util.ULocaleTest" time="0.0"/>
  <testcase name="likelySubtagsDataDriven(en-150;en-Latn-150;en-150;en-150) [178]" classname="com.ibm.icu.dev.test.util.ULocaleTest" time="0.0"/>
  <testcase name="likelySubtagsDataDriven(en-AE;en-Latn-AE;en-AE;en-AE) [179]" classname="com.ibm.icu.dev.test.util.ULocaleTest" time="0.0"/>
  <testcase name="likelySubtagsDataDriven(en-AG;en-Latn-AG;en-AG;en-AG) [180]" classname="com.ibm.icu.dev.test.util.ULocaleTest" time="0.0"/>
  <testcase name="likelySubtagsDataDriven(en-AI;en-Latn-AI;en-AI;en-AI) [181]" classname="com.ibm.icu.dev.test.util.ULocaleTest" time="0.0"/>
  <testcase name="likelySubtagsDataDriven(en-AQ;en-Latn-AQ;en-AQ;en-AQ) [182]" classname="com.ibm.icu.dev.test.util.ULocaleTest" time="0.0"/>
  <testcase name="likelySubtagsDataDriven(en-AS;en-Latn-AS;en-AS;en-AS) [183]" classname="com.ibm.icu.dev.test.util.ULocaleTest" time="0.0"/>
  <testcase name="likelySubtagsDataDriven(en-AT;en-Latn-AT;en-AT;en-AT) [184]" classname="com.ibm.icu.dev.test.util.ULocaleTest" time="0.0"/>
  <testcase name="likelySubtagsDataDriven(en-AU;en-Latn-AU;en-AU;en-AU) [185]" classname="com.ibm.icu.dev.test.util.ULocaleTest" time="0.0"/>
  <testcase name="likelySubtagsDataDriven(en-BB;en-Latn-BB;en-BB;en-BB) [186]" classname="com.ibm.icu.dev.test.util.ULocaleTest" time="0.0"/>
  <testcase name="likelySubtagsDataDriven(en-BE;en-Latn-BE;en-BE;en-BE) [187]" classname="com.ibm.icu.dev.test.util.ULocaleTest" time="0.0"/>
  <testcase name="likelySubtagsDataDriven(en-BI;en-Latn-BI;en-BI;en-BI) [188]" classname="com.ibm.icu.dev.test.util.ULocaleTest" time="0.0"/>
  <testcase name="likelySubtagsDataDriven(en-BM;en-Latn-BM;en-BM;en-BM) [189]" classname="com.ibm.icu.dev.test.util.ULocaleTest" time="0.0"/>
  <testcase name="likelySubtagsDataDriven(en-BS;en-Latn-BS;en-BS;en-BS) [190]" classname="com.ibm.icu.dev.test.util.ULocaleTest" time="0.0"/>
  <testcase name="likelySubtagsDataDriven(en-BW;en-Latn-BW;en-BW;en-BW) [191]" classname="com.ibm.icu.dev.test.util.ULocaleTest" time="0.0"/>
  <testcase name="likelySubtagsDataDriven(en-BZ;en-Latn-BZ;en-BZ;en-BZ) [192]" classname="com.ibm.icu.dev.test.util.ULocaleTest" time="0.0"/>
  <testcase name="likelySubtagsDataDriven(en-CA;en-Latn-CA;en-CA;en-CA) [193]" classname="com.ibm.icu.dev.test.util.ULocaleTest" time="0.0"/>
  <testcase name="likelySubtagsDataDriven(en-CC;en-Latn-CC;en-CC;en-CC) [194]" classname="com.ibm.icu.dev.test.util.ULocaleTest" time="0.0"/>
  <testcase name="likelySubtagsDataDriven(en-CH;en-Latn-CH;en-CH;en-CH) [195]" classname="com.ibm.icu.dev.test.util.ULocaleTest" time="0.0"/>
  <testcase name="likelySubtagsDataDriven(en-CK;en-Latn-CK;en-CK;en-CK) [196]" classname="com.ibm.icu.dev.test.util.ULocaleTest" time="0.0"/>
  <testcase name="likelySubtagsDataDriven(en-CM;en-Latn-CM;en-CM;en-CM) [197]" classname="com.ibm.icu.dev.test.util.ULocaleTest" time="0.0"/>
  <testcase name="likelySubtagsDataDriven(en-CX;en-Latn-CX;en-CX;en-CX) [198]" classname="com.ibm.icu.dev.test.util.ULocaleTest" time="0.001"/>
  <testcase name="likelySubtagsDataDriven(en-CY;en-Latn-CY;en-CY;en-CY) [199]" classname="com.ibm.icu.dev.test.util.ULocaleTest" time="0.0"/>
  <testcase name="likelySubtagsDataDriven(en-DE;en-Latn-DE;en-DE;en-DE) [200]" classname="com.ibm.icu.dev.test.util.ULocaleTest" time="0.0"/>
  <testcase name="likelySubtagsDataDriven(en-DG;en-Latn-DG;en-DG;en-DG) [201]" classname="com.ibm.icu.dev.test.util.ULocaleTest" time="0.0"/>
  <testcase name="likelySubtagsDataDriven(en-DK;en-Latn-DK;en-DK;en-DK) [202]" classname="com.ibm.icu.dev.test.util.ULocaleTest" time="0.0"/>
  <testcase name="likelySubtagsDataDriven(en-DM;en-Latn-DM;en-DM;en-DM) [203]" classname="com.ibm.icu.dev.test.util.ULocaleTest" time="0.0"/>
  <testcase name="likelySubtagsDataDriven(en-ER;en-Latn-ER;en-ER;en-ER) [204]" classname="com.ibm.icu.dev.test.util.ULocaleTest" time="0.0"/>
  <testcase name="likelySubtagsDataDriven(en-Egyp;en-Egyp-US;en-Egyp;en-Egyp) [205]" classname="com.ibm.icu.dev.test.util.ULocaleTest" time="0.0"/>
  <testcase name="likelySubtagsDataDriven(en-FI;en-Latn-FI;en-FI;en-FI) [206]" classname="com.ibm.icu.dev.test.util.ULocaleTest" time="0.0"/>
  <testcase name="likelySubtagsDataDriven(en-FJ;en-Latn-FJ;en-FJ;en-FJ) [207]" classname="com.ibm.icu.dev.test.util.ULocaleTest" time="0.0"/>
  <testcase name="likelySubtagsDataDriven(en-FK;en-Latn-FK;en-FK;en-FK) [208]" classname="com.ibm.icu.dev.test.util.ULocaleTest" time="0.0"/>
  <testcase name="likelySubtagsDataDriven(en-FM;en-Latn-FM;en-FM;en-FM) [209]" classname="com.ibm.icu.dev.test.util.ULocaleTest" time="0.0"/>
  <testcase name="likelySubtagsDataDriven(en-GB;en-Latn-GB;en-GB;en-GB) [210]" classname="com.ibm.icu.dev.test.util.ULocaleTest" time="0.0"/>
  <testcase name="likelySubtagsDataDriven(en-GD;en-Latn-GD;en-GD;en-GD) [211]" classname="com.ibm.icu.dev.test.util.ULocaleTest" time="0.0"/>
  <testcase name="likelySubtagsDataDriven(en-GG;en-Latn-GG;en-GG;en-GG) [212]" classname="com.ibm.icu.dev.test.util.ULocaleTest" time="0.0"/>
  <testcase name="likelySubtagsDataDriven(en-GH;en-Latn-GH;en-GH;en-GH) [213]" classname="com.ibm.icu.dev.test.util.ULocaleTest" time="0.0"/>
  <testcase name="likelySubtagsDataDriven(en-GI;en-Latn-GI;en-GI;en-GI) [214]" classname="com.ibm.icu.dev.test.util.ULocaleTest" time="0.0"/>
  <testcase name="likelySubtagsDataDriven(en-GM;en-Latn-GM;en-GM;en-GM) [215]" classname="com.ibm.icu.dev.test.util.ULocaleTest" time="0.0"/>
  <testcase name="likelySubtagsDataDriven(en-GU;en-Latn-GU;en-GU;en-GU) [216]" classname="com.ibm.icu.dev.test.util.ULocaleTest" time="0.0"/>
  <testcase name="likelySubtagsDataDriven(en-GY;en-Latn-GY;en-GY;en-GY) [217]" classname="com.ibm.icu.dev.test.util.ULocaleTest" time="0.0"/>
  <testcase name="likelySubtagsDataDriven(en-HK;en-Latn-HK;en-HK;en-HK) [218]" classname="com.ibm.icu.dev.test.util.ULocaleTest" time="0.0"/>
  <testcase name="likelySubtagsDataDriven(en-ID;en-Latn-ID;en-ID;en-ID) [219]" classname="com.ibm.icu.dev.test.util.ULocaleTest" time="0.0"/>
  <testcase name="likelySubtagsDataDriven(en-IE;en-Latn-IE;en-IE;en-IE) [220]" classname="com.ibm.icu.dev.test.util.ULocaleTest" time="0.0"/>
  <testcase name="likelySubtagsDataDriven(en-IL;en-Latn-IL;en-IL;en-IL) [221]" classname="com.ibm.icu.dev.test.util.ULocaleTest" time="0.0"/>
  <testcase name="likelySubtagsDataDriven(en-IM;en-Latn-IM;en-IM;en-IM) [222]" classname="com.ibm.icu.dev.test.util.ULocaleTest" time="0.0"/>
  <testcase name="likelySubtagsDataDriven(en-IN;en-Latn-IN;en-IN;en-IN) [223]" classname="com.ibm.icu.dev.test.util.ULocaleTest" time="0.0"/>
  <testcase name="likelySubtagsDataDriven(en-IO;en-Latn-IO;en-IO;en-IO) [224]" classname="com.ibm.icu.dev.test.util.ULocaleTest" time="0.0"/>
  <testcase name="likelySubtagsDataDriven(en-JE;en-Latn-JE;en-JE;en-JE) [225]" classname="com.ibm.icu.dev.test.util.ULocaleTest" time="0.0"/>
  <testcase name="likelySubtagsDataDriven(en-JM;en-Latn-JM;en-JM;en-JM) [226]" classname="com.ibm.icu.dev.test.util.ULocaleTest" time="0.0"/>
  <testcase name="likelySubtagsDataDriven(en-KE;en-Latn-KE;en-KE;en-KE) [227]" classname="com.ibm.icu.dev.test.util.ULocaleTest" time="0.0"/>
  <testcase name="likelySubtagsDataDriven(en-KI;en-Latn-KI;en-KI;en-KI) [228]" classname="com.ibm.icu.dev.test.util.ULocaleTest" time="0.0"/>
  <testcase name="likelySubtagsDataDriven(en-KN;en-Latn-KN;en-KN;en-KN) [229]" classname="com.ibm.icu.dev.test.util.ULocaleTest" time="0.0"/>
  <testcase name="likelySubtagsDataDriven(en-KY;en-Latn-KY;en-KY;en-KY) [230]" classname="com.ibm.icu.dev.test.util.ULocaleTest" time="0.001"/>
  <testcase name="likelySubtagsDataDriven(en-LC;en-Latn-LC;en-LC;en-LC) [231]" classname="com.ibm.icu.dev.test.util.ULocaleTest" time="0.0"/>
  <testcase name="likelySubtagsDataDriven(en-LR;en-Latn-LR;en-LR;en-LR) [232]" classname="com.ibm.icu.dev.test.util.ULocaleTest" time="0.0"/>
  <testcase name="likelySubtagsDataDriven(en-LS;en-Latn-LS;en-LS;en-LS) [233]" classname="com.ibm.icu.dev.test.util.ULocaleTest" time="0.0"/>
  <testcase name="likelySubtagsDataDriven(en-Latn;en-Latn-US;en;en) [234]" classname="com.ibm.icu.dev.test.util.ULocaleTest" time="0.0"/>
  <testcase name="likelySubtagsDataDriven(en-MG;en-Latn-MG;en-MG;en-MG) [235]" classname="com.ibm.icu.dev.test.util.ULocaleTest" time="0.0"/>
  <testcase name="likelySubtagsDataDriven(en-MH;en-Latn-MH;en-MH;en-MH) [236]" classname="com.ibm.icu.dev.test.util.ULocaleTest" time="0.0"/>
  <testcase name="likelySubtagsDataDriven(en-MO;en-Latn-MO;en-MO;en-MO) [237]" classname="com.ibm.icu.dev.test.util.ULocaleTest" time="0.0"/>
  <testcase name="likelySubtagsDataDriven(en-MP;en-Latn-MP;en-MP;en-MP) [238]" classname="com.ibm.icu.dev.test.util.ULocaleTest" time="0.0"/>
  <testcase name="likelySubtagsDataDriven(en-MS;en-Latn-MS;en-MS;en-MS) [239]" classname="com.ibm.icu.dev.test.util.ULocaleTest" time="0.0"/>
  <testcase name="likelySubtagsDataDriven(en-MT;en-Latn-MT;en-MT;en-MT) [240]" classname="com.ibm.icu.dev.test.util.ULocaleTest" time="0.0"/>
  <testcase name="likelySubtagsDataDriven(en-MU;en-Latn-MU;en-MU;en-MU) [241]" classname="com.ibm.icu.dev.test.util.ULocaleTest" time="0.0"/>
  <testcase name="likelySubtagsDataDriven(en-MV;en-Latn-MV;en-MV;en-MV) [242]" classname="com.ibm.icu.dev.test.util.ULocaleTest" time="0.0"/>
  <testcase name="likelySubtagsDataDriven(en-MW;en-Latn-MW;en-MW;en-MW) [243]" classname="com.ibm.icu.dev.test.util.ULocaleTest" time="0.0"/>
  <testcase name="likelySubtagsDataDriven(en-MY;en-Latn-MY;en-MY;en-MY) [244]" classname="com.ibm.icu.dev.test.util.ULocaleTest" time="0.0"/>
  <testcase name="likelySubtagsDataDriven(en-NA;en-Latn-NA;en-NA;en-NA) [245]" classname="com.ibm.icu.dev.test.util.ULocaleTest" time="0.0"/>
  <testcase name="likelySubtagsDataDriven(en-NF;en-Latn-NF;en-NF;en-NF) [246]" classname="com.ibm.icu.dev.test.util.ULocaleTest" time="0.0"/>
  <testcase name="likelySubtagsDataDriven(en-NG;en-Latn-NG;en-NG;en-NG) [247]" classname="com.ibm.icu.dev.test.util.ULocaleTest" time="0.0"/>
  <testcase name="likelySubtagsDataDriven(en-NL;en-Latn-NL;en-NL;en-NL) [248]" classname="com.ibm.icu.dev.test.util.ULocaleTest" time="0.0"/>
  <testcase name="likelySubtagsDataDriven(en-NR;en-Latn-NR;en-NR;en-NR) [249]" classname="com.ibm.icu.dev.test.util.ULocaleTest" time="0.0"/>
  <testcase name="likelySubtagsDataDriven(en-NU;en-Latn-NU;en-NU;en-NU) [250]" classname="com.ibm.icu.dev.test.util.ULocaleTest" time="0.0"/>
  <testcase name="likelySubtagsDataDriven(en-NZ;en-Latn-NZ;en-NZ;en-NZ) [251]" classname="com.ibm.icu.dev.test.util.ULocaleTest" time="0.0"/>
  <testcase name="likelySubtagsDataDriven(en-PG;en-Latn-PG;en-PG;en-PG) [252]" classname="com.ibm.icu.dev.test.util.ULocaleTest" time="0.0"/>
  <testcase name="likelySubtagsDataDriven(en-PH;en-Latn-PH;en-PH;en-PH) [253]" classname="com.ibm.icu.dev.test.util.ULocaleTest" time="0.0"/>
  <testcase name="likelySubtagsDataDriven(en-PK;en-Latn-PK;en-PK;en-PK) [254]" classname="com.ibm.icu.dev.test.util.ULocaleTest" time="0.0"/>
  <testcase name="likelySubtagsDataDriven(en-PN;en-Latn-PN;en-PN;en-PN) [255]" classname="com.ibm.icu.dev.test.util.ULocaleTest" time="0.0"/>
  <testcase name="likelySubtagsDataDriven(en-PR;en-Latn-PR;en-PR;en-PR) [256]" classname="com.ibm.icu.dev.test.util.ULocaleTest" time="0.0"/>
  <testcase name="likelySubtagsDataDriven(en-PW;en-Latn-PW;en-PW;en-PW) [257]" classname="com.ibm.icu.dev.test.util.ULocaleTest" time="0.0"/>
  <testcase name="likelySubtagsDataDriven(en-RW;en-Latn-RW;en-RW;en-RW) [258]" classname="com.ibm.icu.dev.test.util.ULocaleTest" time="0.0"/>
  <testcase name="likelySubtagsDataDriven(en-SB;en-Latn-SB;en-SB;en-SB) [259]" classname="com.ibm.icu.dev.test.util.ULocaleTest" time="0.0"/>
  <testcase name="likelySubtagsDataDriven(en-SC;en-Latn-SC;en-SC;en-SC) [260]" classname="com.ibm.icu.dev.test.util.ULocaleTest" time="0.0"/>
  <testcase name="likelySubtagsDataDriven(en-SD;en-Latn-SD;en-SD;en-SD) [261]" classname="com.ibm.icu.dev.test.util.ULocaleTest" time="0.0"/>
  <testcase name="likelySubtagsDataDriven(en-SE;en-Latn-SE;en-SE;en-SE) [262]" classname="com.ibm.icu.dev.test.util.ULocaleTest" time="0.0"/>
  <testcase name="likelySubtagsDataDriven(en-SG;en-Latn-SG;en-SG;en-SG) [263]" classname="com.ibm.icu.dev.test.util.ULocaleTest" time="0.0"/>
  <testcase name="likelySubtagsDataDriven(en-SH;en-Latn-SH;en-SH;en-SH) [264]" classname="com.ibm.icu.dev.test.util.ULocaleTest" time="0.0"/>
  <testcase name="likelySubtagsDataDriven(en-SI;en-Latn-SI;en-SI;en-SI) [265]" classname="com.ibm.icu.dev.test.util.ULocaleTest" time="0.0"/>
  <testcase name="likelySubtagsDataDriven(en-SL;en-Latn-SL;en-SL;en-SL) [266]" classname="com.ibm.icu.dev.test.util.ULocaleTest" time="0.0"/>
  <testcase name="likelySubtagsDataDriven(en-SS;en-Latn-SS;en-SS;en-SS) [267]" classname="com.ibm.icu.dev.test.util.ULocaleTest" time="0.0"/>
  <testcase name="likelySubtagsDataDriven(en-SX;en-Latn-SX;en-SX;en-SX) [268]" classname="com.ibm.icu.dev.test.util.ULocaleTest" time="0.0"/>
  <testcase name="likelySubtagsDataDriven(en-SZ;en-Latn-SZ;en-SZ;en-SZ) [269]" classname="com.ibm.icu.dev.test.util.ULocaleTest" time="0.0"/>
  <testcase name="likelySubtagsDataDriven(en-TC;en-Latn-TC;en-TC;en-TC) [270]" classname="com.ibm.icu.dev.test.util.ULocaleTest" time="0.0"/>
  <testcase name="likelySubtagsDataDriven(en-TK;en-Latn-TK;en-TK;en-TK) [271]" classname="com.ibm.icu.dev.test.util.ULocaleTest" time="0.0"/>
  <testcase name="likelySubtagsDataDriven(en-TO;en-Latn-TO;en-TO;en-TO) [272]" classname="com.ibm.icu.dev.test.util.ULocaleTest" time="0.0"/>
  <testcase name="likelySubtagsDataDriven(en-TT;en-Latn-TT;en-TT;en-TT) [273]" classname="com.ibm.icu.dev.test.util.ULocaleTest" time="0.0"/>
  <testcase name="likelySubtagsDataDriven(en-TV;en-Latn-TV;en-TV;en-TV) [274]" classname="com.ibm.icu.dev.test.util.ULocaleTest" time="0.0"/>
  <testcase name="likelySubtagsDataDriven(en-TZ;en-Latn-TZ;en-TZ;en-TZ) [275]" classname="com.ibm.icu.dev.test.util.ULocaleTest" time="0.0"/>
  <testcase name="likelySubtagsDataDriven(en-UG;en-Latn-UG;en-UG;en-UG) [276]" classname="com.ibm.icu.dev.test.util.ULocaleTest" time="0.0"/>
  <testcase name="likelySubtagsDataDriven(en-UM;en-Latn-UM;en-UM;en-UM) [277]" classname="com.ibm.icu.dev.test.util.ULocaleTest" time="0.0"/>
  <testcase name="likelySubtagsDataDriven(en-US;en-Latn-US;en;en) [278]" classname="com.ibm.icu.dev.test.util.ULocaleTest" time="0.0"/>
  <testcase name="likelySubtagsDataDriven(en-VC;en-Latn-VC;en-VC;en-VC) [279]" classname="com.ibm.icu.dev.test.util.ULocaleTest" time="0.0"/>
  <testcase name="likelySubtagsDataDriven(en-VG;en-Latn-VG;en-VG;en-VG) [280]" classname="com.ibm.icu.dev.test.util.ULocaleTest" time="0.0"/>
  <testcase name="likelySubtagsDataDriven(en-VI;en-Latn-VI;en-VI;en-VI) [281]" classname="com.ibm.icu.dev.test.util.ULocaleTest" time="0.0"/>
  <testcase name="likelySubtagsDataDriven(en-VU;en-Latn-VU;en-VU;en-VU) [282]" classname="com.ibm.icu.dev.test.util.ULocaleTest" time="0.0"/>
  <testcase name="likelySubtagsDataDriven(en-WS;en-Latn-WS;en-WS;en-WS) [283]" classname="com.ibm.icu.dev.test.util.ULocaleTest" time="0.0"/>
  <testcase name="likelySubtagsDataDriven(en-ZA;en-Latn-ZA;en-ZA;en-ZA) [284]" classname="com.ibm.icu.dev.test.util.ULocaleTest" time="0.0"/>
  <testcase name="likelySubtagsDataDriven(en-ZM;en-Latn-ZM;en-ZM;en-ZM) [285]" classname="com.ibm.icu.dev.test.util.ULocaleTest" time="0.0"/>
  <testcase name="likelySubtagsDataDriven(en-ZW;en-Latn-ZW;en-ZW;en-ZW) [286]" classname="com.ibm.icu.dev.test.util.ULocaleTest" time="0.0"/>
  <testcase name="likelySubtagsDataDriven(es;es-Latn-ES;es;es) [287]" classname="com.ibm.icu.dev.test.util.ULocaleTest" time="0.0"/>
  <testcase name="likelySubtagsDataDriven(es-419;es-Latn-419;es-419;es-419) [288]" classname="com.ibm.icu.dev.test.util.ULocaleTest" time="0.0"/>
  <testcase name="likelySubtagsDataDriven(es-AQ;es-Latn-AQ;es-AQ;es-AQ) [289]" classname="com.ibm.icu.dev.test.util.ULocaleTest" time="0.001"/>
  <testcase name="likelySubtagsDataDriven(es-AR;es-Latn-AR;es-AR;es-AR) [290]" classname="com.ibm.icu.dev.test.util.ULocaleTest" time="0.0"/>
  <testcase name="likelySubtagsDataDriven(es-BO;es-Latn-BO;es-BO;es-BO) [291]" classname="com.ibm.icu.dev.test.util.ULocaleTest" time="0.0"/>
  <testcase name="likelySubtagsDataDriven(es-BR;es-Latn-BR;es-BR;es-BR) [292]" classname="com.ibm.icu.dev.test.util.ULocaleTest" time="0.0"/>
  <testcase name="likelySubtagsDataDriven(es-BZ;es-Latn-BZ;es-BZ;es-BZ) [293]" classname="com.ibm.icu.dev.test.util.ULocaleTest" time="0.0"/>
  <testcase name="likelySubtagsDataDriven(es-CL;es-Latn-CL;es-CL;es-CL) [294]" classname="com.ibm.icu.dev.test.util.ULocaleTest" time="0.0"/>
  <testcase name="likelySubtagsDataDriven(es-CO;es-Latn-CO;es-CO;es-CO) [295]" classname="com.ibm.icu.dev.test.util.ULocaleTest" time="0.0"/>
  <testcase name="likelySubtagsDataDriven(es-CR;es-Latn-CR;es-CR;es-CR) [296]" classname="com.ibm.icu.dev.test.util.ULocaleTest" time="0.0"/>
  <testcase name="likelySubtagsDataDriven(es-CU;es-Latn-CU;es-CU;es-CU) [297]" classname="com.ibm.icu.dev.test.util.ULocaleTest" time="0.0"/>
  <testcase name="likelySubtagsDataDriven(es-DO;es-Latn-DO;es-DO;es-DO) [298]" classname="com.ibm.icu.dev.test.util.ULocaleTest" time="0.0"/>
  <testcase name="likelySubtagsDataDriven(es-EA;es-Latn-EA;es-EA;es-EA) [299]" classname="com.ibm.icu.dev.test.util.ULocaleTest" time="0.0"/>
  <testcase name="likelySubtagsDataDriven(es-EC;es-Latn-EC;es-EC;es-EC) [300]" classname="com.ibm.icu.dev.test.util.ULocaleTest" time="0.0"/>
  <testcase name="likelySubtagsDataDriven(es-ES;es-Latn-ES;es;es) [301]" classname="com.ibm.icu.dev.test.util.ULocaleTest" time="0.0"/>
  <testcase name="likelySubtagsDataDriven(es-Egyp;es-Egyp-ES;es-Egyp;es-Egyp) [302]" classname="com.ibm.icu.dev.test.util.ULocaleTest" time="0.0"/>
  <testcase name="likelySubtagsDataDriven(es-GQ;es-Latn-GQ;es-GQ;es-GQ) [303]" classname="com.ibm.icu.dev.test.util.ULocaleTest" time="0.0"/>
  <testcase name="likelySubtagsDataDriven(es-GT;es-Latn-GT;es-GT;es-GT) [304]" classname="com.ibm.icu.dev.test.util.ULocaleTest" time="0.0"/>
  <testcase name="likelySubtagsDataDriven(es-HN;es-Latn-HN;es-HN;es-HN) [305]" classname="com.ibm.icu.dev.test.util.ULocaleTest" time="0.001"/>
  <testcase name="likelySubtagsDataDriven(es-IC;es-Latn-IC;es-IC;es-IC) [306]" classname="com.ibm.icu.dev.test.util.ULocaleTest" time="0.0"/>
  <testcase name="likelySubtagsDataDriven(es-Latn;es-Latn-ES;es;es) [307]" classname="com.ibm.icu.dev.test.util.ULocaleTest" time="0.0"/>
  <testcase name="likelySubtagsDataDriven(es-MX;es-Latn-MX;es-MX;es-MX) [308]" classname="com.ibm.icu.dev.test.util.ULocaleTest" time="0.0"/>
  <testcase name="likelySubtagsDataDriven(es-NI;es-Latn-NI;es-NI;es-NI) [309]" classname="com.ibm.icu.dev.test.util.ULocaleTest" time="0.0"/>
  <testcase name="likelySubtagsDataDriven(es-PA;es-Latn-PA;es-PA;es-PA) [310]" classname="com.ibm.icu.dev.test.util.ULocaleTest" time="0.0"/>
  <testcase name="likelySubtagsDataDriven(es-PE;es-Latn-PE;es-PE;es-PE) [311]" classname="com.ibm.icu.dev.test.util.ULocaleTest" time="0.0"/>
  <testcase name="likelySubtagsDataDriven(es-PH;es-Latn-PH;es-PH;es-PH) [312]" classname="com.ibm.icu.dev.test.util.ULocaleTest" time="0.0"/>
  <testcase name="likelySubtagsDataDriven(es-PR;es-Latn-PR;es-PR;es-PR) [313]" classname="com.ibm.icu.dev.test.util.ULocaleTest" time="0.0"/>
  <testcase name="likelySubtagsDataDriven(es-PY;es-Latn-PY;es-PY;es-PY) [314]" classname="com.ibm.icu.dev.test.util.ULocaleTest" time="0.0"/>
  <testcase name="likelySubtagsDataDriven(es-SV;es-Latn-SV;es-SV;es-SV) [315]" classname="com.ibm.icu.dev.test.util.ULocaleTest" time="0.0"/>
  <testcase name="likelySubtagsDataDriven(es-US;es-Latn-US;es-US;es-US) [316]" classname="com.ibm.icu.dev.test.util.ULocaleTest" time="0.0"/>
  <testcase name="likelySubtagsDataDriven(es-UY;es-Latn-UY;es-UY;es-UY) [317]" classname="com.ibm.icu.dev.test.util.ULocaleTest" time="0.0"/>
  <testcase name="likelySubtagsDataDriven(es-VE;es-Latn-VE;es-VE;es-VE) [318]" classname="com.ibm.icu.dev.test.util.ULocaleTest" time="0.0"/>
  <testcase name="likelySubtagsDataDriven(et;et-Latn-EE;et;et) [319]" classname="com.ibm.icu.dev.test.util.ULocaleTest" time="0.0"/>
  <testcase name="likelySubtagsDataDriven(et-AQ;et-Latn-AQ;et-AQ;et-AQ) [320]" classname="com.ibm.icu.dev.test.util.ULocaleTest" time="0.0"/>
  <testcase name="likelySubtagsDataDriven(et-EE;et-Latn-EE;et;et) [321]" classname="com.ibm.icu.dev.test.util.ULocaleTest" time="0.0"/>
  <testcase name="likelySubtagsDataDriven(et-Egyp;et-Egyp-EE;et-Egyp;et-Egyp) [322]" classname="com.ibm.icu.dev.test.util.ULocaleTest" time="0.0"/>
  <testcase name="likelySubtagsDataDriven(et-Latn;et-Latn-EE;et;et) [323]" classname="com.ibm.icu.dev.test.util.ULocaleTest" time="0.0"/>
  <testcase name="likelySubtagsDataDriven(eu;eu-Latn-ES;eu;eu) [324]" classname="com.ibm.icu.dev.test.util.ULocaleTest" time="0.0"/>
  <testcase name="likelySubtagsDataDriven(eu-AQ;eu-Latn-AQ;eu-AQ;eu-AQ) [325]" classname="com.ibm.icu.dev.test.util.ULocaleTest" time="0.0"/>
  <testcase name="likelySubtagsDataDriven(eu-ES;eu-Latn-ES;eu;eu) [326]" classname="com.ibm.icu.dev.test.util.ULocaleTest" time="0.0"/>
  <testcase name="likelySubtagsDataDriven(eu-Egyp;eu-Egyp-ES;eu-Egyp;eu-Egyp) [327]" classname="com.ibm.icu.dev.test.util.ULocaleTest" time="0.0"/>
  <testcase name="likelySubtagsDataDriven(eu-Latn;eu-Latn-ES;eu;eu) [328]" classname="com.ibm.icu.dev.test.util.ULocaleTest" time="0.0"/>
  <testcase name="likelySubtagsDataDriven(fa;fa-Arab-IR;fa;fa) [329]" classname="com.ibm.icu.dev.test.util.ULocaleTest" time="0.0"/>
  <testcase name="likelySubtagsDataDriven(fa-AF;fa-Arab-AF;fa-AF;fa-AF) [330]" classname="com.ibm.icu.dev.test.util.ULocaleTest" time="0.0"/>
  <testcase name="likelySubtagsDataDriven(fa-AQ;fa-Arab-AQ;fa-AQ;fa-AQ) [331]" classname="com.ibm.icu.dev.test.util.ULocaleTest" time="0.0"/>
  <testcase name="likelySubtagsDataDriven(fa-Arab;fa-Arab-IR;fa;fa) [332]" classname="com.ibm.icu.dev.test.util.ULocaleTest" time="0.0"/>
  <testcase name="likelySubtagsDataDriven(fa-Egyp;fa-Egyp-IR;fa-Egyp;fa-Egyp) [333]" classname="com.ibm.icu.dev.test.util.ULocaleTest" time="0.0"/>
  <testcase name="likelySubtagsDataDriven(fa-IR;fa-Arab-IR;fa;fa) [334]" classname="com.ibm.icu.dev.test.util.ULocaleTest" time="0.0"/>
  <testcase name="likelySubtagsDataDriven(ff;ff-Latn-SN;ff;ff) [335]" classname="com.ibm.icu.dev.test.util.ULocaleTest" time="0.0"/>
  <testcase name="likelySubtagsDataDriven(ff-AQ;ff-Latn-AQ;ff-AQ;ff-AQ) [336]" classname="com.ibm.icu.dev.test.util.ULocaleTest" time="0.0"/>
  <testcase name="likelySubtagsDataDriven(ff-Adlm;ff-Adlm-GN;ff-Adlm;ff-Adlm) [337]" classname="com.ibm.icu.dev.test.util.ULocaleTest" time="0.0"/>
  <testcase name="likelySubtagsDataDriven(ff-BF;ff-Latn-BF;ff-BF;ff-BF) [338]" classname="com.ibm.icu.dev.test.util.ULocaleTest" time="0.0"/>
  <testcase name="likelySubtagsDataDriven(ff-CM;ff-Latn-CM;ff-CM;ff-CM) [339]" classname="com.ibm.icu.dev.test.util.ULocaleTest" time="0.0"/>
  <testcase name="likelySubtagsDataDriven(ff-Egyp;ff-Egyp-SN;ff-Egyp;ff-Egyp) [340]" classname="com.ibm.icu.dev.test.util.ULocaleTest" time="0.0"/>
  <testcase name="likelySubtagsDataDriven(ff-GH;ff-Latn-GH;ff-GH;ff-GH) [341]" classname="com.ibm.icu.dev.test.util.ULocaleTest" time="0.0"/>
  <testcase name="likelySubtagsDataDriven(ff-GM;ff-Latn-GM;ff-GM;ff-GM) [342]" classname="com.ibm.icu.dev.test.util.ULocaleTest" time="0.0"/>
  <testcase name="likelySubtagsDataDriven(ff-GN;ff-Latn-GN;ff-GN;ff-GN) [343]" classname="com.ibm.icu.dev.test.util.ULocaleTest" time="0.0"/>
  <testcase name="likelySubtagsDataDriven(ff-GW;ff-Latn-GW;ff-GW;ff-GW) [344]" classname="com.ibm.icu.dev.test.util.ULocaleTest" time="0.001"/>
  <testcase name="likelySubtagsDataDriven(ff-LR;ff-Latn-LR;ff-LR;ff-LR) [345]" classname="com.ibm.icu.dev.test.util.ULocaleTest" time="0.0"/>
  <testcase name="likelySubtagsDataDriven(ff-MR;ff-Latn-MR;ff-MR;ff-MR) [346]" classname="com.ibm.icu.dev.test.util.ULocaleTest" time="0.0"/>
  <testcase name="likelySubtagsDataDriven(ff-NE;ff-Latn-NE;ff-NE;ff-NE) [347]" classname="com.ibm.icu.dev.test.util.ULocaleTest" time="0.0"/>
  <testcase name="likelySubtagsDataDriven(ff-NG;ff-Latn-NG;ff-NG;ff-NG) [348]" classname="com.ibm.icu.dev.test.util.ULocaleTest" time="0.0"/>
  <testcase name="likelySubtagsDataDriven(ff-SL;ff-Latn-SL;ff-SL;ff-SL) [349]" classname="com.ibm.icu.dev.test.util.ULocaleTest" time="0.0"/>
  <testcase name="likelySubtagsDataDriven(ff-SN;ff-Latn-SN;ff;ff) [350]" classname="com.ibm.icu.dev.test.util.ULocaleTest" time="0.0"/>
  <testcase name="likelySubtagsDataDriven(fi;fi-Latn-FI;fi;fi) [351]" classname="com.ibm.icu.dev.test.util.ULocaleTest" time="0.0"/>
  <testcase name="likelySubtagsDataDriven(fi-AQ;fi-Latn-AQ;fi-AQ;fi-AQ) [352]" classname="com.ibm.icu.dev.test.util.ULocaleTest" time="0.0"/>
  <testcase name="likelySubtagsDataDriven(fi-Egyp;fi-Egyp-FI;fi-Egyp;fi-Egyp) [353]" classname="com.ibm.icu.dev.test.util.ULocaleTest" time="0.0"/>
  <testcase name="likelySubtagsDataDriven(fi-FI;fi-Latn-FI;fi;fi) [354]" classname="com.ibm.icu.dev.test.util.ULocaleTest" time="0.0"/>
  <testcase name="likelySubtagsDataDriven(fi-Latn;fi-Latn-FI;fi;fi) [355]" classname="com.ibm.icu.dev.test.util.ULocaleTest" time="0.0"/>
  <testcase name="likelySubtagsDataDriven(fil;fil-Latn-PH;fil;fil) [356]" classname="com.ibm.icu.dev.test.util.ULocaleTest" time="0.0"/>
  <testcase name="likelySubtagsDataDriven(fil-AQ;fil-Latn-AQ;fil-AQ;fil-AQ) [357]" classname="com.ibm.icu.dev.test.util.ULocaleTest" time="0.0"/>
  <testcase name="likelySubtagsDataDriven(fil-Egyp;fil-Egyp-PH;fil-Egyp;fil-Egyp) [358]" classname="com.ibm.icu.dev.test.util.ULocaleTest" time="0.0"/>
  <testcase name="likelySubtagsDataDriven(fil-Latn;fil-Latn-PH;fil;fil) [359]" classname="com.ibm.icu.dev.test.util.ULocaleTest" time="0.0"/>
  <testcase name="likelySubtagsDataDriven(fil-PH;fil-Latn-PH;fil;fil) [360]" classname="com.ibm.icu.dev.test.util.ULocaleTest" time="0.0"/>
  <testcase name="likelySubtagsDataDriven(fo;fo-Latn-FO;fo;fo) [361]" classname="com.ibm.icu.dev.test.util.ULocaleTest" time="0.0"/>
  <testcase name="likelySubtagsDataDriven(fo-AQ;fo-Latn-AQ;fo-AQ;fo-AQ) [362]" classname="com.ibm.icu.dev.test.util.ULocaleTest" time="0.0"/>
  <testcase name="likelySubtagsDataDriven(fo-DK;fo-Latn-DK;fo-DK;fo-DK) [363]" classname="com.ibm.icu.dev.test.util.ULocaleTest" time="0.0"/>
  <testcase name="likelySubtagsDataDriven(fo-Egyp;fo-Egyp-FO;fo-Egyp;fo-Egyp) [364]" classname="com.ibm.icu.dev.test.util.ULocaleTest" time="0.0"/>
  <testcase name="likelySubtagsDataDriven(fo-FO;fo-Latn-FO;fo;fo) [365]" classname="com.ibm.icu.dev.test.util.ULocaleTest" time="0.0"/>
  <testcase name="likelySubtagsDataDriven(fo-Latn;fo-Latn-FO;fo;fo) [366]" classname="com.ibm.icu.dev.test.util.ULocaleTest" time="0.0"/>
  <testcase name="likelySubtagsDataDriven(fr;fr-Latn-FR;fr;fr) [367]" classname="com.ibm.icu.dev.test.util.ULocaleTest" time="0.0"/>
  <testcase name="likelySubtagsDataDriven(fr-AQ;fr-Latn-AQ;fr-AQ;fr-AQ) [368]" classname="com.ibm.icu.dev.test.util.ULocaleTest" time="0.0"/>
  <testcase name="likelySubtagsDataDriven(fr-BE;fr-Latn-BE;fr-BE;fr-BE) [369]" classname="com.ibm.icu.dev.test.util.ULocaleTest" time="0.0"/>
  <testcase name="likelySubtagsDataDriven(fr-BF;fr-Latn-BF;fr-BF;fr-BF) [370]" classname="com.ibm.icu.dev.test.util.ULocaleTest" time="0.0"/>
  <testcase name="likelySubtagsDataDriven(fr-BI;fr-Latn-BI;fr-BI;fr-BI) [371]" classname="com.ibm.icu.dev.test.util.ULocaleTest" time="0.001"/>
  <testcase name="likelySubtagsDataDriven(fr-BJ;fr-Latn-BJ;fr-BJ;fr-BJ) [372]" classname="com.ibm.icu.dev.test.util.ULocaleTest" time="0.0"/>
  <testcase name="likelySubtagsDataDriven(fr-BL;fr-Latn-BL;fr-BL;fr-BL) [373]" classname="com.ibm.icu.dev.test.util.ULocaleTest" time="0.0"/>
  <testcase name="likelySubtagsDataDriven(fr-CA;fr-Latn-CA;fr-CA;fr-CA) [374]" classname="com.ibm.icu.dev.test.util.ULocaleTest" time="0.0"/>
  <testcase name="likelySubtagsDataDriven(fr-CD;fr-Latn-CD;fr-CD;fr-CD) [375]" classname="com.ibm.icu.dev.test.util.ULocaleTest" time="0.0"/>
  <testcase name="likelySubtagsDataDriven(fr-CF;fr-Latn-CF;fr-CF;fr-CF) [376]" classname="com.ibm.icu.dev.test.util.ULocaleTest" time="0.0"/>
  <testcase name="likelySubtagsDataDriven(fr-CG;fr-Latn-CG;fr-CG;fr-CG) [377]" classname="com.ibm.icu.dev.test.util.ULocaleTest" time="0.0"/>
  <testcase name="likelySubtagsDataDriven(fr-CH;fr-Latn-CH;fr-CH;fr-CH) [378]" classname="com.ibm.icu.dev.test.util.ULocaleTest" time="0.0"/>
  <testcase name="likelySubtagsDataDriven(fr-CI;fr-Latn-CI;fr-CI;fr-CI) [379]" classname="com.ibm.icu.dev.test.util.ULocaleTest" time="0.0"/>
  <testcase name="likelySubtagsDataDriven(fr-CM;fr-Latn-CM;fr-CM;fr-CM) [380]" classname="com.ibm.icu.dev.test.util.ULocaleTest" time="0.0"/>
  <testcase name="likelySubtagsDataDriven(fr-DJ;fr-Latn-DJ;fr-DJ;fr-DJ) [381]" classname="com.ibm.icu.dev.test.util.ULocaleTest" time="0.0"/>
  <testcase name="likelySubtagsDataDriven(fr-DZ;fr-Latn-DZ;fr-DZ;fr-DZ) [382]" classname="com.ibm.icu.dev.test.util.ULocaleTest" time="0.0"/>
  <testcase name="likelySubtagsDataDriven(fr-Egyp;fr-Egyp-FR;fr-Egyp;fr-Egyp) [383]" classname="com.ibm.icu.dev.test.util.ULocaleTest" time="0.0"/>
  <testcase name="likelySubtagsDataDriven(fr-FR;fr-Latn-FR;fr;fr) [384]" classname="com.ibm.icu.dev.test.util.ULocaleTest" time="0.0"/>
  <testcase name="likelySubtagsDataDriven(fr-GA;fr-Latn-GA;fr-GA;fr-GA) [385]" classname="com.ibm.icu.dev.test.util.ULocaleTest" time="0.0"/>
  <testcase name="likelySubtagsDataDriven(fr-GF;fr-Latn-GF;fr-GF;fr-GF) [386]" classname="com.ibm.icu.dev.test.util.ULocaleTest" time="0.0"/>
  <testcase name="likelySubtagsDataDriven(fr-GN;fr-Latn-GN;fr-GN;fr-GN) [387]" classname="com.ibm.icu.dev.test.util.ULocaleTest" time="0.0"/>
  <testcase name="likelySubtagsDataDriven(fr-GP;fr-Latn-GP;fr-GP;fr-GP) [388]" classname="com.ibm.icu.dev.test.util.ULocaleTest" time="0.0"/>
  <testcase name="likelySubtagsDataDriven(fr-GQ;fr-Latn-GQ;fr-GQ;fr-GQ) [389]" classname="com.ibm.icu.dev.test.util.ULocaleTest" time="0.0"/>
  <testcase name="likelySubtagsDataDriven(fr-HT;fr-Latn-HT;fr-HT;fr-HT) [390]" classname="com.ibm.icu.dev.test.util.ULocaleTest" time="0.0"/>
  <testcase name="likelySubtagsDataDriven(fr-KM;fr-Latn-KM;fr-KM;fr-KM) [391]" classname="com.ibm.icu.dev.test.util.ULocaleTest" time="0.0"/>
  <testcase name="likelySubtagsDataDriven(fr-LU;fr-Latn-LU;fr-LU;fr-LU) [392]" classname="com.ibm.icu.dev.test.util.ULocaleTest" time="0.0"/>
  <testcase name="likelySubtagsDataDriven(fr-Latn;fr-Latn-FR;fr;fr) [393]" classname="com.ibm.icu.dev.test.util.ULocaleTest" time="0.0"/>
  <testcase name="likelySubtagsDataDriven(fr-MA;fr-Latn-MA;fr-MA;fr-MA) [394]" classname="com.ibm.icu.dev.test.util.ULocaleTest" time="0.0"/>
  <testcase name="likelySubtagsDataDriven(fr-MC;fr-Latn-MC;fr-MC;fr-MC) [395]" classname="com.ibm.icu.dev.test.util.ULocaleTest" time="0.0"/>
  <testcase name="likelySubtagsDataDriven(fr-MF;fr-Latn-MF;fr-MF;fr-MF) [396]" classname="com.ibm.icu.dev.test.util.ULocaleTest" time="0.0"/>
  <testcase name="likelySubtagsDataDriven(fr-MG;fr-Latn-MG;fr-MG;fr-MG) [397]" classname="com.ibm.icu.dev.test.util.ULocaleTest" time="0.0"/>
  <testcase name="likelySubtagsDataDriven(fr-ML;fr-Latn-ML;fr-ML;fr-ML) [398]" classname="com.ibm.icu.dev.test.util.ULocaleTest" time="0.0"/>
  <testcase name="likelySubtagsDataDriven(fr-MQ;fr-Latn-MQ;fr-MQ;fr-MQ) [399]" classname="com.ibm.icu.dev.test.util.ULocaleTest" time="0.0"/>
  <testcase name="likelySubtagsDataDriven(fr-MR;fr-Latn-MR;fr-MR;fr-MR) [400]" classname="com.ibm.icu.dev.test.util.ULocaleTest" time="0.0"/>
  <testcase name="likelySubtagsDataDriven(fr-MU;fr-Latn-MU;fr-MU;fr-MU) [401]" classname="com.ibm.icu.dev.test.util.ULocaleTest" time="0.0"/>
  <testcase name="likelySubtagsDataDriven(fr-NC;fr-Latn-NC;fr-NC;fr-NC) [402]" classname="com.ibm.icu.dev.test.util.ULocaleTest" time="0.0"/>
  <testcase name="likelySubtagsDataDriven(fr-NE;fr-Latn-NE;fr-NE;fr-NE) [403]" classname="com.ibm.icu.dev.test.util.ULocaleTest" time="0.001"/>
  <testcase name="likelySubtagsDataDriven(fr-PF;fr-Latn-PF;fr-PF;fr-PF) [404]" classname="com.ibm.icu.dev.test.util.ULocaleTest" time="0.0"/>
  <testcase name="likelySubtagsDataDriven(fr-PM;fr-Latn-PM;fr-PM;fr-PM) [405]" classname="com.ibm.icu.dev.test.util.ULocaleTest" time="0.0"/>
  <testcase name="likelySubtagsDataDriven(fr-RE;fr-Latn-RE;fr-RE;fr-RE) [406]" classname="com.ibm.icu.dev.test.util.ULocaleTest" time="0.0"/>
  <testcase name="likelySubtagsDataDriven(fr-RW;fr-Latn-RW;fr-RW;fr-RW) [407]" classname="com.ibm.icu.dev.test.util.ULocaleTest" time="0.0"/>
  <testcase name="likelySubtagsDataDriven(fr-SC;fr-Latn-SC;fr-SC;fr-SC) [408]" classname="com.ibm.icu.dev.test.util.ULocaleTest" time="0.0"/>
  <testcase name="likelySubtagsDataDriven(fr-SN;fr-Latn-SN;fr-SN;fr-SN) [409]" classname="com.ibm.icu.dev.test.util.ULocaleTest" time="0.0"/>
  <testcase name="likelySubtagsDataDriven(fr-SY;fr-Latn-SY;fr-SY;fr-SY) [410]" classname="com.ibm.icu.dev.test.util.ULocaleTest" time="0.0"/>
  <testcase name="likelySubtagsDataDriven(fr-TD;fr-Latn-TD;fr-TD;fr-TD) [411]" classname="com.ibm.icu.dev.test.util.ULocaleTest" time="0.0"/>
  <testcase name="likelySubtagsDataDriven(fr-TG;fr-Latn-TG;fr-TG;fr-TG) [412]" classname="com.ibm.icu.dev.test.util.ULocaleTest" time="0.0"/>
  <testcase name="likelySubtagsDataDriven(fr-TN;fr-Latn-TN;fr-TN;fr-TN) [413]" classname="com.ibm.icu.dev.test.util.ULocaleTest" time="0.0"/>
  <testcase name="likelySubtagsDataDriven(fr-VU;fr-Latn-VU;fr-VU;fr-VU) [414]" classname="com.ibm.icu.dev.test.util.ULocaleTest" time="0.0"/>
  <testcase name="likelySubtagsDataDriven(fr-WF;fr-Latn-WF;fr-WF;fr-WF) [415]" classname="com.ibm.icu.dev.test.util.ULocaleTest" time="0.0"/>
  <testcase name="likelySubtagsDataDriven(fr-YT;fr-Latn-YT;fr-YT;fr-YT) [416]" classname="com.ibm.icu.dev.test.util.ULocaleTest" time="0.0"/>
  <testcase name="likelySubtagsDataDriven(fy;fy-Latn-NL;fy;fy) [417]" classname="com.ibm.icu.dev.test.util.ULocaleTest" time="0.0"/>
  <testcase name="likelySubtagsDataDriven(fy-AQ;fy-Latn-AQ;fy-AQ;fy-AQ) [418]" classname="com.ibm.icu.dev.test.util.ULocaleTest" time="0.0"/>
  <testcase name="likelySubtagsDataDriven(fy-Egyp;fy-Egyp-NL;fy-Egyp;fy-Egyp) [419]" classname="com.ibm.icu.dev.test.util.ULocaleTest" time="0.0"/>
  <testcase name="likelySubtagsDataDriven(fy-Latn;fy-Latn-NL;fy;fy) [420]" classname="com.ibm.icu.dev.test.util.ULocaleTest" time="0.0"/>
  <testcase name="likelySubtagsDataDriven(fy-NL;fy-Latn-NL;fy;fy) [421]" classname="com.ibm.icu.dev.test.util.ULocaleTest" time="0.0"/>
  <testcase name="likelySubtagsDataDriven(ga;ga-Latn-IE;ga;ga) [422]" classname="com.ibm.icu.dev.test.util.ULocaleTest" time="0.0"/>
  <testcase name="likelySubtagsDataDriven(ga-AQ;ga-Latn-AQ;ga-AQ;ga-AQ) [423]" classname="com.ibm.icu.dev.test.util.ULocaleTest" time="0.0"/>
  <testcase name="likelySubtagsDataDriven(ga-Egyp;ga-Egyp-IE;ga-Egyp;ga-Egyp) [424]" classname="com.ibm.icu.dev.test.util.ULocaleTest" time="0.0"/>
  <testcase name="likelySubtagsDataDriven(ga-GB;ga-Latn-GB;ga-GB;ga-GB) [425]" classname="com.ibm.icu.dev.test.util.ULocaleTest" time="0.0"/>
  <testcase name="likelySubtagsDataDriven(ga-IE;ga-Latn-IE;ga;ga) [426]" classname="com.ibm.icu.dev.test.util.ULocaleTest" time="0.0"/>
  <testcase name="likelySubtagsDataDriven(ga-Latn;ga-Latn-IE;ga;ga) [427]" classname="com.ibm.icu.dev.test.util.ULocaleTest" time="0.0"/>
  <testcase name="likelySubtagsDataDriven(gd;gd-Latn-GB;gd;gd) [428]" classname="com.ibm.icu.dev.test.util.ULocaleTest" time="0.0"/>
  <testcase name="likelySubtagsDataDriven(gd-AQ;gd-Latn-AQ;gd-AQ;gd-AQ) [429]" classname="com.ibm.icu.dev.test.util.ULocaleTest" time="0.0"/>
  <testcase name="likelySubtagsDataDriven(gd-Egyp;gd-Egyp-GB;gd-Egyp;gd-Egyp) [430]" classname="com.ibm.icu.dev.test.util.ULocaleTest" time="0.0"/>
  <testcase name="likelySubtagsDataDriven(gd-GB;gd-Latn-GB;gd;gd) [431]" classname="com.ibm.icu.dev.test.util.ULocaleTest" time="0.0"/>
  <testcase name="likelySubtagsDataDriven(gd-Latn;gd-Latn-GB;gd;gd) [432]" classname="com.ibm.icu.dev.test.util.ULocaleTest" time="0.0"/>
  <testcase name="likelySubtagsDataDriven(gl;gl-Latn-ES;gl;gl) [433]" classname="com.ibm.icu.dev.test.util.ULocaleTest" time="0.0"/>
  <testcase name="likelySubtagsDataDriven(gl-AQ;gl-Latn-AQ;gl-AQ;gl-AQ) [434]" classname="com.ibm.icu.dev.test.util.ULocaleTest" time="0.0"/>
  <testcase name="likelySubtagsDataDriven(gl-ES;gl-Latn-ES;gl;gl) [435]" classname="com.ibm.icu.dev.test.util.ULocaleTest" time="0.001"/>
  <testcase name="likelySubtagsDataDriven(gl-Egyp;gl-Egyp-ES;gl-Egyp;gl-Egyp) [436]" classname="com.ibm.icu.dev.test.util.ULocaleTest" time="0.0"/>
  <testcase name="likelySubtagsDataDriven(gl-Latn;gl-Latn-ES;gl;gl) [437]" classname="com.ibm.icu.dev.test.util.ULocaleTest" time="0.0"/>
  <testcase name="likelySubtagsDataDriven(gu;gu-Gujr-IN;gu;gu) [438]" classname="com.ibm.icu.dev.test.util.ULocaleTest" time="0.0"/>
  <testcase name="likelySubtagsDataDriven(gu-AQ;gu-Gujr-AQ;gu-AQ;gu-AQ) [439]" classname="com.ibm.icu.dev.test.util.ULocaleTest" time="0.0"/>
  <testcase name="likelySubtagsDataDriven(gu-Egyp;gu-Egyp-IN;gu-Egyp;gu-Egyp) [440]" classname="com.ibm.icu.dev.test.util.ULocaleTest" time="0.0"/>
  <testcase name="likelySubtagsDataDriven(gu-Gujr;gu-Gujr-IN;gu;gu) [441]" classname="com.ibm.icu.dev.test.util.ULocaleTest" time="0.0"/>
  <testcase name="likelySubtagsDataDriven(gu-IN;gu-Gujr-IN;gu;gu) [442]" classname="com.ibm.icu.dev.test.util.ULocaleTest" time="0.0"/>
  <testcase name="likelySubtagsDataDriven(ha;ha-Latn-NG;ha;ha) [443]" classname="com.ibm.icu.dev.test.util.ULocaleTest" time="0.0"/>
  <testcase name="likelySubtagsDataDriven(ha-AQ;ha-Latn-AQ;ha-AQ;ha-AQ) [444]" classname="com.ibm.icu.dev.test.util.ULocaleTest" time="0.0"/>
  <testcase name="likelySubtagsDataDriven(ha-Egyp;ha-Egyp-NG;ha-Egyp;ha-Egyp) [445]" classname="com.ibm.icu.dev.test.util.ULocaleTest" time="0.0"/>
  <testcase name="likelySubtagsDataDriven(ha-GH;ha-Latn-GH;ha-GH;ha-GH) [446]" classname="com.ibm.icu.dev.test.util.ULocaleTest" time="0.0"/>
  <testcase name="likelySubtagsDataDriven(ha-Latn;ha-Latn-NG;ha;ha) [447]" classname="com.ibm.icu.dev.test.util.ULocaleTest" time="0.0"/>
  <testcase name="likelySubtagsDataDriven(ha-NE;ha-Latn-NE;ha-NE;ha-NE) [448]" classname="com.ibm.icu.dev.test.util.ULocaleTest" time="0.0"/>
  <testcase name="likelySubtagsDataDriven(ha-NG;ha-Latn-NG;ha;ha) [449]" classname="com.ibm.icu.dev.test.util.ULocaleTest" time="0.0"/>
  <testcase name="likelySubtagsDataDriven(he;he-Hebr-IL;he;he) [450]" classname="com.ibm.icu.dev.test.util.ULocaleTest" time="0.0"/>
  <testcase name="likelySubtagsDataDriven(he-AQ;he-Hebr-AQ;he-AQ;he-AQ) [451]" classname="com.ibm.icu.dev.test.util.ULocaleTest" time="0.0"/>
  <testcase name="likelySubtagsDataDriven(he-Egyp;he-Egyp-IL;he-Egyp;he-Egyp) [452]" classname="com.ibm.icu.dev.test.util.ULocaleTest" time="0.0"/>
  <testcase name="likelySubtagsDataDriven(he-Hebr;he-Hebr-IL;he;he) [453]" classname="com.ibm.icu.dev.test.util.ULocaleTest" time="0.0"/>
  <testcase name="likelySubtagsDataDriven(he-IL;he-Hebr-IL;he;he) [454]" classname="com.ibm.icu.dev.test.util.ULocaleTest" time="0.0"/>
  <testcase name="likelySubtagsDataDriven(hi;hi-Deva-IN;hi;hi) [455]" classname="com.ibm.icu.dev.test.util.ULocaleTest" time="0.001"/>
  <testcase name="likelySubtagsDataDriven(hi-AQ;hi-Deva-AQ;hi-AQ;hi-AQ) [456]" classname="com.ibm.icu.dev.test.util.ULocaleTest" time="0.0"/>
  <testcase name="likelySubtagsDataDriven(hi-Deva;hi-Deva-IN;hi;hi) [457]" classname="com.ibm.icu.dev.test.util.ULocaleTest" time="0.0"/>
  <testcase name="likelySubtagsDataDriven(hi-Egyp;hi-Egyp-IN;hi-Egyp;hi-Egyp) [458]" classname="com.ibm.icu.dev.test.util.ULocaleTest" time="0.0"/>
  <testcase name="likelySubtagsDataDriven(hi-IN;hi-Deva-IN;hi;hi) [459]" classname="com.ibm.icu.dev.test.util.ULocaleTest" time="0.0"/>
  <testcase name="likelySubtagsDataDriven(hi-Latn;hi-Latn-IN;hi-Latn;hi-Latn) [460]" classname="com.ibm.icu.dev.test.util.ULocaleTest" time="0.0"/>
  <testcase name="likelySubtagsDataDriven(hr;hr-Latn-HR;hr;hr) [461]" classname="com.ibm.icu.dev.test.util.ULocaleTest" time="0.0"/>
  <testcase name="likelySubtagsDataDriven(hr-AQ;hr-Latn-AQ;hr-AQ;hr-AQ) [462]" classname="com.ibm.icu.dev.test.util.ULocaleTest" time="0.0"/>
  <testcase name="likelySubtagsDataDriven(hr-BA;hr-Latn-BA;hr-BA;hr-BA) [463]" classname="com.ibm.icu.dev.test.util.ULocaleTest" time="0.0"/>
  <testcase name="likelySubtagsDataDriven(hr-Egyp;hr-Egyp-HR;hr-Egyp;hr-Egyp) [464]" classname="com.ibm.icu.dev.test.util.ULocaleTest" time="0.0"/>
  <testcase name="likelySubtagsDataDriven(hr-HR;hr-Latn-HR;hr;hr) [465]" classname="com.ibm.icu.dev.test.util.ULocaleTest" time="0.0"/>
  <testcase name="likelySubtagsDataDriven(hr-Latn;hr-Latn-HR;hr;hr) [466]" classname="com.ibm.icu.dev.test.util.ULocaleTest" time="0.0"/>
  <testcase name="likelySubtagsDataDriven(hsb;hsb-Latn-DE;hsb;hsb) [467]" classname="com.ibm.icu.dev.test.util.ULocaleTest" time="0.0"/>
  <testcase name="likelySubtagsDataDriven(hsb-AQ;hsb-Latn-AQ;hsb-AQ;hsb-AQ) [468]" classname="com.ibm.icu.dev.test.util.ULocaleTest" time="0.0"/>
  <testcase name="likelySubtagsDataDriven(hsb-DE;hsb-Latn-DE;hsb;hsb) [469]" classname="com.ibm.icu.dev.test.util.ULocaleTest" time="0.0"/>
  <testcase name="likelySubtagsDataDriven(hsb-Egyp;hsb-Egyp-DE;hsb-Egyp;hsb-Egyp) [470]" classname="com.ibm.icu.dev.test.util.ULocaleTest" time="0.0"/>
  <testcase name="likelySubtagsDataDriven(hsb-Latn;hsb-Latn-DE;hsb;hsb) [471]" classname="com.ibm.icu.dev.test.util.ULocaleTest" time="0.0"/>
  <testcase name="likelySubtagsDataDriven(hu;hu-Latn-HU;hu;hu) [472]" classname="com.ibm.icu.dev.test.util.ULocaleTest" time="0.0"/>
  <testcase name="likelySubtagsDataDriven(hu-AQ;hu-Latn-AQ;hu-AQ;hu-AQ) [473]" classname="com.ibm.icu.dev.test.util.ULocaleTest" time="0.0"/>
  <testcase name="likelySubtagsDataDriven(hu-Egyp;hu-Egyp-HU;hu-Egyp;hu-Egyp) [474]" classname="com.ibm.icu.dev.test.util.ULocaleTest" time="0.0"/>
  <testcase name="likelySubtagsDataDriven(hu-HU;hu-Latn-HU;hu;hu) [475]" classname="com.ibm.icu.dev.test.util.ULocaleTest" time="0.0"/>
  <testcase name="likelySubtagsDataDriven(hu-Latn;hu-Latn-HU;hu;hu) [476]" classname="com.ibm.icu.dev.test.util.ULocaleTest" time="0.0"/>
  <testcase name="likelySubtagsDataDriven(hy;hy-Armn-AM;hy;hy) [477]" classname="com.ibm.icu.dev.test.util.ULocaleTest" time="0.0"/>
  <testcase name="likelySubtagsDataDriven(hy-AM;hy-Armn-AM;hy;hy) [478]" classname="com.ibm.icu.dev.test.util.ULocaleTest" time="0.0"/>
  <testcase name="likelySubtagsDataDriven(hy-AQ;hy-Armn-AQ;hy-AQ;hy-AQ) [479]" classname="com.ibm.icu.dev.test.util.ULocaleTest" time="0.0"/>
  <testcase name="likelySubtagsDataDriven(hy-Armn;hy-Armn-AM;hy;hy) [480]" classname="com.ibm.icu.dev.test.util.ULocaleTest" time="0.0"/>
  <testcase name="likelySubtagsDataDriven(hy-Egyp;hy-Egyp-AM;hy-Egyp;hy-Egyp) [481]" classname="com.ibm.icu.dev.test.util.ULocaleTest" time="0.0"/>
  <testcase name="likelySubtagsDataDriven(id;id-Latn-ID;id;id) [482]" classname="com.ibm.icu.dev.test.util.ULocaleTest" time="0.0"/>
  <testcase name="likelySubtagsDataDriven(id-AQ;id-Latn-AQ;id-AQ;id-AQ) [483]" classname="com.ibm.icu.dev.test.util.ULocaleTest" time="0.0"/>
  <testcase name="likelySubtagsDataDriven(id-Egyp;id-Egyp-ID;id-Egyp;id-Egyp) [484]" classname="com.ibm.icu.dev.test.util.ULocaleTest" time="0.0"/>
  <testcase name="likelySubtagsDataDriven(id-ID;id-Latn-ID;id;id) [485]" classname="com.ibm.icu.dev.test.util.ULocaleTest" time="0.0"/>
  <testcase name="likelySubtagsDataDriven(id-Latn;id-Latn-ID;id;id) [486]" classname="com.ibm.icu.dev.test.util.ULocaleTest" time="0.0"/>
  <testcase name="likelySubtagsDataDriven(ie;ie-Latn-EE;ie;ie) [487]" classname="com.ibm.icu.dev.test.util.ULocaleTest" time="0.0"/>
  <testcase name="likelySubtagsDataDriven(ie-AQ;ie-Latn-AQ;ie-AQ;ie-AQ) [488]" classname="com.ibm.icu.dev.test.util.ULocaleTest" time="0.0"/>
  <testcase name="likelySubtagsDataDriven(ie-EE;ie-Latn-EE;ie;ie) [489]" classname="com.ibm.icu.dev.test.util.ULocaleTest" time="0.0"/>
  <testcase name="likelySubtagsDataDriven(ie-Egyp;ie-Egyp-EE;ie-Egyp;ie-Egyp) [490]" classname="com.ibm.icu.dev.test.util.ULocaleTest" time="0.0"/>
  <testcase name="likelySubtagsDataDriven(ie-Latn;ie-Latn-EE;ie;ie) [491]" classname="com.ibm.icu.dev.test.util.ULocaleTest" time="0.0"/>
  <testcase name="likelySubtagsDataDriven(ig;ig-Latn-NG;ig;ig) [492]" classname="com.ibm.icu.dev.test.util.ULocaleTest" time="0.0"/>
  <testcase name="likelySubtagsDataDriven(ig-AQ;ig-Latn-AQ;ig-AQ;ig-AQ) [493]" classname="com.ibm.icu.dev.test.util.ULocaleTest" time="0.0"/>
  <testcase name="likelySubtagsDataDriven(ig-Egyp;ig-Egyp-NG;ig-Egyp;ig-Egyp) [494]" classname="com.ibm.icu.dev.test.util.ULocaleTest" time="0.001"/>
  <testcase name="likelySubtagsDataDriven(ig-Latn;ig-Latn-NG;ig;ig) [495]" classname="com.ibm.icu.dev.test.util.ULocaleTest" time="0.0"/>
  <testcase name="likelySubtagsDataDriven(ig-NG;ig-Latn-NG;ig;ig) [496]" classname="com.ibm.icu.dev.test.util.ULocaleTest" time="0.0"/>
  <testcase name="likelySubtagsDataDriven(is;is-Latn-IS;is;is) [497]" classname="com.ibm.icu.dev.test.util.ULocaleTest" time="0.0"/>
  <testcase name="likelySubtagsDataDriven(is-AQ;is-Latn-AQ;is-AQ;is-AQ) [498]" classname="com.ibm.icu.dev.test.util.ULocaleTest" time="0.0"/>
  <testcase name="likelySubtagsDataDriven(is-Egyp;is-Egyp-IS;is-Egyp;is-Egyp) [499]" classname="com.ibm.icu.dev.test.util.ULocaleTest" time="0.0"/>
  <testcase name="likelySubtagsDataDriven(is-IS;is-Latn-IS;is;is) [500]" classname="com.ibm.icu.dev.test.util.ULocaleTest" time="0.0"/>
  <testcase name="likelySubtagsDataDriven(is-Latn;is-Latn-IS;is;is) [501]" classname="com.ibm.icu.dev.test.util.ULocaleTest" time="0.001"/>
  <testcase name="likelySubtagsDataDriven(it;it-Latn-IT;it;it) [502]" classname="com.ibm.icu.dev.test.util.ULocaleTest" time="0.001"/>
  <testcase name="likelySubtagsDataDriven(it-AQ;it-Latn-AQ;it-AQ;it-AQ) [503]" classname="com.ibm.icu.dev.test.util.ULocaleTest" time="0.0"/>
  <testcase name="likelySubtagsDataDriven(it-CH;it-Latn-CH;it-CH;it-CH) [504]" classname="com.ibm.icu.dev.test.util.ULocaleTest" time="0.0"/>
  <testcase name="likelySubtagsDataDriven(it-Egyp;it-Egyp-IT;it-Egyp;it-Egyp) [505]" classname="com.ibm.icu.dev.test.util.ULocaleTest" time="0.0"/>
  <testcase name="likelySubtagsDataDriven(it-IT;it-Latn-IT;it;it) [506]" classname="com.ibm.icu.dev.test.util.ULocaleTest" time="0.0"/>
  <testcase name="likelySubtagsDataDriven(it-Latn;it-Latn-IT;it;it) [507]" classname="com.ibm.icu.dev.test.util.ULocaleTest" time="0.0"/>
  <testcase name="likelySubtagsDataDriven(it-SM;it-Latn-SM;it-SM;it-SM) [508]" classname="com.ibm.icu.dev.test.util.ULocaleTest" time="0.0"/>
  <testcase name="likelySubtagsDataDriven(it-VA;it-Latn-VA;it-VA;it-VA) [509]" classname="com.ibm.icu.dev.test.util.ULocaleTest" time="0.0"/>
  <testcase name="likelySubtagsDataDriven(ja;ja-Jpan-JP;ja;ja) [510]" classname="com.ibm.icu.dev.test.util.ULocaleTest" time="0.0"/>
  <testcase name="likelySubtagsDataDriven(ja-AQ;ja-Jpan-AQ;ja-AQ;ja-AQ) [511]" classname="com.ibm.icu.dev.test.util.ULocaleTest" time="0.0"/>
  <testcase name="likelySubtagsDataDriven(ja-Egyp;ja-Egyp-JP;ja-Egyp;ja-Egyp) [512]" classname="com.ibm.icu.dev.test.util.ULocaleTest" time="0.001"/>
  <testcase name="likelySubtagsDataDriven(ja-JP;ja-Jpan-JP;ja;ja) [513]" classname="com.ibm.icu.dev.test.util.ULocaleTest" time="0.0"/>
  <testcase name="likelySubtagsDataDriven(ja-Jpan;ja-Jpan-JP;ja;ja) [514]" classname="com.ibm.icu.dev.test.util.ULocaleTest" time="0.0"/>
  <testcase name="likelySubtagsDataDriven(jv;jv-Latn-ID;jv;jv) [515]" classname="com.ibm.icu.dev.test.util.ULocaleTest" time="0.0"/>
  <testcase name="likelySubtagsDataDriven(jv-AQ;jv-Latn-AQ;jv-AQ;jv-AQ) [516]" classname="com.ibm.icu.dev.test.util.ULocaleTest" time="0.0"/>
  <testcase name="likelySubtagsDataDriven(jv-Egyp;jv-Egyp-ID;jv-Egyp;jv-Egyp) [517]" classname="com.ibm.icu.dev.test.util.ULocaleTest" time="0.0"/>
  <testcase name="likelySubtagsDataDriven(jv-ID;jv-Latn-ID;jv;jv) [518]" classname="com.ibm.icu.dev.test.util.ULocaleTest" time="0.0"/>
  <testcase name="likelySubtagsDataDriven(jv-Latn;jv-Latn-ID;jv;jv) [519]" classname="com.ibm.icu.dev.test.util.ULocaleTest" time="0.0"/>
  <testcase name="likelySubtagsDataDriven(ka;ka-Geor-GE;ka;ka) [520]" classname="com.ibm.icu.dev.test.util.ULocaleTest" time="0.0"/>
  <testcase name="likelySubtagsDataDriven(ka-AQ;ka-Geor-AQ;ka-AQ;ka-AQ) [521]" classname="com.ibm.icu.dev.test.util.ULocaleTest" time="0.0"/>
  <testcase name="likelySubtagsDataDriven(ka-Egyp;ka-Egyp-GE;ka-Egyp;ka-Egyp) [522]" classname="com.ibm.icu.dev.test.util.ULocaleTest" time="0.0"/>
  <testcase name="likelySubtagsDataDriven(ka-GE;ka-Geor-GE;ka;ka) [523]" classname="com.ibm.icu.dev.test.util.ULocaleTest" time="0.0"/>
  <testcase name="likelySubtagsDataDriven(ka-Geor;ka-Geor-GE;ka;ka) [524]" classname="com.ibm.icu.dev.test.util.ULocaleTest" time="0.0"/>
  <testcase name="likelySubtagsDataDriven(kea;kea-Latn-CV;kea;kea) [525]" classname="com.ibm.icu.dev.test.util.ULocaleTest" time="0.0"/>
  <testcase name="likelySubtagsDataDriven(kea-AQ;kea-Latn-AQ;kea-AQ;kea-AQ) [526]" classname="com.ibm.icu.dev.test.util.ULocaleTest" time="0.0"/>
  <testcase name="likelySubtagsDataDriven(kea-CV;kea-Latn-CV;kea;kea) [527]" classname="com.ibm.icu.dev.test.util.ULocaleTest" time="0.0"/>
  <testcase name="likelySubtagsDataDriven(kea-Egyp;kea-Egyp-CV;kea-Egyp;kea-Egyp) [528]" classname="com.ibm.icu.dev.test.util.ULocaleTest" time="0.0"/>
  <testcase name="likelySubtagsDataDriven(kea-Latn;kea-Latn-CV;kea;kea) [529]" classname="com.ibm.icu.dev.test.util.ULocaleTest" time="0.0"/>
  <testcase name="likelySubtagsDataDriven(kgp;kgp-Latn-BR;kgp;kgp) [530]" classname="com.ibm.icu.dev.test.util.ULocaleTest" time="0.0"/>
  <testcase name="likelySubtagsDataDriven(kgp-AQ;kgp-Latn-AQ;kgp-AQ;kgp-AQ) [531]" classname="com.ibm.icu.dev.test.util.ULocaleTest" time="0.0"/>
  <testcase name="likelySubtagsDataDriven(kgp-BR;kgp-Latn-BR;kgp;kgp) [532]" classname="com.ibm.icu.dev.test.util.ULocaleTest" time="0.0"/>
  <testcase name="likelySubtagsDataDriven(kgp-Egyp;kgp-Egyp-BR;kgp-Egyp;kgp-Egyp) [533]" classname="com.ibm.icu.dev.test.util.ULocaleTest" time="0.0"/>
  <testcase name="likelySubtagsDataDriven(kgp-Latn;kgp-Latn-BR;kgp;kgp) [534]" classname="com.ibm.icu.dev.test.util.ULocaleTest" time="0.0"/>
  <testcase name="likelySubtagsDataDriven(kk;kk-Cyrl-KZ;kk;kk) [535]" classname="com.ibm.icu.dev.test.util.ULocaleTest" time="0.0"/>
  <testcase name="likelySubtagsDataDriven(kk-AQ;kk-Cyrl-AQ;kk-AQ;kk-AQ) [536]" classname="com.ibm.icu.dev.test.util.ULocaleTest" time="0.0"/>
  <testcase name="likelySubtagsDataDriven(kk-Cyrl;kk-Cyrl-KZ;kk;kk) [537]" classname="com.ibm.icu.dev.test.util.ULocaleTest" time="0.0"/>
  <testcase name="likelySubtagsDataDriven(kk-Egyp;kk-Egyp-KZ;kk-Egyp;kk-Egyp) [538]" classname="com.ibm.icu.dev.test.util.ULocaleTest" time="0.0"/>
  <testcase name="likelySubtagsDataDriven(kk-KZ;kk-Cyrl-KZ;kk;kk) [539]" classname="com.ibm.icu.dev.test.util.ULocaleTest" time="0.0"/>
  <testcase name="likelySubtagsDataDriven(km;km-Khmr-KH;km;km) [540]" classname="com.ibm.icu.dev.test.util.ULocaleTest" time="0.0"/>
  <testcase name="likelySubtagsDataDriven(km-AQ;km-Khmr-AQ;km-AQ;km-AQ) [541]" classname="com.ibm.icu.dev.test.util.ULocaleTest" time="0.0"/>
  <testcase name="likelySubtagsDataDriven(km-Egyp;km-Egyp-KH;km-Egyp;km-Egyp) [542]" classname="com.ibm.icu.dev.test.util.ULocaleTest" time="0.0"/>
  <testcase name="likelySubtagsDataDriven(km-KH;km-Khmr-KH;km;km) [543]" classname="com.ibm.icu.dev.test.util.ULocaleTest" time="0.0"/>
  <testcase name="likelySubtagsDataDriven(km-Khmr;km-Khmr-KH;km;km) [544]" classname="com.ibm.icu.dev.test.util.ULocaleTest" time="0.0"/>
  <testcase name="likelySubtagsDataDriven(kn;kn-Knda-IN;kn;kn) [545]" classname="com.ibm.icu.dev.test.util.ULocaleTest" time="0.001"/>
  <testcase name="likelySubtagsDataDriven(kn-AQ;kn-Knda-AQ;kn-AQ;kn-AQ) [546]" classname="com.ibm.icu.dev.test.util.ULocaleTest" time="0.0"/>
  <testcase name="likelySubtagsDataDriven(kn-Egyp;kn-Egyp-IN;kn-Egyp;kn-Egyp) [547]" classname="com.ibm.icu.dev.test.util.ULocaleTest" time="0.0"/>
  <testcase name="likelySubtagsDataDriven(kn-IN;kn-Knda-IN;kn;kn) [548]" classname="com.ibm.icu.dev.test.util.ULocaleTest" time="0.0"/>
  <testcase name="likelySubtagsDataDriven(kn-Knda;kn-Knda-IN;kn;kn) [549]" classname="com.ibm.icu.dev.test.util.ULocaleTest" time="0.0"/>
  <testcase name="likelySubtagsDataDriven(ko;ko-Kore-KR;ko;ko) [550]" classname="com.ibm.icu.dev.test.util.ULocaleTest" time="0.0"/>
  <testcase name="likelySubtagsDataDriven(ko-AQ;ko-Kore-AQ;ko-AQ;ko-AQ) [551]" classname="com.ibm.icu.dev.test.util.ULocaleTest" time="0.0"/>
  <testcase name="likelySubtagsDataDriven(ko-CN;ko-Kore-CN;ko-CN;ko-CN) [552]" classname="com.ibm.icu.dev.test.util.ULocaleTest" time="0.0"/>
  <testcase name="likelySubtagsDataDriven(ko-Egyp;ko-Egyp-KR;ko-Egyp;ko-Egyp) [553]" classname="com.ibm.icu.dev.test.util.ULocaleTest" time="0.0"/>
  <testcase name="likelySubtagsDataDriven(ko-KP;ko-Kore-KP;ko-KP;ko-KP) [554]" classname="com.ibm.icu.dev.test.util.ULocaleTest" time="0.0"/>
  <testcase name="likelySubtagsDataDriven(ko-KR;ko-Kore-KR;ko;ko) [555]" classname="com.ibm.icu.dev.test.util.ULocaleTest" time="0.0"/>
  <testcase name="likelySubtagsDataDriven(ko-Kore;ko-Kore-KR;ko;ko) [556]" classname="com.ibm.icu.dev.test.util.ULocaleTest" time="0.0"/>
  <testcase name="likelySubtagsDataDriven(kok;kok-Deva-IN;kok;kok) [557]" classname="com.ibm.icu.dev.test.util.ULocaleTest" time="0.0"/>
  <testcase name="likelySubtagsDataDriven(kok-AQ;kok-Deva-AQ;kok-AQ;kok-AQ) [558]" classname="com.ibm.icu.dev.test.util.ULocaleTest" time="0.0"/>
  <testcase name="likelySubtagsDataDriven(kok-Deva;kok-Deva-IN;kok;kok) [559]" classname="com.ibm.icu.dev.test.util.ULocaleTest" time="0.0"/>
  <testcase name="likelySubtagsDataDriven(kok-Egyp;kok-Egyp-IN;kok-Egyp;kok-Egyp) [560]" classname="com.ibm.icu.dev.test.util.ULocaleTest" time="0.0"/>
  <testcase name="likelySubtagsDataDriven(kok-IN;kok-Deva-IN;kok;kok) [561]" classname="com.ibm.icu.dev.test.util.ULocaleTest" time="0.0"/>
  <testcase name="likelySubtagsDataDriven(ks;ks-Arab-IN;ks;ks) [562]" classname="com.ibm.icu.dev.test.util.ULocaleTest" time="0.0"/>
  <testcase name="likelySubtagsDataDriven(ks-AQ;ks-Arab-AQ;ks-AQ;ks-AQ) [563]" classname="com.ibm.icu.dev.test.util.ULocaleTest" time="0.0"/>
  <testcase name="likelySubtagsDataDriven(ks-Arab;ks-Arab-IN;ks;ks) [564]" classname="com.ibm.icu.dev.test.util.ULocaleTest" time="0.0"/>
  <testcase name="likelySubtagsDataDriven(ks-Deva;ks-Deva-IN;ks-Deva;ks-Deva) [565]" classname="com.ibm.icu.dev.test.util.ULocaleTest" time="0.0"/>
  <testcase name="likelySubtagsDataDriven(ks-Egyp;ks-Egyp-IN;ks-Egyp;ks-Egyp) [566]" classname="com.ibm.icu.dev.test.util.ULocaleTest" time="0.0"/>
  <testcase name="likelySubtagsDataDriven(ks-IN;ks-Arab-IN;ks;ks) [567]" classname="com.ibm.icu.dev.test.util.ULocaleTest" time="0.0"/>
  <testcase name="likelySubtagsDataDriven(ku;ku-Latn-TR;ku;ku) [568]" classname="com.ibm.icu.dev.test.util.ULocaleTest" time="0.0"/>
  <testcase name="likelySubtagsDataDriven(ku-AQ;ku-Latn-AQ;ku-AQ;ku-AQ) [569]" classname="com.ibm.icu.dev.test.util.ULocaleTest" time="0.0"/>
  <testcase name="likelySubtagsDataDriven(ku-Egyp;ku-Egyp-TR;ku-Egyp;ku-Egyp) [570]" classname="com.ibm.icu.dev.test.util.ULocaleTest" time="0.0"/>
  <testcase name="likelySubtagsDataDriven(ku-Latn;ku-Latn-TR;ku;ku) [571]" classname="com.ibm.icu.dev.test.util.ULocaleTest" time="0.0"/>
  <testcase name="likelySubtagsDataDriven(ku-TR;ku-Latn-TR;ku;ku) [572]" classname="com.ibm.icu.dev.test.util.ULocaleTest" time="0.0"/>
  <testcase name="likelySubtagsDataDriven(kxv;kxv-Latn-IN;kxv;kxv) [573]" classname="com.ibm.icu.dev.test.util.ULocaleTest" time="0.0"/>
  <testcase name="likelySubtagsDataDriven(kxv-AQ;kxv-Latn-AQ;kxv-AQ;kxv-AQ) [574]" classname="com.ibm.icu.dev.test.util.ULocaleTest" time="0.0"/>
  <testcase name="likelySubtagsDataDriven(kxv-Deva;kxv-Deva-IN;kxv-Deva;kxv-Deva) [575]" classname="com.ibm.icu.dev.test.util.ULocaleTest" time="0.0"/>
  <testcase name="likelySubtagsDataDriven(kxv-Egyp;kxv-Egyp-IN;kxv-Egyp;kxv-Egyp) [576]" classname="com.ibm.icu.dev.test.util.ULocaleTest" time="0.001"/>
  <testcase name="likelySubtagsDataDriven(kxv-IN;kxv-Latn-IN;kxv;kxv) [577]" classname="com.ibm.icu.dev.test.util.ULocaleTest" time="0.0"/>
  <testcase name="likelySubtagsDataDriven(kxv-Latn;kxv-Latn-IN;kxv;kxv) [578]" classname="com.ibm.icu.dev.test.util.ULocaleTest" time="0.0"/>
  <testcase name="likelySubtagsDataDriven(kxv-Orya;kxv-Orya-IN;kxv-Orya;kxv-Orya) [579]" classname="com.ibm.icu.dev.test.util.ULocaleTest" time="0.0"/>
  <testcase name="likelySubtagsDataDriven(kxv-Telu;kxv-Telu-IN;kxv-Telu;kxv-Telu) [580]" classname="com.ibm.icu.dev.test.util.ULocaleTest" time="0.0"/>
  <testcase name="likelySubtagsDataDriven(ky;ky-Cyrl-KG;ky;ky) [581]" classname="com.ibm.icu.dev.test.util.ULocaleTest" time="0.0"/>
  <testcase name="likelySubtagsDataDriven(ky-AQ;ky-Cyrl-AQ;ky-AQ;ky-AQ) [582]" classname="com.ibm.icu.dev.test.util.ULocaleTest" time="0.0"/>
  <testcase name="likelySubtagsDataDriven(ky-Cyrl;ky-Cyrl-KG;ky;ky) [583]" classname="com.ibm.icu.dev.test.util.ULocaleTest" time="0.0"/>
  <testcase name="likelySubtagsDataDriven(ky-Egyp;ky-Egyp-KG;ky-Egyp;ky-Egyp) [584]" classname="com.ibm.icu.dev.test.util.ULocaleTest" time="0.0"/>
  <testcase name="likelySubtagsDataDriven(ky-KG;ky-Cyrl-KG;ky;ky) [585]" classname="com.ibm.icu.dev.test.util.ULocaleTest" time="0.0"/>
  <testcase name="likelySubtagsDataDriven(lb;lb-Latn-LU;lb;lb) [586]" classname="com.ibm.icu.dev.test.util.ULocaleTest" time="0.0"/>
  <testcase name="likelySubtagsDataDriven(lb-AQ;lb-Latn-AQ;lb-AQ;lb-AQ) [587]" classname="com.ibm.icu.dev.test.util.ULocaleTest" time="0.0"/>
  <testcase name="likelySubtagsDataDriven(lb-Egyp;lb-Egyp-LU;lb-Egyp;lb-Egyp) [588]" classname="com.ibm.icu.dev.test.util.ULocaleTest" time="0.001"/>
  <testcase name="likelySubtagsDataDriven(lb-LU;lb-Latn-LU;lb;lb) [589]" classname="com.ibm.icu.dev.test.util.ULocaleTest" time="0.0"/>
  <testcase name="likelySubtagsDataDriven(lb-Latn;lb-Latn-LU;lb;lb) [590]" classname="com.ibm.icu.dev.test.util.ULocaleTest" time="0.0"/>
  <testcase name="likelySubtagsDataDriven(lij;lij-Latn-IT;lij;lij) [591]" classname="com.ibm.icu.dev.test.util.ULocaleTest" time="0.0"/>
  <testcase name="likelySubtagsDataDriven(lij-AQ;lij-Latn-AQ;lij-AQ;lij-AQ) [592]" classname="com.ibm.icu.dev.test.util.ULocaleTest" time="0.0"/>
  <testcase name="likelySubtagsDataDriven(lij-Egyp;lij-Egyp-IT;lij-Egyp;lij-Egyp) [593]" classname="com.ibm.icu.dev.test.util.ULocaleTest" time="0.0"/>
  <testcase name="likelySubtagsDataDriven(lij-IT;lij-Latn-IT;lij;lij) [594]" classname="com.ibm.icu.dev.test.util.ULocaleTest" time="0.0"/>
  <testcase name="likelySubtagsDataDriven(lij-Latn;lij-Latn-IT;lij;lij) [595]" classname="com.ibm.icu.dev.test.util.ULocaleTest" time="0.0"/>
  <testcase name="likelySubtagsDataDriven(lmo;lmo-Latn-IT;lmo;lmo) [596]" classname="com.ibm.icu.dev.test.util.ULocaleTest" time="0.0"/>
  <testcase name="likelySubtagsDataDriven(lmo-AQ;lmo-Latn-AQ;lmo-AQ;lmo-AQ) [597]" classname="com.ibm.icu.dev.test.util.ULocaleTest" time="0.0"/>
  <testcase name="likelySubtagsDataDriven(lmo-Egyp;lmo-Egyp-IT;lmo-Egyp;lmo-Egyp) [598]" classname="com.ibm.icu.dev.test.util.ULocaleTest" time="0.0"/>
  <testcase name="likelySubtagsDataDriven(lmo-IT;lmo-Latn-IT;lmo;lmo) [599]" classname="com.ibm.icu.dev.test.util.ULocaleTest" time="0.0"/>
  <testcase name="likelySubtagsDataDriven(lmo-Latn;lmo-Latn-IT;lmo;lmo) [600]" classname="com.ibm.icu.dev.test.util.ULocaleTest" time="0.0"/>
  <testcase name="likelySubtagsDataDriven(lo;lo-Laoo-LA;lo;lo) [601]" classname="com.ibm.icu.dev.test.util.ULocaleTest" time="0.0"/>
  <testcase name="likelySubtagsDataDriven(lo-AQ;lo-Laoo-AQ;lo-AQ;lo-AQ) [602]" classname="com.ibm.icu.dev.test.util.ULocaleTest" time="0.0"/>
  <testcase name="likelySubtagsDataDriven(lo-Egyp;lo-Egyp-LA;lo-Egyp;lo-Egyp) [603]" classname="com.ibm.icu.dev.test.util.ULocaleTest" time="0.0"/>
  <testcase name="likelySubtagsDataDriven(lo-LA;lo-Laoo-LA;lo;lo) [604]" classname="com.ibm.icu.dev.test.util.ULocaleTest" time="0.0"/>
  <testcase name="likelySubtagsDataDriven(lo-Laoo;lo-Laoo-LA;lo;lo) [605]" classname="com.ibm.icu.dev.test.util.ULocaleTest" time="0.0"/>
  <testcase name="likelySubtagsDataDriven(lt;lt-Latn-LT;lt;lt) [606]" classname="com.ibm.icu.dev.test.util.ULocaleTest" time="0.0"/>
  <testcase name="likelySubtagsDataDriven(lt-AQ;lt-Latn-AQ;lt-AQ;lt-AQ) [607]" classname="com.ibm.icu.dev.test.util.ULocaleTest" time="0.0"/>
  <testcase name="likelySubtagsDataDriven(lt-Egyp;lt-Egyp-LT;lt-Egyp;lt-Egyp) [608]" classname="com.ibm.icu.dev.test.util.ULocaleTest" time="0.0"/>
  <testcase name="likelySubtagsDataDriven(lt-LT;lt-Latn-LT;lt;lt) [609]" classname="com.ibm.icu.dev.test.util.ULocaleTest" time="0.0"/>
  <testcase name="likelySubtagsDataDriven(lt-Latn;lt-Latn-LT;lt;lt) [610]" classname="com.ibm.icu.dev.test.util.ULocaleTest" time="0.0"/>
  <testcase name="likelySubtagsDataDriven(lv;lv-Latn-LV;lv;lv) [611]" classname="com.ibm.icu.dev.test.util.ULocaleTest" time="0.0"/>
  <testcase name="likelySubtagsDataDriven(lv-AQ;lv-Latn-AQ;lv-AQ;lv-AQ) [612]" classname="com.ibm.icu.dev.test.util.ULocaleTest" time="0.0"/>
  <testcase name="likelySubtagsDataDriven(lv-Egyp;lv-Egyp-LV;lv-Egyp;lv-Egyp) [613]" classname="com.ibm.icu.dev.test.util.ULocaleTest" time="0.0"/>
  <testcase name="likelySubtagsDataDriven(lv-LV;lv-Latn-LV;lv;lv) [614]" classname="com.ibm.icu.dev.test.util.ULocaleTest" time="0.0"/>
  <testcase name="likelySubtagsDataDriven(lv-Latn;lv-Latn-LV;lv;lv) [615]" classname="com.ibm.icu.dev.test.util.ULocaleTest" time="0.0"/>
  <testcase name="likelySubtagsDataDriven(mai;mai-Deva-IN;mai;mai) [616]" classname="com.ibm.icu.dev.test.util.ULocaleTest" time="0.0"/>
  <testcase name="likelySubtagsDataDriven(mai-AQ;mai-Deva-AQ;mai-AQ;mai-AQ) [617]" classname="com.ibm.icu.dev.test.util.ULocaleTest" time="0.0"/>
  <testcase name="likelySubtagsDataDriven(mai-Deva;mai-Deva-IN;mai;mai) [618]" classname="com.ibm.icu.dev.test.util.ULocaleTest" time="0.0"/>
  <testcase name="likelySubtagsDataDriven(mai-Egyp;mai-Egyp-IN;mai-Egyp;mai-Egyp) [619]" classname="com.ibm.icu.dev.test.util.ULocaleTest" time="0.0"/>
  <testcase name="likelySubtagsDataDriven(mai-IN;mai-Deva-IN;mai;mai) [620]" classname="com.ibm.icu.dev.test.util.ULocaleTest" time="0.0"/>
  <testcase name="likelySubtagsDataDriven(mi;mi-Latn-NZ;mi;mi) [621]" classname="com.ibm.icu.dev.test.util.ULocaleTest" time="0.0"/>
  <testcase name="likelySubtagsDataDriven(mi-AQ;mi-Latn-AQ;mi-AQ;mi-AQ) [622]" classname="com.ibm.icu.dev.test.util.ULocaleTest" time="0.0"/>
  <testcase name="likelySubtagsDataDriven(mi-Egyp;mi-Egyp-NZ;mi-Egyp;mi-Egyp) [623]" classname="com.ibm.icu.dev.test.util.ULocaleTest" time="0.001"/>
  <testcase name="likelySubtagsDataDriven(mi-Latn;mi-Latn-NZ;mi;mi) [624]" classname="com.ibm.icu.dev.test.util.ULocaleTest" time="0.0"/>
  <testcase name="likelySubtagsDataDriven(mi-NZ;mi-Latn-NZ;mi;mi) [625]" classname="com.ibm.icu.dev.test.util.ULocaleTest" time="0.0"/>
  <testcase name="likelySubtagsDataDriven(mk;mk-Cyrl-MK;mk;mk) [626]" classname="com.ibm.icu.dev.test.util.ULocaleTest" time="0.0"/>
  <testcase name="likelySubtagsDataDriven(mk-AQ;mk-Cyrl-AQ;mk-AQ;mk-AQ) [627]" classname="com.ibm.icu.dev.test.util.ULocaleTest" time="0.0"/>
  <testcase name="likelySubtagsDataDriven(mk-Cyrl;mk-Cyrl-MK;mk;mk) [628]" classname="com.ibm.icu.dev.test.util.ULocaleTest" time="0.0"/>
  <testcase name="likelySubtagsDataDriven(mk-Egyp;mk-Egyp-MK;mk-Egyp;mk-Egyp) [629]" classname="com.ibm.icu.dev.test.util.ULocaleTest" time="0.0"/>
  <testcase name="likelySubtagsDataDriven(mk-MK;mk-Cyrl-MK;mk;mk) [630]" classname="com.ibm.icu.dev.test.util.ULocaleTest" time="0.0"/>
  <testcase name="likelySubtagsDataDriven(ml;ml-Mlym-IN;ml;ml) [631]" classname="com.ibm.icu.dev.test.util.ULocaleTest" time="0.0"/>
  <testcase name="likelySubtagsDataDriven(ml-AQ;ml-Mlym-AQ;ml-AQ;ml-AQ) [632]" classname="com.ibm.icu.dev.test.util.ULocaleTest" time="0.0"/>
  <testcase name="likelySubtagsDataDriven(ml-Egyp;ml-Egyp-IN;ml-Egyp;ml-Egyp) [633]" classname="com.ibm.icu.dev.test.util.ULocaleTest" time="0.0"/>
  <testcase name="likelySubtagsDataDriven(ml-IN;ml-Mlym-IN;ml;ml) [634]" classname="com.ibm.icu.dev.test.util.ULocaleTest" time="0.0"/>
  <testcase name="likelySubtagsDataDriven(ml-Mlym;ml-Mlym-IN;ml;ml) [635]" classname="com.ibm.icu.dev.test.util.ULocaleTest" time="0.001"/>
  <testcase name="likelySubtagsDataDriven(mn;mn-Cyrl-MN;mn;mn) [636]" classname="com.ibm.icu.dev.test.util.ULocaleTest" time="0.0"/>
  <testcase name="likelySubtagsDataDriven(mn-AQ;mn-Cyrl-AQ;mn-AQ;mn-AQ) [637]" classname="com.ibm.icu.dev.test.util.ULocaleTest" time="0.0"/>
  <testcase name="likelySubtagsDataDriven(mn-Cyrl;mn-Cyrl-MN;mn;mn) [638]" classname="com.ibm.icu.dev.test.util.ULocaleTest" time="0.0"/>
  <testcase name="likelySubtagsDataDriven(mn-Egyp;mn-Egyp-MN;mn-Egyp;mn-Egyp) [639]" classname="com.ibm.icu.dev.test.util.ULocaleTest" time="0.0"/>
  <testcase name="likelySubtagsDataDriven(mn-MN;mn-Cyrl-MN;mn;mn) [640]" classname="com.ibm.icu.dev.test.util.ULocaleTest" time="0.0"/>
  <testcase name="likelySubtagsDataDriven(mni;mni-Beng-IN;mni;mni) [641]" classname="com.ibm.icu.dev.test.util.ULocaleTest" time="0.0"/>
  <testcase name="likelySubtagsDataDriven(mni-AQ;mni-Beng-AQ;mni-AQ;mni-AQ) [642]" classname="com.ibm.icu.dev.test.util.ULocaleTest" time="0.0"/>
  <testcase name="likelySubtagsDataDriven(mni-Beng;mni-Beng-IN;mni;mni) [643]" classname="com.ibm.icu.dev.test.util.ULocaleTest" time="0.0"/>
  <testcase name="likelySubtagsDataDriven(mni-Egyp;mni-Egyp-IN;mni-Egyp;mni-Egyp) [644]" classname="com.ibm.icu.dev.test.util.ULocaleTest" time="0.0"/>
  <testcase name="likelySubtagsDataDriven(mni-IN;mni-Beng-IN;mni;mni) [645]" classname="com.ibm.icu.dev.test.util.ULocaleTest" time="0.0"/>
  <testcase name="likelySubtagsDataDriven(mr;mr-Deva-IN;mr;mr) [646]" classname="com.ibm.icu.dev.test.util.ULocaleTest" time="0.0"/>
  <testcase name="likelySubtagsDataDriven(mr-AQ;mr-Deva-AQ;mr-AQ;mr-AQ) [647]" classname="com.ibm.icu.dev.test.util.ULocaleTest" time="0.0"/>
  <testcase name="likelySubtagsDataDriven(mr-Deva;mr-Deva-IN;mr;mr) [648]" classname="com.ibm.icu.dev.test.util.ULocaleTest" time="0.001"/>
  <testcase name="likelySubtagsDataDriven(mr-Egyp;mr-Egyp-IN;mr-Egyp;mr-Egyp) [649]" classname="com.ibm.icu.dev.test.util.ULocaleTest" time="0.0"/>
  <testcase name="likelySubtagsDataDriven(mr-IN;mr-Deva-IN;mr;mr) [650]" classname="com.ibm.icu.dev.test.util.ULocaleTest" time="0.0"/>
  <testcase name="likelySubtagsDataDriven(ms;ms-Latn-MY;ms;ms) [651]" classname="com.ibm.icu.dev.test.util.ULocaleTest" time="0.0"/>
  <testcase name="likelySubtagsDataDriven(ms-AQ;ms-Latn-AQ;ms-AQ;ms-AQ) [652]" classname="com.ibm.icu.dev.test.util.ULocaleTest" time="0.0"/>
  <testcase name="likelySubtagsDataDriven(ms-BN;ms-Latn-BN;ms-BN;ms-BN) [653]" classname="com.ibm.icu.dev.test.util.ULocaleTest" time="0.0"/>
  <testcase name="likelySubtagsDataDriven(ms-Egyp;ms-Egyp-MY;ms-Egyp;ms-Egyp) [654]" classname="com.ibm.icu.dev.test.util.ULocaleTest" time="0.0"/>
  <testcase name="likelySubtagsDataDriven(ms-ID;ms-Latn-ID;ms-ID;ms-ID) [655]" classname="com.ibm.icu.dev.test.util.ULocaleTest" time="0.0"/>
  <testcase name="likelySubtagsDataDriven(ms-Latn;ms-Latn-MY;ms;ms) [656]" classname="com.ibm.icu.dev.test.util.ULocaleTest" time="0.0"/>
  <testcase name="likelySubtagsDataDriven(ms-MY;ms-Latn-MY;ms;ms) [657]" classname="com.ibm.icu.dev.test.util.ULocaleTest" time="0.0"/>
  <testcase name="likelySubtagsDataDriven(ms-SG;ms-Latn-SG;ms-SG;ms-SG) [658]" classname="com.ibm.icu.dev.test.util.ULocaleTest" time="0.0"/>
  <testcase name="likelySubtagsDataDriven(mt;mt-Latn-MT;mt;mt) [659]" classname="com.ibm.icu.dev.test.util.ULocaleTest" time="0.0"/>
  <testcase name="likelySubtagsDataDriven(mt-AQ;mt-Latn-AQ;mt-AQ;mt-AQ) [660]" classname="com.ibm.icu.dev.test.util.ULocaleTest" time="0.001"/>
  <testcase name="likelySubtagsDataDriven(mt-Egyp;mt-Egyp-MT;mt-Egyp;mt-Egyp) [661]" classname="com.ibm.icu.dev.test.util.ULocaleTest" time="0.0"/>
  <testcase name="likelySubtagsDataDriven(mt-Latn;mt-Latn-MT;mt;mt) [662]" classname="com.ibm.icu.dev.test.util.ULocaleTest" time="0.0"/>
  <testcase name="likelySubtagsDataDriven(mt-MT;mt-Latn-MT;mt;mt) [663]" classname="com.ibm.icu.dev.test.util.ULocaleTest" time="0.0"/>
  <testcase name="likelySubtagsDataDriven(my;my-Mymr-MM;my;my) [664]" classname="com.ibm.icu.dev.test.util.ULocaleTest" time="0.0"/>
  <testcase name="likelySubtagsDataDriven(my-AQ;my-Mymr-AQ;my-AQ;my-AQ) [665]" classname="com.ibm.icu.dev.test.util.ULocaleTest" time="0.0"/>
  <testcase name="likelySubtagsDataDriven(my-Egyp;my-Egyp-MM;my-Egyp;my-Egyp) [666]" classname="com.ibm.icu.dev.test.util.ULocaleTest" time="0.0"/>
  <testcase name="likelySubtagsDataDriven(my-MM;my-Mymr-MM;my;my) [667]" classname="com.ibm.icu.dev.test.util.ULocaleTest" time="0.0"/>
  <testcase name="likelySubtagsDataDriven(my-Mymr;my-Mymr-MM;my;my) [668]" classname="com.ibm.icu.dev.test.util.ULocaleTest" time="0.0"/>
  <testcase name="likelySubtagsDataDriven(nb;nb-Latn-NO;nb;nb) [669]" classname="com.ibm.icu.dev.test.util.ULocaleTest" time="0.0"/>
  <testcase name="likelySubtagsDataDriven(nb-AQ;nb-Latn-AQ;nb-AQ;nb-AQ) [670]" classname="com.ibm.icu.dev.test.util.ULocaleTest" time="0.0"/>
  <testcase name="likelySubtagsDataDriven(nb-Egyp;nb-Egyp-NO;nb-Egyp;nb-Egyp) [671]" classname="com.ibm.icu.dev.test.util.ULocaleTest" time="0.0"/>
  <testcase name="likelySubtagsDataDriven(nb-Latn;nb-Latn-NO;nb;nb) [672]" classname="com.ibm.icu.dev.test.util.ULocaleTest" time="0.0"/>
  <testcase name="likelySubtagsDataDriven(nb-NO;nb-Latn-NO;nb;nb) [673]" classname="com.ibm.icu.dev.test.util.ULocaleTest" time="0.0"/>
  <testcase name="likelySubtagsDataDriven(nb-SJ;nb-Latn-SJ;nb-SJ;nb-SJ) [674]" classname="com.ibm.icu.dev.test.util.ULocaleTest" time="0.0"/>
  <testcase name="likelySubtagsDataDriven(nds;nds-Latn-DE;nds;nds) [675]" classname="com.ibm.icu.dev.test.util.ULocaleTest" time="0.0"/>
  <testcase name="likelySubtagsDataDriven(nds-AQ;nds-Latn-AQ;nds-AQ;nds-AQ) [676]" classname="com.ibm.icu.dev.test.util.ULocaleTest" time="0.0"/>
  <testcase name="likelySubtagsDataDriven(nds-DE;nds-Latn-DE;nds;nds) [677]" classname="com.ibm.icu.dev.test.util.ULocaleTest" time="0.0"/>
  <testcase name="likelySubtagsDataDriven(nds-Egyp;nds-Egyp-DE;nds-Egyp;nds-Egyp) [678]" classname="com.ibm.icu.dev.test.util.ULocaleTest" time="0.0"/>
  <testcase name="likelySubtagsDataDriven(nds-Latn;nds-Latn-DE;nds;nds) [679]" classname="com.ibm.icu.dev.test.util.ULocaleTest" time="0.0"/>
  <testcase name="likelySubtagsDataDriven(nds-NL;nds-Latn-NL;nds-NL;nds-NL) [680]" classname="com.ibm.icu.dev.test.util.ULocaleTest" time="0.0"/>
  <testcase name="likelySubtagsDataDriven(ne;ne-Deva-NP;ne;ne) [681]" classname="com.ibm.icu.dev.test.util.ULocaleTest" time="0.0"/>
  <testcase name="likelySubtagsDataDriven(ne-AQ;ne-Deva-AQ;ne-AQ;ne-AQ) [682]" classname="com.ibm.icu.dev.test.util.ULocaleTest" time="0.0"/>
  <testcase name="likelySubtagsDataDriven(ne-Deva;ne-Deva-NP;ne;ne) [683]" classname="com.ibm.icu.dev.test.util.ULocaleTest" time="0.0"/>
  <testcase name="likelySubtagsDataDriven(ne-Egyp;ne-Egyp-NP;ne-Egyp;ne-Egyp) [684]" classname="com.ibm.icu.dev.test.util.ULocaleTest" time="0.0"/>
  <testcase name="likelySubtagsDataDriven(ne-IN;ne-Deva-IN;ne-IN;ne-IN) [685]" classname="com.ibm.icu.dev.test.util.ULocaleTest" time="0.0"/>
  <testcase name="likelySubtagsDataDriven(ne-NP;ne-Deva-NP;ne;ne) [686]" classname="com.ibm.icu.dev.test.util.ULocaleTest" time="0.0"/>
  <testcase name="likelySubtagsDataDriven(nl;nl-Latn-NL;nl;nl) [687]" classname="com.ibm.icu.dev.test.util.ULocaleTest" time="0.0"/>
  <testcase name="likelySubtagsDataDriven(nl-AQ;nl-Latn-AQ;nl-AQ;nl-AQ) [688]" classname="com.ibm.icu.dev.test.util.ULocaleTest" time="0.0"/>
  <testcase name="likelySubtagsDataDriven(nl-AW;nl-Latn-AW;nl-AW;nl-AW) [689]" classname="com.ibm.icu.dev.test.util.ULocaleTest" time="0.0"/>
  <testcase name="likelySubtagsDataDriven(nl-BE;nl-Latn-BE;nl-BE;nl-BE) [690]" classname="com.ibm.icu.dev.test.util.ULocaleTest" time="0.0"/>
  <testcase name="likelySubtagsDataDriven(nl-BQ;nl-Latn-BQ;nl-BQ;nl-BQ) [691]" classname="com.ibm.icu.dev.test.util.ULocaleTest" time="0.0"/>
  <testcase name="likelySubtagsDataDriven(nl-CW;nl-Latn-CW;nl-CW;nl-CW) [692]" classname="com.ibm.icu.dev.test.util.ULocaleTest" time="0.0"/>
  <testcase name="likelySubtagsDataDriven(nl-Egyp;nl-Egyp-NL;nl-Egyp;nl-Egyp) [693]" classname="com.ibm.icu.dev.test.util.ULocaleTest" time="0.0"/>
  <testcase name="likelySubtagsDataDriven(nl-Latn;nl-Latn-NL;nl;nl) [694]" classname="com.ibm.icu.dev.test.util.ULocaleTest" time="0.0"/>
  <testcase name="likelySubtagsDataDriven(nl-NL;nl-Latn-NL;nl;nl) [695]" classname="com.ibm.icu.dev.test.util.ULocaleTest" time="0.0"/>
  <testcase name="likelySubtagsDataDriven(nl-SR;nl-Latn-SR;nl-SR;nl-SR) [696]" classname="com.ibm.icu.dev.test.util.ULocaleTest" time="0.0"/>
  <testcase name="likelySubtagsDataDriven(nl-SX;nl-Latn-SX;nl-SX;nl-SX) [697]" classname="com.ibm.icu.dev.test.util.ULocaleTest" time="0.0"/>
  <testcase name="likelySubtagsDataDriven(nn;nn-Latn-NO;nn;nn) [698]" classname="com.ibm.icu.dev.test.util.ULocaleTest" time="0.0"/>
  <testcase name="likelySubtagsDataDriven(nn-AQ;nn-Latn-AQ;nn-AQ;nn-AQ) [699]" classname="com.ibm.icu.dev.test.util.ULocaleTest" time="0.0"/>
  <testcase name="likelySubtagsDataDriven(nn-Egyp;nn-Egyp-NO;nn-Egyp;nn-Egyp) [700]" classname="com.ibm.icu.dev.test.util.ULocaleTest" time="0.0"/>
  <testcase name="likelySubtagsDataDriven(nn-Latn;nn-Latn-NO;nn;nn) [701]" classname="com.ibm.icu.dev.test.util.ULocaleTest" time="0.0"/>
  <testcase name="likelySubtagsDataDriven(nn-NO;nn-Latn-NO;nn;nn) [702]" classname="com.ibm.icu.dev.test.util.ULocaleTest" time="0.0"/>
  <testcase name="likelySubtagsDataDriven(no;no-Latn-NO;no;no) [703]" classname="com.ibm.icu.dev.test.util.ULocaleTest" time="0.0"/>
  <testcase name="likelySubtagsDataDriven(no-AQ;no-Latn-AQ;no-AQ;no-AQ) [704]" classname="com.ibm.icu.dev.test.util.ULocaleTest" time="0.0"/>
  <testcase name="likelySubtagsDataDriven(no-Egyp;no-Egyp-NO;no-Egyp;no-Egyp) [705]" classname="com.ibm.icu.dev.test.util.ULocaleTest" time="0.0"/>
  <testcase name="likelySubtagsDataDriven(no-Latn;no-Latn-NO;no;no) [706]" classname="com.ibm.icu.dev.test.util.ULocaleTest" time="0.0"/>
  <testcase name="likelySubtagsDataDriven(no-NO;no-Latn-NO;no;no) [707]" classname="com.ibm.icu.dev.test.util.ULocaleTest" time="0.001"/>
  <testcase name="likelySubtagsDataDriven(nqo;nqo-Nkoo-GN;nqo;nqo) [708]" classname="com.ibm.icu.dev.test.util.ULocaleTest" time="0.0"/>
  <testcase name="likelySubtagsDataDriven(nqo-AQ;nqo-Nkoo-AQ;nqo-AQ;nqo-AQ) [709]" classname="com.ibm.icu.dev.test.util.ULocaleTest" time="0.0"/>
  <testcase name="likelySubtagsDataDriven(nqo-Egyp;nqo-Egyp-GN;nqo-Egyp;nqo-Egyp) [710]" classname="com.ibm.icu.dev.test.util.ULocaleTest" time="0.0"/>
  <testcase name="likelySubtagsDataDriven(nqo-GN;nqo-Nkoo-GN;nqo;nqo) [711]" classname="com.ibm.icu.dev.test.util.ULocaleTest" time="0.0"/>
  <testcase name="likelySubtagsDataDriven(nqo-Nkoo;nqo-Nkoo-GN;nqo;nqo) [712]" classname="com.ibm.icu.dev.test.util.ULocaleTest" time="0.0"/>
  <testcase name="likelySubtagsDataDriven(oc;oc-Latn-FR;oc;oc) [713]" classname="com.ibm.icu.dev.test.util.ULocaleTest" time="0.0"/>
  <testcase name="likelySubtagsDataDriven(oc-AQ;oc-Latn-AQ;oc-AQ;oc-AQ) [714]" classname="com.ibm.icu.dev.test.util.ULocaleTest" time="0.0"/>
  <testcase name="likelySubtagsDataDriven(oc-ES;oc-Latn-ES;oc-ES;oc-ES) [715]" classname="com.ibm.icu.dev.test.util.ULocaleTest" time="0.0"/>
  <testcase name="likelySubtagsDataDriven(oc-Egyp;oc-Egyp-FR;oc-Egyp;oc-Egyp) [716]" classname="com.ibm.icu.dev.test.util.ULocaleTest" time="0.0"/>
  <testcase name="likelySubtagsDataDriven(oc-FR;oc-Latn-FR;oc;oc) [717]" classname="com.ibm.icu.dev.test.util.ULocaleTest" time="0.0"/>
  <testcase name="likelySubtagsDataDriven(oc-Latn;oc-Latn-FR;oc;oc) [718]" classname="com.ibm.icu.dev.test.util.ULocaleTest" time="0.0"/>
  <testcase name="likelySubtagsDataDriven(or;or-Orya-IN;or;or) [719]" classname="com.ibm.icu.dev.test.util.ULocaleTest" time="0.001"/>
  <testcase name="likelySubtagsDataDriven(or-AQ;or-Orya-AQ;or-AQ;or-AQ) [720]" classname="com.ibm.icu.dev.test.util.ULocaleTest" time="0.0"/>
  <testcase name="likelySubtagsDataDriven(or-Egyp;or-Egyp-IN;or-Egyp;or-Egyp) [721]" classname="com.ibm.icu.dev.test.util.ULocaleTest" time="0.0"/>
  <testcase name="likelySubtagsDataDriven(or-IN;or-Orya-IN;or;or) [722]" classname="com.ibm.icu.dev.test.util.ULocaleTest" time="0.0"/>
  <testcase name="likelySubtagsDataDriven(or-Orya;or-Orya-IN;or;or) [723]" classname="com.ibm.icu.dev.test.util.ULocaleTest" time="0.0"/>
  <testcase name="likelySubtagsDataDriven(pa;pa-Guru-IN;pa;pa) [724]" classname="com.ibm.icu.dev.test.util.ULocaleTest" time="0.0"/>
  <testcase name="likelySubtagsDataDriven(pa-AQ;pa-Guru-AQ;pa-AQ;pa-AQ) [725]" classname="com.ibm.icu.dev.test.util.ULocaleTest" time="0.0"/>
  <testcase name="likelySubtagsDataDriven(pa-Egyp;pa-Egyp-IN;pa-Egyp;pa-Egyp) [726]" classname="com.ibm.icu.dev.test.util.ULocaleTest" time="0.001"/>
  <testcase name="likelySubtagsDataDriven(pa-Guru;pa-Guru-IN;pa;pa) [727]" classname="com.ibm.icu.dev.test.util.ULocaleTest" time="0.0"/>
  <testcase name="likelySubtagsDataDriven(pa-IN;pa-Guru-IN;pa;pa) [728]" classname="com.ibm.icu.dev.test.util.ULocaleTest" time="0.0"/>
  <testcase name="likelySubtagsDataDriven(pcm;pcm-Latn-NG;pcm;pcm) [729]" classname="com.ibm.icu.dev.test.util.ULocaleTest" time="0.0"/>
  <testcase name="likelySubtagsDataDriven(pcm-AQ;pcm-Latn-AQ;pcm-AQ;pcm-AQ) [730]" classname="com.ibm.icu.dev.test.util.ULocaleTest" time="0.0"/>
  <testcase name="likelySubtagsDataDriven(pcm-Egyp;pcm-Egyp-NG;pcm-Egyp;pcm-Egyp) [731]" classname="com.ibm.icu.dev.test.util.ULocaleTest" time="0.0"/>
  <testcase name="likelySubtagsDataDriven(pcm-Latn;pcm-Latn-NG;pcm;pcm) [732]" classname="com.ibm.icu.dev.test.util.ULocaleTest" time="0.0"/>
  <testcase name="likelySubtagsDataDriven(pcm-NG;pcm-Latn-NG;pcm;pcm) [733]" classname="com.ibm.icu.dev.test.util.ULocaleTest" time="0.0"/>
  <testcase name="likelySubtagsDataDriven(pl;pl-Latn-PL;pl;pl) [734]" classname="com.ibm.icu.dev.test.util.ULocaleTest" time="0.0"/>
  <testcase name="likelySubtagsDataDriven(pl-AQ;pl-Latn-AQ;pl-AQ;pl-AQ) [735]" classname="com.ibm.icu.dev.test.util.ULocaleTest" time="0.0"/>
  <testcase name="likelySubtagsDataDriven(pl-Egyp;pl-Egyp-PL;pl-Egyp;pl-Egyp) [736]" classname="com.ibm.icu.dev.test.util.ULocaleTest" time="0.0"/>
  <testcase name="likelySubtagsDataDriven(pl-Latn;pl-Latn-PL;pl;pl) [737]" classname="com.ibm.icu.dev.test.util.ULocaleTest" time="0.0"/>
  <testcase name="likelySubtagsDataDriven(pl-PL;pl-Latn-PL;pl;pl) [738]" classname="com.ibm.icu.dev.test.util.ULocaleTest" time="0.0"/>
  <testcase name="likelySubtagsDataDriven(prg;prg-Latn-PL;prg;prg) [739]" classname="com.ibm.icu.dev.test.util.ULocaleTest" time="0.001"/>
  <testcase name="likelySubtagsDataDriven(prg-AQ;prg-Latn-AQ;prg-AQ;prg-AQ) [740]" classname="com.ibm.icu.dev.test.util.ULocaleTest" time="0.0"/>
  <testcase name="likelySubtagsDataDriven(prg-Egyp;prg-Egyp-PL;prg-Egyp;prg-Egyp) [741]" classname="com.ibm.icu.dev.test.util.ULocaleTest" time="0.0"/>
  <testcase name="likelySubtagsDataDriven(prg-Latn;prg-Latn-PL;prg;prg) [742]" classname="com.ibm.icu.dev.test.util.ULocaleTest" time="0.0"/>
  <testcase name="likelySubtagsDataDriven(prg-PL;prg-Latn-PL;prg;prg) [743]" classname="com.ibm.icu.dev.test.util.ULocaleTest" time="0.0"/>
  <testcase name="likelySubtagsDataDriven(ps;ps-Arab-AF;ps;ps) [744]" classname="com.ibm.icu.dev.test.util.ULocaleTest" time="0.0"/>
  <testcase name="likelySubtagsDataDriven(ps-AF;ps-Arab-AF;ps;ps) [745]" classname="com.ibm.icu.dev.test.util.ULocaleTest" time="0.0"/>
  <testcase name="likelySubtagsDataDriven(ps-AQ;ps-Arab-AQ;ps-AQ;ps-AQ) [746]" classname="com.ibm.icu.dev.test.util.ULocaleTest" time="0.0"/>
  <testcase name="likelySubtagsDataDriven(ps-Arab;ps-Arab-AF;ps;ps) [747]" classname="com.ibm.icu.dev.test.util.ULocaleTest" time="0.0"/>
  <testcase name="likelySubtagsDataDriven(ps-Egyp;ps-Egyp-AF;ps-Egyp;ps-Egyp) [748]" classname="com.ibm.icu.dev.test.util.ULocaleTest" time="0.0"/>
  <testcase name="likelySubtagsDataDriven(ps-PK;ps-Arab-PK;ps-PK;ps-PK) [749]" classname="com.ibm.icu.dev.test.util.ULocaleTest" time="0.0"/>
  <testcase name="likelySubtagsDataDriven(pt;pt-Latn-BR;pt;pt) [750]" classname="com.ibm.icu.dev.test.util.ULocaleTest" time="0.0"/>
  <testcase name="likelySubtagsDataDriven(pt-AO;pt-Latn-AO;pt-AO;pt-AO) [751]" classname="com.ibm.icu.dev.test.util.ULocaleTest" time="0.0"/>
  <testcase name="likelySubtagsDataDriven(pt-AQ;pt-Latn-AQ;pt-AQ;pt-AQ) [752]" classname="com.ibm.icu.dev.test.util.ULocaleTest" time="0.0"/>
  <testcase name="likelySubtagsDataDriven(pt-BR;pt-Latn-BR;pt;pt) [753]" classname="com.ibm.icu.dev.test.util.ULocaleTest" time="0.0"/>
  <testcase name="likelySubtagsDataDriven(pt-CH;pt-Latn-CH;pt-CH;pt-CH) [754]" classname="com.ibm.icu.dev.test.util.ULocaleTest" time="0.0"/>
  <testcase name="likelySubtagsDataDriven(pt-CV;pt-Latn-CV;pt-CV;pt-CV) [755]" classname="com.ibm.icu.dev.test.util.ULocaleTest" time="0.0"/>
  <testcase name="likelySubtagsDataDriven(pt-Egyp;pt-Egyp-BR;pt-Egyp;pt-Egyp) [756]" classname="com.ibm.icu.dev.test.util.ULocaleTest" time="0.0"/>
  <testcase name="likelySubtagsDataDriven(pt-GQ;pt-Latn-GQ;pt-GQ;pt-GQ) [757]" classname="com.ibm.icu.dev.test.util.ULocaleTest" time="0.0"/>
  <testcase name="likelySubtagsDataDriven(pt-GW;pt-Latn-GW;pt-GW;pt-GW) [758]" classname="com.ibm.icu.dev.test.util.ULocaleTest" time="0.0"/>
  <testcase name="likelySubtagsDataDriven(pt-LU;pt-Latn-LU;pt-LU;pt-LU) [759]" classname="com.ibm.icu.dev.test.util.ULocaleTest" time="0.0"/>
  <testcase name="likelySubtagsDataDriven(pt-Latn;pt-Latn-BR;pt;pt) [760]" classname="com.ibm.icu.dev.test.util.ULocaleTest" time="0.0"/>
  <testcase name="likelySubtagsDataDriven(pt-MO;pt-Latn-MO;pt-MO;pt-MO) [761]" classname="com.ibm.icu.dev.test.util.ULocaleTest" time="0.0"/>
  <testcase name="likelySubtagsDataDriven(pt-MZ;pt-Latn-MZ;pt-MZ;pt-MZ) [762]" classname="com.ibm.icu.dev.test.util.ULocaleTest" time="0.0"/>
  <testcase name="likelySubtagsDataDriven(pt-PT;pt-Latn-PT;pt-PT;pt-PT) [763]" classname="com.ibm.icu.dev.test.util.ULocaleTest" time="0.0"/>
  <testcase name="likelySubtagsDataDriven(pt-ST;pt-Latn-ST;pt-ST;pt-ST) [764]" classname="com.ibm.icu.dev.test.util.ULocaleTest" time="0.0"/>
  <testcase name="likelySubtagsDataDriven(pt-TL;pt-Latn-TL;pt-TL;pt-TL) [765]" classname="com.ibm.icu.dev.test.util.ULocaleTest" time="0.0"/>
  <testcase name="likelySubtagsDataDriven(qaa;FAIL;FAIL;FAIL) [766]" classname="com.ibm.icu.dev.test.util.ULocaleTest" time="0.001"/>
  <testcase name="likelySubtagsDataDriven(qaa-CH;FAIL;FAIL;FAIL) [767]" classname="com.ibm.icu.dev.test.util.ULocaleTest" time="0.0"/>
  <testcase name="likelySubtagsDataDriven(qaa-Cyrl;FAIL;FAIL;FAIL) [768]" classname="com.ibm.icu.dev.test.util.ULocaleTest" time="0.0"/>
  <testcase name="likelySubtagsDataDriven(qaa-Cyrl-CH;FAIL;FAIL;FAIL) [769]" classname="com.ibm.icu.dev.test.util.ULocaleTest" time="0.0"/>
  <testcase name="likelySubtagsDataDriven(qu;qu-Latn-PE;qu;qu) [770]" classname="com.ibm.icu.dev.test.util.ULocaleTest" time="0.0"/>
  <testcase name="likelySubtagsDataDriven(qu-AQ;qu-Latn-AQ;qu-AQ;qu-AQ) [771]" classname="com.ibm.icu.dev.test.util.ULocaleTest" time="0.0"/>
  <testcase name="likelySubtagsDataDriven(qu-BO;qu-Latn-BO;qu-BO;qu-BO) [772]" classname="com.ibm.icu.dev.test.util.ULocaleTest" time="0.0"/>
  <testcase name="likelySubtagsDataDriven(qu-EC;qu-Latn-EC;qu-EC;qu-EC) [773]" classname="com.ibm.icu.dev.test.util.ULocaleTest" time="0.0"/>
  <testcase name="likelySubtagsDataDriven(qu-Egyp;qu-Egyp-PE;qu-Egyp;qu-Egyp) [774]" classname="com.ibm.icu.dev.test.util.ULocaleTest" time="0.0"/>
  <testcase name="likelySubtagsDataDriven(qu-Latn;qu-Latn-PE;qu;qu) [775]" classname="com.ibm.icu.dev.test.util.ULocaleTest" time="0.0"/>
  <testcase name="likelySubtagsDataDriven(qu-PE;qu-Latn-PE;qu;qu) [776]" classname="com.ibm.icu.dev.test.util.ULocaleTest" time="0.0"/>
  <testcase name="likelySubtagsDataDriven(raj;raj-Deva-IN;raj;raj) [777]" classname="com.ibm.icu.dev.test.util.ULocaleTest" time="0.0"/>
  <testcase name="likelySubtagsDataDriven(raj-AQ;raj-Deva-AQ;raj-AQ;raj-AQ) [778]" classname="com.ibm.icu.dev.test.util.ULocaleTest" time="0.0"/>
  <testcase name="likelySubtagsDataDriven(raj-Deva;raj-Deva-IN;raj;raj) [779]" classname="com.ibm.icu.dev.test.util.ULocaleTest" time="0.0"/>
  <testcase name="likelySubtagsDataDriven(raj-Egyp;raj-Egyp-IN;raj-Egyp;raj-Egyp) [780]" classname="com.ibm.icu.dev.test.util.ULocaleTest" time="0.0"/>
  <testcase name="likelySubtagsDataDriven(raj-IN;raj-Deva-IN;raj;raj) [781]" classname="com.ibm.icu.dev.test.util.ULocaleTest" time="0.0"/>
  <testcase name="likelySubtagsDataDriven(rm;rm-Latn-CH;rm;rm) [782]" classname="com.ibm.icu.dev.test.util.ULocaleTest" time="0.0"/>
  <testcase name="likelySubtagsDataDriven(rm-AQ;rm-Latn-AQ;rm-AQ;rm-AQ) [783]" classname="com.ibm.icu.dev.test.util.ULocaleTest" time="0.0"/>
  <testcase name="likelySubtagsDataDriven(rm-CH;rm-Latn-CH;rm;rm) [784]" classname="com.ibm.icu.dev.test.util.ULocaleTest" time="0.0"/>
  <testcase name="likelySubtagsDataDriven(rm-Egyp;rm-Egyp-CH;rm-Egyp;rm-Egyp) [785]" classname="com.ibm.icu.dev.test.util.ULocaleTest" time="0.0"/>
  <testcase name="likelySubtagsDataDriven(rm-Latn;rm-Latn-CH;rm;rm) [786]" classname="com.ibm.icu.dev.test.util.ULocaleTest" time="0.0"/>
  <testcase name="likelySubtagsDataDriven(ro;ro-Latn-RO;ro;ro) [787]" classname="com.ibm.icu.dev.test.util.ULocaleTest" time="0.0"/>
  <testcase name="likelySubtagsDataDriven(ro-AQ;ro-Latn-AQ;ro-AQ;ro-AQ) [788]" classname="com.ibm.icu.dev.test.util.ULocaleTest" time="0.0"/>
  <testcase name="likelySubtagsDataDriven(ro-Egyp;ro-Egyp-RO;ro-Egyp;ro-Egyp) [789]" classname="com.ibm.icu.dev.test.util.ULocaleTest" time="0.0"/>
  <testcase name="likelySubtagsDataDriven(ro-Latn;ro-Latn-RO;ro;ro) [790]" classname="com.ibm.icu.dev.test.util.ULocaleTest" time="0.0"/>
  <testcase name="likelySubtagsDataDriven(ro-MD;ro-Latn-MD;ro-MD;ro-MD) [791]" classname="com.ibm.icu.dev.test.util.ULocaleTest" time="0.0"/>
  <testcase name="likelySubtagsDataDriven(ro-RO;ro-Latn-RO;ro;ro) [792]" classname="com.ibm.icu.dev.test.util.ULocaleTest" time="0.0"/>
  <testcase name="likelySubtagsDataDriven(ru;ru-Cyrl-RU;ru;ru) [793]" classname="com.ibm.icu.dev.test.util.ULocaleTest" time="0.0"/>
  <testcase name="likelySubtagsDataDriven(ru-AQ;ru-Cyrl-AQ;ru-AQ;ru-AQ) [794]" classname="com.ibm.icu.dev.test.util.ULocaleTest" time="0.0"/>
  <testcase name="likelySubtagsDataDriven(ru-BY;ru-Cyrl-BY;ru-BY;ru-BY) [795]" classname="com.ibm.icu.dev.test.util.ULocaleTest" time="0.0"/>
  <testcase name="likelySubtagsDataDriven(ru-Cyrl;ru-Cyrl-RU;ru;ru) [796]" classname="com.ibm.icu.dev.test.util.ULocaleTest" time="0.0"/>
  <testcase name="likelySubtagsDataDriven(ru-Egyp;ru-Egyp-RU;ru-Egyp;ru-Egyp) [797]" classname="com.ibm.icu.dev.test.util.ULocaleTest" time="0.0"/>
  <testcase name="likelySubtagsDataDriven(ru-KG;ru-Cyrl-KG;ru-KG;ru-KG) [798]" classname="com.ibm.icu.dev.test.util.ULocaleTest" time="0.0"/>
  <testcase name="likelySubtagsDataDriven(ru-KZ;ru-Cyrl-KZ;ru-KZ;ru-KZ) [799]" classname="com.ibm.icu.dev.test.util.ULocaleTest" time="0.0"/>
  <testcase name="likelySubtagsDataDriven(ru-MD;ru-Cyrl-MD;ru-MD;ru-MD) [800]" classname="com.ibm.icu.dev.test.util.ULocaleTest" time="0.0"/>
  <testcase name="likelySubtagsDataDriven(ru-RU;ru-Cyrl-RU;ru;ru) [801]" classname="com.ibm.icu.dev.test.util.ULocaleTest" time="0.0"/>
  <testcase name="likelySubtagsDataDriven(ru-UA;ru-Cyrl-UA;ru-UA;ru-UA) [802]" classname="com.ibm.icu.dev.test.util.ULocaleTest" time="0.0"/>
  <testcase name="likelySubtagsDataDriven(sa;sa-Deva-IN;sa;sa) [803]" classname="com.ibm.icu.dev.test.util.ULocaleTest" time="0.0"/>
  <testcase name="likelySubtagsDataDriven(sa-AQ;sa-Deva-AQ;sa-AQ;sa-AQ) [804]" classname="com.ibm.icu.dev.test.util.ULocaleTest" time="0.0"/>
  <testcase name="likelySubtagsDataDriven(sa-Deva;sa-Deva-IN;sa;sa) [805]" classname="com.ibm.icu.dev.test.util.ULocaleTest" time="0.0"/>
  <testcase name="likelySubtagsDataDriven(sa-Egyp;sa-Egyp-IN;sa-Egyp;sa-Egyp) [806]" classname="com.ibm.icu.dev.test.util.ULocaleTest" time="0.0"/>
  <testcase name="likelySubtagsDataDriven(sa-IN;sa-Deva-IN;sa;sa) [807]" classname="com.ibm.icu.dev.test.util.ULocaleTest" time="0.0"/>
  <testcase name="likelySubtagsDataDriven(sah;sah-Cyrl-RU;sah;sah) [808]" classname="com.ibm.icu.dev.test.util.ULocaleTest" time="0.0"/>
  <testcase name="likelySubtagsDataDriven(sah-AQ;sah-Cyrl-AQ;sah-AQ;sah-AQ) [809]" classname="com.ibm.icu.dev.test.util.ULocaleTest" time="0.0"/>
  <testcase name="likelySubtagsDataDriven(sah-Cyrl;sah-Cyrl-RU;sah;sah) [810]" classname="com.ibm.icu.dev.test.util.ULocaleTest" time="0.0"/>
  <testcase name="likelySubtagsDataDriven(sah-Egyp;sah-Egyp-RU;sah-Egyp;sah-Egyp) [811]" classname="com.ibm.icu.dev.test.util.ULocaleTest" time="0.0"/>
  <testcase name="likelySubtagsDataDriven(sah-RU;sah-Cyrl-RU;sah;sah) [812]" classname="com.ibm.icu.dev.test.util.ULocaleTest" time="0.0"/>
  <testcase name="likelySubtagsDataDriven(sat;sat-Olck-IN;sat;sat) [813]" classname="com.ibm.icu.dev.test.util.ULocaleTest" time="0.0"/>
  <testcase name="likelySubtagsDataDriven(sat-AQ;sat-Olck-AQ;sat-AQ;sat-AQ) [814]" classname="com.ibm.icu.dev.test.util.ULocaleTest" time="0.0"/>
  <testcase name="likelySubtagsDataDriven(sat-Egyp;sat-Egyp-IN;sat-Egyp;sat-Egyp) [815]" classname="com.ibm.icu.dev.test.util.ULocaleTest" time="0.0"/>
  <testcase name="likelySubtagsDataDriven(sat-IN;sat-Olck-IN;sat;sat) [816]" classname="com.ibm.icu.dev.test.util.ULocaleTest" time="0.0"/>
  <testcase name="likelySubtagsDataDriven(sat-Olck;sat-Olck-IN;sat;sat) [817]" classname="com.ibm.icu.dev.test.util.ULocaleTest" time="0.0"/>
  <testcase name="likelySubtagsDataDriven(sc;sc-Latn-IT;sc;sc) [818]" classname="com.ibm.icu.dev.test.util.ULocaleTest" time="0.0"/>
  <testcase name="likelySubtagsDataDriven(sc-AQ;sc-Latn-AQ;sc-AQ;sc-AQ) [819]" classname="com.ibm.icu.dev.test.util.ULocaleTest" time="0.0"/>
  <testcase name="likelySubtagsDataDriven(sc-Egyp;sc-Egyp-IT;sc-Egyp;sc-Egyp) [820]" classname="com.ibm.icu.dev.test.util.ULocaleTest" time="0.0"/>
  <testcase name="likelySubtagsDataDriven(sc-IT;sc-Latn-IT;sc;sc) [821]" classname="com.ibm.icu.dev.test.util.ULocaleTest" time="0.0"/>
  <testcase name="likelySubtagsDataDriven(sc-Latn;sc-Latn-IT;sc;sc) [822]" classname="com.ibm.icu.dev.test.util.ULocaleTest" time="0.0"/>
  <testcase name="likelySubtagsDataDriven(sd;sd-Arab-PK;sd;sd) [823]" classname="com.ibm.icu.dev.test.util.ULocaleTest" time="0.0"/>
  <testcase name="likelySubtagsDataDriven(sd-AQ;sd-Arab-AQ;sd-AQ;sd-AQ) [824]" classname="com.ibm.icu.dev.test.util.ULocaleTest" time="0.0"/>
  <testcase name="likelySubtagsDataDriven(sd-Arab;sd-Arab-PK;sd;sd) [825]" classname="com.ibm.icu.dev.test.util.ULocaleTest" time="0.001"/>
  <testcase name="likelySubtagsDataDriven(sd-Deva;sd-Deva-IN;sd-Deva;sd-IN) [826]" classname="com.ibm.icu.dev.test.util.ULocaleTest" time="0.0"/>
  <testcase name="likelySubtagsDataDriven(sd-Egyp;sd-Egyp-PK;sd-Egyp;sd-Egyp) [827]" classname="com.ibm.icu.dev.test.util.ULocaleTest" time="0.0"/>
  <testcase name="likelySubtagsDataDriven(sd-IN;sd-Deva-IN;sd-Deva;sd-IN) [828]" classname="com.ibm.icu.dev.test.util.ULocaleTest" time="0.0"/>
  <testcase name="likelySubtagsDataDriven(sd-PK;sd-Arab-PK;sd;sd) [829]" classname="com.ibm.icu.dev.test.util.ULocaleTest" time="0.0"/>
  <testcase name="likelySubtagsDataDriven(si;si-Sinh-LK;si;si) [830]" classname="com.ibm.icu.dev.test.util.ULocaleTest" time="0.0"/>
  <testcase name="likelySubtagsDataDriven(si-AQ;si-Sinh-AQ;si-AQ;si-AQ) [831]" classname="com.ibm.icu.dev.test.util.ULocaleTest" time="0.0"/>
  <testcase name="likelySubtagsDataDriven(si-Egyp;si-Egyp-LK;si-Egyp;si-Egyp) [832]" classname="com.ibm.icu.dev.test.util.ULocaleTest" time="0.0"/>
  <testcase name="likelySubtagsDataDriven(si-LK;si-Sinh-LK;si;si) [833]" classname="com.ibm.icu.dev.test.util.ULocaleTest" time="0.0"/>
  <testcase name="likelySubtagsDataDriven(si-Sinh;si-Sinh-LK;si;si) [834]" classname="com.ibm.icu.dev.test.util.ULocaleTest" time="0.0"/>
  <testcase name="likelySubtagsDataDriven(sk;sk-Latn-SK;sk;sk) [835]" classname="com.ibm.icu.dev.test.util.ULocaleTest" time="0.0"/>
  <testcase name="likelySubtagsDataDriven(sk-AQ;sk-Latn-AQ;sk-AQ;sk-AQ) [836]" classname="com.ibm.icu.dev.test.util.ULocaleTest" time="0.0"/>
  <testcase name="likelySubtagsDataDriven(sk-Egyp;sk-Egyp-SK;sk-Egyp;sk-Egyp) [837]" classname="com.ibm.icu.dev.test.util.ULocaleTest" time="0.0"/>
  <testcase name="likelySubtagsDataDriven(sk-Latn;sk-Latn-SK;sk;sk) [838]" classname="com.ibm.icu.dev.test.util.ULocaleTest" time="0.0"/>
  <testcase name="likelySubtagsDataDriven(sk-SK;sk-Latn-SK;sk;sk) [839]" classname="com.ibm.icu.dev.test.util.ULocaleTest" time="0.0"/>
  <testcase name="likelySubtagsDataDriven(sl;sl-Latn-SI;sl;sl) [840]" classname="com.ibm.icu.dev.test.util.ULocaleTest" time="0.0"/>
  <testcase name="likelySubtagsDataDriven(sl-AQ;sl-Latn-AQ;sl-AQ;sl-AQ) [841]" classname="com.ibm.icu.dev.test.util.ULocaleTest" time="0.0"/>
  <testcase name="likelySubtagsDataDriven(sl-Egyp;sl-Egyp-SI;sl-Egyp;sl-Egyp) [842]" classname="com.ibm.icu.dev.test.util.ULocaleTest" time="0.0"/>
  <testcase name="likelySubtagsDataDriven(sl-Latn;sl-Latn-SI;sl;sl) [843]" classname="com.ibm.icu.dev.test.util.ULocaleTest" time="0.0"/>
  <testcase name="likelySubtagsDataDriven(sl-SI;sl-Latn-SI;sl;sl) [844]" classname="com.ibm.icu.dev.test.util.ULocaleTest" time="0.0"/>
  <testcase name="likelySubtagsDataDriven(so;so-Latn-SO;so;so) [845]" classname="com.ibm.icu.dev.test.util.ULocaleTest" time="0.0"/>
  <testcase name="likelySubtagsDataDriven(so-AQ;so-Latn-AQ;so-AQ;so-AQ) [846]" classname="com.ibm.icu.dev.test.util.ULocaleTest" time="0.0"/>
  <testcase name="likelySubtagsDataDriven(so-DJ;so-Latn-DJ;so-DJ;so-DJ) [847]" classname="com.ibm.icu.dev.test.util.ULocaleTest" time="0.0"/>
  <testcase name="likelySubtagsDataDriven(so-ET;so-Latn-ET;so-ET;so-ET) [848]" classname="com.ibm.icu.dev.test.util.ULocaleTest" time="0.0"/>
  <testcase name="likelySubtagsDataDriven(so-Egyp;so-Egyp-SO;so-Egyp;so-Egyp) [849]" classname="com.ibm.icu.dev.test.util.ULocaleTest" time="0.0"/>
  <testcase name="likelySubtagsDataDriven(so-KE;so-Latn-KE;so-KE;so-KE) [850]" classname="com.ibm.icu.dev.test.util.ULocaleTest" time="0.0"/>
  <testcase name="likelySubtagsDataDriven(so-Latn;so-Latn-SO;so;so) [851]" classname="com.ibm.icu.dev.test.util.ULocaleTest" time="0.0"/>
  <testcase name="likelySubtagsDataDriven(so-SO;so-Latn-SO;so;so) [852]" classname="com.ibm.icu.dev.test.util.ULocaleTest" time="0.0"/>
  <testcase name="likelySubtagsDataDriven(sq;sq-Latn-AL;sq;sq) [853]" classname="com.ibm.icu.dev.test.util.ULocaleTest" time="0.0"/>
  <testcase name="likelySubtagsDataDriven(sq-AL;sq-Latn-AL;sq;sq) [854]" classname="com.ibm.icu.dev.test.util.ULocaleTest" time="0.0"/>
  <testcase name="likelySubtagsDataDriven(sq-AQ;sq-Latn-AQ;sq-AQ;sq-AQ) [855]" classname="com.ibm.icu.dev.test.util.ULocaleTest" time="0.0"/>
  <testcase name="likelySubtagsDataDriven(sq-Egyp;sq-Egyp-AL;sq-Egyp;sq-Egyp) [856]" classname="com.ibm.icu.dev.test.util.ULocaleTest" time="0.0"/>
  <testcase name="likelySubtagsDataDriven(sq-Latn;sq-Latn-AL;sq;sq) [857]" classname="com.ibm.icu.dev.test.util.ULocaleTest" time="0.0"/>
  <testcase name="likelySubtagsDataDriven(sq-MK;sq-Latn-MK;sq-MK;sq-MK) [858]" classname="com.ibm.icu.dev.test.util.ULocaleTest" time="0.0"/>
  <testcase name="likelySubtagsDataDriven(sq-XK;sq-Latn-XK;sq-XK;sq-XK) [859]" classname="com.ibm.icu.dev.test.util.ULocaleTest" time="0.0"/>
  <testcase name="likelySubtagsDataDriven(sr;sr-Cyrl-RS;sr;sr) [860]" classname="com.ibm.icu.dev.test.util.ULocaleTest" time="0.0"/>
  <testcase name="likelySubtagsDataDriven(sr-AQ;sr-Cyrl-AQ;sr-AQ;sr-AQ) [861]" classname="com.ibm.icu.dev.test.util.ULocaleTest" time="0.0"/>
  <testcase name="likelySubtagsDataDriven(sr-BA;sr-Cyrl-BA;sr-BA;sr-BA) [862]" classname="com.ibm.icu.dev.test.util.ULocaleTest" time="0.0"/>
  <testcase name="likelySubtagsDataDriven(sr-Cyrl;sr-Cyrl-RS;sr;sr) [863]" classname="com.ibm.icu.dev.test.util.ULocaleTest" time="0.0"/>
  <testcase name="likelySubtagsDataDriven(sr-Egyp;sr-Egyp-RS;sr-Egyp;sr-Egyp) [864]" classname="com.ibm.icu.dev.test.util.ULocaleTest" time="0.0"/>
  <testcase name="likelySubtagsDataDriven(sr-Latn;sr-Latn-RS;sr-Latn;sr-Latn) [865]" classname="com.ibm.icu.dev.test.util.ULocaleTest" time="0.0"/>
  <testcase name="likelySubtagsDataDriven(sr-ME;sr-Latn-ME;sr-ME;sr-ME) [866]" classname="com.ibm.icu.dev.test.util.ULocaleTest" time="0.0"/>
  <testcase name="likelySubtagsDataDriven(sr-RS;sr-Cyrl-RS;sr;sr) [867]" classname="com.ibm.icu.dev.test.util.ULocaleTest" time="0.0"/>
  <testcase name="likelySubtagsDataDriven(sr-XK;sr-Cyrl-XK;sr-XK;sr-XK) [868]" classname="com.ibm.icu.dev.test.util.ULocaleTest" time="0.0"/>
  <testcase name="likelySubtagsDataDriven(su;su-Latn-ID;su;su) [869]" classname="com.ibm.icu.dev.test.util.ULocaleTest" time="0.0"/>
  <testcase name="likelySubtagsDataDriven(su-AQ;su-Latn-AQ;su-AQ;su-AQ) [870]" classname="com.ibm.icu.dev.test.util.ULocaleTest" time="0.0"/>
  <testcase name="likelySubtagsDataDriven(su-Egyp;su-Egyp-ID;su-Egyp;su-Egyp) [871]" classname="com.ibm.icu.dev.test.util.ULocaleTest" time="0.0"/>
  <testcase name="likelySubtagsDataDriven(su-ID;su-Latn-ID;su;su) [872]" classname="com.ibm.icu.dev.test.util.ULocaleTest" time="0.0"/>
  <testcase name="likelySubtagsDataDriven(su-Latn;su-Latn-ID;su;su) [873]" classname="com.ibm.icu.dev.test.util.ULocaleTest" time="0.0"/>
  <testcase name="likelySubtagsDataDriven(sv;sv-Latn-SE;sv;sv) [874]" classname="com.ibm.icu.dev.test.util.ULocaleTest" time="0.0"/>
  <testcase name="likelySubtagsDataDriven(sv-AQ;sv-Latn-AQ;sv-AQ;sv-AQ) [875]" classname="com.ibm.icu.dev.test.util.ULocaleTest" time="0.0"/>
  <testcase name="likelySubtagsDataDriven(sv-AX;sv-Latn-AX;sv-AX;sv-AX) [876]" classname="com.ibm.icu.dev.test.util.ULocaleTest" time="0.0"/>
  <testcase name="likelySubtagsDataDriven(sv-Egyp;sv-Egyp-SE;sv-Egyp;sv-Egyp) [877]" classname="com.ibm.icu.dev.test.util.ULocaleTest" time="0.0"/>
  <testcase name="likelySubtagsDataDriven(sv-FI;sv-Latn-FI;sv-FI;sv-FI) [878]" classname="com.ibm.icu.dev.test.util.ULocaleTest" time="0.0"/>
  <testcase name="likelySubtagsDataDriven(sv-Latn;sv-Latn-SE;sv;sv) [879]" classname="com.ibm.icu.dev.test.util.ULocaleTest" time="0.0"/>
  <testcase name="likelySubtagsDataDriven(sv-SE;sv-Latn-SE;sv;sv) [880]" classname="com.ibm.icu.dev.test.util.ULocaleTest" time="0.0"/>
  <testcase name="likelySubtagsDataDriven(sw;sw-Latn-TZ;sw;sw) [881]" classname="com.ibm.icu.dev.test.util.ULocaleTest" time="0.0"/>
  <testcase name="likelySubtagsDataDriven(sw-AQ;sw-Latn-AQ;sw-AQ;sw-AQ) [882]" classname="com.ibm.icu.dev.test.util.ULocaleTest" time="0.0"/>
  <testcase name="likelySubtagsDataDriven(sw-CD;sw-Latn-CD;sw-CD;sw-CD) [883]" classname="com.ibm.icu.dev.test.util.ULocaleTest" time="0.0"/>
  <testcase name="likelySubtagsDataDriven(sw-Egyp;sw-Egyp-TZ;sw-Egyp;sw-Egyp) [884]" classname="com.ibm.icu.dev.test.util.ULocaleTest" time="0.0"/>
  <testcase name="likelySubtagsDataDriven(sw-KE;sw-Latn-KE;sw-KE;sw-KE) [885]" classname="com.ibm.icu.dev.test.util.ULocaleTest" time="0.0"/>
  <testcase name="likelySubtagsDataDriven(sw-Latn;sw-Latn-TZ;sw;sw) [886]" classname="com.ibm.icu.dev.test.util.ULocaleTest" time="0.0"/>
  <testcase name="likelySubtagsDataDriven(sw-TZ;sw-Latn-TZ;sw;sw) [887]" classname="com.ibm.icu.dev.test.util.ULocaleTest" time="0.0"/>
  <testcase name="likelySubtagsDataDriven(sw-UG;sw-Latn-UG;sw-UG;sw-UG) [888]" classname="com.ibm.icu.dev.test.util.ULocaleTest" time="0.0"/>
  <testcase name="likelySubtagsDataDriven(syr;syr-Syrc-IQ;syr;syr) [889]" classname="com.ibm.icu.dev.test.util.ULocaleTest" time="0.0"/>
  <testcase name="likelySubtagsDataDriven(syr-AQ;syr-Syrc-AQ;syr-AQ;syr-AQ) [890]" classname="com.ibm.icu.dev.test.util.ULocaleTest" time="0.0"/>
  <testcase name="likelySubtagsDataDriven(syr-Egyp;syr-Egyp-IQ;syr-Egyp;syr-Egyp) [891]" classname="com.ibm.icu.dev.test.util.ULocaleTest" time="0.0"/>
  <testcase name="likelySubtagsDataDriven(syr-IQ;syr-Syrc-IQ;syr;syr) [892]" classname="com.ibm.icu.dev.test.util.ULocaleTest" time="0.0"/>
  <testcase name="likelySubtagsDataDriven(syr-SY;syr-Syrc-SY;syr-SY;syr-SY) [893]" classname="com.ibm.icu.dev.test.util.ULocaleTest" time="0.001"/>
  <testcase name="likelySubtagsDataDriven(syr-Syrc;syr-Syrc-IQ;syr;syr) [894]" classname="com.ibm.icu.dev.test.util.ULocaleTest" time="0.0"/>
  <testcase name="likelySubtagsDataDriven(szl;szl-Latn-PL;szl;szl) [895]" classname="com.ibm.icu.dev.test.util.ULocaleTest" time="0.0"/>
  <testcase name="likelySubtagsDataDriven(szl-AQ;szl-Latn-AQ;szl-AQ;szl-AQ) [896]" classname="com.ibm.icu.dev.test.util.ULocaleTest" time="0.0"/>
  <testcase name="likelySubtagsDataDriven(szl-Egyp;szl-Egyp-PL;szl-Egyp;szl-Egyp) [897]" classname="com.ibm.icu.dev.test.util.ULocaleTest" time="0.0"/>
  <testcase name="likelySubtagsDataDriven(szl-Latn;szl-Latn-PL;szl;szl) [898]" classname="com.ibm.icu.dev.test.util.ULocaleTest" time="0.0"/>
  <testcase name="likelySubtagsDataDriven(szl-PL;szl-Latn-PL;szl;szl) [899]" classname="com.ibm.icu.dev.test.util.ULocaleTest" time="0.0"/>
  <testcase name="likelySubtagsDataDriven(ta;ta-Taml-IN;ta;ta) [900]" classname="com.ibm.icu.dev.test.util.ULocaleTest" time="0.0"/>
  <testcase name="likelySubtagsDataDriven(ta-AQ;ta-Taml-AQ;ta-AQ;ta-AQ) [901]" classname="com.ibm.icu.dev.test.util.ULocaleTest" time="0.0"/>
  <testcase name="likelySubtagsDataDriven(ta-Egyp;ta-Egyp-IN;ta-Egyp;ta-Egyp) [902]" classname="com.ibm.icu.dev.test.util.ULocaleTest" time="0.0"/>
  <testcase name="likelySubtagsDataDriven(ta-IN;ta-Taml-IN;ta;ta) [903]" classname="com.ibm.icu.dev.test.util.ULocaleTest" time="0.0"/>
  <testcase name="likelySubtagsDataDriven(ta-LK;ta-Taml-LK;ta-LK;ta-LK) [904]" classname="com.ibm.icu.dev.test.util.ULocaleTest" time="0.0"/>
  <testcase name="likelySubtagsDataDriven(ta-MY;ta-Taml-MY;ta-MY;ta-MY) [905]" classname="com.ibm.icu.dev.test.util.ULocaleTest" time="0.0"/>
  <testcase name="likelySubtagsDataDriven(ta-SG;ta-Taml-SG;ta-SG;ta-SG) [906]" classname="com.ibm.icu.dev.test.util.ULocaleTest" time="0.0"/>
  <testcase name="likelySubtagsDataDriven(ta-Taml;ta-Taml-IN;ta;ta) [907]" classname="com.ibm.icu.dev.test.util.ULocaleTest" time="0.0"/>
  <testcase name="likelySubtagsDataDriven(te;te-Telu-IN;te;te) [908]" classname="com.ibm.icu.dev.test.util.ULocaleTest" time="0.0"/>
  <testcase name="likelySubtagsDataDriven(te-AQ;te-Telu-AQ;te-AQ;te-AQ) [909]" classname="com.ibm.icu.dev.test.util.ULocaleTest" time="0.001"/>
  <testcase name="likelySubtagsDataDriven(te-Egyp;te-Egyp-IN;te-Egyp;te-Egyp) [910]" classname="com.ibm.icu.dev.test.util.ULocaleTest" time="0.0"/>
  <testcase name="likelySubtagsDataDriven(te-IN;te-Telu-IN;te;te) [911]" classname="com.ibm.icu.dev.test.util.ULocaleTest" time="0.0"/>
  <testcase name="likelySubtagsDataDriven(te-Telu;te-Telu-IN;te;te) [912]" classname="com.ibm.icu.dev.test.util.ULocaleTest" time="0.0"/>
  <testcase name="likelySubtagsDataDriven(tg;tg-Cyrl-TJ;tg;tg) [913]" classname="com.ibm.icu.dev.test.util.ULocaleTest" time="0.0"/>
  <testcase name="likelySubtagsDataDriven(tg-AQ;tg-Cyrl-AQ;tg-AQ;tg-AQ) [914]" classname="com.ibm.icu.dev.test.util.ULocaleTest" time="0.0"/>
  <testcase name="likelySubtagsDataDriven(tg-Cyrl;tg-Cyrl-TJ;tg;tg) [915]" classname="com.ibm.icu.dev.test.util.ULocaleTest" time="0.0"/>
  <testcase name="likelySubtagsDataDriven(tg-Egyp;tg-Egyp-TJ;tg-Egyp;tg-Egyp) [916]" classname="com.ibm.icu.dev.test.util.ULocaleTest" time="0.0"/>
  <testcase name="likelySubtagsDataDriven(tg-TJ;tg-Cyrl-TJ;tg;tg) [917]" classname="com.ibm.icu.dev.test.util.ULocaleTest" time="0.0"/>
  <testcase name="likelySubtagsDataDriven(th;th-Thai-TH;th;th) [918]" classname="com.ibm.icu.dev.test.util.ULocaleTest" time="0.0"/>
  <testcase name="likelySubtagsDataDriven(th-AQ;th-Thai-AQ;th-AQ;th-AQ) [919]" classname="com.ibm.icu.dev.test.util.ULocaleTest" time="0.0"/>
  <testcase name="likelySubtagsDataDriven(th-Egyp;th-Egyp-TH;th-Egyp;th-Egyp) [920]" classname="com.ibm.icu.dev.test.util.ULocaleTest" time="0.0"/>
  <testcase name="likelySubtagsDataDriven(th-TH;th-Thai-TH;th;th) [921]" classname="com.ibm.icu.dev.test.util.ULocaleTest" time="0.0"/>
  <testcase name="likelySubtagsDataDriven(th-Thai;th-Thai-TH;th;th) [922]" classname="com.ibm.icu.dev.test.util.ULocaleTest" time="0.0"/>
  <testcase name="likelySubtagsDataDriven(ti;ti-Ethi-ET;ti;ti) [923]" classname="com.ibm.icu.dev.test.util.ULocaleTest" time="0.0"/>
  <testcase name="likelySubtagsDataDriven(ti-AQ;ti-Ethi-AQ;ti-AQ;ti-AQ) [924]" classname="com.ibm.icu.dev.test.util.ULocaleTest" time="0.0"/>
  <testcase name="likelySubtagsDataDriven(ti-ER;ti-Ethi-ER;ti-ER;ti-ER) [925]" classname="com.ibm.icu.dev.test.util.ULocaleTest" time="0.0"/>
  <testcase name="likelySubtagsDataDriven(ti-ET;ti-Ethi-ET;ti;ti) [926]" classname="com.ibm.icu.dev.test.util.ULocaleTest" time="0.001"/>
  <testcase name="likelySubtagsDataDriven(ti-Egyp;ti-Egyp-ET;ti-Egyp;ti-Egyp) [927]" classname="com.ibm.icu.dev.test.util.ULocaleTest" time="0.0"/>
  <testcase name="likelySubtagsDataDriven(ti-Ethi;ti-Ethi-ET;ti;ti) [928]" classname="com.ibm.icu.dev.test.util.ULocaleTest" time="0.0"/>
  <testcase name="likelySubtagsDataDriven(tk;tk-Latn-TM;tk;tk) [929]" classname="com.ibm.icu.dev.test.util.ULocaleTest" time="0.0"/>
  <testcase name="likelySubtagsDataDriven(tk-AQ;tk-Latn-AQ;tk-AQ;tk-AQ) [930]" classname="com.ibm.icu.dev.test.util.ULocaleTest" time="0.0"/>
  <testcase name="likelySubtagsDataDriven(tk-Egyp;tk-Egyp-TM;tk-Egyp;tk-Egyp) [931]" classname="com.ibm.icu.dev.test.util.ULocaleTest" time="0.0"/>
  <testcase name="likelySubtagsDataDriven(tk-Latn;tk-Latn-TM;tk;tk) [932]" classname="com.ibm.icu.dev.test.util.ULocaleTest" time="0.0"/>
  <testcase name="likelySubtagsDataDriven(tk-TM;tk-Latn-TM;tk;tk) [933]" classname="com.ibm.icu.dev.test.util.ULocaleTest" time="0.0"/>
  <testcase name="likelySubtagsDataDriven(to;to-Latn-TO;to;to) [934]" classname="com.ibm.icu.dev.test.util.ULocaleTest" time="0.0"/>
  <testcase name="likelySubtagsDataDriven(to-AQ;to-Latn-AQ;to-AQ;to-AQ) [935]" classname="com.ibm.icu.dev.test.util.ULocaleTest" time="0.0"/>
  <testcase name="likelySubtagsDataDriven(to-Egyp;to-Egyp-TO;to-Egyp;to-Egyp) [936]" classname="com.ibm.icu.dev.test.util.ULocaleTest" time="0.0"/>
  <testcase name="likelySubtagsDataDriven(to-Latn;to-Latn-TO;to;to) [937]" classname="com.ibm.icu.dev.test.util.ULocaleTest" time="0.0"/>
  <testcase name="likelySubtagsDataDriven(to-TO;to-Latn-TO;to;to) [938]" classname="com.ibm.icu.dev.test.util.ULocaleTest" time="0.0"/>
  <testcase name="likelySubtagsDataDriven(tr;tr-Latn-TR;tr;tr) [939]" classname="com.ibm.icu.dev.test.util.ULocaleTest" time="0.0"/>
  <testcase name="likelySubtagsDataDriven(tr-AQ;tr-Latn-AQ;tr-AQ;tr-AQ) [940]" classname="com.ibm.icu.dev.test.util.ULocaleTest" time="0.0"/>
  <testcase name="likelySubtagsDataDriven(tr-CY;tr-Latn-CY;tr-CY;tr-CY) [941]" classname="com.ibm.icu.dev.test.util.ULocaleTest" time="0.0"/>
  <testcase name="likelySubtagsDataDriven(tr-Egyp;tr-Egyp-TR;tr-Egyp;tr-Egyp) [942]" classname="com.ibm.icu.dev.test.util.ULocaleTest" time="0.0"/>
  <testcase name="likelySubtagsDataDriven(tr-Latn;tr-Latn-TR;tr;tr) [943]" classname="com.ibm.icu.dev.test.util.ULocaleTest" time="0.0"/>
  <testcase name="likelySubtagsDataDriven(tr-TR;tr-Latn-TR;tr;tr) [944]" classname="com.ibm.icu.dev.test.util.ULocaleTest" time="0.0"/>
  <testcase name="likelySubtagsDataDriven(tt;tt-Cyrl-RU;tt;tt) [945]" classname="com.ibm.icu.dev.test.util.ULocaleTest" time="0.0"/>
  <testcase name="likelySubtagsDataDriven(tt-AQ;tt-Cyrl-AQ;tt-AQ;tt-AQ) [946]" classname="com.ibm.icu.dev.test.util.ULocaleTest" time="0.0"/>
  <testcase name="likelySubtagsDataDriven(tt-Cyrl;tt-Cyrl-RU;tt;tt) [947]" classname="com.ibm.icu.dev.test.util.ULocaleTest" time="0.0"/>
  <testcase name="likelySubtagsDataDriven(tt-Egyp;tt-Egyp-RU;tt-Egyp;tt-Egyp) [948]" classname="com.ibm.icu.dev.test.util.ULocaleTest" time="0.0"/>
  <testcase name="likelySubtagsDataDriven(tt-RU;tt-Cyrl-RU;tt;tt) [949]" classname="com.ibm.icu.dev.test.util.ULocaleTest" time="0.0"/>
  <testcase name="likelySubtagsDataDriven(ug;ug-Arab-CN;ug;ug) [950]" classname="com.ibm.icu.dev.test.util.ULocaleTest" time="0.0"/>
  <testcase name="likelySubtagsDataDriven(ug-AQ;ug-Arab-AQ;ug-AQ;ug-AQ) [951]" classname="com.ibm.icu.dev.test.util.ULocaleTest" time="0.0"/>
  <testcase name="likelySubtagsDataDriven(ug-Arab;ug-Arab-CN;ug;ug) [952]" classname="com.ibm.icu.dev.test.util.ULocaleTest" time="0.0"/>
  <testcase name="likelySubtagsDataDriven(ug-CN;ug-Arab-CN;ug;ug) [953]" classname="com.ibm.icu.dev.test.util.ULocaleTest" time="0.0"/>
  <testcase name="likelySubtagsDataDriven(ug-Egyp;ug-Egyp-CN;ug-Egyp;ug-Egyp) [954]" classname="com.ibm.icu.dev.test.util.ULocaleTest" time="0.0"/>
  <testcase name="likelySubtagsDataDriven(uk;uk-Cyrl-UA;uk;uk) [955]" classname="com.ibm.icu.dev.test.util.ULocaleTest" time="0.0"/>
  <testcase name="likelySubtagsDataDriven(uk-AQ;uk-Cyrl-AQ;uk-AQ;uk-AQ) [956]" classname="com.ibm.icu.dev.test.util.ULocaleTest" time="0.0"/>
  <testcase name="likelySubtagsDataDriven(uk-Cyrl;uk-Cyrl-UA;uk;uk) [957]" classname="com.ibm.icu.dev.test.util.ULocaleTest" time="0.0"/>
  <testcase name="likelySubtagsDataDriven(uk-Egyp;uk-Egyp-UA;uk-Egyp;uk-Egyp) [958]" classname="com.ibm.icu.dev.test.util.ULocaleTest" time="0.0"/>
  <testcase name="likelySubtagsDataDriven(uk-UA;uk-Cyrl-UA;uk;uk) [959]" classname="com.ibm.icu.dev.test.util.ULocaleTest" time="0.0"/>
  <testcase name="likelySubtagsDataDriven(und;en-Latn-US;en;en) [960]" classname="com.ibm.icu.dev.test.util.ULocaleTest" time="0.0"/>
  <testcase name="likelySubtagsDataDriven(und-001;en-Latn-001;en-001;en-001) [961]" classname="com.ibm.icu.dev.test.util.ULocaleTest" time="0.0"/>
  <testcase name="likelySubtagsDataDriven(und-150;en-Latn-150;en-150;en-150) [962]" classname="com.ibm.icu.dev.test.util.ULocaleTest" time="0.0"/>
  <testcase name="likelySubtagsDataDriven(und-419;es-Latn-419;es-419;es-419) [963]" classname="com.ibm.icu.dev.test.util.ULocaleTest" time="0.0"/>
  <testcase name="likelySubtagsDataDriven(und-AD;ca-Latn-AD;ca-AD;ca-AD) [964]" classname="com.ibm.icu.dev.test.util.ULocaleTest" time="0.0"/>
  <testcase name="likelySubtagsDataDriven(und-AE;ar-Arab-AE;ar-AE;ar-AE) [965]" classname="com.ibm.icu.dev.test.util.ULocaleTest" time="0.0"/>
  <testcase name="likelySubtagsDataDriven(und-AF;fa-Arab-AF;fa-AF;fa-AF) [966]" classname="com.ibm.icu.dev.test.util.ULocaleTest" time="0.0"/>
  <testcase name="likelySubtagsDataDriven(und-AG;en-Latn-AG;en-AG;en-AG) [967]" classname="com.ibm.icu.dev.test.util.ULocaleTest" time="0.0"/>
  <testcase name="likelySubtagsDataDriven(und-AI;en-Latn-AI;en-AI;en-AI) [968]" classname="com.ibm.icu.dev.test.util.ULocaleTest" time="0.0"/>
  <testcase name="likelySubtagsDataDriven(und-AL;sq-Latn-AL;sq;sq) [969]" classname="com.ibm.icu.dev.test.util.ULocaleTest" time="0.0"/>
  <testcase name="likelySubtagsDataDriven(und-AM;hy-Armn-AM;hy;hy) [970]" classname="com.ibm.icu.dev.test.util.ULocaleTest" time="0.0"/>
  <testcase name="likelySubtagsDataDriven(und-AO;pt-Latn-AO;pt-AO;pt-AO) [971]" classname="com.ibm.icu.dev.test.util.ULocaleTest" time="0.0"/>
  <testcase name="likelySubtagsDataDriven(und-AQ;en-Latn-AQ;en-AQ;en-AQ) [972]" classname="com.ibm.icu.dev.test.util.ULocaleTest" time="0.0"/>
  <testcase name="likelySubtagsDataDriven(und-AR;es-Latn-AR;es-AR;es-AR) [973]" classname="com.ibm.icu.dev.test.util.ULocaleTest" time="0.0"/>
  <testcase name="likelySubtagsDataDriven(und-AS;sm-Latn-AS;sm-AS;sm-AS) [974]" classname="com.ibm.icu.dev.test.util.ULocaleTest" time="0.0"/>
  <testcase name="likelySubtagsDataDriven(und-AT;de-Latn-AT;de-AT;de-AT) [975]" classname="com.ibm.icu.dev.test.util.ULocaleTest" time="0.0"/>
  <testcase name="likelySubtagsDataDriven(und-AU;en-Latn-AU;en-AU;en-AU) [976]" classname="com.ibm.icu.dev.test.util.ULocaleTest" time="0.0"/>
  <testcase name="likelySubtagsDataDriven(und-AW;nl-Latn-AW;nl-AW;nl-AW) [977]" classname="com.ibm.icu.dev.test.util.ULocaleTest" time="0.0"/>
  <testcase name="likelySubtagsDataDriven(und-AX;sv-Latn-AX;sv-AX;sv-AX) [978]" classname="com.ibm.icu.dev.test.util.ULocaleTest" time="0.0"/>
  <testcase name="likelySubtagsDataDriven(und-AZ;az-Latn-AZ;az;az) [979]" classname="com.ibm.icu.dev.test.util.ULocaleTest" time="0.0"/>
  <testcase name="likelySubtagsDataDriven(und-Adlm;ff-Adlm-GN;ff-Adlm;ff-Adlm) [980]" classname="com.ibm.icu.dev.test.util.ULocaleTest" time="0.0"/>
  <testcase name="likelySubtagsDataDriven(und-Adlm-AQ;ff-Adlm-AQ;ff-Adlm-AQ;ff-Adlm-AQ) [981]" classname="com.ibm.icu.dev.test.util.ULocaleTest" time="0.001"/>
  <testcase name="likelySubtagsDataDriven(und-Adlm-BF;ff-Adlm-BF;ff-Adlm-BF;ff-Adlm-BF) [982]" classname="com.ibm.icu.dev.test.util.ULocaleTest" time="0.0"/>
  <testcase name="likelySubtagsDataDriven(und-Adlm-CM;ff-Adlm-CM;ff-Adlm-CM;ff-Adlm-CM) [983]" classname="com.ibm.icu.dev.test.util.ULocaleTest" time="0.0"/>
  <testcase name="likelySubtagsDataDriven(und-Adlm-GH;ff-Adlm-GH;ff-Adlm-GH;ff-Adlm-GH) [984]" classname="com.ibm.icu.dev.test.util.ULocaleTest" time="0.0"/>
  <testcase name="likelySubtagsDataDriven(und-Adlm-GM;ff-Adlm-GM;ff-Adlm-GM;ff-Adlm-GM) [985]" classname="com.ibm.icu.dev.test.util.ULocaleTest" time="0.0"/>
  <testcase name="likelySubtagsDataDriven(und-Adlm-GN;ff-Adlm-GN;ff-Adlm;ff-Adlm) [986]" classname="com.ibm.icu.dev.test.util.ULocaleTest" time="0.0"/>
  <testcase name="likelySubtagsDataDriven(und-Adlm-GW;ff-Adlm-GW;ff-Adlm-GW;ff-Adlm-GW) [987]" classname="com.ibm.icu.dev.test.util.ULocaleTest" time="0.0"/>
  <testcase name="likelySubtagsDataDriven(und-Adlm-LR;ff-Adlm-LR;ff-Adlm-LR;ff-Adlm-LR) [988]" classname="com.ibm.icu.dev.test.util.ULocaleTest" time="0.0"/>
  <testcase name="likelySubtagsDataDriven(und-Adlm-MR;ff-Adlm-MR;ff-Adlm-MR;ff-Adlm-MR) [989]" classname="com.ibm.icu.dev.test.util.ULocaleTest" time="0.0"/>
  <testcase name="likelySubtagsDataDriven(und-Adlm-NE;ff-Adlm-NE;ff-Adlm-NE;ff-Adlm-NE) [990]" classname="com.ibm.icu.dev.test.util.ULocaleTest" time="0.0"/>
  <testcase name="likelySubtagsDataDriven(und-Adlm-NG;ff-Adlm-NG;ff-Adlm-NG;ff-Adlm-NG) [991]" classname="com.ibm.icu.dev.test.util.ULocaleTest" time="0.0"/>
  <testcase name="likelySubtagsDataDriven(und-Adlm-SL;ff-Adlm-SL;ff-Adlm-SL;ff-Adlm-SL) [992]" classname="com.ibm.icu.dev.test.util.ULocaleTest" time="0.0"/>
  <testcase name="likelySubtagsDataDriven(und-Adlm-SN;ff-Adlm-SN;ff-Adlm-SN;ff-Adlm-SN) [993]" classname="com.ibm.icu.dev.test.util.ULocaleTest" time="0.0"/>
  <testcase name="likelySubtagsDataDriven(und-Arab;ar-Arab-EG;ar;ar) [994]" classname="com.ibm.icu.dev.test.util.ULocaleTest" time="0.0"/>
  <testcase name="likelySubtagsDataDriven(und-Arab-001;ar-Arab-001;ar-001;ar-001) [995]" classname="com.ibm.icu.dev.test.util.ULocaleTest" time="0.0"/>
  <testcase name="likelySubtagsDataDriven(und-Arab-AE;ar-Arab-AE;ar-AE;ar-AE) [996]" classname="com.ibm.icu.dev.test.util.ULocaleTest" time="0.0"/>
  <testcase name="likelySubtagsDataDriven(und-Arab-AF;fa-Arab-AF;fa-AF;fa-AF) [997]" classname="com.ibm.icu.dev.test.util.ULocaleTest" time="0.0"/>
  <testcase name="likelySubtagsDataDriven(und-Arab-AQ;ar-Arab-AQ;ar-AQ;ar-AQ) [998]" classname="com.ibm.icu.dev.test.util.ULocaleTest" time="0.0"/>
  <testcase name="likelySubtagsDataDriven(und-Arab-BH;ar-Arab-BH;ar-BH;ar-BH) [999]" classname="com.ibm.icu.dev.test.util.ULocaleTest" time="0.0"/>
  <testcase name="likelySubtagsDataDriven(und-Arab-CN;ug-Arab-CN;ug;ug) [1000]" classname="com.ibm.icu.dev.test.util.ULocaleTest" time="0.0"/>
  <testcase name="likelySubtagsDataDriven(und-Arab-DJ;ar-Arab-DJ;ar-DJ;ar-DJ) [1001]" classname="com.ibm.icu.dev.test.util.ULocaleTest" time="0.0"/>
  <testcase name="likelySubtagsDataDriven(und-Arab-DZ;ar-Arab-DZ;ar-DZ;ar-DZ) [1002]" classname="com.ibm.icu.dev.test.util.ULocaleTest" time="0.0"/>
  <testcase name="likelySubtagsDataDriven(und-Arab-EG;ar-Arab-EG;ar;ar) [1003]" classname="com.ibm.icu.dev.test.util.ULocaleTest" time="0.0"/>
  <testcase name="likelySubtagsDataDriven(und-Arab-EH;ar-Arab-EH;ar-EH;ar-EH) [1004]" classname="com.ibm.icu.dev.test.util.ULocaleTest" time="0.0"/>
  <testcase name="likelySubtagsDataDriven(und-Arab-ER;ar-Arab-ER;ar-ER;ar-ER) [1005]" classname="com.ibm.icu.dev.test.util.ULocaleTest" time="0.0"/>
  <testcase name="likelySubtagsDataDriven(und-Arab-IL;ar-Arab-IL;ar-IL;ar-IL) [1006]" classname="com.ibm.icu.dev.test.util.ULocaleTest" time="0.0"/>
  <testcase name="likelySubtagsDataDriven(und-Arab-IN;ur-Arab-IN;ur-IN;ur-IN) [1007]" classname="com.ibm.icu.dev.test.util.ULocaleTest" time="0.0"/>
  <testcase name="likelySubtagsDataDriven(und-Arab-IQ;ar-Arab-IQ;ar-IQ;ar-IQ) [1008]" classname="com.ibm.icu.dev.test.util.ULocaleTest" time="0.0"/>
  <testcase name="likelySubtagsDataDriven(und-Arab-IR;fa-Arab-IR;fa;fa) [1009]" classname="com.ibm.icu.dev.test.util.ULocaleTest" time="0.0"/>
  <testcase name="likelySubtagsDataDriven(und-Arab-JO;ar-Arab-JO;ar-JO;ar-JO) [1010]" classname="com.ibm.icu.dev.test.util.ULocaleTest" time="0.0"/>
  <testcase name="likelySubtagsDataDriven(und-Arab-KM;ar-Arab-KM;ar-KM;ar-KM) [1011]" classname="com.ibm.icu.dev.test.util.ULocaleTest" time="0.0"/>
  <testcase name="likelySubtagsDataDriven(und-Arab-KW;ar-Arab-KW;ar-KW;ar-KW) [1012]" classname="com.ibm.icu.dev.test.util.ULocaleTest" time="0.0"/>
  <testcase name="likelySubtagsDataDriven(und-Arab-LB;ar-Arab-LB;ar-LB;ar-LB) [1013]" classname="com.ibm.icu.dev.test.util.ULocaleTest" time="0.0"/>
  <testcase name="likelySubtagsDataDriven(und-Arab-LY;ar-Arab-LY;ar-LY;ar-LY) [1014]" classname="com.ibm.icu.dev.test.util.ULocaleTest" time="0.0"/>
  <testcase name="likelySubtagsDataDriven(und-Arab-MA;ar-Arab-MA;ar-MA;ar-MA) [1015]" classname="com.ibm.icu.dev.test.util.ULocaleTest" time="0.0"/>
  <testcase name="likelySubtagsDataDriven(und-Arab-MR;ar-Arab-MR;ar-MR;ar-MR) [1016]" classname="com.ibm.icu.dev.test.util.ULocaleTest" time="0.001"/>
  <testcase name="likelySubtagsDataDriven(und-Arab-OM;ar-Arab-OM;ar-OM;ar-OM) [1017]" classname="com.ibm.icu.dev.test.util.ULocaleTest" time="0.0"/>
  <testcase name="likelySubtagsDataDriven(und-Arab-PK;ur-Arab-PK;ur;ur) [1018]" classname="com.ibm.icu.dev.test.util.ULocaleTest" time="0.0"/>
  <testcase name="likelySubtagsDataDriven(und-Arab-PS;ar-Arab-PS;ar-PS;ar-PS) [1019]" classname="com.ibm.icu.dev.test.util.ULocaleTest" time="0.0"/>
  <testcase name="likelySubtagsDataDriven(und-Arab-QA;ar-Arab-QA;ar-QA;ar-QA) [1020]" classname="com.ibm.icu.dev.test.util.ULocaleTest" time="0.0"/>
  <testcase name="likelySubtagsDataDriven(und-Arab-SA;ar-Arab-SA;ar-SA;ar-SA) [1021]" classname="com.ibm.icu.dev.test.util.ULocaleTest" time="0.0"/>
  <testcase name="likelySubtagsDataDriven(und-Arab-SD;ar-Arab-SD;ar-SD;ar-SD) [1022]" classname="com.ibm.icu.dev.test.util.ULocaleTest" time="0.0"/>
  <testcase name="likelySubtagsDataDriven(und-Arab-SO;ar-Arab-SO;ar-SO;ar-SO) [1023]" classname="com.ibm.icu.dev.test.util.ULocaleTest" time="0.0"/>
  <testcase name="likelySubtagsDataDriven(und-Arab-SS;ar-Arab-SS;ar-SS;ar-SS) [1024]" classname="com.ibm.icu.dev.test.util.ULocaleTest" time="0.0"/>
  <testcase name="likelySubtagsDataDriven(und-Arab-SY;ar-Arab-SY;ar-SY;ar-SY) [1025]" classname="com.ibm.icu.dev.test.util.ULocaleTest" time="0.0"/>
  <testcase name="likelySubtagsDataDriven(und-Arab-TD;ar-Arab-TD;ar-TD;ar-TD) [1026]" classname="com.ibm.icu.dev.test.util.ULocaleTest" time="0.0"/>
  <testcase name="likelySubtagsDataDriven(und-Arab-TN;ar-Arab-TN;ar-TN;ar-TN) [1027]" classname="com.ibm.icu.dev.test.util.ULocaleTest" time="0.0"/>
  <testcase name="likelySubtagsDataDriven(und-Arab-YE;ar-Arab-YE;ar-YE;ar-YE) [1028]" classname="com.ibm.icu.dev.test.util.ULocaleTest" time="0.0"/>
  <testcase name="likelySubtagsDataDriven(und-Armn;hy-Armn-AM;hy;hy) [1029]" classname="com.ibm.icu.dev.test.util.ULocaleTest" time="0.0"/>
  <testcase name="likelySubtagsDataDriven(und-Armn-AM;hy-Armn-AM;hy;hy) [1030]" classname="com.ibm.icu.dev.test.util.ULocaleTest" time="0.001"/>
  <testcase name="likelySubtagsDataDriven(und-Armn-AQ;hy-Armn-AQ;hy-AQ;hy-AQ) [1031]" classname="com.ibm.icu.dev.test.util.ULocaleTest" time="0.0"/>
  <testcase name="likelySubtagsDataDriven(und-BA;bs-Latn-BA;bs;bs) [1032]" classname="com.ibm.icu.dev.test.util.ULocaleTest" time="0.0"/>
  <testcase name="likelySubtagsDataDriven(und-BB;en-Latn-BB;en-BB;en-BB) [1033]" classname="com.ibm.icu.dev.test.util.ULocaleTest" time="0.0"/>
  <testcase name="likelySubtagsDataDriven(und-BD;bn-Beng-BD;bn;bn) [1034]" classname="com.ibm.icu.dev.test.util.ULocaleTest" time="0.0"/>
  <testcase name="likelySubtagsDataDriven(und-BE;nl-Latn-BE;nl-BE;nl-BE) [1035]" classname="com.ibm.icu.dev.test.util.ULocaleTest" time="0.0"/>
  <testcase name="likelySubtagsDataDriven(und-BF;fr-Latn-BF;fr-BF;fr-BF) [1036]" classname="com.ibm.icu.dev.test.util.ULocaleTest" time="0.0"/>
  <testcase name="likelySubtagsDataDriven(und-BG;bg-Cyrl-BG;bg;bg) [1037]" classname="com.ibm.icu.dev.test.util.ULocaleTest" time="0.0"/>
  <testcase name="likelySubtagsDataDriven(und-BH;ar-Arab-BH;ar-BH;ar-BH) [1038]" classname="com.ibm.icu.dev.test.util.ULocaleTest" time="0.0"/>
  <testcase name="likelySubtagsDataDriven(und-BI;rn-Latn-BI;rn;rn) [1039]" classname="com.ibm.icu.dev.test.util.ULocaleTest" time="0.0"/>
  <testcase name="likelySubtagsDataDriven(und-BJ;fr-Latn-BJ;fr-BJ;fr-BJ) [1040]" classname="com.ibm.icu.dev.test.util.ULocaleTest" time="0.0"/>
  <testcase name="likelySubtagsDataDriven(und-BL;fr-Latn-BL;fr-BL;fr-BL) [1041]" classname="com.ibm.icu.dev.test.util.ULocaleTest" time="0.0"/>
  <testcase name="likelySubtagsDataDriven(und-BM;en-Latn-BM;en-BM;en-BM) [1042]" classname="com.ibm.icu.dev.test.util.ULocaleTest" time="0.0"/>
  <testcase name="likelySubtagsDataDriven(und-BN;ms-Latn-BN;ms-BN;ms-BN) [1043]" classname="com.ibm.icu.dev.test.util.ULocaleTest" time="0.0"/>
  <testcase name="likelySubtagsDataDriven(und-BO;es-Latn-BO;es-BO;es-BO) [1044]" classname="com.ibm.icu.dev.test.util.ULocaleTest" time="0.0"/>
  <testcase name="likelySubtagsDataDriven(und-BQ;pap-Latn-BQ;pap-BQ;pap-BQ) [1045]" classname="com.ibm.icu.dev.test.util.ULocaleTest" time="0.0"/>
  <testcase name="likelySubtagsDataDriven(und-BR;pt-Latn-BR;pt;pt) [1046]" classname="com.ibm.icu.dev.test.util.ULocaleTest" time="0.0"/>
  <testcase name="likelySubtagsDataDriven(und-BS;en-Latn-BS;en-BS;en-BS) [1047]" classname="com.ibm.icu.dev.test.util.ULocaleTest" time="0.0"/>
  <testcase name="likelySubtagsDataDriven(und-BW;en-Latn-BW;en-BW;en-BW) [1048]" classname="com.ibm.icu.dev.test.util.ULocaleTest" time="0.0"/>
  <testcase name="likelySubtagsDataDriven(und-BY;be-Cyrl-BY;be;be) [1049]" classname="com.ibm.icu.dev.test.util.ULocaleTest" time="0.0"/>
  <testcase name="likelySubtagsDataDriven(und-BZ;en-Latn-BZ;en-BZ;en-BZ) [1050]" classname="com.ibm.icu.dev.test.util.ULocaleTest" time="0.0"/>
  <testcase name="likelySubtagsDataDriven(und-Beng;bn-Beng-BD;bn;bn) [1051]" classname="com.ibm.icu.dev.test.util.ULocaleTest" time="0.0"/>
  <testcase name="likelySubtagsDataDriven(und-Beng-AQ;bn-Beng-AQ;bn-AQ;bn-AQ) [1052]" classname="com.ibm.icu.dev.test.util.ULocaleTest" time="0.0"/>
  <testcase name="likelySubtagsDataDriven(und-Beng-BD;bn-Beng-BD;bn;bn) [1053]" classname="com.ibm.icu.dev.test.util.ULocaleTest" time="0.0"/>
  <testcase name="likelySubtagsDataDriven(und-Beng-IN;bn-Beng-IN;bn-IN;bn-IN) [1054]" classname="com.ibm.icu.dev.test.util.ULocaleTest" time="0.0"/>
  <testcase name="likelySubtagsDataDriven(und-CA;en-Latn-CA;en-CA;en-CA) [1055]" classname="com.ibm.icu.dev.test.util.ULocaleTest" time="0.0"/>
  <testcase name="likelySubtagsDataDriven(und-CC;ms-Arab-CC;ms-CC;ms-CC) [1056]" classname="com.ibm.icu.dev.test.util.ULocaleTest" time="0.0"/>
  <testcase name="likelySubtagsDataDriven(und-CD;sw-Latn-CD;sw-CD;sw-CD) [1057]" classname="com.ibm.icu.dev.test.util.ULocaleTest" time="0.0"/>
  <testcase name="likelySubtagsDataDriven(und-CF;fr-Latn-CF;fr-CF;fr-CF) [1058]" classname="com.ibm.icu.dev.test.util.ULocaleTest" time="0.0"/>
  <testcase name="likelySubtagsDataDriven(und-CG;fr-Latn-CG;fr-CG;fr-CG) [1059]" classname="com.ibm.icu.dev.test.util.ULocaleTest" time="0.0"/>
  <testcase name="likelySubtagsDataDriven(und-CH;de-Latn-CH;de-CH;de-CH) [1060]" classname="com.ibm.icu.dev.test.util.ULocaleTest" time="0.0"/>
  <testcase name="likelySubtagsDataDriven(und-CI;fr-Latn-CI;fr-CI;fr-CI) [1061]" classname="com.ibm.icu.dev.test.util.ULocaleTest" time="0.0"/>
  <testcase name="likelySubtagsDataDriven(und-CK;en-Latn-CK;en-CK;en-CK) [1062]" classname="com.ibm.icu.dev.test.util.ULocaleTest" time="0.0"/>
  <testcase name="likelySubtagsDataDriven(und-CL;es-Latn-CL;es-CL;es-CL) [1063]" classname="com.ibm.icu.dev.test.util.ULocaleTest" time="0.0"/>
  <testcase name="likelySubtagsDataDriven(und-CM;fr-Latn-CM;fr-CM;fr-CM) [1064]" classname="com.ibm.icu.dev.test.util.ULocaleTest" time="0.0"/>
  <testcase name="likelySubtagsDataDriven(und-CN;zh-Hans-CN;zh;zh) [1065]" classname="com.ibm.icu.dev.test.util.ULocaleTest" time="0.0"/>
  <testcase name="likelySubtagsDataDriven(und-CO;es-Latn-CO;es-CO;es-CO) [1066]" classname="com.ibm.icu.dev.test.util.ULocaleTest" time="0.0"/>
  <testcase name="likelySubtagsDataDriven(und-CR;es-Latn-CR;es-CR;es-CR) [1067]" classname="com.ibm.icu.dev.test.util.ULocaleTest" time="0.0"/>
  <testcase name="likelySubtagsDataDriven(und-CU;es-Latn-CU;es-CU;es-CU) [1068]" classname="com.ibm.icu.dev.test.util.ULocaleTest" time="0.0"/>
  <testcase name="likelySubtagsDataDriven(und-CV;pt-Latn-CV;pt-CV;pt-CV) [1069]" classname="com.ibm.icu.dev.test.util.ULocaleTest" time="0.0"/>
  <testcase name="likelySubtagsDataDriven(und-CW;pap-Latn-CW;pap;pap) [1070]" classname="com.ibm.icu.dev.test.util.ULocaleTest" time="0.0"/>
  <testcase name="likelySubtagsDataDriven(und-CX;en-Latn-CX;en-CX;en-CX) [1071]" classname="com.ibm.icu.dev.test.util.ULocaleTest" time="0.0"/>
  <testcase name="likelySubtagsDataDriven(und-CY;el-Grek-CY;el-CY;el-CY) [1072]" classname="com.ibm.icu.dev.test.util.ULocaleTest" time="0.0"/>
  <testcase name="likelySubtagsDataDriven(und-CZ;cs-Latn-CZ;cs;cs) [1073]" classname="com.ibm.icu.dev.test.util.ULocaleTest" time="0.0"/>
  <testcase name="likelySubtagsDataDriven(und-Cans;iu-Cans-CA;iu;iu) [1074]" classname="com.ibm.icu.dev.test.util.ULocaleTest" time="0.0"/>
  <testcase name="likelySubtagsDataDriven(und-Cans-AQ;iu-Cans-AQ;iu-AQ;iu-AQ) [1075]" classname="com.ibm.icu.dev.test.util.ULocaleTest" time="0.0"/>
  <testcase name="likelySubtagsDataDriven(und-Cans-CA;iu-Cans-CA;iu;iu) [1076]" classname="com.ibm.icu.dev.test.util.ULocaleTest" time="0.0"/>
  <testcase name="likelySubtagsDataDriven(und-Cher;chr-Cher-US;chr;chr) [1077]" classname="com.ibm.icu.dev.test.util.ULocaleTest" time="0.0"/>
  <testcase name="likelySubtagsDataDriven(und-Cher-AQ;chr-Cher-AQ;chr-AQ;chr-AQ) [1078]" classname="com.ibm.icu.dev.test.util.ULocaleTest" time="0.0"/>
  <testcase name="likelySubtagsDataDriven(und-Cher-US;chr-Cher-US;chr;chr) [1079]" classname="com.ibm.icu.dev.test.util.ULocaleTest" time="0.0"/>
  <testcase name="likelySubtagsDataDriven(und-Cyrl;ru-Cyrl-RU;ru;ru) [1080]" classname="com.ibm.icu.dev.test.util.ULocaleTest" time="0.0"/>
  <testcase name="likelySubtagsDataDriven(und-Cyrl-AQ;ru-Cyrl-AQ;ru-AQ;ru-AQ) [1081]" classname="com.ibm.icu.dev.test.util.ULocaleTest" time="0.001"/>
  <testcase name="likelySubtagsDataDriven(und-Cyrl-BA;sr-Cyrl-BA;sr-BA;sr-BA) [1082]" classname="com.ibm.icu.dev.test.util.ULocaleTest" time="0.0"/>
  <testcase name="likelySubtagsDataDriven(und-Cyrl-BG;bg-Cyrl-BG;bg;bg) [1083]" classname="com.ibm.icu.dev.test.util.ULocaleTest" time="0.0"/>
  <testcase name="likelySubtagsDataDriven(und-Cyrl-BY;be-Cyrl-BY;be;be) [1084]" classname="com.ibm.icu.dev.test.util.ULocaleTest" time="0.0"/>
  <testcase name="likelySubtagsDataDriven(und-Cyrl-KG;ky-Cyrl-KG;ky;ky) [1085]" classname="com.ibm.icu.dev.test.util.ULocaleTest" time="0.0"/>
  <testcase name="likelySubtagsDataDriven(und-Cyrl-KZ;ru-Cyrl-KZ;ru-KZ;ru-KZ) [1086]" classname="com.ibm.icu.dev.test.util.ULocaleTest" time="0.0"/>
  <testcase name="likelySubtagsDataDriven(und-Cyrl-MD;uk-Cyrl-MD;uk-MD;uk-MD) [1087]" classname="com.ibm.icu.dev.test.util.ULocaleTest" time="0.0"/>
  <testcase name="likelySubtagsDataDriven(und-Cyrl-ME;ru-Cyrl-ME;ru-ME;ru-ME) [1088]" classname="com.ibm.icu.dev.test.util.ULocaleTest" time="0.0"/>
  <testcase name="likelySubtagsDataDriven(und-Cyrl-MK;mk-Cyrl-MK;mk;mk) [1089]" classname="com.ibm.icu.dev.test.util.ULocaleTest" time="0.0"/>
  <testcase name="likelySubtagsDataDriven(und-Cyrl-MN;mn-Cyrl-MN;mn;mn) [1090]" classname="com.ibm.icu.dev.test.util.ULocaleTest" time="0.0"/>
  <testcase name="likelySubtagsDataDriven(und-Cyrl-RS;sr-Cyrl-RS;sr;sr) [1091]" classname="com.ibm.icu.dev.test.util.ULocaleTest" time="0.0"/>
  <testcase name="likelySubtagsDataDriven(und-Cyrl-RU;ru-Cyrl-RU;ru;ru) [1092]" classname="com.ibm.icu.dev.test.util.ULocaleTest" time="0.0"/>
  <testcase name="likelySubtagsDataDriven(und-Cyrl-TJ;tg-Cyrl-TJ;tg;tg) [1093]" classname="com.ibm.icu.dev.test.util.ULocaleTest" time="0.0"/>
  <testcase name="likelySubtagsDataDriven(und-Cyrl-UA;uk-Cyrl-UA;uk;uk) [1094]" classname="com.ibm.icu.dev.test.util.ULocaleTest" time="0.0"/>
  <testcase name="likelySubtagsDataDriven(und-Cyrl-UZ;ru-Cyrl-UZ;ru-UZ;ru-UZ) [1095]" classname="com.ibm.icu.dev.test.util.ULocaleTest" time="0.0"/>
  <testcase name="likelySubtagsDataDriven(und-Cyrl-XK;sr-Cyrl-XK;sr-XK;sr-XK) [1096]" classname="com.ibm.icu.dev.test.util.ULocaleTest" time="0.0"/>
  <testcase name="likelySubtagsDataDriven(und-DE;de-Latn-DE;de;de) [1097]" classname="com.ibm.icu.dev.test.util.ULocaleTest" time="0.0"/>
  <testcase name="likelySubtagsDataDriven(und-DG;en-Latn-DG;en-DG;en-DG) [1098]" classname="com.ibm.icu.dev.test.util.ULocaleTest" time="0.0"/>
  <testcase name="likelySubtagsDataDriven(und-DJ;aa-Latn-DJ;aa-DJ;aa-DJ) [1099]" classname="com.ibm.icu.dev.test.util.ULocaleTest" time="0.0"/>
  <testcase name="likelySubtagsDataDriven(und-DK;da-Latn-DK;da;da) [1100]" classname="com.ibm.icu.dev.test.util.ULocaleTest" time="0.0"/>
  <testcase name="likelySubtagsDataDriven(und-DM;en-Latn-DM;en-DM;en-DM) [1101]" classname="com.ibm.icu.dev.test.util.ULocaleTest" time="0.0"/>
  <testcase name="likelySubtagsDataDriven(und-DO;es-Latn-DO;es-DO;es-DO) [1102]" classname="com.ibm.icu.dev.test.util.ULocaleTest" time="0.0"/>
  <testcase name="likelySubtagsDataDriven(und-DZ;ar-Arab-DZ;ar-DZ;ar-DZ) [1103]" classname="com.ibm.icu.dev.test.util.ULocaleTest" time="0.0"/>
  <testcase name="likelySubtagsDataDriven(und-Deva;hi-Deva-IN;hi;hi) [1104]" classname="com.ibm.icu.dev.test.util.ULocaleTest" time="0.0"/>
  <testcase name="likelySubtagsDataDriven(und-Deva-AQ;hi-Deva-AQ;hi-AQ;hi-AQ) [1105]" classname="com.ibm.icu.dev.test.util.ULocaleTest" time="0.0"/>
  <testcase name="likelySubtagsDataDriven(und-Deva-IN;hi-Deva-IN;hi;hi) [1106]" classname="com.ibm.icu.dev.test.util.ULocaleTest" time="0.0"/>
  <testcase name="likelySubtagsDataDriven(und-Deva-NP;ne-Deva-NP;ne;ne) [1107]" classname="com.ibm.icu.dev.test.util.ULocaleTest" time="0.0"/>
  <testcase name="likelySubtagsDataDriven(und-Deva-PK;btv-Deva-PK;btv;btv) [1108]" classname="com.ibm.icu.dev.test.util.ULocaleTest" time="0.0"/>
  <testcase name="likelySubtagsDataDriven(und-EA;es-Latn-EA;es-EA;es-EA) [1109]" classname="com.ibm.icu.dev.test.util.ULocaleTest" time="0.0"/>
  <testcase name="likelySubtagsDataDriven(und-EC;es-Latn-EC;es-EC;es-EC) [1110]" classname="com.ibm.icu.dev.test.util.ULocaleTest" time="0.0"/>
  <testcase name="likelySubtagsDataDriven(und-EE;et-Latn-EE;et;et) [1111]" classname="com.ibm.icu.dev.test.util.ULocaleTest" time="0.0"/>
  <testcase name="likelySubtagsDataDriven(und-EG;ar-Arab-EG;ar;ar) [1112]" classname="com.ibm.icu.dev.test.util.ULocaleTest" time="0.0"/>
  <testcase name="likelySubtagsDataDriven(und-EH;ar-Arab-EH;ar-EH;ar-EH) [1113]" classname="com.ibm.icu.dev.test.util.ULocaleTest" time="0.0"/>
  <testcase name="likelySubtagsDataDriven(und-ER;ti-Ethi-ER;ti-ER;ti-ER) [1114]" classname="com.ibm.icu.dev.test.util.ULocaleTest" time="0.0"/>
  <testcase name="likelySubtagsDataDriven(und-ES;es-Latn-ES;es;es) [1115]" classname="com.ibm.icu.dev.test.util.ULocaleTest" time="0.0"/>
  <testcase name="likelySubtagsDataDriven(und-ET;am-Ethi-ET;am;am) [1116]" classname="com.ibm.icu.dev.test.util.ULocaleTest" time="0.0"/>
  <testcase name="likelySubtagsDataDriven(und-Egyp;egy-Egyp-EG;egy;egy) [1117]" classname="com.ibm.icu.dev.test.util.ULocaleTest" time="0.001"/>
  <testcase name="likelySubtagsDataDriven(und-Ethi;am-Ethi-ET;am;am) [1118]" classname="com.ibm.icu.dev.test.util.ULocaleTest" time="0.0"/>
  <testcase name="likelySubtagsDataDriven(und-Ethi-AQ;am-Ethi-AQ;am-AQ;am-AQ) [1119]" classname="com.ibm.icu.dev.test.util.ULocaleTest" time="0.0"/>
  <testcase name="likelySubtagsDataDriven(und-Ethi-ER;ti-Ethi-ER;ti-ER;ti-ER) [1120]" classname="com.ibm.icu.dev.test.util.ULocaleTest" time="0.0"/>
  <testcase name="likelySubtagsDataDriven(und-Ethi-ET;am-Ethi-ET;am;am) [1121]" classname="com.ibm.icu.dev.test.util.ULocaleTest" time="0.0"/>
  <testcase name="likelySubtagsDataDriven(und-FI;fi-Latn-FI;fi;fi) [1122]" classname="com.ibm.icu.dev.test.util.ULocaleTest" time="0.0"/>
  <testcase name="likelySubtagsDataDriven(und-FJ;en-Latn-FJ;en-FJ;en-FJ) [1123]" classname="com.ibm.icu.dev.test.util.ULocaleTest" time="0.0"/>
  <testcase name="likelySubtagsDataDriven(und-FK;en-Latn-FK;en-FK;en-FK) [1124]" classname="com.ibm.icu.dev.test.util.ULocaleTest" time="0.0"/>
  <testcase name="likelySubtagsDataDriven(und-FM;en-Latn-FM;en-FM;en-FM) [1125]" classname="com.ibm.icu.dev.test.util.ULocaleTest" time="0.0"/>
  <testcase name="likelySubtagsDataDriven(und-FO;fo-Latn-FO;fo;fo) [1126]" classname="com.ibm.icu.dev.test.util.ULocaleTest" time="0.0"/>
  <testcase name="likelySubtagsDataDriven(und-FR;fr-Latn-FR;fr;fr) [1127]" classname="com.ibm.icu.dev.test.util.ULocaleTest" time="0.0"/>
  <testcase name="likelySubtagsDataDriven(und-GA;fr-Latn-GA;fr-GA;fr-GA) [1128]" classname="com.ibm.icu.dev.test.util.ULocaleTest" time="0.0"/>
  <testcase name="likelySubtagsDataDriven(und-GB;en-Latn-GB;en-GB;en-GB) [1129]" classname="com.ibm.icu.dev.test.util.ULocaleTest" time="0.0"/>
  <testcase name="likelySubtagsDataDriven(und-GD;en-Latn-GD;en-GD;en-GD) [1130]" classname="com.ibm.icu.dev.test.util.ULocaleTest" time="0.0"/>
  <testcase name="likelySubtagsDataDriven(und-GE;ka-Geor-GE;ka;ka) [1131]" classname="com.ibm.icu.dev.test.util.ULocaleTest" time="0.0"/>
  <testcase name="likelySubtagsDataDriven(und-GF;fr-Latn-GF;fr-GF;fr-GF) [1132]" classname="com.ibm.icu.dev.test.util.ULocaleTest" time="0.0"/>
  <testcase name="likelySubtagsDataDriven(und-GG;en-Latn-GG;en-GG;en-GG) [1133]" classname="com.ibm.icu.dev.test.util.ULocaleTest" time="0.0"/>
  <testcase name="likelySubtagsDataDriven(und-GH;ak-Latn-GH;ak;ak) [1134]" classname="com.ibm.icu.dev.test.util.ULocaleTest" time="0.0"/>
  <testcase name="likelySubtagsDataDriven(und-GI;en-Latn-GI;en-GI;en-GI) [1135]" classname="com.ibm.icu.dev.test.util.ULocaleTest" time="0.0"/>
  <testcase name="likelySubtagsDataDriven(und-GL;kl-Latn-GL;kl;kl) [1136]" classname="com.ibm.icu.dev.test.util.ULocaleTest" time="0.0"/>
  <testcase name="likelySubtagsDataDriven(und-GM;en-Latn-GM;en-GM;en-GM) [1137]" classname="com.ibm.icu.dev.test.util.ULocaleTest" time="0.0"/>
  <testcase name="likelySubtagsDataDriven(und-GN;fr-Latn-GN;fr-GN;fr-GN) [1138]" classname="com.ibm.icu.dev.test.util.ULocaleTest" time="0.0"/>
  <testcase name="likelySubtagsDataDriven(und-GP;fr-Latn-GP;fr-GP;fr-GP) [1139]" classname="com.ibm.icu.dev.test.util.ULocaleTest" time="0.0"/>
  <testcase name="likelySubtagsDataDriven(und-GQ;es-Latn-GQ;es-GQ;es-GQ) [1140]" classname="com.ibm.icu.dev.test.util.ULocaleTest" time="0.0"/>
  <testcase name="likelySubtagsDataDriven(und-GR;el-Grek-GR;el;el) [1141]" classname="com.ibm.icu.dev.test.util.ULocaleTest" time="0.0"/>
  <testcase name="likelySubtagsDataDriven(und-GT;es-Latn-GT;es-GT;es-GT) [1142]" classname="com.ibm.icu.dev.test.util.ULocaleTest" time="0.0"/>
  <testcase name="likelySubtagsDataDriven(und-GU;en-Latn-GU;en-GU;en-GU) [1143]" classname="com.ibm.icu.dev.test.util.ULocaleTest" time="0.0"/>
  <testcase name="likelySubtagsDataDriven(und-GW;pt-Latn-GW;pt-GW;pt-GW) [1144]" classname="com.ibm.icu.dev.test.util.ULocaleTest" time="0.0"/>
  <testcase name="likelySubtagsDataDriven(und-GY;en-Latn-GY;en-GY;en-GY) [1145]" classname="com.ibm.icu.dev.test.util.ULocaleTest" time="0.0"/>
  <testcase name="likelySubtagsDataDriven(und-Geor;ka-Geor-GE;ka;ka) [1146]" classname="com.ibm.icu.dev.test.util.ULocaleTest" time="0.0"/>
  <testcase name="likelySubtagsDataDriven(und-Geor-AQ;ka-Geor-AQ;ka-AQ;ka-AQ) [1147]" classname="com.ibm.icu.dev.test.util.ULocaleTest" time="0.0"/>
  <testcase name="likelySubtagsDataDriven(und-Geor-GE;ka-Geor-GE;ka;ka) [1148]" classname="com.ibm.icu.dev.test.util.ULocaleTest" time="0.0"/>
  <testcase name="likelySubtagsDataDriven(und-Grek;el-Grek-GR;el;el) [1149]" classname="com.ibm.icu.dev.test.util.ULocaleTest" time="0.0"/>
  <testcase name="likelySubtagsDataDriven(und-Grek-AQ;el-Grek-AQ;el-AQ;el-AQ) [1150]" classname="com.ibm.icu.dev.test.util.ULocaleTest" time="0.0"/>
  <testcase name="likelySubtagsDataDriven(und-Grek-CY;el-Grek-CY;el-CY;el-CY) [1151]" classname="com.ibm.icu.dev.test.util.ULocaleTest" time="0.0"/>
  <testcase name="likelySubtagsDataDriven(und-Grek-GR;el-Grek-GR;el;el) [1152]" classname="com.ibm.icu.dev.test.util.ULocaleTest" time="0.0"/>
  <testcase name="likelySubtagsDataDriven(und-Gujr;gu-Gujr-IN;gu;gu) [1153]" classname="com.ibm.icu.dev.test.util.ULocaleTest" time="0.0"/>
  <testcase name="likelySubtagsDataDriven(und-Gujr-AQ;gu-Gujr-AQ;gu-AQ;gu-AQ) [1154]" classname="com.ibm.icu.dev.test.util.ULocaleTest" time="0.0"/>
  <testcase name="likelySubtagsDataDriven(und-Gujr-IN;gu-Gujr-IN;gu;gu) [1155]" classname="com.ibm.icu.dev.test.util.ULocaleTest" time="0.0"/>
  <testcase name="likelySubtagsDataDriven(und-Guru;pa-Guru-IN;pa;pa) [1156]" classname="com.ibm.icu.dev.test.util.ULocaleTest" time="0.0"/>
  <testcase name="likelySubtagsDataDriven(und-Guru-AQ;pa-Guru-AQ;pa-AQ;pa-AQ) [1157]" classname="com.ibm.icu.dev.test.util.ULocaleTest" time="0.0"/>
  <testcase name="likelySubtagsDataDriven(und-Guru-IN;pa-Guru-IN;pa;pa) [1158]" classname="com.ibm.icu.dev.test.util.ULocaleTest" time="0.0"/>
  <testcase name="likelySubtagsDataDriven(und-HK;zh-Hant-HK;zh-HK;zh-HK) [1159]" classname="com.ibm.icu.dev.test.util.ULocaleTest" time="0.0"/>
  <testcase name="likelySubtagsDataDriven(und-HN;es-Latn-HN;es-HN;es-HN) [1160]" classname="com.ibm.icu.dev.test.util.ULocaleTest" time="0.0"/>
  <testcase name="likelySubtagsDataDriven(und-HR;hr-Latn-HR;hr;hr) [1161]" classname="com.ibm.icu.dev.test.util.ULocaleTest" time="0.0"/>
  <testcase name="likelySubtagsDataDriven(und-HT;ht-Latn-HT;ht;ht) [1162]" classname="com.ibm.icu.dev.test.util.ULocaleTest" time="0.0"/>
  <testcase name="likelySubtagsDataDriven(und-HU;hu-Latn-HU;hu;hu) [1163]" classname="com.ibm.icu.dev.test.util.ULocaleTest" time="0.0"/>
  <testcase name="likelySubtagsDataDriven(und-Hans;zh-Hans-CN;zh;zh) [1164]" classname="com.ibm.icu.dev.test.util.ULocaleTest" time="0.0"/>
  <testcase name="likelySubtagsDataDriven(und-Hans-AQ;zh-Hans-AQ;zh-AQ;zh-AQ) [1165]" classname="com.ibm.icu.dev.test.util.ULocaleTest" time="0.0"/>
  <testcase name="likelySubtagsDataDriven(und-Hans-CN;zh-Hans-CN;zh;zh) [1166]" classname="com.ibm.icu.dev.test.util.ULocaleTest" time="0.0"/>
  <testcase name="likelySubtagsDataDriven(und-Hans-HK;zh-Hans-HK;zh-Hans-HK;zh-Hans-HK) [1167]" classname="com.ibm.icu.dev.test.util.ULocaleTest" time="0.0"/>
  <testcase name="likelySubtagsDataDriven(und-Hans-MO;zh-Hans-MO;zh-Hans-MO;zh-Hans-MO) [1168]" classname="com.ibm.icu.dev.test.util.ULocaleTest" time="0.0"/>
  <testcase name="likelySubtagsDataDriven(und-Hans-SG;zh-Hans-SG;zh-SG;zh-SG) [1169]" classname="com.ibm.icu.dev.test.util.ULocaleTest" time="0.0"/>
  <testcase name="likelySubtagsDataDriven(und-Hans-TW;zh-Hans-TW;zh-Hans-TW;zh-Hans-TW) [1170]" classname="com.ibm.icu.dev.test.util.ULocaleTest" time="0.0"/>
  <testcase name="likelySubtagsDataDriven(und-Hant;zh-Hant-TW;zh-Hant;zh-TW) [1171]" classname="com.ibm.icu.dev.test.util.ULocaleTest" time="0.0"/>
  <testcase name="likelySubtagsDataDriven(und-Hant-AQ;zh-Hant-AQ;zh-Hant-AQ;zh-Hant-AQ) [1172]" classname="com.ibm.icu.dev.test.util.ULocaleTest" time="0.0"/>
  <testcase name="likelySubtagsDataDriven(und-Hant-CN;zh-Hant-CN;zh-Hant-CN;zh-Hant-CN) [1173]" classname="com.ibm.icu.dev.test.util.ULocaleTest" time="0.0"/>
  <testcase name="likelySubtagsDataDriven(und-Hant-HK;zh-Hant-HK;zh-HK;zh-HK) [1174]" classname="com.ibm.icu.dev.test.util.ULocaleTest" time="0.0"/>
  <testcase name="likelySubtagsDataDriven(und-Hant-MO;zh-Hant-MO;zh-MO;zh-MO) [1175]" classname="com.ibm.icu.dev.test.util.ULocaleTest" time="0.0"/>
  <testcase name="likelySubtagsDataDriven(und-Hant-SG;zh-Hant-SG;zh-Hant-SG;zh-Hant-SG) [1176]" classname="com.ibm.icu.dev.test.util.ULocaleTest" time="0.0"/>
  <testcase name="likelySubtagsDataDriven(und-Hant-TW;zh-Hant-TW;zh-Hant;zh-TW) [1177]" classname="com.ibm.icu.dev.test.util.ULocaleTest" time="0.0"/>
  <testcase name="likelySubtagsDataDriven(und-Hebr;he-Hebr-IL;he;he) [1178]" classname="com.ibm.icu.dev.test.util.ULocaleTest" time="0.0"/>
  <testcase name="likelySubtagsDataDriven(und-Hebr-AQ;he-Hebr-AQ;he-AQ;he-AQ) [1179]" classname="com.ibm.icu.dev.test.util.ULocaleTest" time="0.0"/>
  <testcase name="likelySubtagsDataDriven(und-Hebr-IL;he-Hebr-IL;he;he) [1180]" classname="com.ibm.icu.dev.test.util.ULocaleTest" time="0.0"/>
  <testcase name="likelySubtagsDataDriven(und-IC;es-Latn-IC;es-IC;es-IC) [1181]" classname="com.ibm.icu.dev.test.util.ULocaleTest" time="0.0"/>
  <testcase name="likelySubtagsDataDriven(und-ID;id-Latn-ID;id;id) [1182]" classname="com.ibm.icu.dev.test.util.ULocaleTest" time="0.0"/>
  <testcase name="likelySubtagsDataDriven(und-IE;en-Latn-IE;en-IE;en-IE) [1183]" classname="com.ibm.icu.dev.test.util.ULocaleTest" time="0.0"/>
  <testcase name="likelySubtagsDataDriven(und-IL;he-Hebr-IL;he;he) [1184]" classname="com.ibm.icu.dev.test.util.ULocaleTest" time="0.0"/>
  <testcase name="likelySubtagsDataDriven(und-IM;en-Latn-IM;en-IM;en-IM) [1185]" classname="com.ibm.icu.dev.test.util.ULocaleTest" time="0.0"/>
  <testcase name="likelySubtagsDataDriven(und-IN;hi-Deva-IN;hi;hi) [1186]" classname="com.ibm.icu.dev.test.util.ULocaleTest" time="0.0"/>
  <testcase name="likelySubtagsDataDriven(und-IO;en-Latn-IO;en-IO;en-IO) [1187]" classname="com.ibm.icu.dev.test.util.ULocaleTest" time="0.0"/>
  <testcase name="likelySubtagsDataDriven(und-IQ;ar-Arab-IQ;ar-IQ;ar-IQ) [1188]" classname="com.ibm.icu.dev.test.util.ULocaleTest" time="0.0"/>
  <testcase name="likelySubtagsDataDriven(und-IR;fa-Arab-IR;fa;fa) [1189]" classname="com.ibm.icu.dev.test.util.ULocaleTest" time="0.0"/>
  <testcase name="likelySubtagsDataDriven(und-IS;is-Latn-IS;is;is) [1190]" classname="com.ibm.icu.dev.test.util.ULocaleTest" time="0.0"/>
  <testcase name="likelySubtagsDataDriven(und-IT;it-Latn-IT;it;it) [1191]" classname="com.ibm.icu.dev.test.util.ULocaleTest" time="0.0"/>
  <testcase name="likelySubtagsDataDriven(und-JE;en-Latn-JE;en-JE;en-JE) [1192]" classname="com.ibm.icu.dev.test.util.ULocaleTest" time="0.0"/>
  <testcase name="likelySubtagsDataDriven(und-JM;en-Latn-JM;en-JM;en-JM) [1193]" classname="com.ibm.icu.dev.test.util.ULocaleTest" time="0.0"/>
  <testcase name="likelySubtagsDataDriven(und-JO;ar-Arab-JO;ar-JO;ar-JO) [1194]" classname="com.ibm.icu.dev.test.util.ULocaleTest" time="0.0"/>
  <testcase name="likelySubtagsDataDriven(und-JP;ja-Jpan-JP;ja;ja) [1195]" classname="com.ibm.icu.dev.test.util.ULocaleTest" time="0.0"/>
  <testcase name="likelySubtagsDataDriven(und-Jpan;ja-Jpan-JP;ja;ja) [1196]" classname="com.ibm.icu.dev.test.util.ULocaleTest" time="0.0"/>
  <testcase name="likelySubtagsDataDriven(und-Jpan-AQ;ja-Jpan-AQ;ja-AQ;ja-AQ) [1197]" classname="com.ibm.icu.dev.test.util.ULocaleTest" time="0.0"/>
  <testcase name="likelySubtagsDataDriven(und-Jpan-JP;ja-Jpan-JP;ja;ja) [1198]" classname="com.ibm.icu.dev.test.util.ULocaleTest" time="0.0"/>
  <testcase name="likelySubtagsDataDriven(und-KE;sw-Latn-KE;sw-KE;sw-KE) [1199]" classname="com.ibm.icu.dev.test.util.ULocaleTest" time="0.0"/>
  <testcase name="likelySubtagsDataDriven(und-KG;ky-Cyrl-KG;ky;ky) [1200]" classname="com.ibm.icu.dev.test.util.ULocaleTest" time="0.0"/>
  <testcase name="likelySubtagsDataDriven(und-KH;km-Khmr-KH;km;km) [1201]" classname="com.ibm.icu.dev.test.util.ULocaleTest" time="0.0"/>
  <testcase name="likelySubtagsDataDriven(und-KI;en-Latn-KI;en-KI;en-KI) [1202]" classname="com.ibm.icu.dev.test.util.ULocaleTest" time="0.0"/>
  <testcase name="likelySubtagsDataDriven(und-KM;ar-Arab-KM;ar-KM;ar-KM) [1203]" classname="com.ibm.icu.dev.test.util.ULocaleTest" time="0.0"/>
  <testcase name="likelySubtagsDataDriven(und-KN;en-Latn-KN;en-KN;en-KN) [1204]" classname="com.ibm.icu.dev.test.util.ULocaleTest" time="0.0"/>
  <testcase name="likelySubtagsDataDriven(und-KP;ko-Kore-KP;ko-KP;ko-KP) [1205]" classname="com.ibm.icu.dev.test.util.ULocaleTest" time="0.0"/>
  <testcase name="likelySubtagsDataDriven(und-KR;ko-Kore-KR;ko;ko) [1206]" classname="com.ibm.icu.dev.test.util.ULocaleTest" time="0.0"/>
  <testcase name="likelySubtagsDataDriven(und-KW;ar-Arab-KW;ar-KW;ar-KW) [1207]" classname="com.ibm.icu.dev.test.util.ULocaleTest" time="0.0"/>
  <testcase name="likelySubtagsDataDriven(und-KY;en-Latn-KY;en-KY;en-KY) [1208]" classname="com.ibm.icu.dev.test.util.ULocaleTest" time="0.0"/>
  <testcase name="likelySubtagsDataDriven(und-KZ;ru-Cyrl-KZ;ru-KZ;ru-KZ) [1209]" classname="com.ibm.icu.dev.test.util.ULocaleTest" time="0.0"/>
  <testcase name="likelySubtagsDataDriven(und-Khmr;km-Khmr-KH;km;km) [1210]" classname="com.ibm.icu.dev.test.util.ULocaleTest" time="0.0"/>
  <testcase name="likelySubtagsDataDriven(und-Khmr-AQ;km-Khmr-AQ;km-AQ;km-AQ) [1211]" classname="com.ibm.icu.dev.test.util.ULocaleTest" time="0.0"/>
  <testcase name="likelySubtagsDataDriven(und-Khmr-KH;km-Khmr-KH;km;km) [1212]" classname="com.ibm.icu.dev.test.util.ULocaleTest" time="0.0"/>
  <testcase name="likelySubtagsDataDriven(und-Knda;kn-Knda-IN;kn;kn) [1213]" classname="com.ibm.icu.dev.test.util.ULocaleTest" time="0.0"/>
  <testcase name="likelySubtagsDataDriven(und-Knda-AQ;kn-Knda-AQ;kn-AQ;kn-AQ) [1214]" classname="com.ibm.icu.dev.test.util.ULocaleTest" time="0.0"/>
  <testcase name="likelySubtagsDataDriven(und-Knda-IN;kn-Knda-IN;kn;kn) [1215]" classname="com.ibm.icu.dev.test.util.ULocaleTest" time="0.0"/>
  <testcase name="likelySubtagsDataDriven(und-Kore;ko-Kore-KR;ko;ko) [1216]" classname="com.ibm.icu.dev.test.util.ULocaleTest" time="0.0"/>
  <testcase name="likelySubtagsDataDriven(und-Kore-AQ;ko-Kore-AQ;ko-AQ;ko-AQ) [1217]" classname="com.ibm.icu.dev.test.util.ULocaleTest" time="0.0"/>
  <testcase name="likelySubtagsDataDriven(und-Kore-CN;ko-Kore-CN;ko-CN;ko-CN) [1218]" classname="com.ibm.icu.dev.test.util.ULocaleTest" time="0.0"/>
  <testcase name="likelySubtagsDataDriven(und-Kore-KP;ko-Kore-KP;ko-KP;ko-KP) [1219]" classname="com.ibm.icu.dev.test.util.ULocaleTest" time="0.0"/>
  <testcase name="likelySubtagsDataDriven(und-Kore-KR;ko-Kore-KR;ko;ko) [1220]" classname="com.ibm.icu.dev.test.util.ULocaleTest" time="0.0"/>
  <testcase name="likelySubtagsDataDriven(und-LA;lo-Laoo-LA;lo;lo) [1221]" classname="com.ibm.icu.dev.test.util.ULocaleTest" time="0.0"/>
  <testcase name="likelySubtagsDataDriven(und-LB;ar-Arab-LB;ar-LB;ar-LB) [1222]" classname="com.ibm.icu.dev.test.util.ULocaleTest" time="0.0"/>
  <testcase name="likelySubtagsDataDriven(und-LC;en-Latn-LC;en-LC;en-LC) [1223]" classname="com.ibm.icu.dev.test.util.ULocaleTest" time="0.0"/>
  <testcase name="likelySubtagsDataDriven(und-LI;de-Latn-LI;de-LI;de-LI) [1224]" classname="com.ibm.icu.dev.test.util.ULocaleTest" time="0.0"/>
  <testcase name="likelySubtagsDataDriven(und-LK;si-Sinh-LK;si;si) [1225]" classname="com.ibm.icu.dev.test.util.ULocaleTest" time="0.0"/>
  <testcase name="likelySubtagsDataDriven(und-LR;en-Latn-LR;en-LR;en-LR) [1226]" classname="com.ibm.icu.dev.test.util.ULocaleTest" time="0.0"/>
  <testcase name="likelySubtagsDataDriven(und-LS;st-Latn-LS;st-LS;st-LS) [1227]" classname="com.ibm.icu.dev.test.util.ULocaleTest" time="0.0"/>
  <testcase name="likelySubtagsDataDriven(und-LT;lt-Latn-LT;lt;lt) [1228]" classname="com.ibm.icu.dev.test.util.ULocaleTest" time="0.0"/>
  <testcase name="likelySubtagsDataDriven(und-LU;fr-Latn-LU;fr-LU;fr-LU) [1229]" classname="com.ibm.icu.dev.test.util.ULocaleTest" time="0.0"/>
  <testcase name="likelySubtagsDataDriven(und-LV;lv-Latn-LV;lv;lv) [1230]" classname="com.ibm.icu.dev.test.util.ULocaleTest" time="0.0"/>
  <testcase name="likelySubtagsDataDriven(und-LY;ar-Arab-LY;ar-LY;ar-LY) [1231]" classname="com.ibm.icu.dev.test.util.ULocaleTest" time="0.0"/>
  <testcase name="likelySubtagsDataDriven(und-Laoo;lo-Laoo-LA;lo;lo) [1232]" classname="com.ibm.icu.dev.test.util.ULocaleTest" time="0.001"/>
  <testcase name="likelySubtagsDataDriven(und-Laoo-AQ;lo-Laoo-AQ;lo-AQ;lo-AQ) [1233]" classname="com.ibm.icu.dev.test.util.ULocaleTest" time="0.0"/>
  <testcase name="likelySubtagsDataDriven(und-Laoo-LA;lo-Laoo-LA;lo;lo) [1234]" classname="com.ibm.icu.dev.test.util.ULocaleTest" time="0.0"/>
  <testcase name="likelySubtagsDataDriven(und-Latn;en-Latn-US;en;en) [1235]" classname="com.ibm.icu.dev.test.util.ULocaleTest" time="0.0"/>
  <testcase name="likelySubtagsDataDriven(und-Latn-001;en-Latn-001;en-001;en-001) [1236]" classname="com.ibm.icu.dev.test.util.ULocaleTest" time="0.0"/>
  <testcase name="likelySubtagsDataDriven(und-Latn-150;en-Latn-150;en-150;en-150) [1237]" classname="com.ibm.icu.dev.test.util.ULocaleTest" time="0.0"/>
  <testcase name="likelySubtagsDataDriven(und-Latn-419;es-Latn-419;es-419;es-419) [1238]" classname="com.ibm.icu.dev.test.util.ULocaleTest" time="0.0"/>
  <testcase name="likelySubtagsDataDriven(und-Latn-AD;ca-Latn-AD;ca-AD;ca-AD) [1239]" classname="com.ibm.icu.dev.test.util.ULocaleTest" time="0.0"/>
  <testcase name="likelySubtagsDataDriven(und-Latn-AE;en-Latn-AE;en-AE;en-AE) [1240]" classname="com.ibm.icu.dev.test.util.ULocaleTest" time="0.0"/>
  <testcase name="likelySubtagsDataDriven(und-Latn-AG;en-Latn-AG;en-AG;en-AG) [1241]" classname="com.ibm.icu.dev.test.util.ULocaleTest" time="0.0"/>
  <testcase name="likelySubtagsDataDriven(und-Latn-AI;en-Latn-AI;en-AI;en-AI) [1242]" classname="com.ibm.icu.dev.test.util.ULocaleTest" time="0.0"/>
  <testcase name="likelySubtagsDataDriven(und-Latn-AL;sq-Latn-AL;sq;sq) [1243]" classname="com.ibm.icu.dev.test.util.ULocaleTest" time="0.0"/>
  <testcase name="likelySubtagsDataDriven(und-Latn-AO;pt-Latn-AO;pt-AO;pt-AO) [1244]" classname="com.ibm.icu.dev.test.util.ULocaleTest" time="0.0"/>
  <testcase name="likelySubtagsDataDriven(und-Latn-AQ;en-Latn-AQ;en-AQ;en-AQ) [1245]" classname="com.ibm.icu.dev.test.util.ULocaleTest" time="0.0"/>
  <testcase name="likelySubtagsDataDriven(und-Latn-AR;es-Latn-AR;es-AR;es-AR) [1246]" classname="com.ibm.icu.dev.test.util.ULocaleTest" time="0.0"/>
  <testcase name="likelySubtagsDataDriven(und-Latn-AS;sm-Latn-AS;sm-AS;sm-AS) [1247]" classname="com.ibm.icu.dev.test.util.ULocaleTest" time="0.0"/>
  <testcase name="likelySubtagsDataDriven(und-Latn-AT;de-Latn-AT;de-AT;de-AT) [1248]" classname="com.ibm.icu.dev.test.util.ULocaleTest" time="0.0"/>
  <testcase name="likelySubtagsDataDriven(und-Latn-AU;en-Latn-AU;en-AU;en-AU) [1249]" classname="com.ibm.icu.dev.test.util.ULocaleTest" time="0.0"/>
  <testcase name="likelySubtagsDataDriven(und-Latn-AW;nl-Latn-AW;nl-AW;nl-AW) [1250]" classname="com.ibm.icu.dev.test.util.ULocaleTest" time="0.0"/>
  <testcase name="likelySubtagsDataDriven(und-Latn-AX;sv-Latn-AX;sv-AX;sv-AX) [1251]" classname="com.ibm.icu.dev.test.util.ULocaleTest" time="0.0"/>
  <testcase name="likelySubtagsDataDriven(und-Latn-AZ;az-Latn-AZ;az;az) [1252]" classname="com.ibm.icu.dev.test.util.ULocaleTest" time="0.0"/>
  <testcase name="likelySubtagsDataDriven(und-Latn-BA;bs-Latn-BA;bs;bs) [1253]" classname="com.ibm.icu.dev.test.util.ULocaleTest" time="0.0"/>
  <testcase name="likelySubtagsDataDriven(und-Latn-BB;en-Latn-BB;en-BB;en-BB) [1254]" classname="com.ibm.icu.dev.test.util.ULocaleTest" time="0.0"/>
  <testcase name="likelySubtagsDataDriven(und-Latn-BE;nl-Latn-BE;nl-BE;nl-BE) [1255]" classname="com.ibm.icu.dev.test.util.ULocaleTest" time="0.0"/>
  <testcase name="likelySubtagsDataDriven(und-Latn-BF;fr-Latn-BF;fr-BF;fr-BF) [1256]" classname="com.ibm.icu.dev.test.util.ULocaleTest" time="0.0"/>
  <testcase name="likelySubtagsDataDriven(und-Latn-BI;rn-Latn-BI;rn;rn) [1257]" classname="com.ibm.icu.dev.test.util.ULocaleTest" time="0.0"/>
  <testcase name="likelySubtagsDataDriven(und-Latn-BJ;fr-Latn-BJ;fr-BJ;fr-BJ) [1258]" classname="com.ibm.icu.dev.test.util.ULocaleTest" time="0.0"/>
  <testcase name="likelySubtagsDataDriven(und-Latn-BL;fr-Latn-BL;fr-BL;fr-BL) [1259]" classname="com.ibm.icu.dev.test.util.ULocaleTest" time="0.0"/>
  <testcase name="likelySubtagsDataDriven(und-Latn-BM;en-Latn-BM;en-BM;en-BM) [1260]" classname="com.ibm.icu.dev.test.util.ULocaleTest" time="0.0"/>
  <testcase name="likelySubtagsDataDriven(und-Latn-BN;ms-Latn-BN;ms-BN;ms-BN) [1261]" classname="com.ibm.icu.dev.test.util.ULocaleTest" time="0.0"/>
  <testcase name="likelySubtagsDataDriven(und-Latn-BO;es-Latn-BO;es-BO;es-BO) [1262]" classname="com.ibm.icu.dev.test.util.ULocaleTest" time="0.0"/>
  <testcase name="likelySubtagsDataDriven(und-Latn-BQ;pap-Latn-BQ;pap-BQ;pap-BQ) [1263]" classname="com.ibm.icu.dev.test.util.ULocaleTest" time="0.0"/>
  <testcase name="likelySubtagsDataDriven(und-Latn-BR;pt-Latn-BR;pt;pt) [1264]" classname="com.ibm.icu.dev.test.util.ULocaleTest" time="0.0"/>
  <testcase name="likelySubtagsDataDriven(und-Latn-BS;en-Latn-BS;en-BS;en-BS) [1265]" classname="com.ibm.icu.dev.test.util.ULocaleTest" time="0.0"/>
  <testcase name="likelySubtagsDataDriven(und-Latn-BW;en-Latn-BW;en-BW;en-BW) [1266]" classname="com.ibm.icu.dev.test.util.ULocaleTest" time="0.0"/>
  <testcase name="likelySubtagsDataDriven(und-Latn-BZ;en-Latn-BZ;en-BZ;en-BZ) [1267]" classname="com.ibm.icu.dev.test.util.ULocaleTest" time="0.0"/>
  <testcase name="likelySubtagsDataDriven(und-Latn-CA;en-Latn-CA;en-CA;en-CA) [1268]" classname="com.ibm.icu.dev.test.util.ULocaleTest" time="0.0"/>
  <testcase name="likelySubtagsDataDriven(und-Latn-CC;en-Latn-CC;en-CC;en-CC) [1269]" classname="com.ibm.icu.dev.test.util.ULocaleTest" time="0.0"/>
  <testcase name="likelySubtagsDataDriven(und-Latn-CD;sw-Latn-CD;sw-CD;sw-CD) [1270]" classname="com.ibm.icu.dev.test.util.ULocaleTest" time="0.0"/>
  <testcase name="likelySubtagsDataDriven(und-Latn-CF;fr-Latn-CF;fr-CF;fr-CF) [1271]" classname="com.ibm.icu.dev.test.util.ULocaleTest" time="0.0"/>
  <testcase name="likelySubtagsDataDriven(und-Latn-CG;fr-Latn-CG;fr-CG;fr-CG) [1272]" classname="com.ibm.icu.dev.test.util.ULocaleTest" time="0.001"/>
  <testcase name="likelySubtagsDataDriven(und-Latn-CH;de-Latn-CH;de-CH;de-CH) [1273]" classname="com.ibm.icu.dev.test.util.ULocaleTest" time="0.0"/>
  <testcase name="likelySubtagsDataDriven(und-Latn-CI;fr-Latn-CI;fr-CI;fr-CI) [1274]" classname="com.ibm.icu.dev.test.util.ULocaleTest" time="0.0"/>
  <testcase name="likelySubtagsDataDriven(und-Latn-CK;en-Latn-CK;en-CK;en-CK) [1275]" classname="com.ibm.icu.dev.test.util.ULocaleTest" time="0.0"/>
  <testcase name="likelySubtagsDataDriven(und-Latn-CL;es-Latn-CL;es-CL;es-CL) [1276]" classname="com.ibm.icu.dev.test.util.ULocaleTest" time="0.0"/>
  <testcase name="likelySubtagsDataDriven(und-Latn-CM;fr-Latn-CM;fr-CM;fr-CM) [1277]" classname="com.ibm.icu.dev.test.util.ULocaleTest" time="0.0"/>
  <testcase name="likelySubtagsDataDriven(und-Latn-CN;za-Latn-CN;za;za) [1278]" classname="com.ibm.icu.dev.test.util.ULocaleTest" time="0.0"/>
  <testcase name="likelySubtagsDataDriven(und-Latn-CO;es-Latn-CO;es-CO;es-CO) [1279]" classname="com.ibm.icu.dev.test.util.ULocaleTest" time="0.0"/>
  <testcase name="likelySubtagsDataDriven(und-Latn-CR;es-Latn-CR;es-CR;es-CR) [1280]" classname="com.ibm.icu.dev.test.util.ULocaleTest" time="0.0"/>
  <testcase name="likelySubtagsDataDriven(und-Latn-CU;es-Latn-CU;es-CU;es-CU) [1281]" classname="com.ibm.icu.dev.test.util.ULocaleTest" time="0.0"/>
  <testcase name="likelySubtagsDataDriven(und-Latn-CV;pt-Latn-CV;pt-CV;pt-CV) [1282]" classname="com.ibm.icu.dev.test.util.ULocaleTest" time="0.0"/>
  <testcase name="likelySubtagsDataDriven(und-Latn-CW;pap-Latn-CW;pap;pap) [1283]" classname="com.ibm.icu.dev.test.util.ULocaleTest" time="0.0"/>
  <testcase name="likelySubtagsDataDriven(und-Latn-CX;en-Latn-CX;en-CX;en-CX) [1284]" classname="com.ibm.icu.dev.test.util.ULocaleTest" time="0.0"/>
  <testcase name="likelySubtagsDataDriven(und-Latn-CY;tr-Latn-CY;tr-CY;tr-CY) [1285]" classname="com.ibm.icu.dev.test.util.ULocaleTest" time="0.0"/>
  <testcase name="likelySubtagsDataDriven(und-Latn-CZ;cs-Latn-CZ;cs;cs) [1286]" classname="com.ibm.icu.dev.test.util.ULocaleTest" time="0.0"/>
  <testcase name="likelySubtagsDataDriven(und-Latn-DE;de-Latn-DE;de;de) [1287]" classname="com.ibm.icu.dev.test.util.ULocaleTest" time="0.0"/>
  <testcase name="likelySubtagsDataDriven(und-Latn-DG;en-Latn-DG;en-DG;en-DG) [1288]" classname="com.ibm.icu.dev.test.util.ULocaleTest" time="0.0"/>
  <testcase name="likelySubtagsDataDriven(und-Latn-DJ;aa-Latn-DJ;aa-DJ;aa-DJ) [1289]" classname="com.ibm.icu.dev.test.util.ULocaleTest" time="0.0"/>
  <testcase name="likelySubtagsDataDriven(und-Latn-DK;da-Latn-DK;da;da) [1290]" classname="com.ibm.icu.dev.test.util.ULocaleTest" time="0.0"/>
  <testcase name="likelySubtagsDataDriven(und-Latn-DM;en-Latn-DM;en-DM;en-DM) [1291]" classname="com.ibm.icu.dev.test.util.ULocaleTest" time="0.0"/>
  <testcase name="likelySubtagsDataDriven(und-Latn-DO;es-Latn-DO;es-DO;es-DO) [1292]" classname="com.ibm.icu.dev.test.util.ULocaleTest" time="0.0"/>
  <testcase name="likelySubtagsDataDriven(und-Latn-DZ;fr-Latn-DZ;fr-DZ;fr-DZ) [1293]" classname="com.ibm.icu.dev.test.util.ULocaleTest" time="0.0"/>
  <testcase name="likelySubtagsDataDriven(und-Latn-EA;es-Latn-EA;es-EA;es-EA) [1294]" classname="com.ibm.icu.dev.test.util.ULocaleTest" time="0.0"/>
  <testcase name="likelySubtagsDataDriven(und-Latn-EC;es-Latn-EC;es-EC;es-EC) [1295]" classname="com.ibm.icu.dev.test.util.ULocaleTest" time="0.0"/>
  <testcase name="likelySubtagsDataDriven(und-Latn-EE;et-Latn-EE;et;et) [1296]" classname="com.ibm.icu.dev.test.util.ULocaleTest" time="0.0"/>
  <testcase name="likelySubtagsDataDriven(und-Latn-ER;en-Latn-ER;en-ER;en-ER) [1297]" classname="com.ibm.icu.dev.test.util.ULocaleTest" time="0.0"/>
  <testcase name="likelySubtagsDataDriven(und-Latn-ES;es-Latn-ES;es;es) [1298]" classname="com.ibm.icu.dev.test.util.ULocaleTest" time="0.0"/>
  <testcase name="likelySubtagsDataDriven(und-Latn-ET;en-Latn-ET;en-ET;en-ET) [1299]" classname="com.ibm.icu.dev.test.util.ULocaleTest" time="0.0"/>
  <testcase name="likelySubtagsDataDriven(und-Latn-FI;fi-Latn-FI;fi;fi) [1300]" classname="com.ibm.icu.dev.test.util.ULocaleTest" time="0.0"/>
  <testcase name="likelySubtagsDataDriven(und-Latn-FJ;en-Latn-FJ;en-FJ;en-FJ) [1301]" classname="com.ibm.icu.dev.test.util.ULocaleTest" time="0.0"/>
  <testcase name="likelySubtagsDataDriven(und-Latn-FK;en-Latn-FK;en-FK;en-FK) [1302]" classname="com.ibm.icu.dev.test.util.ULocaleTest" time="0.0"/>
  <testcase name="likelySubtagsDataDriven(und-Latn-FM;en-Latn-FM;en-FM;en-FM) [1303]" classname="com.ibm.icu.dev.test.util.ULocaleTest" time="0.0"/>
  <testcase name="likelySubtagsDataDriven(und-Latn-FO;fo-Latn-FO;fo;fo) [1304]" classname="com.ibm.icu.dev.test.util.ULocaleTest" time="0.0"/>
  <testcase name="likelySubtagsDataDriven(und-Latn-FR;fr-Latn-FR;fr;fr) [1305]" classname="com.ibm.icu.dev.test.util.ULocaleTest" time="0.0"/>
  <testcase name="likelySubtagsDataDriven(und-Latn-GA;fr-Latn-GA;fr-GA;fr-GA) [1306]" classname="com.ibm.icu.dev.test.util.ULocaleTest" time="0.0"/>
  <testcase name="likelySubtagsDataDriven(und-Latn-GB;en-Latn-GB;en-GB;en-GB) [1307]" classname="com.ibm.icu.dev.test.util.ULocaleTest" time="0.0"/>
  <testcase name="likelySubtagsDataDriven(und-Latn-GD;en-Latn-GD;en-GD;en-GD) [1308]" classname="com.ibm.icu.dev.test.util.ULocaleTest" time="0.0"/>
  <testcase name="likelySubtagsDataDriven(und-Latn-GF;fr-Latn-GF;fr-GF;fr-GF) [1309]" classname="com.ibm.icu.dev.test.util.ULocaleTest" time="0.0"/>
  <testcase name="likelySubtagsDataDriven(und-Latn-GG;en-Latn-GG;en-GG;en-GG) [1310]" classname="com.ibm.icu.dev.test.util.ULocaleTest" time="0.0"/>
  <testcase name="likelySubtagsDataDriven(und-Latn-GH;ak-Latn-GH;ak;ak) [1311]" classname="com.ibm.icu.dev.test.util.ULocaleTest" time="0.0"/>
  <testcase name="likelySubtagsDataDriven(und-Latn-GI;en-Latn-GI;en-GI;en-GI) [1312]" classname="com.ibm.icu.dev.test.util.ULocaleTest" time="0.0"/>
  <testcase name="likelySubtagsDataDriven(und-Latn-GL;kl-Latn-GL;kl;kl) [1313]" classname="com.ibm.icu.dev.test.util.ULocaleTest" time="0.0"/>
  <testcase name="likelySubtagsDataDriven(und-Latn-GM;en-Latn-GM;en-GM;en-GM) [1314]" classname="com.ibm.icu.dev.test.util.ULocaleTest" time="0.0"/>
  <testcase name="likelySubtagsDataDriven(und-Latn-GN;fr-Latn-GN;fr-GN;fr-GN) [1315]" classname="com.ibm.icu.dev.test.util.ULocaleTest" time="0.0"/>
  <testcase name="likelySubtagsDataDriven(und-Latn-GP;fr-Latn-GP;fr-GP;fr-GP) [1316]" classname="com.ibm.icu.dev.test.util.ULocaleTest" time="0.0"/>
  <testcase name="likelySubtagsDataDriven(und-Latn-GQ;es-Latn-GQ;es-GQ;es-GQ) [1317]" classname="com.ibm.icu.dev.test.util.ULocaleTest" time="0.0"/>
  <testcase name="likelySubtagsDataDriven(und-Latn-GT;es-Latn-GT;es-GT;es-GT) [1318]" classname="com.ibm.icu.dev.test.util.ULocaleTest" time="0.0"/>
  <testcase name="likelySubtagsDataDriven(und-Latn-GU;en-Latn-GU;en-GU;en-GU) [1319]" classname="com.ibm.icu.dev.test.util.ULocaleTest" time="0.0"/>
  <testcase name="likelySubtagsDataDriven(und-Latn-GW;pt-Latn-GW;pt-GW;pt-GW) [1320]" classname="com.ibm.icu.dev.test.util.ULocaleTest" time="0.0"/>
  <testcase name="likelySubtagsDataDriven(und-Latn-GY;en-Latn-GY;en-GY;en-GY) [1321]" classname="com.ibm.icu.dev.test.util.ULocaleTest" time="0.0"/>
  <testcase name="likelySubtagsDataDriven(und-Latn-HK;en-Latn-HK;en-HK;en-HK) [1322]" classname="com.ibm.icu.dev.test.util.ULocaleTest" time="0.0"/>
  <testcase name="likelySubtagsDataDriven(und-Latn-HN;es-Latn-HN;es-HN;es-HN) [1323]" classname="com.ibm.icu.dev.test.util.ULocaleTest" time="0.0"/>
  <testcase name="likelySubtagsDataDriven(und-Latn-HR;hr-Latn-HR;hr;hr) [1324]" classname="com.ibm.icu.dev.test.util.ULocaleTest" time="0.0"/>
  <testcase name="likelySubtagsDataDriven(und-Latn-HT;ht-Latn-HT;ht;ht) [1325]" classname="com.ibm.icu.dev.test.util.ULocaleTest" time="0.0"/>
  <testcase name="likelySubtagsDataDriven(und-Latn-HU;hu-Latn-HU;hu;hu) [1326]" classname="com.ibm.icu.dev.test.util.ULocaleTest" time="0.0"/>
  <testcase name="likelySubtagsDataDriven(und-Latn-IC;es-Latn-IC;es-IC;es-IC) [1327]" classname="com.ibm.icu.dev.test.util.ULocaleTest" time="0.0"/>
  <testcase name="likelySubtagsDataDriven(und-Latn-ID;id-Latn-ID;id;id) [1328]" classname="com.ibm.icu.dev.test.util.ULocaleTest" time="0.0"/>
  <testcase name="likelySubtagsDataDriven(und-Latn-IE;en-Latn-IE;en-IE;en-IE) [1329]" classname="com.ibm.icu.dev.test.util.ULocaleTest" time="0.0"/>
  <testcase name="likelySubtagsDataDriven(und-Latn-IL;en-Latn-IL;en-IL;en-IL) [1330]" classname="com.ibm.icu.dev.test.util.ULocaleTest" time="0.0"/>
  <testcase name="likelySubtagsDataDriven(und-Latn-IM;en-Latn-IM;en-IM;en-IM) [1331]" classname="com.ibm.icu.dev.test.util.ULocaleTest" time="0.0"/>
  <testcase name="likelySubtagsDataDriven(und-Latn-IN;en-Latn-IN;en-IN;en-IN) [1332]" classname="com.ibm.icu.dev.test.util.ULocaleTest" time="0.0"/>
  <testcase name="likelySubtagsDataDriven(und-Latn-IO;en-Latn-IO;en-IO;en-IO) [1333]" classname="com.ibm.icu.dev.test.util.ULocaleTest" time="0.0"/>
  <testcase name="likelySubtagsDataDriven(und-Latn-IS;is-Latn-IS;is;is) [1334]" classname="com.ibm.icu.dev.test.util.ULocaleTest" time="0.0"/>
  <testcase name="likelySubtagsDataDriven(und-Latn-IT;it-Latn-IT;it;it) [1335]" classname="com.ibm.icu.dev.test.util.ULocaleTest" time="0.0"/>
  <testcase name="likelySubtagsDataDriven(und-Latn-JE;en-Latn-JE;en-JE;en-JE) [1336]" classname="com.ibm.icu.dev.test.util.ULocaleTest" time="0.0"/>
  <testcase name="likelySubtagsDataDriven(und-Latn-JM;en-Latn-JM;en-JM;en-JM) [1337]" classname="com.ibm.icu.dev.test.util.ULocaleTest" time="0.0"/>
  <testcase name="likelySubtagsDataDriven(und-Latn-KE;sw-Latn-KE;sw-KE;sw-KE) [1338]" classname="com.ibm.icu.dev.test.util.ULocaleTest" time="0.0"/>
  <testcase name="likelySubtagsDataDriven(und-Latn-KI;en-Latn-KI;en-KI;en-KI) [1339]" classname="com.ibm.icu.dev.test.util.ULocaleTest" time="0.0"/>
  <testcase name="likelySubtagsDataDriven(und-Latn-KM;fr-Latn-KM;fr-KM;fr-KM) [1340]" classname="com.ibm.icu.dev.test.util.ULocaleTest" time="0.0"/>
  <testcase name="likelySubtagsDataDriven(und-Latn-KN;en-Latn-KN;en-KN;en-KN) [1341]" classname="com.ibm.icu.dev.test.util.ULocaleTest" time="0.0"/>
  <testcase name="likelySubtagsDataDriven(und-Latn-KY;en-Latn-KY;en-KY;en-KY) [1342]" classname="com.ibm.icu.dev.test.util.ULocaleTest" time="0.0"/>
  <testcase name="likelySubtagsDataDriven(und-Latn-LC;en-Latn-LC;en-LC;en-LC) [1343]" classname="com.ibm.icu.dev.test.util.ULocaleTest" time="0.0"/>
  <testcase name="likelySubtagsDataDriven(und-Latn-LI;de-Latn-LI;de-LI;de-LI) [1344]" classname="com.ibm.icu.dev.test.util.ULocaleTest" time="0.0"/>
  <testcase name="likelySubtagsDataDriven(und-Latn-LR;en-Latn-LR;en-LR;en-LR) [1345]" classname="com.ibm.icu.dev.test.util.ULocaleTest" time="0.0"/>
  <testcase name="likelySubtagsDataDriven(und-Latn-LS;st-Latn-LS;st-LS;st-LS) [1346]" classname="com.ibm.icu.dev.test.util.ULocaleTest" time="0.0"/>
  <testcase name="likelySubtagsDataDriven(und-Latn-LT;lt-Latn-LT;lt;lt) [1347]" classname="com.ibm.icu.dev.test.util.ULocaleTest" time="0.0"/>
  <testcase name="likelySubtagsDataDriven(und-Latn-LU;fr-Latn-LU;fr-LU;fr-LU) [1348]" classname="com.ibm.icu.dev.test.util.ULocaleTest" time="0.0"/>
  <testcase name="likelySubtagsDataDriven(und-Latn-LV;lv-Latn-LV;lv;lv) [1349]" classname="com.ibm.icu.dev.test.util.ULocaleTest" time="0.0"/>
  <testcase name="likelySubtagsDataDriven(und-Latn-MA;fr-Latn-MA;fr-MA;fr-MA) [1350]" classname="com.ibm.icu.dev.test.util.ULocaleTest" time="0.0"/>
  <testcase name="likelySubtagsDataDriven(und-Latn-MC;fr-Latn-MC;fr-MC;fr-MC) [1351]" classname="com.ibm.icu.dev.test.util.ULocaleTest" time="0.0"/>
  <testcase name="likelySubtagsDataDriven(und-Latn-MD;ro-Latn-MD;ro-MD;ro-MD) [1352]" classname="com.ibm.icu.dev.test.util.ULocaleTest" time="0.0"/>
  <testcase name="likelySubtagsDataDriven(und-Latn-ME;sr-Latn-ME;sr-ME;sr-ME) [1353]" classname="com.ibm.icu.dev.test.util.ULocaleTest" time="0.0"/>
  <testcase name="likelySubtagsDataDriven(und-Latn-MF;fr-Latn-MF;fr-MF;fr-MF) [1354]" classname="com.ibm.icu.dev.test.util.ULocaleTest" time="0.0"/>
  <testcase name="likelySubtagsDataDriven(und-Latn-MG;mg-Latn-MG;mg;mg) [1355]" classname="com.ibm.icu.dev.test.util.ULocaleTest" time="0.0"/>
  <testcase name="likelySubtagsDataDriven(und-Latn-MH;en-Latn-MH;en-MH;en-MH) [1356]" classname="com.ibm.icu.dev.test.util.ULocaleTest" time="0.0"/>
  <testcase name="likelySubtagsDataDriven(und-Latn-MK;sq-Latn-MK;sq-MK;sq-MK) [1357]" classname="com.ibm.icu.dev.test.util.ULocaleTest" time="0.0"/>
  <testcase name="likelySubtagsDataDriven(und-Latn-ML;bm-Latn-ML;bm;bm) [1358]" classname="com.ibm.icu.dev.test.util.ULocaleTest" time="0.0"/>
  <testcase name="likelySubtagsDataDriven(und-Latn-MO;pt-Latn-MO;pt-MO;pt-MO) [1359]" classname="com.ibm.icu.dev.test.util.ULocaleTest" time="0.0"/>
  <testcase name="likelySubtagsDataDriven(und-Latn-MP;en-Latn-MP;en-MP;en-MP) [1360]" classname="com.ibm.icu.dev.test.util.ULocaleTest" time="0.0"/>
  <testcase name="likelySubtagsDataDriven(und-Latn-MQ;fr-Latn-MQ;fr-MQ;fr-MQ) [1361]" classname="com.ibm.icu.dev.test.util.ULocaleTest" time="0.0"/>
  <testcase name="likelySubtagsDataDriven(und-Latn-MR;fr-Latn-MR;fr-MR;fr-MR) [1362]" classname="com.ibm.icu.dev.test.util.ULocaleTest" time="0.0"/>
  <testcase name="likelySubtagsDataDriven(und-Latn-MS;en-Latn-MS;en-MS;en-MS) [1363]" classname="com.ibm.icu.dev.test.util.ULocaleTest" time="0.0"/>
  <testcase name="likelySubtagsDataDriven(und-Latn-MT;mt-Latn-MT;mt;mt) [1364]" classname="com.ibm.icu.dev.test.util.ULocaleTest" time="0.0"/>
  <testcase name="likelySubtagsDataDriven(und-Latn-MU;mfe-Latn-MU;mfe;mfe) [1365]" classname="com.ibm.icu.dev.test.util.ULocaleTest" time="0.0"/>
  <testcase name="likelySubtagsDataDriven(und-Latn-MV;en-Latn-MV;en-MV;en-MV) [1366]" classname="com.ibm.icu.dev.test.util.ULocaleTest" time="0.0"/>
  <testcase name="likelySubtagsDataDriven(und-Latn-MW;en-Latn-MW;en-MW;en-MW) [1367]" classname="com.ibm.icu.dev.test.util.ULocaleTest" time="0.0"/>
  <testcase name="likelySubtagsDataDriven(und-Latn-MX;es-Latn-MX;es-MX;es-MX) [1368]" classname="com.ibm.icu.dev.test.util.ULocaleTest" time="0.0"/>
  <testcase name="likelySubtagsDataDriven(und-Latn-MY;ms-Latn-MY;ms;ms) [1369]" classname="com.ibm.icu.dev.test.util.ULocaleTest" time="0.0"/>
  <testcase name="likelySubtagsDataDriven(und-Latn-MZ;pt-Latn-MZ;pt-MZ;pt-MZ) [1370]" classname="com.ibm.icu.dev.test.util.ULocaleTest" time="0.0"/>
  <testcase name="likelySubtagsDataDriven(und-Latn-NA;af-Latn-NA;af-NA;af-NA) [1371]" classname="com.ibm.icu.dev.test.util.ULocaleTest" time="0.0"/>
  <testcase name="likelySubtagsDataDriven(und-Latn-NC;fr-Latn-NC;fr-NC;fr-NC) [1372]" classname="com.ibm.icu.dev.test.util.ULocaleTest" time="0.0"/>
  <testcase name="likelySubtagsDataDriven(und-Latn-NE;ha-Latn-NE;ha-NE;ha-NE) [1373]" classname="com.ibm.icu.dev.test.util.ULocaleTest" time="0.0"/>
  <testcase name="likelySubtagsDataDriven(und-Latn-NF;en-Latn-NF;en-NF;en-NF) [1374]" classname="com.ibm.icu.dev.test.util.ULocaleTest" time="0.0"/>
  <testcase name="likelySubtagsDataDriven(und-Latn-NG;en-Latn-NG;en-NG;en-NG) [1375]" classname="com.ibm.icu.dev.test.util.ULocaleTest" time="0.0"/>
  <testcase name="likelySubtagsDataDriven(und-Latn-NI;es-Latn-NI;es-NI;es-NI) [1376]" classname="com.ibm.icu.dev.test.util.ULocaleTest" time="0.0"/>
  <testcase name="likelySubtagsDataDriven(und-Latn-NL;nl-Latn-NL;nl;nl) [1377]" classname="com.ibm.icu.dev.test.util.ULocaleTest" time="0.0"/>
  <testcase name="likelySubtagsDataDriven(und-Latn-NO;nb-Latn-NO;nb;nb) [1378]" classname="com.ibm.icu.dev.test.util.ULocaleTest" time="0.0"/>
  <testcase name="likelySubtagsDataDriven(und-Latn-NR;en-Latn-NR;en-NR;en-NR) [1379]" classname="com.ibm.icu.dev.test.util.ULocaleTest" time="0.0"/>
  <testcase name="likelySubtagsDataDriven(und-Latn-NU;en-Latn-NU;en-NU;en-NU) [1380]" classname="com.ibm.icu.dev.test.util.ULocaleTest" time="0.0"/>
  <testcase name="likelySubtagsDataDriven(und-Latn-NZ;en-Latn-NZ;en-NZ;en-NZ) [1381]" classname="com.ibm.icu.dev.test.util.ULocaleTest" time="0.0"/>
  <testcase name="likelySubtagsDataDriven(und-Latn-PA;es-Latn-PA;es-PA;es-PA) [1382]" classname="com.ibm.icu.dev.test.util.ULocaleTest" time="0.0"/>
  <testcase name="likelySubtagsDataDriven(und-Latn-PE;es-Latn-PE;es-PE;es-PE) [1383]" classname="com.ibm.icu.dev.test.util.ULocaleTest" time="0.0"/>
  <testcase name="likelySubtagsDataDriven(und-Latn-PF;fr-Latn-PF;fr-PF;fr-PF) [1384]" classname="com.ibm.icu.dev.test.util.ULocaleTest" time="0.0"/>
  <testcase name="likelySubtagsDataDriven(und-Latn-PG;tpi-Latn-PG;tpi;tpi) [1385]" classname="com.ibm.icu.dev.test.util.ULocaleTest" time="0.0"/>
  <testcase name="likelySubtagsDataDriven(und-Latn-PH;fil-Latn-PH;fil;fil) [1386]" classname="com.ibm.icu.dev.test.util.ULocaleTest" time="0.0"/>
  <testcase name="likelySubtagsDataDriven(und-Latn-PK;en-Latn-PK;en-PK;en-PK) [1387]" classname="com.ibm.icu.dev.test.util.ULocaleTest" time="0.0"/>
  <testcase name="likelySubtagsDataDriven(und-Latn-PL;pl-Latn-PL;pl;pl) [1388]" classname="com.ibm.icu.dev.test.util.ULocaleTest" time="0.0"/>
  <testcase name="likelySubtagsDataDriven(und-Latn-PM;fr-Latn-PM;fr-PM;fr-PM) [1389]" classname="com.ibm.icu.dev.test.util.ULocaleTest" time="0.0"/>
  <testcase name="likelySubtagsDataDriven(und-Latn-PN;en-Latn-PN;en-PN;en-PN) [1390]" classname="com.ibm.icu.dev.test.util.ULocaleTest" time="0.0"/>
  <testcase name="likelySubtagsDataDriven(und-Latn-PR;es-Latn-PR;es-PR;es-PR) [1391]" classname="com.ibm.icu.dev.test.util.ULocaleTest" time="0.0"/>
  <testcase name="likelySubtagsDataDriven(und-Latn-PT;pt-Latn-PT;pt-PT;pt-PT) [1392]" classname="com.ibm.icu.dev.test.util.ULocaleTest" time="0.001"/>
  <testcase name="likelySubtagsDataDriven(und-Latn-PW;pau-Latn-PW;pau;pau) [1393]" classname="com.ibm.icu.dev.test.util.ULocaleTest" time="0.0"/>
  <testcase name="likelySubtagsDataDriven(und-Latn-PY;gn-Latn-PY;gn;gn) [1394]" classname="com.ibm.icu.dev.test.util.ULocaleTest" time="0.0"/>
  <testcase name="likelySubtagsDataDriven(und-Latn-RE;fr-Latn-RE;fr-RE;fr-RE) [1395]" classname="com.ibm.icu.dev.test.util.ULocaleTest" time="0.0"/>
  <testcase name="likelySubtagsDataDriven(und-Latn-RO;ro-Latn-RO;ro;ro) [1396]" classname="com.ibm.icu.dev.test.util.ULocaleTest" time="0.0"/>
  <testcase name="likelySubtagsDataDriven(und-Latn-RS;sr-Latn-RS;sr-Latn;sr-Latn) [1397]" classname="com.ibm.icu.dev.test.util.ULocaleTest" time="0.0"/>
  <testcase name="likelySubtagsDataDriven(und-Latn-RW;rw-Latn-RW;rw;rw) [1398]" classname="com.ibm.icu.dev.test.util.ULocaleTest" time="0.0"/>
  <testcase name="likelySubtagsDataDriven(und-Latn-SB;en-Latn-SB;en-SB;en-SB) [1399]" classname="com.ibm.icu.dev.test.util.ULocaleTest" time="0.0"/>
  <testcase name="likelySubtagsDataDriven(und-Latn-SC;fr-Latn-SC;fr-SC;fr-SC) [1400]" classname="com.ibm.icu.dev.test.util.ULocaleTest" time="0.0"/>
  <testcase name="likelySubtagsDataDriven(und-Latn-SD;en-Latn-SD;en-SD;en-SD) [1401]" classname="com.ibm.icu.dev.test.util.ULocaleTest" time="0.0"/>
  <testcase name="likelySubtagsDataDriven(und-Latn-SE;sv-Latn-SE;sv;sv) [1402]" classname="com.ibm.icu.dev.test.util.ULocaleTest" time="0.0"/>
  <testcase name="likelySubtagsDataDriven(und-Latn-SG;en-Latn-SG;en-SG;en-SG) [1403]" classname="com.ibm.icu.dev.test.util.ULocaleTest" time="0.0"/>
  <testcase name="likelySubtagsDataDriven(und-Latn-SH;en-Latn-SH;en-SH;en-SH) [1404]" classname="com.ibm.icu.dev.test.util.ULocaleTest" time="0.0"/>
  <testcase name="likelySubtagsDataDriven(und-Latn-SI;sl-Latn-SI;sl;sl) [1405]" classname="com.ibm.icu.dev.test.util.ULocaleTest" time="0.0"/>
  <testcase name="likelySubtagsDataDriven(und-Latn-SJ;nb-Latn-SJ;nb-SJ;nb-SJ) [1406]" classname="com.ibm.icu.dev.test.util.ULocaleTest" time="0.0"/>
  <testcase name="likelySubtagsDataDriven(und-Latn-SK;sk-Latn-SK;sk;sk) [1407]" classname="com.ibm.icu.dev.test.util.ULocaleTest" time="0.0"/>
  <testcase name="likelySubtagsDataDriven(und-Latn-SL;kri-Latn-SL;kri;kri) [1408]" classname="com.ibm.icu.dev.test.util.ULocaleTest" time="0.0"/>
  <testcase name="likelySubtagsDataDriven(und-Latn-SM;it-Latn-SM;it-SM;it-SM) [1409]" classname="com.ibm.icu.dev.test.util.ULocaleTest" time="0.0"/>
  <testcase name="likelySubtagsDataDriven(und-Latn-SN;fr-Latn-SN;fr-SN;fr-SN) [1410]" classname="com.ibm.icu.dev.test.util.ULocaleTest" time="0.0"/>
  <testcase name="likelySubtagsDataDriven(und-Latn-SO;so-Latn-SO;so;so) [1411]" classname="com.ibm.icu.dev.test.util.ULocaleTest" time="0.0"/>
  <testcase name="likelySubtagsDataDriven(und-Latn-SR;nl-Latn-SR;nl-SR;nl-SR) [1412]" classname="com.ibm.icu.dev.test.util.ULocaleTest" time="0.0"/>
  <testcase name="likelySubtagsDataDriven(und-Latn-SS;en-Latn-SS;en-SS;en-SS) [1413]" classname="com.ibm.icu.dev.test.util.ULocaleTest" time="0.0"/>
  <testcase name="likelySubtagsDataDriven(und-Latn-ST;pt-Latn-ST;pt-ST;pt-ST) [1414]" classname="com.ibm.icu.dev.test.util.ULocaleTest" time="0.0"/>
  <testcase name="likelySubtagsDataDriven(und-Latn-SV;es-Latn-SV;es-SV;es-SV) [1415]" classname="com.ibm.icu.dev.test.util.ULocaleTest" time="0.0"/>
  <testcase name="likelySubtagsDataDriven(und-Latn-SX;en-Latn-SX;en-SX;en-SX) [1416]" classname="com.ibm.icu.dev.test.util.ULocaleTest" time="0.0"/>
  <testcase name="likelySubtagsDataDriven(und-Latn-SY;fr-Latn-SY;fr-SY;fr-SY) [1417]" classname="com.ibm.icu.dev.test.util.ULocaleTest" time="0.0"/>
  <testcase name="likelySubtagsDataDriven(und-Latn-SZ;en-Latn-SZ;en-SZ;en-SZ) [1418]" classname="com.ibm.icu.dev.test.util.ULocaleTest" time="0.0"/>
  <testcase name="likelySubtagsDataDriven(und-Latn-TC;en-Latn-TC;en-TC;en-TC) [1419]" classname="com.ibm.icu.dev.test.util.ULocaleTest" time="0.0"/>
  <testcase name="likelySubtagsDataDriven(und-Latn-TD;fr-Latn-TD;fr-TD;fr-TD) [1420]" classname="com.ibm.icu.dev.test.util.ULocaleTest" time="0.0"/>
  <testcase name="likelySubtagsDataDriven(und-Latn-TG;fr-Latn-TG;fr-TG;fr-TG) [1421]" classname="com.ibm.icu.dev.test.util.ULocaleTest" time="0.0"/>
  <testcase name="likelySubtagsDataDriven(und-Latn-TK;tkl-Latn-TK;tkl;tkl) [1422]" classname="com.ibm.icu.dev.test.util.ULocaleTest" time="0.0"/>
  <testcase name="likelySubtagsDataDriven(und-Latn-TL;pt-Latn-TL;pt-TL;pt-TL) [1423]" classname="com.ibm.icu.dev.test.util.ULocaleTest" time="0.0"/>
  <testcase name="likelySubtagsDataDriven(und-Latn-TM;tk-Latn-TM;tk;tk) [1424]" classname="com.ibm.icu.dev.test.util.ULocaleTest" time="0.0"/>
  <testcase name="likelySubtagsDataDriven(und-Latn-TN;fr-Latn-TN;fr-TN;fr-TN) [1425]" classname="com.ibm.icu.dev.test.util.ULocaleTest" time="0.0"/>
  <testcase name="likelySubtagsDataDriven(und-Latn-TO;to-Latn-TO;to;to) [1426]" classname="com.ibm.icu.dev.test.util.ULocaleTest" time="0.0"/>
  <testcase name="likelySubtagsDataDriven(und-Latn-TR;tr-Latn-TR;tr;tr) [1427]" classname="com.ibm.icu.dev.test.util.ULocaleTest" time="0.0"/>
  <testcase name="likelySubtagsDataDriven(und-Latn-TT;en-Latn-TT;en-TT;en-TT) [1428]" classname="com.ibm.icu.dev.test.util.ULocaleTest" time="0.0"/>
  <testcase name="likelySubtagsDataDriven(und-Latn-TV;tvl-Latn-TV;tvl;tvl) [1429]" classname="com.ibm.icu.dev.test.util.ULocaleTest" time="0.0"/>
  <testcase name="likelySubtagsDataDriven(und-Latn-TZ;sw-Latn-TZ;sw;sw) [1430]" classname="com.ibm.icu.dev.test.util.ULocaleTest" time="0.0"/>
  <testcase name="likelySubtagsDataDriven(und-Latn-UG;sw-Latn-UG;sw-UG;sw-UG) [1431]" classname="com.ibm.icu.dev.test.util.ULocaleTest" time="0.0"/>
  <testcase name="likelySubtagsDataDriven(und-Latn-UM;en-Latn-UM;en-UM;en-UM) [1432]" classname="com.ibm.icu.dev.test.util.ULocaleTest" time="0.0"/>
  <testcase name="likelySubtagsDataDriven(und-Latn-US;en-Latn-US;en;en) [1433]" classname="com.ibm.icu.dev.test.util.ULocaleTest" time="0.0"/>
  <testcase name="likelySubtagsDataDriven(und-Latn-UY;es-Latn-UY;es-UY;es-UY) [1434]" classname="com.ibm.icu.dev.test.util.ULocaleTest" time="0.0"/>
  <testcase name="likelySubtagsDataDriven(und-Latn-UZ;uz-Latn-UZ;uz;uz) [1435]" classname="com.ibm.icu.dev.test.util.ULocaleTest" time="0.0"/>
  <testcase name="likelySubtagsDataDriven(und-Latn-VA;it-Latn-VA;it-VA;it-VA) [1436]" classname="com.ibm.icu.dev.test.util.ULocaleTest" time="0.0"/>
  <testcase name="likelySubtagsDataDriven(und-Latn-VC;en-Latn-VC;en-VC;en-VC) [1437]" classname="com.ibm.icu.dev.test.util.ULocaleTest" time="0.0"/>
  <testcase name="likelySubtagsDataDriven(und-Latn-VE;es-Latn-VE;es-VE;es-VE) [1438]" classname="com.ibm.icu.dev.test.util.ULocaleTest" time="0.0"/>
  <testcase name="likelySubtagsDataDriven(und-Latn-VG;en-Latn-VG;en-VG;en-VG) [1439]" classname="com.ibm.icu.dev.test.util.ULocaleTest" time="0.0"/>
  <testcase name="likelySubtagsDataDriven(und-Latn-VI;en-Latn-VI;en-VI;en-VI) [1440]" classname="com.ibm.icu.dev.test.util.ULocaleTest" time="0.0"/>
  <testcase name="likelySubtagsDataDriven(und-Latn-VN;vi-Latn-VN;vi;vi) [1441]" classname="com.ibm.icu.dev.test.util.ULocaleTest" time="0.0"/>
  <testcase name="likelySubtagsDataDriven(und-Latn-VU;bi-Latn-VU;bi;bi) [1442]" classname="com.ibm.icu.dev.test.util.ULocaleTest" time="0.0"/>
  <testcase name="likelySubtagsDataDriven(und-Latn-WF;fr-Latn-WF;fr-WF;fr-WF) [1443]" classname="com.ibm.icu.dev.test.util.ULocaleTest" time="0.0"/>
  <testcase name="likelySubtagsDataDriven(und-Latn-WS;sm-Latn-WS;sm;sm) [1444]" classname="com.ibm.icu.dev.test.util.ULocaleTest" time="0.0"/>
  <testcase name="likelySubtagsDataDriven(und-Latn-XK;sq-Latn-XK;sq-XK;sq-XK) [1445]" classname="com.ibm.icu.dev.test.util.ULocaleTest" time="0.0"/>
  <testcase name="likelySubtagsDataDriven(und-Latn-YT;fr-Latn-YT;fr-YT;fr-YT) [1446]" classname="com.ibm.icu.dev.test.util.ULocaleTest" time="0.0"/>
  <testcase name="likelySubtagsDataDriven(und-Latn-ZA;en-Latn-ZA;en-ZA;en-ZA) [1447]" classname="com.ibm.icu.dev.test.util.ULocaleTest" time="0.0"/>
  <testcase name="likelySubtagsDataDriven(und-Latn-ZM;bem-Latn-ZM;bem;bem) [1448]" classname="com.ibm.icu.dev.test.util.ULocaleTest" time="0.0"/>
  <testcase name="likelySubtagsDataDriven(und-Latn-ZW;sn-Latn-ZW;sn;sn) [1449]" classname="com.ibm.icu.dev.test.util.ULocaleTest" time="0.0"/>
  <testcase name="likelySubtagsDataDriven(und-MA;ar-Arab-MA;ar-MA;ar-MA) [1450]" classname="com.ibm.icu.dev.test.util.ULocaleTest" time="0.0"/>
  <testcase name="likelySubtagsDataDriven(und-MC;fr-Latn-MC;fr-MC;fr-MC) [1451]" classname="com.ibm.icu.dev.test.util.ULocaleTest" time="0.0"/>
  <testcase name="likelySubtagsDataDriven(und-MD;ro-Latn-MD;ro-MD;ro-MD) [1452]" classname="com.ibm.icu.dev.test.util.ULocaleTest" time="0.0"/>
  <testcase name="likelySubtagsDataDriven(und-ME;sr-Latn-ME;sr-ME;sr-ME) [1453]" classname="com.ibm.icu.dev.test.util.ULocaleTest" time="0.0"/>
  <testcase name="likelySubtagsDataDriven(und-MF;fr-Latn-MF;fr-MF;fr-MF) [1454]" classname="com.ibm.icu.dev.test.util.ULocaleTest" time="0.0"/>
  <testcase name="likelySubtagsDataDriven(und-MG;mg-Latn-MG;mg;mg) [1455]" classname="com.ibm.icu.dev.test.util.ULocaleTest" time="0.0"/>
  <testcase name="likelySubtagsDataDriven(und-MH;en-Latn-MH;en-MH;en-MH) [1456]" classname="com.ibm.icu.dev.test.util.ULocaleTest" time="0.0"/>
  <testcase name="likelySubtagsDataDriven(und-MK;mk-Cyrl-MK;mk;mk) [1457]" classname="com.ibm.icu.dev.test.util.ULocaleTest" time="0.0"/>
  <testcase name="likelySubtagsDataDriven(und-ML;bm-Latn-ML;bm;bm) [1458]" classname="com.ibm.icu.dev.test.util.ULocaleTest" time="0.0"/>
  <testcase name="likelySubtagsDataDriven(und-MM;my-Mymr-MM;my;my) [1459]" classname="com.ibm.icu.dev.test.util.ULocaleTest" time="0.0"/>
  <testcase name="likelySubtagsDataDriven(und-MN;mn-Cyrl-MN;mn;mn) [1460]" classname="com.ibm.icu.dev.test.util.ULocaleTest" time="0.0"/>
  <testcase name="likelySubtagsDataDriven(und-MO;zh-Hant-MO;zh-MO;zh-MO) [1461]" classname="com.ibm.icu.dev.test.util.ULocaleTest" time="0.0"/>
  <testcase name="likelySubtagsDataDriven(und-MP;en-Latn-MP;en-MP;en-MP) [1462]" classname="com.ibm.icu.dev.test.util.ULocaleTest" time="0.0"/>
  <testcase name="likelySubtagsDataDriven(und-MQ;fr-Latn-MQ;fr-MQ;fr-MQ) [1463]" classname="com.ibm.icu.dev.test.util.ULocaleTest" time="0.0"/>
  <testcase name="likelySubtagsDataDriven(und-MR;ar-Arab-MR;ar-MR;ar-MR) [1464]" classname="com.ibm.icu.dev.test.util.ULocaleTest" time="0.0"/>
  <testcase name="likelySubtagsDataDriven(und-MS;en-Latn-MS;en-MS;en-MS) [1465]" classname="com.ibm.icu.dev.test.util.ULocaleTest" time="0.0"/>
  <testcase name="likelySubtagsDataDriven(und-MT;mt-Latn-MT;mt;mt) [1466]" classname="com.ibm.icu.dev.test.util.ULocaleTest" time="0.0"/>
  <testcase name="likelySubtagsDataDriven(und-MU;mfe-Latn-MU;mfe;mfe) [1467]" classname="com.ibm.icu.dev.test.util.ULocaleTest" time="0.0"/>
  <testcase name="likelySubtagsDataDriven(und-MV;dv-Thaa-MV;dv;dv) [1468]" classname="com.ibm.icu.dev.test.util.ULocaleTest" time="0.0"/>
  <testcase name="likelySubtagsDataDriven(und-MW;en-Latn-MW;en-MW;en-MW) [1469]" classname="com.ibm.icu.dev.test.util.ULocaleTest" time="0.0"/>
  <testcase name="likelySubtagsDataDriven(und-MX;es-Latn-MX;es-MX;es-MX) [1470]" classname="com.ibm.icu.dev.test.util.ULocaleTest" time="0.0"/>
  <testcase name="likelySubtagsDataDriven(und-MY;ms-Latn-MY;ms;ms) [1471]" classname="com.ibm.icu.dev.test.util.ULocaleTest" time="0.0"/>
  <testcase name="likelySubtagsDataDriven(und-MZ;pt-Latn-MZ;pt-MZ;pt-MZ) [1472]" classname="com.ibm.icu.dev.test.util.ULocaleTest" time="0.0"/>
  <testcase name="likelySubtagsDataDriven(und-Mlym;ml-Mlym-IN;ml;ml) [1473]" classname="com.ibm.icu.dev.test.util.ULocaleTest" time="0.0"/>
  <testcase name="likelySubtagsDataDriven(und-Mlym-AQ;ml-Mlym-AQ;ml-AQ;ml-AQ) [1474]" classname="com.ibm.icu.dev.test.util.ULocaleTest" time="0.0"/>
  <testcase name="likelySubtagsDataDriven(und-Mlym-IN;ml-Mlym-IN;ml;ml) [1475]" classname="com.ibm.icu.dev.test.util.ULocaleTest" time="0.0"/>
  <testcase name="likelySubtagsDataDriven(und-Mymr;my-Mymr-MM;my;my) [1476]" classname="com.ibm.icu.dev.test.util.ULocaleTest" time="0.0"/>
  <testcase name="likelySubtagsDataDriven(und-Mymr-AQ;my-Mymr-AQ;my-AQ;my-AQ) [1477]" classname="com.ibm.icu.dev.test.util.ULocaleTest" time="0.0"/>
  <testcase name="likelySubtagsDataDriven(und-Mymr-MM;my-Mymr-MM;my;my) [1478]" classname="com.ibm.icu.dev.test.util.ULocaleTest" time="0.0"/>
  <testcase name="likelySubtagsDataDriven(und-NA;af-Latn-NA;af-NA;af-NA) [1479]" classname="com.ibm.icu.dev.test.util.ULocaleTest" time="0.0"/>
  <testcase name="likelySubtagsDataDriven(und-NC;fr-Latn-NC;fr-NC;fr-NC) [1480]" classname="com.ibm.icu.dev.test.util.ULocaleTest" time="0.0"/>
  <testcase name="likelySubtagsDataDriven(und-NE;ha-Latn-NE;ha-NE;ha-NE) [1481]" classname="com.ibm.icu.dev.test.util.ULocaleTest" time="0.0"/>
  <testcase name="likelySubtagsDataDriven(und-NF;en-Latn-NF;en-NF;en-NF) [1482]" classname="com.ibm.icu.dev.test.util.ULocaleTest" time="0.0"/>
  <testcase name="likelySubtagsDataDriven(und-NG;en-Latn-NG;en-NG;en-NG) [1483]" classname="com.ibm.icu.dev.test.util.ULocaleTest" time="0.0"/>
  <testcase name="likelySubtagsDataDriven(und-NI;es-Latn-NI;es-NI;es-NI) [1484]" classname="com.ibm.icu.dev.test.util.ULocaleTest" time="0.0"/>
  <testcase name="likelySubtagsDataDriven(und-NL;nl-Latn-NL;nl;nl) [1485]" classname="com.ibm.icu.dev.test.util.ULocaleTest" time="0.0"/>
  <testcase name="likelySubtagsDataDriven(und-NO;nb-Latn-NO;nb;nb) [1486]" classname="com.ibm.icu.dev.test.util.ULocaleTest" time="0.0"/>
  <testcase name="likelySubtagsDataDriven(und-NP;ne-Deva-NP;ne;ne) [1487]" classname="com.ibm.icu.dev.test.util.ULocaleTest" time="0.0"/>
  <testcase name="likelySubtagsDataDriven(und-NR;en-Latn-NR;en-NR;en-NR) [1488]" classname="com.ibm.icu.dev.test.util.ULocaleTest" time="0.0"/>
  <testcase name="likelySubtagsDataDriven(und-NU;en-Latn-NU;en-NU;en-NU) [1489]" classname="com.ibm.icu.dev.test.util.ULocaleTest" time="0.0"/>
  <testcase name="likelySubtagsDataDriven(und-NZ;en-Latn-NZ;en-NZ;en-NZ) [1490]" classname="com.ibm.icu.dev.test.util.ULocaleTest" time="0.0"/>
  <testcase name="likelySubtagsDataDriven(und-Nkoo;man-Nkoo-GN;man-Nkoo;man-GN) [1491]" classname="com.ibm.icu.dev.test.util.ULocaleTest" time="0.0"/>
  <testcase name="likelySubtagsDataDriven(und-Nkoo-AQ;man-Nkoo-AQ;man-Nkoo-AQ;man-Nkoo-AQ) [1492]" classname="com.ibm.icu.dev.test.util.ULocaleTest" time="0.0"/>
  <testcase name="likelySubtagsDataDriven(und-Nkoo-GN;man-Nkoo-GN;man-Nkoo;man-GN) [1493]" classname="com.ibm.icu.dev.test.util.ULocaleTest" time="0.0"/>
  <testcase name="likelySubtagsDataDriven(und-OM;ar-Arab-OM;ar-OM;ar-OM) [1494]" classname="com.ibm.icu.dev.test.util.ULocaleTest" time="0.0"/>
  <testcase name="likelySubtagsDataDriven(und-Olck;sat-Olck-IN;sat;sat) [1495]" classname="com.ibm.icu.dev.test.util.ULocaleTest" time="0.0"/>
  <testcase name="likelySubtagsDataDriven(und-Olck-AQ;sat-Olck-AQ;sat-AQ;sat-AQ) [1496]" classname="com.ibm.icu.dev.test.util.ULocaleTest" time="0.0"/>
  <testcase name="likelySubtagsDataDriven(und-Olck-IN;sat-Olck-IN;sat;sat) [1497]" classname="com.ibm.icu.dev.test.util.ULocaleTest" time="0.0"/>
  <testcase name="likelySubtagsDataDriven(und-Orya;or-Orya-IN;or;or) [1498]" classname="com.ibm.icu.dev.test.util.ULocaleTest" time="0.0"/>
  <testcase name="likelySubtagsDataDriven(und-Orya-AQ;or-Orya-AQ;or-AQ;or-AQ) [1499]" classname="com.ibm.icu.dev.test.util.ULocaleTest" time="0.0"/>
  <testcase name="likelySubtagsDataDriven(und-Orya-IN;or-Orya-IN;or;or) [1500]" classname="com.ibm.icu.dev.test.util.ULocaleTest" time="0.0"/>
  <testcase name="likelySubtagsDataDriven(und-PA;es-Latn-PA;es-PA;es-PA) [1501]" classname="com.ibm.icu.dev.test.util.ULocaleTest" time="0.0"/>
  <testcase name="likelySubtagsDataDriven(und-PE;es-Latn-PE;es-PE;es-PE) [1502]" classname="com.ibm.icu.dev.test.util.ULocaleTest" time="0.0"/>
  <testcase name="likelySubtagsDataDriven(und-PF;fr-Latn-PF;fr-PF;fr-PF) [1503]" classname="com.ibm.icu.dev.test.util.ULocaleTest" time="0.0"/>
  <testcase name="likelySubtagsDataDriven(und-PG;tpi-Latn-PG;tpi;tpi) [1504]" classname="com.ibm.icu.dev.test.util.ULocaleTest" time="0.0"/>
  <testcase name="likelySubtagsDataDriven(und-PH;fil-Latn-PH;fil;fil) [1505]" classname="com.ibm.icu.dev.test.util.ULocaleTest" time="0.0"/>
  <testcase name="likelySubtagsDataDriven(und-PK;ur-Arab-PK;ur;ur) [1506]" classname="com.ibm.icu.dev.test.util.ULocaleTest" time="0.0"/>
  <testcase name="likelySubtagsDataDriven(und-PL;pl-Latn-PL;pl;pl) [1507]" classname="com.ibm.icu.dev.test.util.ULocaleTest" time="0.0"/>
  <testcase name="likelySubtagsDataDriven(und-PM;fr-Latn-PM;fr-PM;fr-PM) [1508]" classname="com.ibm.icu.dev.test.util.ULocaleTest" time="0.0"/>
  <testcase name="likelySubtagsDataDriven(und-PN;en-Latn-PN;en-PN;en-PN) [1509]" classname="com.ibm.icu.dev.test.util.ULocaleTest" time="0.001"/>
  <testcase name="likelySubtagsDataDriven(und-PR;es-Latn-PR;es-PR;es-PR) [1510]" classname="com.ibm.icu.dev.test.util.ULocaleTest" time="0.0"/>
  <testcase name="likelySubtagsDataDriven(und-PS;ar-Arab-PS;ar-PS;ar-PS) [1511]" classname="com.ibm.icu.dev.test.util.ULocaleTest" time="0.0"/>
  <testcase name="likelySubtagsDataDriven(und-PT;pt-Latn-PT;pt-PT;pt-PT) [1512]" classname="com.ibm.icu.dev.test.util.ULocaleTest" time="0.0"/>
  <testcase name="likelySubtagsDataDriven(und-PW;pau-Latn-PW;pau;pau) [1513]" classname="com.ibm.icu.dev.test.util.ULocaleTest" time="0.0"/>
  <testcase name="likelySubtagsDataDriven(und-PY;gn-Latn-PY;gn;gn) [1514]" classname="com.ibm.icu.dev.test.util.ULocaleTest" time="0.0"/>
  <testcase name="likelySubtagsDataDriven(und-QA;ar-Arab-QA;ar-QA;ar-QA) [1515]" classname="com.ibm.icu.dev.test.util.ULocaleTest" time="0.0"/>
  <testcase name="likelySubtagsDataDriven(und-RE;fr-Latn-RE;fr-RE;fr-RE) [1516]" classname="com.ibm.icu.dev.test.util.ULocaleTest" time="0.0"/>
  <testcase name="likelySubtagsDataDriven(und-RO;ro-Latn-RO;ro;ro) [1517]" classname="com.ibm.icu.dev.test.util.ULocaleTest" time="0.0"/>
  <testcase name="likelySubtagsDataDriven(und-RS;sr-Cyrl-RS;sr;sr) [1518]" classname="com.ibm.icu.dev.test.util.ULocaleTest" time="0.0"/>
  <testcase name="likelySubtagsDataDriven(und-RU;ru-Cyrl-RU;ru;ru) [1519]" classname="com.ibm.icu.dev.test.util.ULocaleTest" time="0.0"/>
  <testcase name="likelySubtagsDataDriven(und-RW;rw-Latn-RW;rw;rw) [1520]" classname="com.ibm.icu.dev.test.util.ULocaleTest" time="0.0"/>
  <testcase name="likelySubtagsDataDriven(und-SA;ar-Arab-SA;ar-SA;ar-SA) [1521]" classname="com.ibm.icu.dev.test.util.ULocaleTest" time="0.0"/>
  <testcase name="likelySubtagsDataDriven(und-SB;en-Latn-SB;en-SB;en-SB) [1522]" classname="com.ibm.icu.dev.test.util.ULocaleTest" time="0.0"/>
  <testcase name="likelySubtagsDataDriven(und-SC;fr-Latn-SC;fr-SC;fr-SC) [1523]" classname="com.ibm.icu.dev.test.util.ULocaleTest" time="0.0"/>
  <testcase name="likelySubtagsDataDriven(und-SD;ar-Arab-SD;ar-SD;ar-SD) [1524]" classname="com.ibm.icu.dev.test.util.ULocaleTest" time="0.0"/>
  <testcase name="likelySubtagsDataDriven(und-SE;sv-Latn-SE;sv;sv) [1525]" classname="com.ibm.icu.dev.test.util.ULocaleTest" time="0.0"/>
  <testcase name="likelySubtagsDataDriven(und-SG;en-Latn-SG;en-SG;en-SG) [1526]" classname="com.ibm.icu.dev.test.util.ULocaleTest" time="0.0"/>
  <testcase name="likelySubtagsDataDriven(und-SH;en-Latn-SH;en-SH;en-SH) [1527]" classname="com.ibm.icu.dev.test.util.ULocaleTest" time="0.0"/>
  <testcase name="likelySubtagsDataDriven(und-SI;sl-Latn-SI;sl;sl) [1528]" classname="com.ibm.icu.dev.test.util.ULocaleTest" time="0.0"/>
  <testcase name="likelySubtagsDataDriven(und-SJ;nb-Latn-SJ;nb-SJ;nb-SJ) [1529]" classname="com.ibm.icu.dev.test.util.ULocaleTest" time="0.0"/>
  <testcase name="likelySubtagsDataDriven(und-SK;sk-Latn-SK;sk;sk) [1530]" classname="com.ibm.icu.dev.test.util.ULocaleTest" time="0.0"/>
  <testcase name="likelySubtagsDataDriven(und-SL;kri-Latn-SL;kri;kri) [1531]" classname="com.ibm.icu.dev.test.util.ULocaleTest" time="0.0"/>
  <testcase name="likelySubtagsDataDriven(und-SM;it-Latn-SM;it-SM;it-SM) [1532]" classname="com.ibm.icu.dev.test.util.ULocaleTest" time="0.0"/>
  <testcase name="likelySubtagsDataDriven(und-SN;fr-Latn-SN;fr-SN;fr-SN) [1533]" classname="com.ibm.icu.dev.test.util.ULocaleTest" time="0.0"/>
  <testcase name="likelySubtagsDataDriven(und-SO;so-Latn-SO;so;so) [1534]" classname="com.ibm.icu.dev.test.util.ULocaleTest" time="0.0"/>
  <testcase name="likelySubtagsDataDriven(und-SR;nl-Latn-SR;nl-SR;nl-SR) [1535]" classname="com.ibm.icu.dev.test.util.ULocaleTest" time="0.0"/>
  <testcase name="likelySubtagsDataDriven(und-SS;ar-Arab-SS;ar-SS;ar-SS) [1536]" classname="com.ibm.icu.dev.test.util.ULocaleTest" time="0.0"/>
  <testcase name="likelySubtagsDataDriven(und-ST;pt-Latn-ST;pt-ST;pt-ST) [1537]" classname="com.ibm.icu.dev.test.util.ULocaleTest" time="0.0"/>
  <testcase name="likelySubtagsDataDriven(und-SV;es-Latn-SV;es-SV;es-SV) [1538]" classname="com.ibm.icu.dev.test.util.ULocaleTest" time="0.0"/>
  <testcase name="likelySubtagsDataDriven(und-SX;en-Latn-SX;en-SX;en-SX) [1539]" classname="com.ibm.icu.dev.test.util.ULocaleTest" time="0.0"/>
  <testcase name="likelySubtagsDataDriven(und-SY;ar-Arab-SY;ar-SY;ar-SY) [1540]" classname="com.ibm.icu.dev.test.util.ULocaleTest" time="0.0"/>
  <testcase name="likelySubtagsDataDriven(und-SZ;en-Latn-SZ;en-SZ;en-SZ) [1541]" classname="com.ibm.icu.dev.test.util.ULocaleTest" time="0.0"/>
  <testcase name="likelySubtagsDataDriven(und-Sinh;si-Sinh-LK;si;si) [1542]" classname="com.ibm.icu.dev.test.util.ULocaleTest" time="0.0"/>
  <testcase name="likelySubtagsDataDriven(und-Sinh-AQ;si-Sinh-AQ;si-AQ;si-AQ) [1543]" classname="com.ibm.icu.dev.test.util.ULocaleTest" time="0.0"/>
  <testcase name="likelySubtagsDataDriven(und-Sinh-LK;si-Sinh-LK;si;si) [1544]" classname="com.ibm.icu.dev.test.util.ULocaleTest" time="0.0"/>
  <testcase name="likelySubtagsDataDriven(und-Syrc;syr-Syrc-IQ;syr;syr) [1545]" classname="com.ibm.icu.dev.test.util.ULocaleTest" time="0.0"/>
  <testcase name="likelySubtagsDataDriven(und-Syrc-AQ;syr-Syrc-AQ;syr-AQ;syr-AQ) [1546]" classname="com.ibm.icu.dev.test.util.ULocaleTest" time="0.0"/>
  <testcase name="likelySubtagsDataDriven(und-Syrc-IQ;syr-Syrc-IQ;syr;syr) [1547]" classname="com.ibm.icu.dev.test.util.ULocaleTest" time="0.0"/>
  <testcase name="likelySubtagsDataDriven(und-Syrc-SY;syr-Syrc-SY;syr-SY;syr-SY) [1548]" classname="com.ibm.icu.dev.test.util.ULocaleTest" time="0.0"/>
  <testcase name="likelySubtagsDataDriven(und-TC;en-Latn-TC;en-TC;en-TC) [1549]" classname="com.ibm.icu.dev.test.util.ULocaleTest" time="0.0"/>
  <testcase name="likelySubtagsDataDriven(und-TD;fr-Latn-TD;fr-TD;fr-TD) [1550]" classname="com.ibm.icu.dev.test.util.ULocaleTest" time="0.0"/>
  <testcase name="likelySubtagsDataDriven(und-TG;fr-Latn-TG;fr-TG;fr-TG) [1551]" classname="com.ibm.icu.dev.test.util.ULocaleTest" time="0.0"/>
  <testcase name="likelySubtagsDataDriven(und-TH;th-Thai-TH;th;th) [1552]" classname="com.ibm.icu.dev.test.util.ULocaleTest" time="0.0"/>
  <testcase name="likelySubtagsDataDriven(und-TJ;tg-Cyrl-TJ;tg;tg) [1553]" classname="com.ibm.icu.dev.test.util.ULocaleTest" time="0.0"/>
  <testcase name="likelySubtagsDataDriven(und-TK;tkl-Latn-TK;tkl;tkl) [1554]" classname="com.ibm.icu.dev.test.util.ULocaleTest" time="0.0"/>
  <testcase name="likelySubtagsDataDriven(und-TL;pt-Latn-TL;pt-TL;pt-TL) [1555]" classname="com.ibm.icu.dev.test.util.ULocaleTest" time="0.0"/>
  <testcase name="likelySubtagsDataDriven(und-TM;tk-Latn-TM;tk;tk) [1556]" classname="com.ibm.icu.dev.test.util.ULocaleTest" time="0.0"/>
  <testcase name="likelySubtagsDataDriven(und-TN;ar-Arab-TN;ar-TN;ar-TN) [1557]" classname="com.ibm.icu.dev.test.util.ULocaleTest" time="0.0"/>
  <testcase name="likelySubtagsDataDriven(und-TO;to-Latn-TO;to;to) [1558]" classname="com.ibm.icu.dev.test.util.ULocaleTest" time="0.0"/>
  <testcase name="likelySubtagsDataDriven(und-TR;tr-Latn-TR;tr;tr) [1559]" classname="com.ibm.icu.dev.test.util.ULocaleTest" time="0.0"/>
  <testcase name="likelySubtagsDataDriven(und-TT;en-Latn-TT;en-TT;en-TT) [1560]" classname="com.ibm.icu.dev.test.util.ULocaleTest" time="0.0"/>
  <testcase name="likelySubtagsDataDriven(und-TV;tvl-Latn-TV;tvl;tvl) [1561]" classname="com.ibm.icu.dev.test.util.ULocaleTest" time="0.0"/>
  <testcase name="likelySubtagsDataDriven(und-TW;zh-Hant-TW;zh-Hant;zh-TW) [1562]" classname="com.ibm.icu.dev.test.util.ULocaleTest" time="0.0"/>
  <testcase name="likelySubtagsDataDriven(und-TZ;sw-Latn-TZ;sw;sw) [1563]" classname="com.ibm.icu.dev.test.util.ULocaleTest" time="0.0"/>
  <testcase name="likelySubtagsDataDriven(und-Taml;ta-Taml-IN;ta;ta) [1564]" classname="com.ibm.icu.dev.test.util.ULocaleTest" time="0.0"/>
  <testcase name="likelySubtagsDataDriven(und-Taml-AQ;ta-Taml-AQ;ta-AQ;ta-AQ) [1565]" classname="com.ibm.icu.dev.test.util.ULocaleTest" time="0.0"/>
  <testcase name="likelySubtagsDataDriven(und-Taml-IN;ta-Taml-IN;ta;ta) [1566]" classname="com.ibm.icu.dev.test.util.ULocaleTest" time="0.001"/>
  <testcase name="likelySubtagsDataDriven(und-Taml-LK;ta-Taml-LK;ta-LK;ta-LK) [1567]" classname="com.ibm.icu.dev.test.util.ULocaleTest" time="0.0"/>
  <testcase name="likelySubtagsDataDriven(und-Taml-MY;ta-Taml-MY;ta-MY;ta-MY) [1568]" classname="com.ibm.icu.dev.test.util.ULocaleTest" time="0.0"/>
  <testcase name="likelySubtagsDataDriven(und-Taml-SG;ta-Taml-SG;ta-SG;ta-SG) [1569]" classname="com.ibm.icu.dev.test.util.ULocaleTest" time="0.0"/>
  <testcase name="likelySubtagsDataDriven(und-Telu;te-Telu-IN;te;te) [1570]" classname="com.ibm.icu.dev.test.util.ULocaleTest" time="0.0"/>
  <testcase name="likelySubtagsDataDriven(und-Telu-AQ;te-Telu-AQ;te-AQ;te-AQ) [1571]" classname="com.ibm.icu.dev.test.util.ULocaleTest" time="0.0"/>
  <testcase name="likelySubtagsDataDriven(und-Telu-IN;te-Telu-IN;te;te) [1572]" classname="com.ibm.icu.dev.test.util.ULocaleTest" time="0.0"/>
  <testcase name="likelySubtagsDataDriven(und-Thai;th-Thai-TH;th;th) [1573]" classname="com.ibm.icu.dev.test.util.ULocaleTest" time="0.0"/>
  <testcase name="likelySubtagsDataDriven(und-Thai-AQ;th-Thai-AQ;th-AQ;th-AQ) [1574]" classname="com.ibm.icu.dev.test.util.ULocaleTest" time="0.0"/>
  <testcase name="likelySubtagsDataDriven(und-Thai-TH;th-Thai-TH;th;th) [1575]" classname="com.ibm.icu.dev.test.util.ULocaleTest" time="0.0"/>
  <testcase name="likelySubtagsDataDriven(und-UA;uk-Cyrl-UA;uk;uk) [1576]" classname="com.ibm.icu.dev.test.util.ULocaleTest" time="0.0"/>
  <testcase name="likelySubtagsDataDriven(und-UG;sw-Latn-UG;sw-UG;sw-UG) [1577]" classname="com.ibm.icu.dev.test.util.ULocaleTest" time="0.0"/>
  <testcase name="likelySubtagsDataDriven(und-UM;en-Latn-UM;en-UM;en-UM) [1578]" classname="com.ibm.icu.dev.test.util.ULocaleTest" time="0.0"/>
  <testcase name="likelySubtagsDataDriven(und-US;en-Latn-US;en;en) [1579]" classname="com.ibm.icu.dev.test.util.ULocaleTest" time="0.0"/>
  <testcase name="likelySubtagsDataDriven(und-UY;es-Latn-UY;es-UY;es-UY) [1580]" classname="com.ibm.icu.dev.test.util.ULocaleTest" time="0.0"/>
  <testcase name="likelySubtagsDataDriven(und-UZ;uz-Latn-UZ;uz;uz) [1581]" classname="com.ibm.icu.dev.test.util.ULocaleTest" time="0.0"/>
  <testcase name="likelySubtagsDataDriven(und-VA;it-Latn-VA;it-VA;it-VA) [1582]" classname="com.ibm.icu.dev.test.util.ULocaleTest" time="0.0"/>
  <testcase name="likelySubtagsDataDriven(und-VC;en-Latn-VC;en-VC;en-VC) [1583]" classname="com.ibm.icu.dev.test.util.ULocaleTest" time="0.0"/>
  <testcase name="likelySubtagsDataDriven(und-VE;es-Latn-VE;es-VE;es-VE) [1584]" classname="com.ibm.icu.dev.test.util.ULocaleTest" time="0.0"/>
  <testcase name="likelySubtagsDataDriven(und-VG;en-Latn-VG;en-VG;en-VG) [1585]" classname="com.ibm.icu.dev.test.util.ULocaleTest" time="0.0"/>
  <testcase name="likelySubtagsDataDriven(und-VI;en-Latn-VI;en-VI;en-VI) [1586]" classname="com.ibm.icu.dev.test.util.ULocaleTest" time="0.0"/>
  <testcase name="likelySubtagsDataDriven(und-VN;vi-Latn-VN;vi;vi) [1587]" classname="com.ibm.icu.dev.test.util.ULocaleTest" time="0.0"/>
  <testcase name="likelySubtagsDataDriven(und-VU;bi-Latn-VU;bi;bi) [1588]" classname="com.ibm.icu.dev.test.util.ULocaleTest" time="0.0"/>
  <testcase name="likelySubtagsDataDriven(und-WF;fr-Latn-WF;fr-WF;fr-WF) [1589]" classname="com.ibm.icu.dev.test.util.ULocaleTest" time="0.0"/>
  <testcase name="likelySubtagsDataDriven(und-WS;sm-Latn-WS;sm;sm) [1590]" classname="com.ibm.icu.dev.test.util.ULocaleTest" time="0.0"/>
  <testcase name="likelySubtagsDataDriven(und-XK;sq-Latn-XK;sq-XK;sq-XK) [1591]" classname="com.ibm.icu.dev.test.util.ULocaleTest" time="0.0"/>
  <testcase name="likelySubtagsDataDriven(und-YE;ar-Arab-YE;ar-YE;ar-YE) [1592]" classname="com.ibm.icu.dev.test.util.ULocaleTest" time="0.0"/>
  <testcase name="likelySubtagsDataDriven(und-YT;fr-Latn-YT;fr-YT;fr-YT) [1593]" classname="com.ibm.icu.dev.test.util.ULocaleTest" time="0.0"/>
  <testcase name="likelySubtagsDataDriven(und-ZA;en-Latn-ZA;en-ZA;en-ZA) [1594]" classname="com.ibm.icu.dev.test.util.ULocaleTest" time="0.0"/>
  <testcase name="likelySubtagsDataDriven(und-ZM;bem-Latn-ZM;bem;bem) [1595]" classname="com.ibm.icu.dev.test.util.ULocaleTest" time="0.0"/>
  <testcase name="likelySubtagsDataDriven(und-ZW;sn-Latn-ZW;sn;sn) [1596]" classname="com.ibm.icu.dev.test.util.ULocaleTest" time="0.0"/>
  <testcase name="likelySubtagsDataDriven(ur;ur-Arab-PK;ur;ur) [1597]" classname="com.ibm.icu.dev.test.util.ULocaleTest" time="0.0"/>
  <testcase name="likelySubtagsDataDriven(ur-AQ;ur-Arab-AQ;ur-AQ;ur-AQ) [1598]" classname="com.ibm.icu.dev.test.util.ULocaleTest" time="0.0"/>
  <testcase name="likelySubtagsDataDriven(ur-Arab;ur-Arab-PK;ur;ur) [1599]" classname="com.ibm.icu.dev.test.util.ULocaleTest" time="0.0"/>
  <testcase name="likelySubtagsDataDriven(ur-Egyp;ur-Egyp-PK;ur-Egyp;ur-Egyp) [1600]" classname="com.ibm.icu.dev.test.util.ULocaleTest" time="0.0"/>
  <testcase name="likelySubtagsDataDriven(ur-IN;ur-Arab-IN;ur-IN;ur-IN) [1601]" classname="com.ibm.icu.dev.test.util.ULocaleTest" time="0.0"/>
  <testcase name="likelySubtagsDataDriven(ur-PK;ur-Arab-PK;ur;ur) [1602]" classname="com.ibm.icu.dev.test.util.ULocaleTest" time="0.0"/>
  <testcase name="likelySubtagsDataDriven(uz;uz-Latn-UZ;uz;uz) [1603]" classname="com.ibm.icu.dev.test.util.ULocaleTest" time="0.0"/>
  <testcase name="likelySubtagsDataDriven(uz-AQ;uz-Latn-AQ;uz-AQ;uz-AQ) [1604]" classname="com.ibm.icu.dev.test.util.ULocaleTest" time="0.0"/>
  <testcase name="likelySubtagsDataDriven(uz-Cyrl;uz-Cyrl-UZ;uz-Cyrl;uz-Cyrl) [1605]" classname="com.ibm.icu.dev.test.util.ULocaleTest" time="0.0"/>
  <testcase name="likelySubtagsDataDriven(uz-Egyp;uz-Egyp-UZ;uz-Egyp;uz-Egyp) [1606]" classname="com.ibm.icu.dev.test.util.ULocaleTest" time="0.0"/>
  <testcase name="likelySubtagsDataDriven(uz-Latn;uz-Latn-UZ;uz;uz) [1607]" classname="com.ibm.icu.dev.test.util.ULocaleTest" time="0.0"/>
  <testcase name="likelySubtagsDataDriven(uz-UZ;uz-Latn-UZ;uz;uz) [1608]" classname="com.ibm.icu.dev.test.util.ULocaleTest" time="0.0"/>
  <testcase name="likelySubtagsDataDriven(vec;vec-Latn-IT;vec;vec) [1609]" classname="com.ibm.icu.dev.test.util.ULocaleTest" time="0.0"/>
  <testcase name="likelySubtagsDataDriven(vec-AQ;vec-Latn-AQ;vec-AQ;vec-AQ) [1610]" classname="com.ibm.icu.dev.test.util.ULocaleTest" time="0.0"/>
  <testcase name="likelySubtagsDataDriven(vec-Egyp;vec-Egyp-IT;vec-Egyp;vec-Egyp) [1611]" classname="com.ibm.icu.dev.test.util.ULocaleTest" time="0.0"/>
  <testcase name="likelySubtagsDataDriven(vec-IT;vec-Latn-IT;vec;vec) [1612]" classname="com.ibm.icu.dev.test.util.ULocaleTest" time="0.0"/>
  <testcase name="likelySubtagsDataDriven(vec-Latn;vec-Latn-IT;vec;vec) [1613]" classname="com.ibm.icu.dev.test.util.ULocaleTest" time="0.0"/>
  <testcase name="likelySubtagsDataDriven(vi;vi-Latn-VN;vi;vi) [1614]" classname="com.ibm.icu.dev.test.util.ULocaleTest" time="0.0"/>
  <testcase name="likelySubtagsDataDriven(vi-AQ;vi-Latn-AQ;vi-AQ;vi-AQ) [1615]" classname="com.ibm.icu.dev.test.util.ULocaleTest" time="0.0"/>
  <testcase name="likelySubtagsDataDriven(vi-Egyp;vi-Egyp-VN;vi-Egyp;vi-Egyp) [1616]" classname="com.ibm.icu.dev.test.util.ULocaleTest" time="0.0"/>
  <testcase name="likelySubtagsDataDriven(vi-Latn;vi-Latn-VN;vi;vi) [1617]" classname="com.ibm.icu.dev.test.util.ULocaleTest" time="0.0"/>
  <testcase name="likelySubtagsDataDriven(vi-VN;vi-Latn-VN;vi;vi) [1618]" classname="com.ibm.icu.dev.test.util.ULocaleTest" time="0.0"/>
  <testcase name="likelySubtagsDataDriven(vmw;vmw-Latn-MZ;vmw;vmw) [1619]" classname="com.ibm.icu.dev.test.util.ULocaleTest" time="0.0"/>
  <testcase name="likelySubtagsDataDriven(vmw-AQ;vmw-Latn-AQ;vmw-AQ;vmw-AQ) [1620]" classname="com.ibm.icu.dev.test.util.ULocaleTest" time="0.0"/>
  <testcase name="likelySubtagsDataDriven(vmw-Egyp;vmw-Egyp-MZ;vmw-Egyp;vmw-Egyp) [1621]" classname="com.ibm.icu.dev.test.util.ULocaleTest" time="0.0"/>
  <testcase name="likelySubtagsDataDriven(vmw-Latn;vmw-Latn-MZ;vmw;vmw) [1622]" classname="com.ibm.icu.dev.test.util.ULocaleTest" time="0.0"/>
  <testcase name="likelySubtagsDataDriven(vmw-MZ;vmw-Latn-MZ;vmw;vmw) [1623]" classname="com.ibm.icu.dev.test.util.ULocaleTest" time="0.0"/>
  <testcase name="likelySubtagsDataDriven(wo;wo-Latn-SN;wo;wo) [1624]" classname="com.ibm.icu.dev.test.util.ULocaleTest" time="0.0"/>
  <testcase name="likelySubtagsDataDriven(wo-AQ;wo-Latn-AQ;wo-AQ;wo-AQ) [1625]" classname="com.ibm.icu.dev.test.util.ULocaleTest" time="0.0"/>
  <testcase name="likelySubtagsDataDriven(wo-Egyp;wo-Egyp-SN;wo-Egyp;wo-Egyp) [1626]" classname="com.ibm.icu.dev.test.util.ULocaleTest" time="0.0"/>
  <testcase name="likelySubtagsDataDriven(wo-Latn;wo-Latn-SN;wo;wo) [1627]" classname="com.ibm.icu.dev.test.util.ULocaleTest" time="0.0"/>
  <testcase name="likelySubtagsDataDriven(wo-SN;wo-Latn-SN;wo;wo) [1628]" classname="com.ibm.icu.dev.test.util.ULocaleTest" time="0.0"/>
  <testcase name="likelySubtagsDataDriven(xh;xh-Latn-ZA;xh;xh) [1629]" classname="com.ibm.icu.dev.test.util.ULocaleTest" time="0.0"/>
  <testcase name="likelySubtagsDataDriven(xh-AQ;xh-Latn-AQ;xh-AQ;xh-AQ) [1630]" classname="com.ibm.icu.dev.test.util.ULocaleTest" time="0.0"/>
  <testcase name="likelySubtagsDataDriven(xh-Egyp;xh-Egyp-ZA;xh-Egyp;xh-Egyp) [1631]" classname="com.ibm.icu.dev.test.util.ULocaleTest" time="0.0"/>
  <testcase name="likelySubtagsDataDriven(xh-Latn;xh-Latn-ZA;xh;xh) [1632]" classname="com.ibm.icu.dev.test.util.ULocaleTest" time="0.0"/>
  <testcase name="likelySubtagsDataDriven(xh-ZA;xh-Latn-ZA;xh;xh) [1633]" classname="com.ibm.icu.dev.test.util.ULocaleTest" time="0.0"/>
  <testcase name="likelySubtagsDataDriven(xnr;xnr-Deva-IN;xnr;xnr) [1634]" classname="com.ibm.icu.dev.test.util.ULocaleTest" time="0.0"/>
  <testcase name="likelySubtagsDataDriven(xnr-AQ;xnr-Deva-AQ;xnr-AQ;xnr-AQ) [1635]" classname="com.ibm.icu.dev.test.util.ULocaleTest" time="0.0"/>
  <testcase name="likelySubtagsDataDriven(xnr-Deva;xnr-Deva-IN;xnr;xnr) [1636]" classname="com.ibm.icu.dev.test.util.ULocaleTest" time="0.0"/>
  <testcase name="likelySubtagsDataDriven(xnr-Egyp;xnr-Egyp-IN;xnr-Egyp;xnr-Egyp) [1637]" classname="com.ibm.icu.dev.test.util.ULocaleTest" time="0.0"/>
  <testcase name="likelySubtagsDataDriven(xnr-IN;xnr-Deva-IN;xnr;xnr) [1638]" classname="com.ibm.icu.dev.test.util.ULocaleTest" time="0.0"/>
  <testcase name="likelySubtagsDataDriven(yo;yo-Latn-NG;yo;yo) [1639]" classname="com.ibm.icu.dev.test.util.ULocaleTest" time="0.0"/>
  <testcase name="likelySubtagsDataDriven(yo-AQ;yo-Latn-AQ;yo-AQ;yo-AQ) [1640]" classname="com.ibm.icu.dev.test.util.ULocaleTest" time="0.0"/>
  <testcase name="likelySubtagsDataDriven(yo-BJ;yo-Latn-BJ;yo-BJ;yo-BJ) [1641]" classname="com.ibm.icu.dev.test.util.ULocaleTest" time="0.0"/>
  <testcase name="likelySubtagsDataDriven(yo-Egyp;yo-Egyp-NG;yo-Egyp;yo-Egyp) [1642]" classname="com.ibm.icu.dev.test.util.ULocaleTest" time="0.0"/>
  <testcase name="likelySubtagsDataDriven(yo-Latn;yo-Latn-NG;yo;yo) [1643]" classname="com.ibm.icu.dev.test.util.ULocaleTest" time="0.0"/>
  <testcase name="likelySubtagsDataDriven(yo-NG;yo-Latn-NG;yo;yo) [1644]" classname="com.ibm.icu.dev.test.util.ULocaleTest" time="0.0"/>
  <testcase name="likelySubtagsDataDriven(yrl;yrl-Latn-BR;yrl;yrl) [1645]" classname="com.ibm.icu.dev.test.util.ULocaleTest" time="0.0"/>
  <testcase name="likelySubtagsDataDriven(yrl-AQ;yrl-Latn-AQ;yrl-AQ;yrl-AQ) [1646]" classname="com.ibm.icu.dev.test.util.ULocaleTest" time="0.0"/>
  <testcase name="likelySubtagsDataDriven(yrl-BR;yrl-Latn-BR;yrl;yrl) [1647]" classname="com.ibm.icu.dev.test.util.ULocaleTest" time="0.0"/>
  <testcase name="likelySubtagsDataDriven(yrl-CO;yrl-Latn-CO;yrl-CO;yrl-CO) [1648]" classname="com.ibm.icu.dev.test.util.ULocaleTest" time="0.0"/>
  <testcase name="likelySubtagsDataDriven(yrl-Egyp;yrl-Egyp-BR;yrl-Egyp;yrl-Egyp) [1649]" classname="com.ibm.icu.dev.test.util.ULocaleTest" time="0.0"/>
  <testcase name="likelySubtagsDataDriven(yrl-Latn;yrl-Latn-BR;yrl;yrl) [1650]" classname="com.ibm.icu.dev.test.util.ULocaleTest" time="0.0"/>
  <testcase name="likelySubtagsDataDriven(yrl-VE;yrl-Latn-VE;yrl-VE;yrl-VE) [1651]" classname="com.ibm.icu.dev.test.util.ULocaleTest" time="0.0"/>
  <testcase name="likelySubtagsDataDriven(yue;yue-Hant-HK;yue;yue) [1652]" classname="com.ibm.icu.dev.test.util.ULocaleTest" time="0.0"/>
  <testcase name="likelySubtagsDataDriven(yue-AQ;yue-Hant-AQ;yue-AQ;yue-AQ) [1653]" classname="com.ibm.icu.dev.test.util.ULocaleTest" time="0.0"/>
  <testcase name="likelySubtagsDataDriven(yue-CN;yue-Hans-CN;yue-Hans;yue-CN) [1654]" classname="com.ibm.icu.dev.test.util.ULocaleTest" time="0.0"/>
  <testcase name="likelySubtagsDataDriven(yue-Egyp;yue-Egyp-HK;yue-Egyp;yue-Egyp) [1655]" classname="com.ibm.icu.dev.test.util.ULocaleTest" time="0.0"/>
  <testcase name="likelySubtagsDataDriven(yue-HK;yue-Hant-HK;yue;yue) [1656]" classname="com.ibm.icu.dev.test.util.ULocaleTest" time="0.0"/>
  <testcase name="likelySubtagsDataDriven(yue-Hans;yue-Hans-CN;yue-Hans;yue-CN) [1657]" classname="com.ibm.icu.dev.test.util.ULocaleTest" time="0.0"/>
  <testcase name="likelySubtagsDataDriven(yue-Hant;yue-Hant-HK;yue;yue) [1658]" classname="com.ibm.icu.dev.test.util.ULocaleTest" time="0.0"/>
  <testcase name="likelySubtagsDataDriven(za;za-Latn-CN;za;za) [1659]" classname="com.ibm.icu.dev.test.util.ULocaleTest" time="0.0"/>
  <testcase name="likelySubtagsDataDriven(za-AQ;za-Latn-AQ;za-AQ;za-AQ) [1660]" classname="com.ibm.icu.dev.test.util.ULocaleTest" time="0.0"/>
  <testcase name="likelySubtagsDataDriven(za-CN;za-Latn-CN;za;za) [1661]" classname="com.ibm.icu.dev.test.util.ULocaleTest" time="0.0"/>
  <testcase name="likelySubtagsDataDriven(za-Egyp;za-Egyp-CN;za-Egyp;za-Egyp) [1662]" classname="com.ibm.icu.dev.test.util.ULocaleTest" time="0.0"/>
  <testcase name="likelySubtagsDataDriven(za-Latn;za-Latn-CN;za;za) [1663]" classname="com.ibm.icu.dev.test.util.ULocaleTest" time="0.0"/>
  <testcase name="likelySubtagsDataDriven(zh;zh-Hans-CN;zh;zh) [1664]" classname="com.ibm.icu.dev.test.util.ULocaleTest" time="0.0"/>
  <testcase name="likelySubtagsDataDriven(zh-AQ;zh-Hans-AQ;zh-AQ;zh-AQ) [1665]" classname="com.ibm.icu.dev.test.util.ULocaleTest" time="0.0"/>
  <testcase name="likelySubtagsDataDriven(zh-CN;zh-Hans-CN;zh;zh) [1666]" classname="com.ibm.icu.dev.test.util.ULocaleTest" time="0.0"/>
  <testcase name="likelySubtagsDataDriven(zh-Egyp;zh-Egyp-CN;zh-Egyp;zh-Egyp) [1667]" classname="com.ibm.icu.dev.test.util.ULocaleTest" time="0.0"/>
  <testcase name="likelySubtagsDataDriven(zh-HK;zh-Hant-HK;zh-HK;zh-HK) [1668]" classname="com.ibm.icu.dev.test.util.ULocaleTest" time="0.0"/>
  <testcase name="likelySubtagsDataDriven(zh-Hans;zh-Hans-CN;zh;zh) [1669]" classname="com.ibm.icu.dev.test.util.ULocaleTest" time="0.0"/>
  <testcase name="likelySubtagsDataDriven(zh-Hant;zh-Hant-TW;zh-Hant;zh-TW) [1670]" classname="com.ibm.icu.dev.test.util.ULocaleTest" time="0.0"/>
  <testcase name="likelySubtagsDataDriven(zh-MO;zh-Hant-MO;zh-MO;zh-MO) [1671]" classname="com.ibm.icu.dev.test.util.ULocaleTest" time="0.0"/>
  <testcase name="likelySubtagsDataDriven(zh-SG;zh-Hans-SG;zh-SG;zh-SG) [1672]" classname="com.ibm.icu.dev.test.util.ULocaleTest" time="0.0"/>
  <testcase name="likelySubtagsDataDriven(zh-TW;zh-Hant-TW;zh-Hant;zh-TW) [1673]" classname="com.ibm.icu.dev.test.util.ULocaleTest" time="0.0"/>
  <testcase name="likelySubtagsDataDriven(zu;zu-Latn-ZA;zu;zu) [1674]" classname="com.ibm.icu.dev.test.util.ULocaleTest" time="0.0"/>
  <testcase name="likelySubtagsDataDriven(zu-AQ;zu-Latn-AQ;zu-AQ;zu-AQ) [1675]" classname="com.ibm.icu.dev.test.util.ULocaleTest" time="0.0"/>
  <testcase name="likelySubtagsDataDriven(zu-Egyp;zu-Egyp-ZA;zu-Egyp;zu-Egyp) [1676]" classname="com.ibm.icu.dev.test.util.ULocaleTest" time="0.0"/>
  <testcase name="likelySubtagsDataDriven(zu-Latn;zu-Latn-ZA;zu;zu) [1677]" classname="com.ibm.icu.dev.test.util.ULocaleTest" time="0.0"/>
  <testcase name="likelySubtagsDataDriven(zu-ZA;zu-Latn-ZA;zu;zu) [1678]" classname="com.ibm.icu.dev.test.util.ULocaleTest" time="0.0"/>
  <testcase name="TestCLDRVersion" classname="com.ibm.icu.dev.test.util.ULocaleTest" time="0.0"/>
  <testcase name="TestBug20407iVariantPreferredValue" classname="com.ibm.icu.dev.test.util.ULocaleTest" time="0.0"/>
  <testcase name="TestDisplayLanguageWithDialectCoverage" classname="com.ibm.icu.dev.test.util.ULocaleTest" time="0.001"/>
  <testcase name="TestGetAvailable" classname="com.ibm.icu.dev.test.util.ULocaleTest" time="0.001"/>
  <testcase name="TestToLanguageTag" classname="com.ibm.icu.dev.test.util.ULocaleTest" time="0.001"/>
  <testcase name="TestMinimize" classname="com.ibm.icu.dev.test.util.ULocaleTest" time="0.001"/>
  <testcase name="TestPrefixes" classname="com.ibm.icu.dev.test.util.ULocaleTest" time="0.002"/>
  <testcase name="TestCanonicalization" classname="com.ibm.icu.dev.test.util.ULocaleTest" time="0.001"/>
  <testcase name="TestIsRightToLeft" classname="com.ibm.icu.dev.test.util.ULocaleTest" time="0.0"/>
  <testcase name="TestToLegacyKey" classname="com.ibm.icu.dev.test.util.ULocaleTest" time="0.001"/>
  <testcase name="TestUndRegion" classname="com.ibm.icu.dev.test.util.ULocaleTest" time="0.0"/>
  <testcase name="TestDisplayWithKeyword" classname="com.ibm.icu.dev.test.util.ULocaleTest" time="0.001"/>
  <testcase name="TestPseudoLocales" classname="com.ibm.icu.dev.test.util.ULocaleTest" time="0.002"/>
  <testcase name="TestUndScript" classname="com.ibm.icu.dev.test.util.ULocaleTest" time="0.0"/>
  <testcase name="TestLocaleCanonicalizationFromFile" classname="com.ibm.icu.dev.test.util.ULocaleTest" time="0.031"/>
  <testcase name="TestUnd" classname="com.ibm.icu.dev.test.util.ULocaleTest" time="0.0"/>
  <testcase name="TestForLanguageTag" classname="com.ibm.icu.dev.test.util.ULocaleTest" time="0.001"/>
  <testcase name="TestCoverage" classname="com.ibm.icu.dev.test.util.ULocaleTest" time="0.005"/>
  <testcase name="TestCalendar" classname="com.ibm.icu.dev.test.util.ULocaleTest" time="0.0"/>
  <testcase name="TestDigitSingletonExtensionBug20320" classname="com.ibm.icu.dev.test.util.ULocaleTest" time="0.0"/>
  <testcase name="Test20900" classname="com.ibm.icu.dev.test.util.ULocaleTest" time="0.001"/>
  <testcase name="TestBamBm" classname="com.ibm.icu.dev.test.util.ULocaleTest" time="0.0"/>
  <testcase name="TestExtension" classname="com.ibm.icu.dev.test.util.ULocaleTest" time="0.0"/>
  <testcase name="TestNumberFormat" classname="com.ibm.icu.dev.test.util.ULocaleTest" time="0.012"/>
  <testcase name="TestDisplayNameWithDialectCoverage" classname="com.ibm.icu.dev.test.util.ULocaleTest" time="0.0"/>
  <testcase name="TestUnicodeLocaleExtension" classname="com.ibm.icu.dev.test.util.ULocaleTest" time="0.001"/>
  <testcase name="TestGetFallback" classname="com.ibm.icu.dev.test.util.ULocaleTest" time="0.0"/>
  <testcase name="TestToUnicodeLocaleKey" classname="com.ibm.icu.dev.test.util.ULocaleTest" time="0.0"/>
  <testcase name="TestOrientation" classname="com.ibm.icu.dev.test.util.ULocaleTest" time="0.001"/>
  <testcase name="TestForLanguageTagBug13776" classname="com.ibm.icu.dev.test.util.ULocaleTest" time="0.0"/>
  <testcase name="TestForLanguageTagBug20148" classname="com.ibm.icu.dev.test.util.ULocaleTest" time="0.0"/>
  <testcase name="TestDisplayKeyword" classname="com.ibm.icu.dev.test.util.ULocaleTest" time="0.001"/>
  <testcase name="TestAcceptLanguage" classname="com.ibm.icu.dev.test.util.ULocaleTest" time="0.004"/>
  <testcase name="TestCategoryDefault" classname="com.ibm.icu.dev.test.util.ULocaleTest" time="0.0"/>
  <testcase name="TestComparable" classname="com.ibm.icu.dev.test.util.ULocaleTest" time="0.0"/>
  <testcase name="TestDisplayNames" classname="com.ibm.icu.dev.test.util.ULocaleTest" time="2.046"/>
  <testcase name="TestChineseToLocale" classname="com.ibm.icu.dev.test.util.ULocaleTest" time="0.0"/>
  <testcase name="TestBasicGetters" classname="com.ibm.icu.dev.test.util.ULocaleTest" time="0.0"/>
</testsuite>